ARM GAS  /tmp/ccqP5WTG.s 			page 1


   1              		.cpu cortex-m3
   2              		.eabi_attribute 20, 1
   3              		.eabi_attribute 21, 1
   4              		.eabi_attribute 23, 3
   5              		.eabi_attribute 24, 1
   6              		.eabi_attribute 25, 1
   7              		.eabi_attribute 26, 1
   8              		.eabi_attribute 30, 2
   9              		.eabi_attribute 34, 1
  10              		.eabi_attribute 18, 4
  11              		.file	"crt1.c"
  12              		.file 1 "../../../os/common/startup/ARMCMx/compilers/GCC/crt1.c"
  13              		.file 2 "/usr/lib/gcc/arm-none-eabi/10.3.1/include/stdint.h"
  14              		.section	.gnu.debuglto_.debug_info,"e",%progbits
  15              	.Ldebug_info0:
  16              		.hidden	crt1.c.08790120
  17              		.weak	crt1.c.08790120
  18              	crt1.c.08790120:
  19 0000 B8020000 		.4byte	0x2b8
  20 0004 0400     		.2byte	0x4
  21 0006 00000000 		.4byte	.Ldebug_abbrev0
  22 000a 04       		.byte	0x4
  23 000b 01       		.uleb128 0x1
  24 000c A5030000 		.4byte	.LASF51
  25 0010 0C       		.byte	0xc
  26 0011 8C020000 		.4byte	.LASF52
  27 0015 A4010000 		.4byte	.LASF53
  28 0019 00000000 		.4byte	.Ldebug_line0
  29 001d 02       		.uleb128 0x2
  30 001e 01       		.byte	0x1
  31 001f 06       		.byte	0x6
  32 0020 8A030000 		.4byte	.LASF0
  33 0024 02       		.uleb128 0x2
  34 0025 02       		.byte	0x2
  35 0026 05       		.byte	0x5
  36 0027 40030000 		.4byte	.LASF1
  37 002b 02       		.uleb128 0x2
  38 002c 04       		.byte	0x4
  39 002d 05       		.byte	0x5
  40 002e 71030000 		.4byte	.LASF2
  41 0032 02       		.uleb128 0x2
  42 0033 08       		.byte	0x8
  43 0034 05       		.byte	0x5
  44 0035 ED020000 		.4byte	.LASF3
  45 0039 02       		.uleb128 0x2
  46 003a 01       		.byte	0x1
  47 003b 08       		.byte	0x8
  48 003c 74010000 		.4byte	.LASF4
  49 0040 02       		.uleb128 0x2
  50 0041 02       		.byte	0x2
  51 0042 07       		.byte	0x7
  52 0043 74000000 		.4byte	.LASF5
  53 0047 03       		.uleb128 0x3
  54 0048 68030000 		.4byte	.LASF13
  55 004c 02       		.byte	0x2
  56 004d 34       		.byte	0x34
  57 004e 19       		.byte	0x19
ARM GAS  /tmp/ccqP5WTG.s 			page 2


  58 004f 53000000 		.4byte	0x53
  59 0053 02       		.uleb128 0x2
  60 0054 04       		.byte	0x4
  61 0055 07       		.byte	0x7
  62 0056 19010000 		.4byte	.LASF6
  63 005a 02       		.uleb128 0x2
  64 005b 08       		.byte	0x8
  65 005c 07       		.byte	0x7
  66 005d 62020000 		.4byte	.LASF7
  67 0061 04       		.uleb128 0x4
  68 0062 04       		.byte	0x4
  69 0063 05       		.byte	0x5
  70 0064 696E7400 		.ascii	"int\000"
  71 0068 02       		.uleb128 0x2
  72 0069 04       		.byte	0x4
  73 006a 07       		.byte	0x7
  74 006b 55020000 		.4byte	.LASF8
  75 006f 05       		.uleb128 0x5
  76 0070 10       		.byte	0x10
  77 0071 01       		.byte	0x1
  78 0072 39       		.byte	0x39
  79 0073 09       		.byte	0x9
  80 0074 AD000000 		.4byte	0xad
  81 0078 06       		.uleb128 0x6
  82 0079 4A030000 		.4byte	.LASF9
  83 007d 01       		.byte	0x1
  84 007e 3A       		.byte	0x3a
  85 007f 1A       		.byte	0x1a
  86 0080 AD000000 		.4byte	0xad
  87 0084 00       		.byte	0
  88 0085 06       		.uleb128 0x6
  89 0086 4D000000 		.4byte	.LASF10
  90 008a 01       		.byte	0x1
  91 008b 3B       		.byte	0x3b
  92 008c 1A       		.byte	0x1a
  93 008d AD000000 		.4byte	0xad
  94 0091 04       		.byte	0x4
  95 0092 06       		.uleb128 0x6
  96 0093 F3000000 		.4byte	.LASF11
  97 0097 01       		.byte	0x1
  98 0098 3C       		.byte	0x3c
  99 0099 1A       		.byte	0x1a
 100 009a AD000000 		.4byte	0xad
 101 009e 08       		.byte	0x8
 102 009f 06       		.uleb128 0x6
 103 00a0 D0020000 		.4byte	.LASF12
 104 00a4 01       		.byte	0x1
 105 00a5 3D       		.byte	0x3d
 106 00a6 1A       		.byte	0x1a
 107 00a7 AD000000 		.4byte	0xad
 108 00ab 0C       		.byte	0xc
 109 00ac 00       		.byte	0
 110 00ad 07       		.uleb128 0x7
 111 00ae 04       		.byte	0x4
 112 00af 47000000 		.4byte	0x47
 113 00b3 03       		.uleb128 0x3
 114 00b4 F6010000 		.4byte	.LASF14
ARM GAS  /tmp/ccqP5WTG.s 			page 3


 115 00b8 01       		.byte	0x1
 116 00b9 3E       		.byte	0x3e
 117 00ba 03       		.byte	0x3
 118 00bb 6F000000 		.4byte	0x6f
 119 00bf 08       		.uleb128 0x8
 120 00c0 B3000000 		.4byte	0xb3
 121 00c4 09       		.uleb128 0x9
 122 00c5 61000000 		.4byte	.LASF15
 123 00c9 01       		.byte	0x1
 124 00ca 45       		.byte	0x45
 125 00cb 11       		.byte	0x11
 126 00cc 47000000 		.4byte	0x47
 127 00d0 09       		.uleb128 0x9
 128 00d1 2B010000 		.4byte	.LASF16
 129 00d5 01       		.byte	0x1
 130 00d6 45       		.byte	0x45
 131 00d7 25       		.byte	0x25
 132 00d8 47000000 		.4byte	0x47
 133 00dc 09       		.uleb128 0x9
 134 00dd 59030000 		.4byte	.LASF17
 135 00e1 01       		.byte	0x1
 136 00e2 45       		.byte	0x45
 137 00e3 34       		.byte	0x34
 138 00e4 47000000 		.4byte	0x47
 139 00e8 09       		.uleb128 0x9
 140 00e9 2D000000 		.4byte	.LASF18
 141 00ed 01       		.byte	0x1
 142 00ee 45       		.byte	0x45
 143 00ef 44       		.byte	0x44
 144 00f0 47000000 		.4byte	0x47
 145 00f4 09       		.uleb128 0x9
 146 00f5 0B030000 		.4byte	.LASF19
 147 00f9 01       		.byte	0x1
 148 00fa 48       		.byte	0x48
 149 00fb 11       		.byte	0x11
 150 00fc 47000000 		.4byte	0x47
 151 0100 09       		.uleb128 0x9
 152 0101 92000000 		.4byte	.LASF20
 153 0105 01       		.byte	0x1
 154 0106 48       		.byte	0x48
 155 0107 25       		.byte	0x25
 156 0108 47000000 		.4byte	0x47
 157 010c 09       		.uleb128 0x9
 158 010d 47010000 		.4byte	.LASF21
 159 0111 01       		.byte	0x1
 160 0112 48       		.byte	0x48
 161 0113 34       		.byte	0x34
 162 0114 47000000 		.4byte	0x47
 163 0118 09       		.uleb128 0x9
 164 0119 7A030000 		.4byte	.LASF22
 165 011d 01       		.byte	0x1
 166 011e 48       		.byte	0x48
 167 011f 44       		.byte	0x44
 168 0120 47000000 		.4byte	0x47
 169 0124 09       		.uleb128 0x9
 170 0125 91010000 		.4byte	.LASF23
 171 0129 01       		.byte	0x1
ARM GAS  /tmp/ccqP5WTG.s 			page 4


 172 012a 4B       		.byte	0x4b
 173 012b 11       		.byte	0x11
 174 012c 47000000 		.4byte	0x47
 175 0130 09       		.uleb128 0x9
 176 0131 11000000 		.4byte	.LASF24
 177 0135 01       		.byte	0x1
 178 0136 4B       		.byte	0x4b
 179 0137 25       		.byte	0x25
 180 0138 47000000 		.4byte	0x47
 181 013c 09       		.uleb128 0x9
 182 013d 1E030000 		.4byte	.LASF25
 183 0141 01       		.byte	0x1
 184 0142 4B       		.byte	0x4b
 185 0143 34       		.byte	0x34
 186 0144 47000000 		.4byte	0x47
 187 0148 09       		.uleb128 0x9
 188 0149 FB020000 		.4byte	.LASF26
 189 014d 01       		.byte	0x1
 190 014e 4B       		.byte	0x4b
 191 014f 44       		.byte	0x44
 192 0150 47000000 		.4byte	0x47
 193 0154 09       		.uleb128 0x9
 194 0155 E0000000 		.4byte	.LASF27
 195 0159 01       		.byte	0x1
 196 015a 4E       		.byte	0x4e
 197 015b 11       		.byte	0x11
 198 015c 47000000 		.4byte	0x47
 199 0160 09       		.uleb128 0x9
 200 0161 66010000 		.4byte	.LASF28
 201 0165 01       		.byte	0x1
 202 0166 4E       		.byte	0x4e
 203 0167 25       		.byte	0x25
 204 0168 47000000 		.4byte	0x47
 205 016c 09       		.uleb128 0x9
 206 016d C1000000 		.4byte	.LASF29
 207 0171 01       		.byte	0x1
 208 0172 4E       		.byte	0x4e
 209 0173 34       		.byte	0x34
 210 0174 47000000 		.4byte	0x47
 211 0178 09       		.uleb128 0x9
 212 0179 DD020000 		.4byte	.LASF30
 213 017d 01       		.byte	0x1
 214 017e 4E       		.byte	0x4e
 215 017f 44       		.byte	0x44
 216 0180 47000000 		.4byte	0x47
 217 0184 09       		.uleb128 0x9
 218 0185 2D030000 		.4byte	.LASF31
 219 0189 01       		.byte	0x1
 220 018a 51       		.byte	0x51
 221 018b 11       		.byte	0x11
 222 018c 47000000 		.4byte	0x47
 223 0190 09       		.uleb128 0x9
 224 0191 28020000 		.4byte	.LASF32
 225 0195 01       		.byte	0x1
 226 0196 51       		.byte	0x51
 227 0197 25       		.byte	0x25
 228 0198 47000000 		.4byte	0x47
ARM GAS  /tmp/ccqP5WTG.s 			page 5


 229 019c 09       		.uleb128 0x9
 230 019d 36020000 		.4byte	.LASF33
 231 01a1 01       		.byte	0x1
 232 01a2 51       		.byte	0x51
 233 01a3 34       		.byte	0x34
 234 01a4 47000000 		.4byte	0x47
 235 01a8 09       		.uleb128 0x9
 236 01a9 45020000 		.4byte	.LASF34
 237 01ad 01       		.byte	0x1
 238 01ae 51       		.byte	0x51
 239 01af 44       		.byte	0x44
 240 01b0 47000000 		.4byte	0x47
 241 01b4 09       		.uleb128 0x9
 242 01b5 06020000 		.4byte	.LASF35
 243 01b9 01       		.byte	0x1
 244 01ba 54       		.byte	0x54
 245 01bb 11       		.byte	0x11
 246 01bc 47000000 		.4byte	0x47
 247 01c0 09       		.uleb128 0x9
 248 01c1 39010000 		.4byte	.LASF36
 249 01c5 01       		.byte	0x1
 250 01c6 54       		.byte	0x54
 251 01c7 25       		.byte	0x25
 252 01c8 47000000 		.4byte	0x47
 253 01cc 09       		.uleb128 0x9
 254 01cd 96030000 		.4byte	.LASF37
 255 01d1 01       		.byte	0x1
 256 01d2 54       		.byte	0x54
 257 01d3 34       		.byte	0x34
 258 01d4 47000000 		.4byte	0x47
 259 01d8 09       		.uleb128 0x9
 260 01d9 56010000 		.4byte	.LASF38
 261 01dd 01       		.byte	0x1
 262 01de 54       		.byte	0x54
 263 01df 44       		.byte	0x44
 264 01e0 47000000 		.4byte	0x47
 265 01e4 09       		.uleb128 0x9
 266 01e5 AE000000 		.4byte	.LASF39
 267 01e9 01       		.byte	0x1
 268 01ea 57       		.byte	0x57
 269 01eb 11       		.byte	0x11
 270 01ec 47000000 		.4byte	0x47
 271 01f0 09       		.uleb128 0x9
 272 01f1 A0000000 		.4byte	.LASF40
 273 01f5 01       		.byte	0x1
 274 01f6 57       		.byte	0x57
 275 01f7 25       		.byte	0x25
 276 01f8 47000000 		.4byte	0x47
 277 01fc 09       		.uleb128 0x9
 278 01fd 0A010000 		.4byte	.LASF41
 279 0201 01       		.byte	0x1
 280 0202 57       		.byte	0x57
 281 0203 34       		.byte	0x34
 282 0204 47000000 		.4byte	0x47
 283 0208 09       		.uleb128 0x9
 284 0209 D0000000 		.4byte	.LASF42
 285 020d 01       		.byte	0x1
ARM GAS  /tmp/ccqP5WTG.s 			page 6


 286 020e 57       		.byte	0x57
 287 020f 44       		.byte	0x44
 288 0210 47000000 		.4byte	0x47
 289 0214 09       		.uleb128 0x9
 290 0215 79020000 		.4byte	.LASF43
 291 0219 01       		.byte	0x1
 292 021a 5A       		.byte	0x5a
 293 021b 11       		.byte	0x11
 294 021c 47000000 		.4byte	0x47
 295 0220 09       		.uleb128 0x9
 296 0221 1F000000 		.4byte	.LASF44
 297 0225 01       		.byte	0x1
 298 0226 5A       		.byte	0x5a
 299 0227 25       		.byte	0x25
 300 0228 47000000 		.4byte	0x47
 301 022c 09       		.uleb128 0x9
 302 022d 19020000 		.4byte	.LASF45
 303 0231 01       		.byte	0x1
 304 0232 5A       		.byte	0x5a
 305 0233 34       		.byte	0x34
 306 0234 47000000 		.4byte	0x47
 307 0238 09       		.uleb128 0x9
 308 0239 3D000000 		.4byte	.LASF46
 309 023d 01       		.byte	0x1
 310 023e 5A       		.byte	0x5a
 311 023f 44       		.byte	0x44
 312 0240 47000000 		.4byte	0x47
 313 0244 0A       		.uleb128 0xa
 314 0245 BF000000 		.4byte	0xbf
 315 0249 54020000 		.4byte	0x254
 316 024d 0B       		.uleb128 0xb
 317 024e 68000000 		.4byte	0x68
 318 0252 07       		.byte	0x7
 319 0253 00       		.byte	0
 320 0254 08       		.uleb128 0x8
 321 0255 44020000 		.4byte	0x244
 322 0259 0C       		.uleb128 0xc
 323 025a 57000000 		.4byte	.LASF47
 324 025e 01       		.byte	0x1
 325 025f 61       		.byte	0x61
 326 0260 1E       		.byte	0x1e
 327 0261 54020000 		.4byte	0x254
 328 0265 0D       		.uleb128 0xd
 329 0266 00000000 		.4byte	.LASF54
 330 026a 01       		.byte	0x1
 331 026b EC       		.byte	0xec
 332 026c 06       		.byte	0x6
 333 026d 95020000 		.4byte	0x295
 334 0271 0E       		.uleb128 0xe
 335 0272 72617000 		.ascii	"rap\000"
 336 0276 01       		.byte	0x1
 337 0277 EE       		.byte	0xee
 338 0278 1A       		.byte	0x1a
 339 0279 95020000 		.4byte	0x295
 340 027d 0F       		.uleb128 0xf
 341 027e 0E       		.uleb128 0xe
 342 027f 747000   		.ascii	"tp\000"
ARM GAS  /tmp/ccqP5WTG.s 			page 7


 343 0282 01       		.byte	0x1
 344 0283 F1       		.byte	0xf1
 345 0284 0F       		.byte	0xf
 346 0285 AD000000 		.4byte	0xad
 347 0289 0E       		.uleb128 0xe
 348 028a 7000     		.ascii	"p\000"
 349 028c 01       		.byte	0x1
 350 028d F2       		.byte	0xf2
 351 028e 0F       		.byte	0xf
 352 028f AD000000 		.4byte	0xad
 353 0293 00       		.byte	0
 354 0294 00       		.byte	0
 355 0295 07       		.uleb128 0x7
 356 0296 04       		.byte	0x4
 357 0297 BF000000 		.4byte	0xbf
 358 029b 10       		.uleb128 0x10
 359 029c 82010000 		.4byte	.LASF55
 360 02a0 01       		.byte	0x1
 361 02a1 BB       		.byte	0xbb
 362 02a2 06       		.byte	0x6
 363 02a3 11       		.uleb128 0x11
 364 02a4 FE000000 		.4byte	.LASF48
 365 02a8 01       		.byte	0x1
 366 02a9 AE       		.byte	0xae
 367 02aa 06       		.byte	0x6
 368 02ab 11       		.uleb128 0x11
 369 02ac C3020000 		.4byte	.LASF49
 370 02b0 01       		.byte	0x1
 371 02b1 A0       		.byte	0xa0
 372 02b2 06       		.byte	0x6
 373 02b3 11       		.uleb128 0x11
 374 02b4 87000000 		.4byte	.LASF50
 375 02b8 01       		.byte	0x1
 376 02b9 8D       		.byte	0x8d
 377 02ba 06       		.byte	0x6
 378 02bb 00       		.byte	0
 379              		.section	.gnu.debuglto_.debug_abbrev,"e",%progbits
 380              	.Ldebug_abbrev0:
 381 0000 01       		.uleb128 0x1
 382 0001 11       		.uleb128 0x11
 383 0002 01       		.byte	0x1
 384 0003 25       		.uleb128 0x25
 385 0004 0E       		.uleb128 0xe
 386 0005 13       		.uleb128 0x13
 387 0006 0B       		.uleb128 0xb
 388 0007 03       		.uleb128 0x3
 389 0008 0E       		.uleb128 0xe
 390 0009 1B       		.uleb128 0x1b
 391 000a 0E       		.uleb128 0xe
 392 000b 10       		.uleb128 0x10
 393 000c 17       		.uleb128 0x17
 394 000d 00       		.byte	0
 395 000e 00       		.byte	0
 396 000f 02       		.uleb128 0x2
 397 0010 24       		.uleb128 0x24
 398 0011 00       		.byte	0
 399 0012 0B       		.uleb128 0xb
ARM GAS  /tmp/ccqP5WTG.s 			page 8


 400 0013 0B       		.uleb128 0xb
 401 0014 3E       		.uleb128 0x3e
 402 0015 0B       		.uleb128 0xb
 403 0016 03       		.uleb128 0x3
 404 0017 0E       		.uleb128 0xe
 405 0018 00       		.byte	0
 406 0019 00       		.byte	0
 407 001a 03       		.uleb128 0x3
 408 001b 16       		.uleb128 0x16
 409 001c 00       		.byte	0
 410 001d 03       		.uleb128 0x3
 411 001e 0E       		.uleb128 0xe
 412 001f 3A       		.uleb128 0x3a
 413 0020 0B       		.uleb128 0xb
 414 0021 3B       		.uleb128 0x3b
 415 0022 0B       		.uleb128 0xb
 416 0023 39       		.uleb128 0x39
 417 0024 0B       		.uleb128 0xb
 418 0025 49       		.uleb128 0x49
 419 0026 13       		.uleb128 0x13
 420 0027 00       		.byte	0
 421 0028 00       		.byte	0
 422 0029 04       		.uleb128 0x4
 423 002a 24       		.uleb128 0x24
 424 002b 00       		.byte	0
 425 002c 0B       		.uleb128 0xb
 426 002d 0B       		.uleb128 0xb
 427 002e 3E       		.uleb128 0x3e
 428 002f 0B       		.uleb128 0xb
 429 0030 03       		.uleb128 0x3
 430 0031 08       		.uleb128 0x8
 431 0032 00       		.byte	0
 432 0033 00       		.byte	0
 433 0034 05       		.uleb128 0x5
 434 0035 13       		.uleb128 0x13
 435 0036 01       		.byte	0x1
 436 0037 0B       		.uleb128 0xb
 437 0038 0B       		.uleb128 0xb
 438 0039 3A       		.uleb128 0x3a
 439 003a 0B       		.uleb128 0xb
 440 003b 3B       		.uleb128 0x3b
 441 003c 0B       		.uleb128 0xb
 442 003d 39       		.uleb128 0x39
 443 003e 0B       		.uleb128 0xb
 444 003f 01       		.uleb128 0x1
 445 0040 13       		.uleb128 0x13
 446 0041 00       		.byte	0
 447 0042 00       		.byte	0
 448 0043 06       		.uleb128 0x6
 449 0044 0D       		.uleb128 0xd
 450 0045 00       		.byte	0
 451 0046 03       		.uleb128 0x3
 452 0047 0E       		.uleb128 0xe
 453 0048 3A       		.uleb128 0x3a
 454 0049 0B       		.uleb128 0xb
 455 004a 3B       		.uleb128 0x3b
 456 004b 0B       		.uleb128 0xb
ARM GAS  /tmp/ccqP5WTG.s 			page 9


 457 004c 39       		.uleb128 0x39
 458 004d 0B       		.uleb128 0xb
 459 004e 49       		.uleb128 0x49
 460 004f 13       		.uleb128 0x13
 461 0050 38       		.uleb128 0x38
 462 0051 0B       		.uleb128 0xb
 463 0052 00       		.byte	0
 464 0053 00       		.byte	0
 465 0054 07       		.uleb128 0x7
 466 0055 0F       		.uleb128 0xf
 467 0056 00       		.byte	0
 468 0057 0B       		.uleb128 0xb
 469 0058 0B       		.uleb128 0xb
 470 0059 49       		.uleb128 0x49
 471 005a 13       		.uleb128 0x13
 472 005b 00       		.byte	0
 473 005c 00       		.byte	0
 474 005d 08       		.uleb128 0x8
 475 005e 26       		.uleb128 0x26
 476 005f 00       		.byte	0
 477 0060 49       		.uleb128 0x49
 478 0061 13       		.uleb128 0x13
 479 0062 00       		.byte	0
 480 0063 00       		.byte	0
 481 0064 09       		.uleb128 0x9
 482 0065 34       		.uleb128 0x34
 483 0066 00       		.byte	0
 484 0067 03       		.uleb128 0x3
 485 0068 0E       		.uleb128 0xe
 486 0069 3A       		.uleb128 0x3a
 487 006a 0B       		.uleb128 0xb
 488 006b 3B       		.uleb128 0x3b
 489 006c 0B       		.uleb128 0xb
 490 006d 39       		.uleb128 0x39
 491 006e 0B       		.uleb128 0xb
 492 006f 49       		.uleb128 0x49
 493 0070 13       		.uleb128 0x13
 494 0071 3F       		.uleb128 0x3f
 495 0072 19       		.uleb128 0x19
 496 0073 3C       		.uleb128 0x3c
 497 0074 19       		.uleb128 0x19
 498 0075 00       		.byte	0
 499 0076 00       		.byte	0
 500 0077 0A       		.uleb128 0xa
 501 0078 01       		.uleb128 0x1
 502 0079 01       		.byte	0x1
 503 007a 49       		.uleb128 0x49
 504 007b 13       		.uleb128 0x13
 505 007c 01       		.uleb128 0x1
 506 007d 13       		.uleb128 0x13
 507 007e 00       		.byte	0
 508 007f 00       		.byte	0
 509 0080 0B       		.uleb128 0xb
 510 0081 21       		.uleb128 0x21
 511 0082 00       		.byte	0
 512 0083 49       		.uleb128 0x49
 513 0084 13       		.uleb128 0x13
ARM GAS  /tmp/ccqP5WTG.s 			page 10


 514 0085 2F       		.uleb128 0x2f
 515 0086 0B       		.uleb128 0xb
 516 0087 00       		.byte	0
 517 0088 00       		.byte	0
 518 0089 0C       		.uleb128 0xc
 519 008a 34       		.uleb128 0x34
 520 008b 00       		.byte	0
 521 008c 03       		.uleb128 0x3
 522 008d 0E       		.uleb128 0xe
 523 008e 3A       		.uleb128 0x3a
 524 008f 0B       		.uleb128 0xb
 525 0090 3B       		.uleb128 0x3b
 526 0091 0B       		.uleb128 0xb
 527 0092 39       		.uleb128 0x39
 528 0093 0B       		.uleb128 0xb
 529 0094 49       		.uleb128 0x49
 530 0095 13       		.uleb128 0x13
 531 0096 00       		.byte	0
 532 0097 00       		.byte	0
 533 0098 0D       		.uleb128 0xd
 534 0099 2E       		.uleb128 0x2e
 535 009a 01       		.byte	0x1
 536 009b 3F       		.uleb128 0x3f
 537 009c 19       		.uleb128 0x19
 538 009d 03       		.uleb128 0x3
 539 009e 0E       		.uleb128 0xe
 540 009f 3A       		.uleb128 0x3a
 541 00a0 0B       		.uleb128 0xb
 542 00a1 3B       		.uleb128 0x3b
 543 00a2 0B       		.uleb128 0xb
 544 00a3 39       		.uleb128 0x39
 545 00a4 0B       		.uleb128 0xb
 546 00a5 27       		.uleb128 0x27
 547 00a6 19       		.uleb128 0x19
 548 00a7 01       		.uleb128 0x1
 549 00a8 13       		.uleb128 0x13
 550 00a9 00       		.byte	0
 551 00aa 00       		.byte	0
 552 00ab 0E       		.uleb128 0xe
 553 00ac 34       		.uleb128 0x34
 554 00ad 00       		.byte	0
 555 00ae 03       		.uleb128 0x3
 556 00af 08       		.uleb128 0x8
 557 00b0 3A       		.uleb128 0x3a
 558 00b1 0B       		.uleb128 0xb
 559 00b2 3B       		.uleb128 0x3b
 560 00b3 0B       		.uleb128 0xb
 561 00b4 39       		.uleb128 0x39
 562 00b5 0B       		.uleb128 0xb
 563 00b6 49       		.uleb128 0x49
 564 00b7 13       		.uleb128 0x13
 565 00b8 00       		.byte	0
 566 00b9 00       		.byte	0
 567 00ba 0F       		.uleb128 0xf
 568 00bb 0B       		.uleb128 0xb
 569 00bc 01       		.byte	0x1
 570 00bd 00       		.byte	0
ARM GAS  /tmp/ccqP5WTG.s 			page 11


 571 00be 00       		.byte	0
 572 00bf 10       		.uleb128 0x10
 573 00c0 2E       		.uleb128 0x2e
 574 00c1 00       		.byte	0
 575 00c2 3F       		.uleb128 0x3f
 576 00c3 19       		.uleb128 0x19
 577 00c4 03       		.uleb128 0x3
 578 00c5 0E       		.uleb128 0xe
 579 00c6 3A       		.uleb128 0x3a
 580 00c7 0B       		.uleb128 0xb
 581 00c8 3B       		.uleb128 0x3b
 582 00c9 0B       		.uleb128 0xb
 583 00ca 39       		.uleb128 0x39
 584 00cb 0B       		.uleb128 0xb
 585 00cc 27       		.uleb128 0x27
 586 00cd 19       		.uleb128 0x19
 587 00ce 8701     		.uleb128 0x87
 588 00d0 19       		.uleb128 0x19
 589 00d1 00       		.byte	0
 590 00d2 00       		.byte	0
 591 00d3 11       		.uleb128 0x11
 592 00d4 2E       		.uleb128 0x2e
 593 00d5 00       		.byte	0
 594 00d6 3F       		.uleb128 0x3f
 595 00d7 19       		.uleb128 0x19
 596 00d8 03       		.uleb128 0x3
 597 00d9 0E       		.uleb128 0xe
 598 00da 3A       		.uleb128 0x3a
 599 00db 0B       		.uleb128 0xb
 600 00dc 3B       		.uleb128 0x3b
 601 00dd 0B       		.uleb128 0xb
 602 00de 39       		.uleb128 0x39
 603 00df 0B       		.uleb128 0xb
 604 00e0 27       		.uleb128 0x27
 605 00e1 19       		.uleb128 0x19
 606 00e2 00       		.byte	0
 607 00e3 00       		.byte	0
 608 00e4 00       		.byte	0
 609              		.section	.gnu.debuglto_.debug_line,"e",%progbits
 610              	.Ldebug_line0:
 611 0000 8A000000 		.4byte	.LELT0-.LSLT0
 612              	.LSLT0:
 613 0004 0400     		.2byte	0x4
 614 0006 84000000 		.4byte	.LELTP0-.LASLTP0
 615              	.LASLTP0:
 616 000a 01       		.byte	0x1
 617 000b 01       		.byte	0x1
 618 000c 01       		.byte	0x1
 619 000d F6       		.byte	0xf6
 620 000e F2       		.byte	0xf2
 621 000f 0D       		.byte	0xd
 622 0010 00       		.byte	0
 623 0011 01       		.byte	0x1
 624 0012 01       		.byte	0x1
 625 0013 01       		.byte	0x1
 626 0014 01       		.byte	0x1
 627 0015 00       		.byte	0
ARM GAS  /tmp/ccqP5WTG.s 			page 12


 628 0016 00       		.byte	0
 629 0017 00       		.byte	0
 630 0018 01       		.byte	0x1
 631 0019 00       		.byte	0
 632 001a 00       		.byte	0
 633 001b 01       		.byte	0x1
 634 001c 2E2E2F2E 		.ascii	"../../../os/common/startup/ARMCMx/compilers/GCC"
 634      2E2F2E2E 
 634      2F6F732F 
 634      636F6D6D 
 634      6F6E2F73 
 635 004b 00       		.byte	0
 636 004c 2F757372 		.ascii	"/usr/lib/gcc/arm-none-eabi/10.3.1/include"
 636      2F6C6962 
 636      2F676363 
 636      2F61726D 
 636      2D6E6F6E 
 637 0075 00       		.byte	0
 638 0076 00       		.byte	0
 639 0077 63727431 		.ascii	"crt1.c\000"
 639      2E6300
 640 007e 01       		.uleb128 0x1
 641 007f 00       		.uleb128 0
 642 0080 00       		.uleb128 0
 643 0081 73746469 		.ascii	"stdint.h\000"
 643      6E742E68 
 643      00
 644 008a 02       		.uleb128 0x2
 645 008b 00       		.uleb128 0
 646 008c 00       		.uleb128 0
 647 008d 00       		.byte	0
 648              	.LELTP0:
 649              	.LELT0:
 650              		.section	.gnu.debuglto_.debug_str,"eMS",%progbits,1
 651              	.LASF54:
 652 0000 5F5F696E 		.ascii	"__init_ram_areas\000"
 652      69745F72 
 652      616D5F61 
 652      72656173 
 652      00
 653              	.LASF24:
 654 0011 5F5F7261 		.ascii	"__ram2_init__\000"
 654      6D325F69 
 654      6E69745F 
 654      5F00
 655              	.LASF44:
 656 001f 5F5F7261 		.ascii	"__ram7_init__\000"
 656      6D375F69 
 656      6E69745F 
 656      5F00
 657              	.LASF18:
 658 002d 5F5F7261 		.ascii	"__ram0_noinit__\000"
 658      6D305F6E 
 658      6F696E69 
 658      745F5F00 
 659              	.LASF46:
 660 003d 5F5F7261 		.ascii	"__ram7_noinit__\000"
ARM GAS  /tmp/ccqP5WTG.s 			page 13


 660      6D375F6E 
 660      6F696E69 
 660      745F5F00 
 661              	.LASF10:
 662 004d 696E6974 		.ascii	"init_area\000"
 662      5F617265 
 662      6100
 663              	.LASF47:
 664 0057 72616D5F 		.ascii	"ram_areas\000"
 664      61726561 
 664      7300
 665              	.LASF15:
 666 0061 5F5F7261 		.ascii	"__ram0_init_text__\000"
 666      6D305F69 
 666      6E69745F 
 666      74657874 
 666      5F5F00
 667              	.LASF5:
 668 0074 73686F72 		.ascii	"short unsigned int\000"
 668      7420756E 
 668      7369676E 
 668      65642069 
 668      6E7400
 669              	.LASF50:
 670 0087 5F5F6370 		.ascii	"__cpu_init\000"
 670      755F696E 
 670      697400
 671              	.LASF20:
 672 0092 5F5F7261 		.ascii	"__ram1_init__\000"
 672      6D315F69 
 672      6E69745F 
 672      5F00
 673              	.LASF40:
 674 00a0 5F5F7261 		.ascii	"__ram6_init__\000"
 674      6D365F69 
 674      6E69745F 
 674      5F00
 675              	.LASF39:
 676 00ae 5F5F7261 		.ascii	"__ram6_init_text__\000"
 676      6D365F69 
 676      6E69745F 
 676      74657874 
 676      5F5F00
 677              	.LASF29:
 678 00c1 5F5F7261 		.ascii	"__ram3_clear__\000"
 678      6D335F63 
 678      6C656172 
 678      5F5F00
 679              	.LASF42:
 680 00d0 5F5F7261 		.ascii	"__ram6_noinit__\000"
 680      6D365F6E 
 680      6F696E69 
 680      745F5F00 
 681              	.LASF27:
 682 00e0 5F5F7261 		.ascii	"__ram3_init_text__\000"
 682      6D335F69 
 682      6E69745F 
ARM GAS  /tmp/ccqP5WTG.s 			page 14


 682      74657874 
 682      5F5F00
 683              	.LASF11:
 684 00f3 636C6561 		.ascii	"clear_area\000"
 684      725F6172 
 684      656100
 685              	.LASF48:
 686 00fe 5F5F6C61 		.ascii	"__late_init\000"
 686      74655F69 
 686      6E697400 
 687              	.LASF41:
 688 010a 5F5F7261 		.ascii	"__ram6_clear__\000"
 688      6D365F63 
 688      6C656172 
 688      5F5F00
 689              	.LASF6:
 690 0119 6C6F6E67 		.ascii	"long unsigned int\000"
 690      20756E73 
 690      69676E65 
 690      6420696E 
 690      7400
 691              	.LASF16:
 692 012b 5F5F7261 		.ascii	"__ram0_init__\000"
 692      6D305F69 
 692      6E69745F 
 692      5F00
 693              	.LASF36:
 694 0139 5F5F7261 		.ascii	"__ram5_init__\000"
 694      6D355F69 
 694      6E69745F 
 694      5F00
 695              	.LASF21:
 696 0147 5F5F7261 		.ascii	"__ram1_clear__\000"
 696      6D315F63 
 696      6C656172 
 696      5F5F00
 697              	.LASF38:
 698 0156 5F5F7261 		.ascii	"__ram5_noinit__\000"
 698      6D355F6E 
 698      6F696E69 
 698      745F5F00 
 699              	.LASF28:
 700 0166 5F5F7261 		.ascii	"__ram3_init__\000"
 700      6D335F69 
 700      6E69745F 
 700      5F00
 701              	.LASF4:
 702 0174 756E7369 		.ascii	"unsigned char\000"
 702      676E6564 
 702      20636861 
 702      7200
 703              	.LASF55:
 704 0182 5F5F6465 		.ascii	"__default_exit\000"
 704      6661756C 
 704      745F6578 
 704      697400
 705              	.LASF23:
ARM GAS  /tmp/ccqP5WTG.s 			page 15


 706 0191 5F5F7261 		.ascii	"__ram2_init_text__\000"
 706      6D325F69 
 706      6E69745F 
 706      74657874 
 706      5F5F00
 707              	.LASF53:
 708 01a4 2F686F6D 		.ascii	"/home/nicolasscg/ci_test/ChibiOS/demos/STM32/RT-STM"
 708      652F6E69 
 708      636F6C61 
 708      73736367 
 708      2F63695F 
 709 01d7 33324631 		.ascii	"32F103-STM3210E_EVAL-FATFS-USB\000"
 709      30332D53 
 709      544D3332 
 709      3130455F 
 709      4556414C 
 710              	.LASF14:
 711 01f6 72616D5F 		.ascii	"ram_init_area_t\000"
 711      696E6974 
 711      5F617265 
 711      615F7400 
 712              	.LASF35:
 713 0206 5F5F7261 		.ascii	"__ram5_init_text__\000"
 713      6D355F69 
 713      6E69745F 
 713      74657874 
 713      5F5F00
 714              	.LASF45:
 715 0219 5F5F7261 		.ascii	"__ram7_clear__\000"
 715      6D375F63 
 715      6C656172 
 715      5F5F00
 716              	.LASF32:
 717 0228 5F5F7261 		.ascii	"__ram4_init__\000"
 717      6D345F69 
 717      6E69745F 
 717      5F00
 718              	.LASF33:
 719 0236 5F5F7261 		.ascii	"__ram4_clear__\000"
 719      6D345F63 
 719      6C656172 
 719      5F5F00
 720              	.LASF34:
 721 0245 5F5F7261 		.ascii	"__ram4_noinit__\000"
 721      6D345F6E 
 721      6F696E69 
 721      745F5F00 
 722              	.LASF8:
 723 0255 756E7369 		.ascii	"unsigned int\000"
 723      676E6564 
 723      20696E74 
 723      00
 724              	.LASF7:
 725 0262 6C6F6E67 		.ascii	"long long unsigned int\000"
 725      206C6F6E 
 725      6720756E 
 725      7369676E 
ARM GAS  /tmp/ccqP5WTG.s 			page 16


 725      65642069 
 726              	.LASF43:
 727 0279 5F5F7261 		.ascii	"__ram7_init_text__\000"
 727      6D375F69 
 727      6E69745F 
 727      74657874 
 727      5F5F00
 728              	.LASF52:
 729 028c 2E2E2F2E 		.ascii	"../../../os/common/startup/ARMCMx/compilers/GCC/crt"
 729      2E2F2E2E 
 729      2F6F732F 
 729      636F6D6D 
 729      6F6E2F73 
 730 02bf 312E6300 		.ascii	"1.c\000"
 731              	.LASF49:
 732 02c3 5F5F6561 		.ascii	"__early_init\000"
 732      726C795F 
 732      696E6974 
 732      00
 733              	.LASF12:
 734 02d0 6E6F5F69 		.ascii	"no_init_area\000"
 734      6E69745F 
 734      61726561 
 734      00
 735              	.LASF30:
 736 02dd 5F5F7261 		.ascii	"__ram3_noinit__\000"
 736      6D335F6E 
 736      6F696E69 
 736      745F5F00 
 737              	.LASF3:
 738 02ed 6C6F6E67 		.ascii	"long long int\000"
 738      206C6F6E 
 738      6720696E 
 738      7400
 739              	.LASF26:
 740 02fb 5F5F7261 		.ascii	"__ram2_noinit__\000"
 740      6D325F6E 
 740      6F696E69 
 740      745F5F00 
 741              	.LASF19:
 742 030b 5F5F7261 		.ascii	"__ram1_init_text__\000"
 742      6D315F69 
 742      6E69745F 
 742      74657874 
 742      5F5F00
 743              	.LASF25:
 744 031e 5F5F7261 		.ascii	"__ram2_clear__\000"
 744      6D325F63 
 744      6C656172 
 744      5F5F00
 745              	.LASF31:
 746 032d 5F5F7261 		.ascii	"__ram4_init_text__\000"
 746      6D345F69 
 746      6E69745F 
 746      74657874 
 746      5F5F00
 747              	.LASF1:
ARM GAS  /tmp/ccqP5WTG.s 			page 17


 748 0340 73686F72 		.ascii	"short int\000"
 748      7420696E 
 748      7400
 749              	.LASF9:
 750 034a 696E6974 		.ascii	"init_text_area\000"
 750      5F746578 
 750      745F6172 
 750      656100
 751              	.LASF17:
 752 0359 5F5F7261 		.ascii	"__ram0_clear__\000"
 752      6D305F63 
 752      6C656172 
 752      5F5F00
 753              	.LASF13:
 754 0368 75696E74 		.ascii	"uint32_t\000"
 754      33325F74 
 754      00
 755              	.LASF2:
 756 0371 6C6F6E67 		.ascii	"long int\000"
 756      20696E74 
 756      00
 757              	.LASF22:
 758 037a 5F5F7261 		.ascii	"__ram1_noinit__\000"
 758      6D315F6E 
 758      6F696E69 
 758      745F5F00 
 759              	.LASF0:
 760 038a 7369676E 		.ascii	"signed char\000"
 760      65642063 
 760      68617200 
 761              	.LASF37:
 762 0396 5F5F7261 		.ascii	"__ram5_clear__\000"
 762      6D355F63 
 762      6C656172 
 762      5F5F00
 763              	.LASF51:
 764 03a5 474E5520 		.ascii	"GNU C17 10.3.1 20210621 (release) -mcpu=cortex-m3 -"
 764      43313720 
 764      31302E33 
 764      2E312032 
 764      30323130 
 765 03d8 6D746875 		.ascii	"mthumb -mfloat-abi=soft -march=armv7-m -ggdb -O2 -f"
 765      6D62202D 
 765      6D666C6F 
 765      61742D61 
 765      62693D73 
 766 040b 6F6D6974 		.ascii	"omit-frame-pointer -falign-functions=16 -ffunction-"
 766      2D667261 
 766      6D652D70 
 766      6F696E74 
 766      6572202D 
 767 043e 73656374 		.ascii	"sections -fdata-sections -fno-common -flto\000"
 767      696F6E73 
 767      202D6664 
 767      6174612D 
 767      73656374 
 768              		.text
ARM GAS  /tmp/ccqP5WTG.s 			page 18


 769              		.section	.gnu.lto_.profile.a16ba2fb6a9cf596,"e",%progbits
 770 0000 789C6362 		.ascii	"x\234cb\000\001\000\000\022\000\003"
 770      00010000 
 770      120003
 771              		.text
 772              		.section	.gnu.lto_.icf.a16ba2fb6a9cf596,"e",%progbits
 773 0000 789C5363 		.ascii	"x\234Sc@\0006\206\245\375\007\366\2622\202I&0\311\374"
 773      40003686 
 773      A5FD07F6 
 773      B2328249 
 773      2630C9FC 
 774 0014 65EEBF6F 		.ascii	"e\356\277o\354,\357\277\256{\315\313\372\252\347\363"
 774      EC2CEFBF 
 774      AE7BCDCB 
 774      FAAAE7F3 
 775 0024 15760600 		.ascii	"\025v\006\000^a\022\270"
 775      5E6112B8 
 776              		.text
 777              		.section	.gnu.lto_.ipa_sra.a16ba2fb6a9cf596,"e",%progbits
 778 0000 789C1364 		.ascii	"x\234\023d@\000V\006\006FF\006F&\006Ff\006F\026\006"
 778      40005606 
 778      06464606 
 778      46260646 
 778      66064616 
 779 0015 46060002 		.ascii	"F\006\000\002\315\000&"
 779      CD0026
 780              		.text
 781              		.section	.gnu.lto_.inline.a16ba2fb6a9cf596,"e",%progbits
 782 0000 789C5BC3 		.ascii	"x\234[\303\200\000\254\014\014\314\015@\300\224\302"
 782      8000AC0C 
 782      0CCC0D40 
 782      C094C2
 783 000f C8C0C4C0 		.ascii	"\310\300\304\300\320\010d\32610\260A\204\230@B\014\214"
 783      D00864D6 
 783      3130B041 
 783      84984042 
 783      0C8C
 784 0021 04553011 		.ascii	"\004U0\021T\301\014$\301\342\310*X \014\210\012\026"
 784      54C10C24 
 784      C1E2C82A 
 784      58200C88 
 784      0A16
 785 0033 06917747 		.ascii	"\006\221wG\327md\316\001\252P\002\26260\347\240\231"
 785      D76D64CE 
 785      01AA5002 
 785      B23630E7 
 785      A099
 786 0045 C1000068 		.ascii	"\301\000\000hr(\001"
 786      722801
 787              		.text
 788              		.section	.gnu.lto_.jmpfuncs.a16ba2fb6a9cf596,"e",%progbits
 789 0000 789C1364 		.ascii	"x\234\023d@\000V fd``b``f``\001r\000\002\245\000!"
 789      40005620 
 789      66646060 
 789      62606066 
 789      60600172 
 790              		.text
ARM GAS  /tmp/ccqP5WTG.s 			page 19


 791              		.section	.gnu.lto_.pureconst.a16ba2fb6a9cf596,"e",%progbits
 792 0000 789C1360 		.ascii	"x\234\023````e\230\301\3028\203\205i\006\013\363\026"
 792      60606065 
 792      98C1C238 
 792      83856906 
 792      0BF316
 793 0013 1696592C 		.ascii	"\026\226Y,\000\032\274\003J"
 793      001ABC03 
 793      4A
 794              		.text
 795              		.section	.gnu.lto_.lto.a16ba2fb6a9cf596,"e",%progbits
 796 0000 09000400 		.ascii	"\011\000\004\000\001\000\000\000"
 796      01000000 
 797              		.text
 798              		.section	.gnu.lto_ram_areas.72.a16ba2fb6a9cf596,"e",%progbits
 799 0000 789C5DCF 		.ascii	"x\234]\317KO\023Q\024\007\360\371\367\002U\021A\005"
 799      4B4F1351 
 799      1407F0F9 
 799      F7025511 
 799      4105
 800 0012 4440FD02 		.ascii	"D@\375\002\266\227\302\202\260,\015ecC\322\026\267<"
 800      B697C282 
 800      B02C0D65 
 800      6343D216 
 800      B73C
 801 0024 C60626A1 		.ascii	"\306\006&\241\014\351\014\211\313\206\270p\301\2125"
 801      0CE90C89 
 801      CB86B870 
 801      C18A35
 802 0033 929874C1 		.ascii	"\222\230t\301\007\340\215 Oy\250\274}\243\302Bt\243"
 802      07E08D20 
 802      4F79A8BC 
 802      7DA3C242 
 802      74A3
 803 0045 6101890B 		.ascii	"a\001\211\013\026\014\247\303LrnnNN\376\367\236\374"
 803      160CA7C3 
 803      4C726E6E 
 803      4E4EFEF7 
 803      9EFC
 804 0057 726684A2 		.ascii	"rf\204\242\364+\3313(\360\014}\351\364\331\316\350\361"
 804      F42BD933 
 804      28F00C7D 
 804      E9F4D9CE 
 804      E8F1
 805 0069 50B13723 		.ascii	"P\2617#\224a\341\246\177\036R\0007\250\244\300\343\004"
 805      9461E1A6 
 805      7F1E5200 
 805      37A8A4C0 
 805      E304
 806 007b C31E0AC4 		.ascii	"\303\036\012\304EP\327\367<]\224\021x!\024\214[\025"
 806      4550D7F7 
 806      3C5D9411 
 806      7821148C 
 806      5B15
 807 008d 18B3AA07 		.ascii	"\030\263\252\007\243V\025\030\201\365e@d\254\300{9\375"
 807      A3561518 
 807      81F56540 
ARM GAS  /tmp/ccqP5WTG.s 			page 20


 807      64ACC07B 
 807      39FD
 808 009f FFF46521 		.ascii	"\377\364e!\315\347p2\227\223y\234\364rr\206\310WDN\023"
 808      CDE77032 
 808      9793799C 
 808      F4727286 
 808      C857444E 
 809 00b4 39E59279 		.ascii	"9\345\222y\227\323\023'6y\205\223W9y\215\223\371\234"
 809      97D31327 
 809      36798593 
 809      5739798D 
 809      93F99C
 810 00c7 5C247281 		.ascii	"\\$r\201\310y\"\347\\2\327\331\362\237M^\347d\001'o"
 810      C87922E7 
 810      5C32D7D9 
 810      F29F4D5E 
 810      E7640127 
 811 00dc 70B29093 		.ascii	"p\262\220\223kD\256\022\271B\344\033\227\314q\266\374"
 811      6B44AE12 
 811      B942E41B 
 811      97CC71B6 
 811      FC
 812 00ed 6B93459C 		.ascii	"k\223E\234\274\311\311[\234\274\315\311M\"7\210|O\344"
 812      BCC9C95B 
 812      9CBCCDC9 
 812      4D223788 
 812      7C4FE4
 813 0100 3B9714CE 		.ascii	";\227\024\316\226\277m\262\230\223%\234,\345\344\035"
 813      96BF6DB2 
 813      9893259C 
 813      2CE5E41D 
 814 0110 4E7E2072 		.ascii	"N~ r\217\310]\"w\\\322\343lyd\223e\234\274\313\311r"
 814      8FC85D22 
 814      775CD2E3 
 814      6C796493 
 814      659CBCCB 
 815 0126 4E5670F2 		.ascii	"NVp\362\033\221_\211\374B\344g8\320/\033\252\344\320"
 815      1B915F89 
 815      FC42E467 
 815      38D02F1B 
 815      AAE4D0
 816 0139 3D0EDDE7 		.ascii	"=\016\335\347\320\003\016\035\020\364\223\240\037\004"
 816      D0030E1D 
 816      10F493A0 
 816      1F04
 817 0147 7DA7F7D6 		.ascii	"}\247\367\326\214\325\006p\010Tc\037\370\004|\004\266"
 817      8CD50670 
 817      0854631F 
 817      F8047C04 
 817      B6
 818 0158 812DE02D 		.ascii	"\201-\340-\260\016,\003K\300k`\026\230\004&\240De\247"
 818      B00E2C03 
 818      4BC06B60 
 818      16980426 
 818      A04465A7 
 819 016c 9E4CC86E 		.ascii	"\236L\310nM\325\273\332\014C\355\220\252\326b&\014S"
 819      4DD5BBDA 
ARM GAS  /tmp/ccqP5WTG.s 			page 21


 819      0C43ED90 
 819      AAD66226 
 819      0C53
 820 017e 863AB576 		.ascii	"\206:\265v\255)&\237$\222\272!c\361HM\265\214\306}\324"
 820      AD29269F 
 820      2492BA21 
 820      63F1484D 
 820      B58CC67D 
 821 0193 84035535 		.ascii	"\204\003U5\331.P\325\320\322\3608\370\310\027\016\306"
 821      D92E50D5 
 821      D0D2F038 
 821      F8C8170E 
 821      C6
 822 01a4 C3315F73 		.ascii	"\3031_s\254^\251\365\373e\366Zs\252\236L\352\335\322"
 822      AC5EA9F5 
 822      FB65F65A 
 822      73AA9E4C 
 822      EADDD2
 823 01b7 30DB5266 		.ascii	"0\333Rfo\217\014F#\241\310\323\213\264G\353J\244\014"
 823      6F8F0C46 
 823      23A1C8D3 
 823      8BB447EB 
 823      4AA40C
 824 01ca D9180A49 		.ascii	"\331\030\012I5e\006\374\252r\016\015\2319\272"
 824      356506FC 
 824      AA720E0D 
 824      9939BA
 825              		.text
 826              		.section	.gnu.lto___cpu_init.73.a16ba2fb6a9cf596,"e",%progbits
 827 0000 789C2B61 		.ascii	"x\234+a``\350\001be fdf`\2344\261\213\211\241\241\241"
 827      6060E801 
 827      62652066 
 827      6466609C 
 827      34B18B89 
 828 0017 C1819D89 		.ascii	"\301\201\235\211\261qb\027'\343VF0\217\221\241\236\211"
 828      B1716217 
 828      27E35646 
 828      308F91A1 
 828      9E89
 829 0029 B19E7132 		.ascii	"\261\236q2\263&\220\373c\351\353\013\227%\032V\034`"
 829      B32690FB 
 829      63E9EB0B 
 829      97251A56 
 829      1C60
 830 003b 5CC2CCC0 		.ascii	"\\\302\314\3000\017\210\241\200\015\306c\004\342\365"
 830      300F88A1 
 830      800DC663 
 830      04E2F5
 831 004a 97580F34 		.ascii	"\227X\0174\374\371\337\337\320\360\367\021\343jU&\006"
 831      FCF9DFDF 
 831      D0F0F711 
 831      E36A5526 
 831      06
 832 005b 867E6690 		.ascii	"\206~f\220\321\015,\214\015\007\030\030&03A8\215@\316"
 832      D10D2C8C 
 832      0D071818 
 832      26303341 
ARM GAS  /tmp/ccqP5WTG.s 			page 22


 832      388D40CE 
 833 006f 2BC60625 		.ascii	"+\306\006%\206O\214M\012`c\372\231\031\021\352\030\030"
 833      864F8C4D 
 833      0A6063FA 
 833      991911EA 
 833      1818
 834 0081 82F433F2 		.ascii	"\202\3643\362sS\365\3632\223\363s\022\213\213\223\323"
 834      7353F5F3 
 834      3293F373 
 834      128B8B93 
 834      D3
 835 0092 F59333E3 		.ascii	"\365\2233\343KR\213K\364\23532\2232\375\203\365SRs\363"
 835      4B528B4B 
 835      F49D3332 
 835      9332FD83 
 835      F5535273 
 836 00a7 8BF58343 		.ascii	"\213\365\203C|\215\215\364\203Bt\301\0147C\003c\010"
 836      7C8D8DF4 
 836      834274C1 
 836      0C374303 
 836      6308
 837 00b9 CBD0C035 		.ascii	"\313\320\3005\3365\314\321G\327\3151\304-X74\330\211"
 837      DE35CCD1 
 837      47D7CD31 
 837      C42D5837 
 837      34D889
 838 00cc C15C4F4F 		.ascii	"\301\\OO\037\202\200\372\222\363ss\363\363\364\213K"
 838      1F8280FA 
 838      92F37373 
 838      F3F3F48B 
 838      4B
 839 00dd 128B4A4A 		.ascii	"\022\213JJ\013\364\035\203|\235}+@\242\005\2319\251"
 839      0BF41D83 
 839      7C9D7D2B 
 839      40A20599 
 839      39A9
 840 00ef 45C5FAEE 		.ascii	"E\305\372\356\316\316\372\311E%\206z\311\014\000\250"
 840      CECEFAC9 
 840      4525867A 
 840      C90C00A8 
 841 00ff 855787   		.ascii	"\205W\207"
 842              		.text
 843              		.section	.gnu.lto___early_init.74.a16ba2fb6a9cf596,"e",%progbits
 844 0000 789C2B66 		.ascii	"x\234+f``\350\001be fdf`\2344\261\213\211\241\241\241"
 844      6060E801 
 844      62652066 
 844      6466609C 
 844      34B18B89 
 845 0017 C1819D89 		.ascii	"\301\201\235\211\261qb\027'\343VF0\217\221\241\236\211"
 845      B1716217 
 845      27E35646 
 845      308F91A1 
 845      9E89
 846 0029 B19E7132 		.ascii	"\261\236q2\263&\220\373c\351\353\206\233\022\015+\016"
 846      B32690FB 
 846      63E9EB86 
 846      9B120D2B 
ARM GAS  /tmp/ccqP5WTG.s 			page 23


 846      0E
 847 003a 302E6166 		.ascii	"0.af`\230\007\304P\300\006\3431\002\361\372K\254\007"
 847      609807C4 
 847      50C006E3 
 847      3102F1FA 
 847      4BAC07
 848 004d 1AFEFCEF 		.ascii	"\032\376\374\357oh8\273\230\321\212\211\201\241\237"
 848      6F6838BB 
 848      98D18A89 
 848      81A19F
 849 005c 19647203 		.ascii	"\031dr\003\013c\303\001\006\206\011\314L\020N#\220\363"
 849      0B63C301 
 849      068609CC 
 849      4C104E23 
 849      90F3
 850 006e 8AB14189 		.ascii	"\212\261A\211\341\023c\223\002\330\224~fF\204:\006\206"
 850      E1136393 
 850      02D8947E 
 850      6646843A 
 850      0686
 851 0080 20FD8CFC 		.ascii	" \375\214\374\334T\375\274\314\344\374\234\304\342\342"
 851      DC54FDBC 
 851      CCE4FC9C 
 851      C4E2E2
 852 008f E474FDE4 		.ascii	"\344t\375\344\314\370\222\324\342\022}\347\214\314\244"
 852      CCF892D4 
 852      E2127DE7 
 852      8CCCA4
 853 009e 4CFF60FD 		.ascii	"L\377`\375\224\324\334\374b\375\340\020_c#\375\240\020"
 853      94D4DCFC 
 853      62FDE010 
 853      5F6323FD 
 853      A010
 854 00b0 5D30C3CD 		.ascii	"]0\303\315\320\300\030\30224p\215w\015s\364\321us\014"
 854      D0C018C2 
 854      3234708D 
 854      770D73F4 
 854      D175730C 
 855 00c4 710BD60D 		.ascii	"q\013\326\015\015vb0\327\323\323\207 \240\276\344\374"
 855      0D766230 
 855      D7D3D387 
 855      20A0BEE4 
 855      FC
 856 00d5 DCDCFC3C 		.ascii	"\334\334\374<\375\342\222\304\242\222\322\002}\307 "
 856      FDE292C4 
 856      A292D202 
 856      7DC720
 857 00e4 5F67DF0A 		.ascii	"_g\337\012\220hAfNjQ\261\276\273\263\263~rQ\211\241"
 857      90684166 
 857      4E6A51B1 
 857      BEBBB3B3 
 857      7E725189 
 858 00f9 5E320300 		.ascii	"^2\003\000x<V7"
 858      783C5637 
 859              		.text
 860              		.section	.gnu.lto___late_init.75.a16ba2fb6a9cf596,"e",%progbits
 861 0000 789C2B66 		.ascii	"x\234+f``\350\001be fdf`\2344\261\213\211\241\241\241"
ARM GAS  /tmp/ccqP5WTG.s 			page 24


 861      6060E801 
 861      62652066 
 861      6466609C 
 861      34B18B89 
 862 0017 C1819D89 		.ascii	"\301\201\235\211\261qb\027'\343VF0\217\221\241\236\211"
 862      B1716217 
 862      27E35646 
 862      308F91A1 
 862      9E89
 863 0029 B19E7132 		.ascii	"\261\236q2\263&\220\373c\351\353\007\267%\032V\034`"
 863      B32690FB 
 863      63E9EB07 
 863      B7251A56 
 863      1C60
 864 003b 5CC2CCC0 		.ascii	"\\\302\314\3000\017\210\241\200\015\306c\004\342\365"
 864      300F88A1 
 864      800DC663 
 864      04E2F5
 865 004a 97580F34 		.ascii	"\227X\0174\374\371\337\337\320pt1\243%\023\003C?3\310"
 865      FCF9DFDF 
 865      D0707431 
 865      A3251303 
 865      433F33C8 
 866 005e E40616C6 		.ascii	"\344\006\026\306\206\003\014\014\023\230\231 \234F "
 866      86030C0C 
 866      13989920 
 866      9C4620
 867 006d E7156383 		.ascii	"\347\025c\203\022\303'\306&\005\260)\375\314\214\010"
 867      12C327C6 
 867      2605B029 
 867      FDCC8C08 
 868 007d 750C0C41 		.ascii	"u\014\014A\372\031\371\271\251\372y\231\311\3719\211"
 868      FA19F9B9 
 868      A9FA7999 
 868      C9F93989 
 869 008d C5C5C9E9 		.ascii	"\305\305\311\351\372\311\231\361%\251\305%\372\316\031"
 869      FAC999F1 
 869      25A9C525 
 869      FACE19
 870 009c 994999FE 		.ascii	"\231I\231\376\301\372)\251\271\371\305\372\301!\276"
 870      C1FA29A9 
 870      B9F9C5FA 
 870      C121BE
 871 00ab C646FA41 		.ascii	"\306F\372A!\272`\206\233\241\2011\204eh\340\032\357"
 871      21BA6086 
 871      9BA18131 
 871      846568E0 
 871      1AEF
 872 00bd 1AE6E8A3 		.ascii	"\032\346\350\243\353\346\030\342\026\254\033\032\354"
 872      EBE618E2 
 872      16AC1B1A 
 872      EC
 873 00ca C460AEA7 		.ascii	"\304`\256\247\247\017A@}\311\371\271\271\371y\372\305"
 873      A70F4140 
 873      7DC9F9B9 
 873      B9F979FA 
 873      C5
ARM GAS  /tmp/ccqP5WTG.s 			page 25


 874 00db 25894525 		.ascii	"%\211E%\245\005\372\216A\276\316\276\025 \321\202\314"
 874      A505FA8E 
 874      41BECEBE 
 874      1520D182 
 874      CC
 875 00ec 9CD4A262 		.ascii	"\234\324\242b}wgg\375\344\242\022C\275d\006\000\317"
 875      7D776767 
 875      FDE4A212 
 875      43BD6406 
 875      00CF
 876 00fe 585690   		.ascii	"XV\220"
 877              		.text
 878              		.section	.gnu.lto___default_exit.76.a16ba2fb6a9cf596,"e",%progbits
 879 0000 789C9BC4 		.ascii	"x\234\233\304\300\300\320\003\304\016@\314\310\312\300"
 879      C0C0D003 
 879      C40E40CC 
 879      C8CAC0
 880 000f 38696217 		.ascii	"8ib\027\023CCC\203\003;\023\343\344\211\\`\0263\343"
 880      13434343 
 880      83033B13 
 880      E3E4895C 
 880      601633E3 
 881 0023 14288B85 		.ascii	"\024(\213\205q\262!\230\301\310P\317\304\314\302\010"
 881      71B22198 
 881      C1C850CF 
 881      C4CCC208 
 882 0033 24181060 		.ascii	"$\030\020`2\263&P\362\307\322\327\033\356K4\2548\300"
 882      32B32650 
 882      F2C7D2D7 
 882      1BEE4B34 
 882      AC38C0
 883 0046 B8042839 		.ascii	"\270\004(9\017\241\200\015\306c\004\342\365\227X\017"
 883      0FA1800D 
 883      C66304E2 
 883      F597580F 
 884 0056 34FCF9DF 		.ascii	"4\374\371\337\337\320p\3671c\207:P\250\237\231\341\310"
 884      DFD070F7 
 884      3163873A 
 884      50A89F99 
 884      E1C8
 885 0068 FB0E56C6 		.ascii	"\373\016V\306\206\003 6\023\230\335\010dO`f\006\232"
 885      86032036 
 885      1398DD08 
 885      644F6066 
 885      069A
 886 007a DAC002E2 		.ascii	"\332\300\002\3420\276blx\364\3674'\343VF\006\020\363"
 886      30BE626C 
 886      78F4F734 
 886      27E35646 
 886      0610F3
 887 008d 1F370344 		.ascii	"\0377\003D\204\207\001\244\211\005\242\220\021\310d"
 887      848701A4 
 887      8905A290 
 887      11C864
 888 009c 64600759 		.ascii	"d`\007Y\025\244\237\221\237\233\252\237\227\231\234"
 888      15A49F91 
 888      9F9BAA9F 
ARM GAS  /tmp/ccqP5WTG.s 			page 26


 888      97999C
 889 00ab 9F93585C 		.ascii	"\237\223X\\\234\234\256\237\234\031_\222Z\\\242\357"
 889      9C9CAE9F 
 889      9C195F92 
 889      5A5CA2EF 
 890 00bb 9C919994 		.ascii	"\234\221\231\224\351\037\254\237\222\232\233_\254\037"
 890      E91FAC9F 
 890      929A9B5F 
 890      AC1F
 891 00c9 1CE26B6C 		.ascii	"\034\342kl\244\037\024\242\013f\270\031\032\030CX\206"
 891      A41F14A2 
 891      0B66B819 
 891      1A184358 
 891      86
 892 00da 06AEF1AE 		.ascii	"\006\256\361\256a\216>\272n\216!n\301\272\241\301N\014"
 892      618E3EBA 
 892      6E8E216E 
 892      C1BAA1C1 
 892      4E0C
 893 00ec E67A7AFA 		.ascii	"\346zz\372\020\004\324\227\234\237\233\233\237\247_"
 893      1004D497 
 893      9C9F9B9B 
 893      9FA75F
 894 00fb 5C925854 		.ascii	"\\\222XTRZ\240\357\030\344\353\354[\001\022-\310\314"
 894      525AA0EF 
 894      18E4EBEC 
 894      5B01122D 
 894      C8CC
 895 010d 492D2AD6 		.ascii	"I-*\326wwv\326O.*1\324Kf\000\000\350\001h\262"
 895      777776D6 
 895      4F2E2A31 
 895      D44B6600 
 895      00E80168 
 896              		.text
 897              		.section	.gnu.lto___init_ram_areas.77.a16ba2fb6a9cf596,"e",%progbits
 898 0000 789C7D54 		.ascii	"x\234}T_L[e\024\377\316=\337\355\355\37750\243/&h4\306"
 898      5F4C5B65 
 898      14FFCE3D 
 898      DFEDEDFF 
 898      3530A32F 
 899 0018 07B82D7B 		.ascii	"\007\270-{\030>\030A2\366\"1\001\364u\303\216\270&\003"
 899      183E1841 
 899      32F62231 
 899      01F475C3 
 899      8EB82603 
 900 002c 1ADA253E 		.ascii	"\032\332%>\230\354\322u#2\007-\204\004u.\246V\322\370"
 900      98ECD275 
 900      2332072D 
 900      8404752E 
 900      A656D2F8 
 901 0040 30DD12E6 		.ascii	"0\335\022\346\2241\253l.K4U&\356anQ\0223\031\311\306"
 901      9431AB6C 
 901      2E4B3455 
 901      26EE616E 
 901      51123319 
 902 0056 F6A46C0C 		.ascii	"\366\244l\014\317\371\356m\251\004m\332\257\347~\347"
 902      CFF9EE6D 
ARM GAS  /tmp/ccqP5WTG.s 			page 27


 902      A9046DDA 
 902      AFE77EE7 
 903 0066 777EE79C 		.ascii	"w~\347\234\337\371\276\273[\027bJ\010\261L?\010\010"
 903      DFF9BEBB 
 903      5B17624A 
 903      08B14C3F 
 903      0808
 904 0078 18CB0E6B 		.ascii	"\030\313\016k\302\262\254fC\203\361\254WY\010\023\331"
 904      C2B2AC66 
 904      4383F1AC 
 904      57590813 
 904      D9
 905 0089 E1BB17CE 		.ascii	"\341\273\027\316J\270\000jC\302\304\3512L\327\322\331"
 905      4AB8006A 
 905      43C2C4E9 
 905      324CD7D2 
 905      D9
 906 009a 631A79E6 		.ascii	"c\032y\346WV\233\344\007\231E85z\304\220>\230L\201\215"
 906      57569BE4 
 906      07994538 
 906      357AC490 
 906      3E984C81 
 907 00af 3060726C 		.ascii	"0`rl\312\016tkCU\340\367\312`\217v\"s\346)\370\222A"
 907      CA0E746B 
 907      4355E0F7 
 907      CA608F76 
 907      2273E629 
 908 00c6 4DF27DDA 		.ascii	"M\362}\332&\303-\3750~:dsxa0;|\355\312\3236\246\331"
 908      26C32DFD 
 908      307E3A64 
 908      73786130 
 908      3B7CEDCA 
 909 00de 00714843 		.ascii	"\000qHC\251\373\014\267\307\357\205C\022\005\024%\030"
 909      A9FB0CB7 
 909      C7EF8543 
 909      12051425 
 909      18
 910 00ef 1B8BB03F 		.ascii	"\033\213\260?\272\330\370\270\253\354q|\236x\376\372"
 910      BAD8F8B8 
 910      ABEC717C 
 910      9E78FEFA 
 911 00ff 64B9F8E0 		.ascii	"d\271\370\340\011\253P\204<\012q\022+\356\023\010c\230"
 911      09AB5084 
 911      3C0A7112 
 911      2BEE1308 
 911      6398
 912 0111 4700E958 		.ascii	"G\000\351X\032\324\221\205\307\201]\317\026-k\345\346"
 912      1AD49185 
 912      C7815DCF 
 912      162D6BE5 
 912      E6
 913 0122 E5916066 		.ascii	"\345\221`f\320\235G\204/\200B\341,\3004pp\026\356I\227"
 913      D09D4784 
 913      2F8042E1 
 913      2CC03470 
 913      7016EE49 
 914 0137 80736033 		.ascii	"\200s`3\002\007\3466\002o\337\032\262\003%|\2659\360"
ARM GAS  /tmp/ccqP5WTG.s 			page 28


 914      0207E636 
 914      026FDF1A 
 914      B203257C 
 914      B539F0
 915 014a 1D9DC1F9 		.ascii	"\035\235\301\371\012\370\363\245\241!+\224\256c\360"
 915      0AF8F3A5 
 915      A1212B94 
 915      AE63F0
 916 0159 F9CDE047 		.ascii	"\371\315\340G\234e\026`\006\004\311B\033k\222<H\211"
 916      9C651660 
 916      0604C942 
 916      1B6B923C 
 916      4889
 917 016b EDDDCFE6 		.ascii	"\355\335\317\346\365\242\365p}\324\262n\2758\373\353"
 917      F5A2F570 
 917      7DD4B26E 
 917      BD38FBEB 
 918 017b 94773B88 		.ascii	"\224w;\210<\352\032-$\027-\222k\324\231\202xfH2Z\374"
 918      3CEA1A2D 
 918      24172D92 
 918      6BD49982 
 918      78664832 
 919 0191 FC18602B 		.ascii	"\374\030`+\310\336\020[5\274\324\262C\210Q\024<1\260"
 919      C8DE105B 
 919      35BCD4B2 
 919      43885114 
 919      3C31B0
 920 01a4 8A426450 		.ascii	"\212BdPS\366 \331\267\301Z\234-\001\375\247>:H\201\216"
 920      53F620D9 
 920      B7C15A9C 
 920      2D01FDA7 
 920      3E3A4881 
 921 01b9 6C2ED549 		.ascii	"l.\325I\032\\d\026P\351:\0052\2174#\200\257A\244\341"
 921      1A5C6416 
 921      50E93A05 
 921      328F3423 
 921      80AF41A4 
 922 01ce A865159E 		.ascii	"\250e\025\236a\3407\252\253\014\342\312j\241\311\341"
 922      61E037AA 
 922      AB0CE2CA 
 922      6AA1C9E1 
 923 01de 4C357311 		.ascii	"L5s\0219\224\212\377\247\222\207\373d\363j\311K\207"
 923      39948AFF 
 923      A79287FB 
 923      64F36AC9 
 923      4B87
 924 01f0 48DC81D4 		.ascii	"H\334\201\324\371\245m9\364;\351\020\354\0144\332?\037"
 924      F9A56D39 
 924      F43BE910 
 924      EC0C34DA 
 924      3F1F
 925 0202 CFA39B22 		.ascii	"\317\243\233\"a\016D8M\247)\217\036\270\010\037\252"
 925      610E4438 
 925      4DA7298F 
 925      1EB8081F 
 925      AA
 926 0213 1973952F 		.ascii	"\031s\225/Q?\024\251\350\026JZ\205+Pf(l\305\360\035"
ARM GAS  /tmp/ccqP5WTG.s 			page 29


 926      513F14A9 
 926      E8164A5A 
 926      852B5066 
 926      286CC5F0 
 927 0228 31408561 		.ascii	"1@\205a\206\030\002\212\341:1\210U\220\252\241sw\017"
 927      8618028A 
 927      E13A3188 
 927      5590AAA1 
 927      73770F
 928 023b 7B9C86B5 		.ascii	"{\234\206\265O\237\243\232s\030\364\217d\177ws\315\031"
 928      4F9FA39A 
 928      7318F48F 
 928      647F7773 
 928      CD19
 929 024d 94D923D7 		.ascii	"\224\331#\327.cE\266\033%\344\344\223\307\376 \\Y8\232"
 929      2E6345B6 
 929      1B25E4E4 
 929      93C7FE20 
 929      5C59389A 
 930 0261 A42A8292 		.ascii	"\244*\202\222zs\250\303\025JJ\240\225\341\005\247=T"
 930      7A73A8C3 
 930      154A4AA0 
 930      95E105A7 
 930      3D54
 931 0273 0E173B28 		.ascii	"\016\027;(J\021\335\334F\220\303g\216^\"\236\032\366"
 931      4A11DDDC 
 931      4690C367 
 931      8E5E229E 
 931      1AF6
 932 0285 4DAB79D4 		.ascii	"M\253y\324\2512k\024\344\236\312E\230\037h\253\226\211"
 932      A9326B14 
 932      E49ECA45 
 932      981F68AB 
 932      9689
 933 0297 CB1816A3 		.ascii	"\313\030\026\243V\015@'zKVM\200\303]dk\012\244;\375"
 933      560D4027 
 933      7A4B564D 
 933      80C35D64 
 933      6B0AA43B 
 934 02ac 1E87CA04 		.ascii	"\036\207\312\004\036\313\241VV\315\275\205h\337\223"
 934      1ECBA156 
 934      56CDBD85 
 934      68DF93
 935 02bb 68248F58 		.ascii	"h$\217X\202\364\215\271>\0023\237`\275t\232\000\236"
 935      82F48DB9 
 935      3E02339F 
 935      60BD749A 
 935      009E
 936 02cd 5C7B9B72 		.ascii	"\\{\233r\313\221\365}\253\340\"A\361\024o\324\310Gk"
 936      CB91F57D 
 936      ABE02241 
 936      F1146FD4 
 936      C8476B
 937 02e0 7BE9BCF9 		.ascii	"{\351\274\371\324y`\335\214\177\353\366\300\326\355"
 937      D47960DD 
 937      8C7FEBF6 
 937      C0D6ED
ARM GAS  /tmp/ccqP5WTG.s 			page 30


 938 02ef 7E2150AD 		.ascii	"~!P\255\210\301\212\260\202^\260a\017\253T\011\261\277"
 938      88C18AB0 
 938      825EB061 
 938      0FAB5409 
 938      B1BF
 939 0301 5A9590EA 		.ascii	"Z\225\220\352\330\275U\307\206\212\376{S\237\370\177"
 939      D8BD55C7 
 939      868AFE7B 
 939      539FF87F 
 940 0311 7DFE487D 		.ascii	"}\376H}bU\237\310,\252O\203R\031w\326\367R\343>\311"
 940      62559FC8 
 940      2CAA4F83 
 940      521977D6 
 940      F752E33E 
 941 0326 293D55A7 		.ascii	")=U\247\334Z\314\316;\307\331\2513H\314\366\373'd\327"
 941      DC5ACCCE 
 941      3BC7D9A9 
 941      3348CCF6 
 941      FB2764D7 
 942 033a CA9720A8 		.ascii	"\312\227 \250\240\023\363\357\002\337\002\312q}\216"
 942      A013F3EF 
 942      02DF02CA 
 942      717D8E
 943 0349 7041E7C0 		.ascii	"pA\347\300\370\300\375\0377\355gu\323\350\271\221\352"
 943      F8C0FD1F 
 943      37ED6775 
 943      D3E8B991 
 943      EA
 944 035a 2C3C4975 		.ascii	",<Iu\303\002\300U>\305\366\365\333\316\027\347\027\260"
 944      C302C055 
 944      3EC5F6F5 
 944      DBCE17E7 
 944      17B0
 945 036c DF7CA3E8 		.ascii	"\337|\243\350\377v\371\343\210\022\334[\271\336\367"
 945      FF76F9E3 
 945      8812DC5B 
 945      B9DEF7
 946 037b 21F5DB74 		.ascii	"!\365\333t\207\003\200\312\033@\210\016s\177\177o\217"
 946      870380CA 
 946      1B40880E 
 946      737F7F6F 
 946      8F
 947 038c D9178BF6 		.ascii	"\331\027\213\366\037\350N$\242o\232\321\330\236dO\""
 947      1FE84E24 
 947      A26F9AD1 
 947      D89E644F 
 947      22
 948 039d 69B6EE8F 		.ascii	"i\266\356\217\275\021{\265\323\334\327\323\333\2370"
 948      BD117BB5 
 948      D3DCD7D3 
 948      DB9F30
 949 03ac 3BBBDA77 		.ascii	";\273\332w4\232\035]\365\312h\213\204w\330V$\274k\317"
 949      349A1D5D 
 949      F5CA688B 
 949      8477D856 
 949      24BC6BCF 
 950 03c0 AED75B5E 		.ascii	"\256\327[^\251ok\351j\353\254\177\255\363e\261\263\241"
ARM GAS  /tmp/ccqP5WTG.s 			page 31


 950      A96F6BE9 
 950      6AEBAC7F 
 950      ADF365B1 
 950      B3A1
 951 03d2 C1B4BF14 		.ascii	"\301\264\277\024\027\355\357\355\355\3573\023\311\356"
 951      17EDEFED 
 951      EDEF3313 
 951      C9EE
 952 03e0 81E4C1B8 		.ascii	"\201\344\301\270\331\322\321\336\332\376\026\357\306"
 952      D9D2D1DE 
 952      DAFE16EF 
 952      C6
 953 03ed 63077A06 		.ascii	"c\007z\006\022\346\356\326V3:\220\2144D\005\016t\307"
 953      12E6EED6 
 953      56333A90 
 953      8C344405 
 953      0E74C7
 954 0400 43B6DD10 		.ascii	"C\266\335\020n\332\371B8\322\030\026\020\327\222\361"
 954      6EDAF942 
 954      38D21816 
 954      10D792F1 
 955 0410 7F00D17A 		.ascii	"\177\000\321z\006x"
 955      0678
 956              		.text
 957              		.section	.gnu.lto_.symbol_nodes.a16ba2fb6a9cf596,"e",%progbits
 958 0000 789C75CB 		.ascii	"x\234u\313INBQ\020F\341s_C\243\322\210\250\250 l\005"
 958      494E4251 
 958      1046E173 
 958      5F43A3D2 
 958      88A8A820 
 959 0016 37761F03 		.ascii	"7v\037\003\022f:e\023,\300\261\003[lA\005\024EE\354"
 959      12663A65 
 959      132CC0B1 
 959      035B6C41 
 959      05144545 
 960 002b E2167CEF 		.ascii	"\342\026|\357O\210\023\250\311W\251\223j\032\3009\302"
 960      4F8813A8 
 960      C957A993 
 960      6A1AC039 
 960      C2
 961 003c 1284E399 		.ascii	"\022\204\343\231\2756\341\316~P3D)\214\307X37\236`\235"
 961      BD36E1CE 
 961      7E503344 
 961      298CC758 
 961      33379E60 
 962 0051 B9F114EB 		.ascii	"\271\361\024\353\036\3746\374\377V\235\2463\254\327"
 962      1EFC36FC 
 962      FF569DA6 
 962      33ACD7
 963 0060 DAADC767 		.ascii	"\332\255\307g\274\371\207\020\354\200\353\2671\225\350"
 963      BCF98710 
 963      EC80EBB7 
 963      3195E8
 964 006f 708E232F 		.ascii	"p\216#/p\345%\236\274\302\227\327\304\344\015q\331!"
 964      70E5259E 
 964      BCC297D7 
 964      C4E40D71 
ARM GAS  /tmp/ccqP5WTG.s 			page 32


 964      D921
 965 0081 21BB24E5 		.ascii	"!\273$\345-\013\362\216Ey\317\222\354\221\222}\322r"
 965      2D0BF28E 
 965      4579CF92 
 965      EC91927D 
 965      D272
 966 0093 40463E90 		.ascii	"@F>\220\225\217,\313!9\371\304\212|&/G\254\312\027\326"
 966      958F2CCB 
 966      2139F9C4 
 966      8A7C262F 
 966      47ACCA17 
 967 00a8 E42BEBF2 		.ascii	"\344+\353\362\215\202\034\263!\337\331\224\023\266\344"
 967      8D821CB3 
 967      21DFD994 
 967      13B6E4
 968 00b7 0745F949 		.ascii	"\007E\371II~\261-\277)\313\037*\221\374\001\\\377F\356"
 968      497EB12D 
 968      BF29CB1F 
 968      2A91FC01 
 968      5CFF46EE 
 969              		.text
 970              		.section	.gnu.lto_.refs.a16ba2fb6a9cf596,"e",%progbits
 971 0000 789C05C1 		.ascii	"x\234\005\301i\032B`\030\000\300\367\231|h\221\222h"
 971      691A4260 
 971      1800C0F7 
 971      997C6891 
 971      9268
 972 0012 A7C52F67 		.ascii	"\247\305/gq\377\3534\263D\204LZ\2054\307\230\344\012"
 972      71FFEB34 
 972      B344844C 
 972      5A8534C7 
 972      98E40A
 973 0025 A5B58DAD 		.ascii	"\245\265\215\255\235\312^\355\340\250q\322:\353\364"
 973      9DCA5EED 
 973      E0A871D2 
 973      3AEBF4
 974 0034 2EAE6EEE 		.ascii	".\256n\356\036\236^\006\243\267\217\257\237)\376\200"
 974      1E9E5E06 
 974      A3B78FAF 
 974      9F29FE80 
 975 0044 6803A5   		.ascii	"h\003\245"
 976              		.text
 977              		.section	.gnu.lto_.decls.a16ba2fb6a9cf596,"e",%progbits
 978 0000 789C9D96 		.ascii	"x\234\235\226mT\024\327\031\307\3573w\226\335\035V\227"
 978      6D5414D7 
 978      19C7EF33 
 978      7796DD1D 
 978      5697
 979 0012 2A1E4F9B 		.ascii	"*\036O\233SC\214\036hZ]vQh\277a=1\037R\223\0345\375"
 979      53438C1E 
 979      685A5D76 
 979      5168BF61 
 979      3D311F52 
 980 002a 907E9843 		.ascii	"\220~\230C\331m\205\362\342Y\326\326~\3509#\362\246"
 980      D96D85F2 
 980      E259D6D6 
 980      7EE83923 
ARM GAS  /tmp/ccqP5WTG.s 			page 33


 980      F2A6
 981 003c 5D3CA834 		.ascii	"]<\2504E\245\226\243\036K\324F<\006c|\211\210\250\253"
 981      45A596A3 
 981      1E4BD446 
 981      3C06637C 
 981      8988A8AB 
 982 0050 62146214 		.ascii	"b\024b\024+&\212\212\253\220@\014QQ^\372\334;\303\356"
 982      2B268A8A 
 982      AB90400C 
 982      51515EFA 
 982      DC3BC3EE 
 983 0064 DE593EF4 		.ascii	"\336Y>\364t\364?3w\346\367\377\337g\236\271\353\330"
 983      74F43F33 
 983      77E6F7FF 
 983      DF679EB9 
 983      EBD8
 984 0076 E820643B 		.ascii	"\350 d;%\244L\"d\0347+!\244\203D7\013\352S\324)T\033"
 984      25A44C22 
 984      641C372B 
 984      21A48344 
 984      370BEA53 
 985 008e EA3CEA22 		.ascii	"\352<\352\"\352\025\324CT\037\352k\324\000\352[\324"
 985      EA15D443 
 985      541FEA6B 
 985      D400EA5B 
 985      D4
 986 009f 77A8EF51 		.ascii	"w\250\357QOQ\303\250\027\250Q\3248\012\200\020\212\262"
 986      4F51C3A8 
 986      17A851D4 
 986      380A8010 
 986      8AB2
 987 00b1 A0AC283B 		.ascii	"\240\254(;*\0215\005\345D\375\0005\0355\0035\023\365"
 987      2A113505 
 987      E544FD00 
 987      351D3503 
 987      3513F5
 988 00c4 43D44BA8 		.ascii	"C\324K\250\037\243^F\275\202z\0255\027\225\212\372\011"
 988      1FA35E46 
 988      BD827A15 
 988      3517958A 
 988      FA09
 989 00d6 1061FB1C 		.ascii	"\020a\373\034\3072\036o\240\036\240\222Qa\242_\273\203"
 989      C7321E6F 
 989      A01EA092 
 989      5161A25F 
 989      BB83
 990 00e8 EA417D85 		.ascii	"\352A}\205\272k\360)D\317H52_5\346x\331\230\363%\243"
 990      BA6BF029 
 990      44CF4835 
 990      325F35E6 
 990      78D998F3 
 991 00fe 8699464D 		.ascii	"\206\231FM\323\215\032\235F\315\211\3063X\215gb\317"
 991      D38D1A9D 
 991      46CD89C6 
 991      33588D67 
 991      62CF
 992 0110 C69E71DC 		.ascii	"\306\236q\334x\346\027F\017\236\032=\371\316\350\321"
ARM GAS  /tmp/ccqP5WTG.s 			page 34


 992      78E61746 
 992      0F9E1A3D 
 992      F9CEE8D1 
 993 0120 80D1B33E 		.ascii	"\200\321\263>\261|\362\027\346\307\343Jc\014F\357\315"
 993      B17CF217 
 993      E6C7E34A 
 993      630C46EF 
 993      CD
 994 0131 DBBA49B8 		.ascii	"\333\272I\270S\223p\353'\341\332&\341\266L\302\235\237"
 994      539370EB 
 994      27E1DA26 
 994      E1B64CC2 
 994      9D9F
 995 0143 84FB3BDE 		.ascii	"\204\373;\336p\030\3344\242\367\3675\320\373\235\212"
 995      7018DC34 
 995      A2F7F735 
 995      D0FB9D8A 
 996 0153 FA29E8FD 		.ascii	"\372)\350\375f\275\377\031\236w\341\361=2y\377\331\034"
 996      66BDFF19 
 996      9E77E1F1 
 996      3D3279FF 
 996      D91C
 997 0165 178DE343 		.ascii	"\027\215\343C\323<\333\251\264\357\356\261[\216\373"
 997      D33CDBA9 
 997      B4EFEEB1 
 997      5B8EFB
 998 0174 402466F7 		.ascii	"@$f\367\002@W&\356\024\362\036%\311\232\244I\011^*)"
 998      02405726 
 998      EE14F21E 
 998      25C99AA4 
 998      49095E2A 
 999 0189 54A15E25 		.ascii	"T\241^%\004\263\322\206h\266MJs*\266\306\323\220\244"
 999      04B3D286 
 999      68B64D4A 
 999      732AB6C6 
 999      D390A4
 1000 019c 586C9214 		.ascii	"Xl\222\024\266z\225\264\347\260_jHH\311\326dopF\330"
 1000      B67A95B4 
 1000      E7B05F6A 
 1000      4848C9D6 
 1000      646F7046 
 1001 01b1 AA49356F 		.ascii	"\252I5o%gd\343>l\015\201\027]\357\310\266$<\013[\225"
 1001      256764E3 
 1001      3E6C0D81 
 1001      175DEFC8 
 1001      B6243C0B 
 1002 01c7 21DA509D 		.ascii	"!\332P\235\340\275$U\245B\010\024\257'Y\323\264l\233"
 1002      E0BD2455 
 1002      A5420814 
 1002      AF2759D3 
 1002      B46C9B
 1003 01da 6D96B395 		.ascii	"m\226\263\225\266\322%\204\330lM\037\316P\302V'F\244"
 1003      B6D22584 
 1003      D86C4D1F 
 1003      CE50C256 
 1003      2746A4
 1004 01ed 795392BC 		.ascii	"yS\222\274)\316\020X\274^%9\215`\021^\217'[R0Y\266\205"
ARM GAS  /tmp/ccqP5WTG.s 			page 35


 1004      29CE1058 
 1004      BC5E2539 
 1004      8D60115E 
 1004      8F275B52 
 1005 0205 C043C1E1 		.ascii	"\300C\301\341\321\356\364\315T,\212}VJ\032!^\262D\302"
 1005      D1EEF4CD 
 1005      542C8A7D 
 1005      564A1A21 
 1005      5EB244C2 
 1006 0219 5C3A3EB1 		.ascii	"\\:>\261\201\025\347\364F\207\000i\212\344\221\350\233"
 1006      8115E7F4 
 1006      46870069 
 1006      8AE491E8 
 1006      9B
 1007 022a 61FCFD49 		.ascii	"a\374\375IR\012!\232ls8@\303\203]}\323\373\216G!a\253"
 1007      520A219A 
 1007      6C733840 
 1007      C3835D7D 
 1007      D3FB8E47 
 1008 0241 84B79265 		.ascii	"\204\267\222e\320$\210:\225\004\\r\022\020\375\017\333"
 1008      D024883A 
 1008      95045C72 
 1008      1210FD0F 
 1008      DB
 1009 0252 81B18389 		.ascii	"\201\261\203\211\325\0303\013\277\316\272.\0314C\364"
 1009      D518330B 
 1009      BFCEBA2E 
 1009      193443F4 
 1010 0262 AB918371 		.ascii	"\253\221\203q\316\000\311\310\221&\026\206\3561&a\373"
 1010      CE00C9C8 
 1010      91261686 
 1010      EE312661 
 1010      FB
 1011 0273 98F00802 		.ascii	"\230\360\010\002\0062\221\243{\014 \3425N\331\034\034"
 1011      063291A3 
 1011      7B0C20E2 
 1011      354ED91C 
 1011      1C
 1012 0284 96623DDC 		.ascii	"\226b=\334'\024\036\215$\221\330\211\222\010L,\233\341"
 1012      27141E8D 
 1012      2491D889 
 1012      92084C2C 
 1012      9BE1
 1013 0296 E0D0F9A9 		.ascii	"\340\320\371\251\275\3306\255\313\0113j\262\011\320"
 1013      BDD836AD 
 1013      CB09336A 
 1013      B209D0
 1014 02a5 1F113A97 		.ascii	"\037\021:\227\335j\252\037\351\260\341J\204\217\331"
 1014      DD6AAA1F 
 1014      E9B0E14A 
 1014      848FD9
 1015 02b4 2FF535E2 		.ascii	"/\3655\342\322\370\266\323O\340\023\335\237\237\270"
 1015      D2F8B6D3 
 1015      4FE013DD 
 1015      9F9FB8
 1016 02c3 99C23490 		.ascii	"\231\3024\220p\237\014Ih\251<\266\361\2422\023\241~"
 1016      709F0C49 
ARM GAS  /tmp/ccqP5WTG.s 			page 36


 1016      68A93CB6 
 1016      F1A23213 
 1016      A17E
 1017 02d5 4D4B8695 		.ascii	"MK\206\225p\034\340\030+\344\004\326P\314\347\013\336"
 1017      701CE018 
 1017      2BE404D6 
 1017      50CCE70B 
 1017      DE
 1018 02e6 BF24CDAE 		.ascii	"\277$\315\256\253\321\236=\255\274\274+\265\347\210"
 1018      ABD19E3D 
 1018      ADBCBC2B 
 1018      B5E788
 1019 02f5 A695976A 		.ascii	"\246\225\227j\232\215!p\030\340(\243\217 }\030\325\014"
 1019      9A8D2170 
 1019      18E028A3 
 1019      8F207D18 
 1019      D50C
 1020 0307 F011E41F 		.ascii	"\360\021\344\037\262\320\012)\256\036\034o\033\015\217"
 1020      B2D00A29 
 1020      AE1E1C6F 
 1020      1B0D8F
 1021 0316 39585653 		.ascii	"9XVS\250\274RK*]\213\357\236\305\2344bZ0\342d$f\237"
 1021      A8BC524B 
 1021      2A5D8BEF 
 1021      9EC59C34 
 1021      625A30E2 
 1022 032e 856E9934 		.ascii	"\205n\2314\346\302\251\356=z\314\227BL\253\021s\032"
 1022      E6C2A9EE 
 1022      3D7ACC97 
 1022      424CAB11 
 1022      731A
 1023 0340 235A2331 		.ascii	"#Z#1\273,\364\237\022\241\037\362\250\207\341\2537\235"
 1023      BB2CF49F 
 1023      12A11FF2 
 1023      A887E1AB 
 1023      379D
 1024 0352 2CEAAC1E 		.ascii	",\352\254\036uw}\307q\273\021\015\347\000\257\354\250"
 1024      75777DC7 
 1024      71BB110D 
 1024      E700AFEC 
 1024      A8
 1025 0363 3EBAD63E 		.ascii	">\272\326>\373\010\206\277\020\302\317\030\341!\004"
 1025      FB0886BF 
 1025      10C2CF18 
 1025      E12104
 1026 0372 CF44C2B7 		.ascii	"\317D\302\267[\350\307<x\377\376C\341\204\331uuZSw%"
 1026      5BE8C73C 
 1026      78FFFE43 
 1026      E184D975 
 1026      755A5377 
 1027 0387 B36986ED 		.ascii	"\263i\206\355\202nC\343\205\210\351\276LC\022\341/B"
 1027      826E43E3 
 1027      8588E9BE 
 1027      4C4312E1 
 1027      2F42
 1028 0399 03FE2634 		.ascii	"\003\376&4\033\037Y\371^\346\227R0\364\223k\325'\022"
 1028      1B1F59F9 
ARM GAS  /tmp/ccqP5WTG.s 			page 37


 1028      5EE69752 
 1028      30F4936B 
 1028      D52712
 1029 03ac 158C1AD4 		.ascii	"\025\214\032\324Z\312\354x\253\003\340\012+\242\023"
 1029      5ACAEC78 
 1029      AB03E00A 
 1029      2BA213
 1030 03bb B35C7019 		.ascii	"\263\\p\0318o\243\235<-\225\377d\234\374\214\320[\274"
 1030      386FA39D 
 1030      3C2D95FF 
 1030      649CFC8C 
 1030      D05BBC
 1031 03ce ACFE330F 		.ascii	"\254\3763\017\333\247(-F\0021\002\340: s\024\340\032"
 1031      DBA7282D 
 1031      46023102 
 1031      E03A2073 
 1031      14E01A
 1032 03e1 C017ECA1 		.ascii	"\300\027\354\241\217\216\\~\234\340\340XC\253\014]\020"
 1032      8F8E5C7E 
 1032      9CE0E058 
 1032      43AB0C5D 
 1032      10
 1033 03f2 99E9065B 		.ascii	"\231\351\006[I\275\330\277A\243\342$\275`\374\241\263"
 1033      49BDD8BF 
 1033      41A3E224 
 1033      BD60FCA1 
 1033      B3
 1034 0403 099486ED 		.ascii	"\011\224\206\355\327\317\3219\323\347\314\231\303\334"
 1034      D7CFD139 
 1034      D3E7CC99 
 1034      C3DC
 1035 0411 2343AB42 		.ascii	"#C\253B-\200&\270\012p;\232\302\276Z\340&\370$e\232"
 1035      2D8026B8 
 1035      0A703B9A 
 1035      C2BE5AE0 
 1035      26F82465 
 1036 0426 D62213B8 		.ascii	"\326\"\023\270\005\320\315\256\335f\355\201;\000=\000"
 1036      05D0CDAE 
 1036      DD66ED81 
 1036      3B003D00 
 1037 0436 5F01DC65 		.ascii	"_\001\334e\255\302\240\246\347\270\314\354\016\026t"
 1037      ADC2A0A6 
 1037      E7B8CCEC 
 1037      0E1674
 1038 0445 530872F1 		.ascii	"S\010r\361\034F\274\210\020\377\211#:\200#\243\021\344"
 1038      1C46BC88 
 1038      10FF8923 
 1038      3A8023A3 
 1038      11E4
 1039 0457 CBF86A90 		.ascii	"\313\370j\220\241A\312zt\257\342t\247u\272\2716\270"
 1039      A141CA7A 
 1039      74AFE274 
 1039      A775BAB9 
 1039      36B8
 1040 0469 07935687 		.ascii	"\007\223V\207\206\007\207[o\330\246\351\206\006\011"
 1040      8607875B 
 1040      6FD8A6E9 
ARM GAS  /tmp/ccqP5WTG.s 			page 38


 1040      860609
 1041 0478 EE037C06 		.ascii	"\356\003|\006p\211\205\366\002\1777\014\352m;X#\363"
 1041      708985F6 
 1041      027F370C 
 1041      EA6D3B58 
 1041      23F3
 1042 048a D496FF2D 		.ascii	"\324\226\377-ul\337\246\253r4\365A|\352\334\332\032"
 1042      756CDFA6 
 1042      AB7234F5 
 1042      417CEADC 
 1042      DA1A
 1043 049c 6DF0FCE9 		.ascii	"m\360\374\351\267k\000\302\000\355<f\202\301QQ\376\015"
 1043      B76B00C2 
 1043      00ED3C66 
 1043      82C15151 
 1043      FE0D
 1044 04ae 99D6F347 		.ascii	"\231\326\363G\252xV{\3112\267\013\337H\365\256\015\033"
 1044      AA78567B 
 1044      C932B70B 
 1044      DF48F5AE 
 1044      0D1B
 1045 04c0 354007BE 		.ascii	"5@\007\276\323G\3341\321\205G@\362\333\200\036\340\206"
 1045      D347DC31 
 1045      D1854740 
 1045      F2DB801E 
 1045      E086
 1046 04d2 ADCD4FAA 		.ascii	"\255\315O\252\025f\270r\351\210\306\026\012\342\375"
 1046      1566B872 
 1046      E988C616 
 1046      0AE2FD
 1047 04e1 02DE8FF8 		.ascii	"\002\336\217\370\025\240'8~\253'T>\205\343\375\021\374"
 1047      15A02738 
 1047      7EAB2754 
 1047      3E85E3FD 
 1047      11FC
 1048 04f3 1B01FF06 		.ascii	"\033\001\377\006\361n\240\355\034\177\270y\270\337\316"
 1048      F16EA0ED 
 1048      1C7FB879 
 1048      B8DFCE
 1049 0502 F1E0BACA 		.ascii	"\361\340\272\312\226$\276\300\006\005|\020\3610\320"
 1049      9624BEC0 
 1049      06057C10 
 1049      F130D0
 1050 0511 6E8E87FA 		.ascii	"n\216\207\372\332\316&\362\352\353b\252\177,\030\036"
 1050      DACE26F2 
 1050      EAEB62AA 
 1050      7F2C181E 
 1051 0521 A36108E8 		.ascii	"\243a\010\350\0007\374\355\373u\243\324T\375\220\200"
 1051      0037FCED 
 1051      FB75A3D4 
 1051      54FD9080 
 1052 0531 0F21AE49 		.ascii	"\017!\256It\224\343{7l<+\231\252\177\"\340O\020\017"
 1052      7494E37B 
 1052      376C3C2B 
 1052      99AA7F22 
 1052      E04F100F 
 1053 0545 4A342833 		.ascii	"J4(3\274e\370\346\256\251\246\352\237\011\3703\304\353"
ARM GAS  /tmp/ccqP5WTG.s 			page 39


 1053      BC65F8E6 
 1053      AEA9A6EA 
 1053      9F09F833 
 1053      C4EB
 1054 0557 245ACFF1 		.ascii	"$Z\317\361\353UU\207y1\203\333c\252\177.\030\236\243"
 1054      EB555587 
 1054      793183DB 
 1054      63AA7F2E 
 1054      189EA3
 1055 056a 61B7440F 		.ascii	"a\267D\017p\303xOg\263\303T\375\210\200\217 \336$\321"
 1055      70C3784F 
 1055      67B3C354 
 1055      FD88808F 
 1055      20DE24D1 
 1056 057e 131CBFB7 		.ascii	"\023\034\277\267\351\353\1779L\325\217\011\370\030\342"
 1056      E9EB7F39 
 1056      4CD58F09 
 1056      F818E2
 1057 058d C725DACE 		.ascii	"\307%\332\316\361\352\177\014\267K\246\352\361\353\032"
 1057      F1EA7F0C 
 1057      B74BA6EA 
 1057      F1EB1A
 1058 059c 836B12C9 		.ascii	"\203k\022\311\017I\264\233\343\353\233K\017\352\325"
 1058      0F49B49B 
 1058      E3EB9B4B 
 1058      0FEAD5
 1059 05ab EF88A9BE 		.ascii	"\357\210\251\276T0\224\242\341\252D\007\270a\347\343"
 1059      543094A2 
 1059      E1AA4407 
 1059      B861E7E3 
 1060 05bb 75CD5653 		.ascii	"u\315VS\365e\002\216\377\355\316\277\215\275\347\370"
 1060      F565028E 
 1060      FFEDCEBF 
 1060      8DBDE7F8 
 1061 05cb DEF1BF6E 		.ascii	"\336\361\277n5\257\234\012\001\307OG~?\366\336\302\360"
 1061      35AF9C0A 
 1061      01C74F47 
 1061      7E3FF6DE 
 1061      C2F0
 1062 05dd F2AD7557 		.ascii	"\362\255uW\314+\247J\300\253\020\177\206\275\347x\307"
 1062      CC2BA74A 
 1062      C0AB107F 
 1062      86BDE778 
 1062      C7
 1063 05ee E6819E04 		.ascii	"\346\201\236\004^\375\0071\325o\020\014\033\320PF\351"
 1063      5EFD0731 
 1063      D56F100C 
 1063      1BD05046 
 1063      E9
 1064 05ff 016E683A 		.ascii	"\001nh:\271\3517\246\342\203\002\035D\272\206\322\023"
 1064      B9E937A6 
 1064      E283021D 
 1064      44BA86D2 
 1064      13
 1065 0610 9CEE6BBB 		.ascii	"\234\356k\273\323i7\025\277Q\3007\"^Oi;\307\207/n\352"
 1065      D3693715 
 1065      BF51C037 
ARM GAS  /tmp/ccqP5WTG.s 			page 40


 1065      225E4F69 
 1065      3BC7872F 
 1066 0626 98622ABE 		.ascii	"\230b*\276F\300k\020o\244\264\233\343\225\007\312\233"
 1066      46C06B10 
 1066      6FA4B49B 
 1066      E39507CA 
 1066      9B
 1067 0637 F89B1ADC 		.ascii	"\370\233\032\334\037S\374f\301\260\031\015\037Q:\300"
 1067      1F53FC66 
 1067      C1B0190D 
 1067      1F513AC0 
 1068 0647 0D1563E7 		.ascii	"\015\025c\347n\233[_+\340\265\210\267P:\312\361\322"
 1068      6E9B5B5F 
 1068      2BE0B588 
 1068      B7503ACA 
 1068      F1D2
 1069 0659 E61D1BA8 		.ascii	"\346\035\033\250\251\372\367\005\374}\304\333)\015&"
 1069      A9FAF705 
 1069      FC7DC4DB 
 1069      290D26
 1070 0668 F087FDAC 		.ascii	"\360\207\375\254\341\240\271\372:\001\257C\274\213\322"
 1070      E1A0B9FA 
 1070      3A01AF43 
 1070      BC8BD2
 1071 0677 7A8EAFFD 		.ascii	"z\216\257\375\274\375)\307\007\017\304T\277M0lC\303"
 1071      BCFD29C7 
 1071      070FC454 
 1071      BF4D306C 
 1071      43C3
 1072 0689 3D6C3D37 		.ascii	"=l=7\004\257\037:l^\366\365\002^\217\370 \366\236\343"
 1072      04AF1F3A 
 1072      6C5EF6F5 
 1072      025E8FF8 
 1072      20F69EE3 
 1073 069d 158F2A6E 		.ascii	"\025\217*n\230\253\337!\340;\020\037\301\336s\374xg"
 1073      98ABDF21 
 1073      E03B101F 
 1073      C1DE73FC 
 1073      7867
 1074 06af DF35F3B2 		.ascii	"\3375\363\262o\020\360\006\304\253d\332\315\361=\275"
 1074      6F10F006 
 1074      C4AB64DA 
 1074      CDF13DBD 
 1075 06bf 63FFE6C5 		.ascii	"c\377\346\305\014\036\215\251~\247`\330\211\206Z\231"
 1075      0C1E8DA9 
 1075      7EA760D8 
 1075      89865A99 
 1076 06cf 0E70C3C8 		.ascii	"\016p\303\310\267\215\275\211\246\352w\013\370n\304"
 1076      B78DBD89 
 1076      A6EA770B 
 1076      F86EC4
 1077 06de 1B643ACA 		.ascii	"\033d:\312\361O\313j\307\315\377\344\354\021\360=\210"
 1077      F14FCB6A 
 1077      C7CDFFE4 
 1077      EC11F03D 
 1077      88
 1078 06ef EF9769D0 		.ascii	"\357\227i\320\312\360\017\316<>m\376'\247Q\300\033\021"
ARM GAS  /tmp/ccqP5WTG.s 			page 41


 1078      CAF00FCE 
 1078      3C3E6DFE 
 1078      27A751C0 
 1078      1B11
 1079 0701 3F2223FA 		.ascii	"?\"#\372\305\226\362QK\364\323\375 \212\354\225\370"
 1079      C596F251 
 1079      4BF4D3FD 
 1079      208AEC95 
 1079      F8
 1080 0712 77A5E34A 		.ascii	"w\245\343J\343\210\034\005\302Q`\237\016<?~3\225\337"
 1080      E3881C05 
 1080      C251609F 
 1080      0E3C3F7E 
 1080      3395DF
 1081 0725 6F99E4DB 		.ascii	"o\231\344\333O\250;\223\330r\374\205\177\314\232WH\224"
 1081      4FA83B93 
 1081      D872FC85 
 1081      7FCC9A57 
 1081      4894
 1082 0737 DC627FC0 		.ascii	"\334b\177\300\267f^a\006QT5w\325j5\257(/ \377\311\227"
 1082      B7665E61 
 1082      06515435 
 1082      77D56A35 
 1082      AF282F20 
 1083 074e F387CCF9 		.ascii	"\363\207\314\371\363]\372\337\342\022Wnqaaq\221\253"
 1083      F35DFADF 
 1083      E212576E 
 1083      71616171 
 1083      91AB
 1084 0760 2490E30F 		.ascii	"$\220\343\017\254^\345Z\264l\351\342\245k\330\325Uy"
 1084      AC5EE55A 
 1084      B46CE9E2 
 1084      A56BD8D5 
 1084      5579
 1085 0772 053E7F89 		.ascii	"\005>\177\211\353\215\305\213]\271\376\200{~\256\355"
 1085      EB8DC58B 
 1085      5DB9FE80 
 1085      7B7EAEED 
 1086 0782 8DB7DE4D 		.ascii	"\215\267\336MY\354\316\"I\372x~\372\317\263~\221\356"
 1086      59ECCE22 
 1086      49FA787E 
 1086      FACFB37E 
 1086      91EE
 1087 0794 F6A49365 		.ascii	"\366\244\223e\256\225\305\205>WQ^nqANII\356\357]\271"
 1087      AE95C585 
 1087      3E57515E 
 1087      6E71414E 
 1087      4949EEEF 
 1088 07aa 796AC057 		.ascii	"yj\300W\022p-^\231\367\333\274\267\227\273\274\276B"
 1088      12702D5E 
 1088      99F7DBBC 
 1088      B797BBBC 
 1088      BE42
 1089 07bc 9C6BF98A 		.ascii	"\234k\371\212\245\031\036\327\262\025\363\370\311\022"
 1089      A5191ED7 
 1089      B215F3F8 
 1089      C912
ARM GAS  /tmp/ccqP5WTG.s 			page 42


 1090 07ca 777A867E 		.ascii	"wz\206~\346N"
 1090      E64E
 1091 07d0 7F5D7DFD 		.ascii	"\177]}\375\327\213~5o\311\242\025K\226\317{w\371/I\326"
 1091      D78B7E35 
 1091      6FC9A215 
 1091      4B96CF7B 
 1091      77F92F49 
 1092 07e5 FF572371 		.ascii	"\377W#q\250\252/\307_\360g\376\264\211\252Z\220\023"
 1092      A8AA2FC7 
 1092      5FF067FE 
 1092      B489AA5A 
 1092      9013
 1093 07f7 F0F1F3A9 		.ascii	"\360\361\363\251\252\352\365\375.guA@\365\255\311\013"
 1093      AAEAF5FD 
 1093      2E677541 
 1093      40F5ADC9 
 1093      0B
 1094 0808 D88A8AFD 		.ascii	"\330\212\212\375\276\300j\177Q\222\312o\253\376\234"
 1094      BEC06A7F 
 1094      5192CA6F 
 1094      ABFE9C
 1095 0817 4235C7EF 		.ascii	"B5\307\357\313)\261G\316\224\334\002\314\342\347\266"
 1095      CB29B147 
 1095      CE94DC02 
 1095      CCE2E7B6 
 1096 0827 D5794581 		.ascii	"\325yE\201\014\217\032\260s\230]\232\312\317\260\305"
 1096      0C8F1AB0 
 1096      73985D9A 
 1096      CACFB0C5 
 1097 0837 FAD05154 		.ascii	"\372\320QT\254F\3569YFd\244\006\246\251,?]\215Z\324"
 1097      AC46EE39 
 1097      594664A4 
 1097      06A6A92C 
 1097      3F5D8D5A 
 1098 084c 29B197D4 		.ascii	")\261\227\324\251\306H\237Qu\032\303\242b\375\266\356"
 1098      A9C6489F 
 1098      51751AC3 
 1098      A262FDB6 
 1098      EE
 1099 085d 77C7FBDD 		.ascii	"w\307\373\335\202\337-\372\335&\277'\336\357\021\374"
 1099      82DF2DFA 
 1099      DD26BF27 
 1099      DEEF11FC 
 1100 086d 1ED1EF31 		.ascii	"\036\321\3571\3713\342\375\031\202?C\364g\230\374\013"
 1100      F933E2FD 
 1100      19823F43 
 1100      F46798FC 
 1100      0B
 1101 087e E2FD0B04 		.ascii	"\342\375\013\004\377\002\321\277\300\344_\030\357_("
 1101      FF02D1BF 
 1101      C0E45F18 
 1101      EF5F28
 1102 088d F8178AFE 		.ascii	"\370\027\212\376\205&\177f\274?S\360g\212\376L\223?"
 1102      85267F66 
 1102      BC3F53F0 
 1102      678AFE4C 
 1102      933F
ARM GAS  /tmp/ccqP5WTG.s 			page 43


 1103 089f 2BDE9F25 		.ascii	"+\336\237%\370\263D\177V\304\377_\3277RI"
 1103      F8B3447F 
 1103      56C4FF5F 
 1103      D7375249 
 1104              		.text
 1105              		.section	.gnu.lto_.symtab.a16ba2fb6a9cf596,"e",%progbits
 1106 0000 5F5F6370 		.ascii	"__cpu_init\000"
 1106      755F696E 
 1106      697400
 1107 000b 00       		.ascii	"\000"
 1108 000c 01       		.ascii	"\001"
 1109 000d 00       		.ascii	"\000"
 1110 000e 00000000 		.ascii	"\000\000\000\000\000\000\000\000"
 1110      00000000 
 1111 0016 BE000000 		.ascii	"\276\000\000\000"
 1112 001a 5F5F6561 		.ascii	"__early_init\000"
 1112      726C795F 
 1112      696E6974 
 1112      00
 1113 0027 00       		.ascii	"\000"
 1114 0028 01       		.ascii	"\001"
 1115 0029 00       		.ascii	"\000"
 1116 002a 00000000 		.ascii	"\000\000\000\000\000\000\000\000"
 1116      00000000 
 1117 0032 C1000000 		.ascii	"\301\000\000\000"
 1118 0036 5F5F6C61 		.ascii	"__late_init\000"
 1118      74655F69 
 1118      6E697400 
 1119 0042 00       		.ascii	"\000"
 1120 0043 01       		.ascii	"\001"
 1121 0044 00       		.ascii	"\000"
 1122 0045 00000000 		.ascii	"\000\000\000\000\000\000\000\000"
 1122      00000000 
 1123 004d C4000000 		.ascii	"\304\000\000\000"
 1124 0051 5F5F6465 		.ascii	"__default_exit\000"
 1124      6661756C 
 1124      745F6578 
 1124      697400
 1125 0060 00       		.ascii	"\000"
 1126 0061 01       		.ascii	"\001"
 1127 0062 00       		.ascii	"\000"
 1128 0063 00000000 		.ascii	"\000\000\000\000\000\000\000\000"
 1128      00000000 
 1129 006b C9000000 		.ascii	"\311\000\000\000"
 1130 006f 5F5F696E 		.ascii	"__init_ram_areas\000"
 1130      69745F72 
 1130      616D5F61 
 1130      72656173 
 1130      00
 1131 0080 00       		.ascii	"\000"
 1132 0081 00       		.ascii	"\000"
 1133 0082 00       		.ascii	"\000"
 1134 0083 00000000 		.ascii	"\000\000\000\000\000\000\000\000"
 1134      00000000 
 1135 008b CB000000 		.ascii	"\313\000\000\000"
 1136 008f 5F5F7261 		.ascii	"__ram0_init_text__\000"
 1136      6D305F69 
ARM GAS  /tmp/ccqP5WTG.s 			page 44


 1136      6E69745F 
 1136      74657874 
 1136      5F5F00
 1137 00a2 00       		.ascii	"\000"
 1138 00a3 02       		.ascii	"\002"
 1139 00a4 00       		.ascii	"\000"
 1140 00a5 00000000 		.ascii	"\000\000\000\000\000\000\000\000"
 1140      00000000 
 1141 00ad EB000000 		.ascii	"\353\000\000\000"
 1142 00b1 5F5F7261 		.ascii	"__ram0_init__\000"
 1142      6D305F69 
 1142      6E69745F 
 1142      5F00
 1143 00bf 00       		.ascii	"\000"
 1144 00c0 02       		.ascii	"\002"
 1145 00c1 00       		.ascii	"\000"
 1146 00c2 00000000 		.ascii	"\000\000\000\000\000\000\000\000"
 1146      00000000 
 1147 00ca ED000000 		.ascii	"\355\000\000\000"
 1148 00ce 5F5F7261 		.ascii	"__ram0_clear__\000"
 1148      6D305F63 
 1148      6C656172 
 1148      5F5F00
 1149 00dd 00       		.ascii	"\000"
 1150 00de 02       		.ascii	"\002"
 1151 00df 00       		.ascii	"\000"
 1152 00e0 00000000 		.ascii	"\000\000\000\000\000\000\000\000"
 1152      00000000 
 1153 00e8 EF000000 		.ascii	"\357\000\000\000"
 1154 00ec 5F5F7261 		.ascii	"__ram0_noinit__\000"
 1154      6D305F6E 
 1154      6F696E69 
 1154      745F5F00 
 1155 00fc 00       		.ascii	"\000"
 1156 00fd 02       		.ascii	"\002"
 1157 00fe 00       		.ascii	"\000"
 1158 00ff 00000000 		.ascii	"\000\000\000\000\000\000\000\000"
 1158      00000000 
 1159 0107 F1000000 		.ascii	"\361\000\000\000"
 1160 010b 5F5F7261 		.ascii	"__ram1_init_text__\000"
 1160      6D315F69 
 1160      6E69745F 
 1160      74657874 
 1160      5F5F00
 1161 011e 00       		.ascii	"\000"
 1162 011f 02       		.ascii	"\002"
 1163 0120 00       		.ascii	"\000"
 1164 0121 00000000 		.ascii	"\000\000\000\000\000\000\000\000"
 1164      00000000 
 1165 0129 F3000000 		.ascii	"\363\000\000\000"
 1166 012d 5F5F7261 		.ascii	"__ram1_init__\000"
 1166      6D315F69 
 1166      6E69745F 
 1166      5F00
 1167 013b 00       		.ascii	"\000"
 1168 013c 02       		.ascii	"\002"
 1169 013d 00       		.ascii	"\000"
ARM GAS  /tmp/ccqP5WTG.s 			page 45


 1170 013e 00000000 		.ascii	"\000\000\000\000\000\000\000\000"
 1170      00000000 
 1171 0146 F5000000 		.ascii	"\365\000\000\000"
 1172 014a 5F5F7261 		.ascii	"__ram1_clear__\000"
 1172      6D315F63 
 1172      6C656172 
 1172      5F5F00
 1173 0159 00       		.ascii	"\000"
 1174 015a 02       		.ascii	"\002"
 1175 015b 00       		.ascii	"\000"
 1176 015c 00000000 		.ascii	"\000\000\000\000\000\000\000\000"
 1176      00000000 
 1177 0164 F7000000 		.ascii	"\367\000\000\000"
 1178 0168 5F5F7261 		.ascii	"__ram1_noinit__\000"
 1178      6D315F6E 
 1178      6F696E69 
 1178      745F5F00 
 1179 0178 00       		.ascii	"\000"
 1180 0179 02       		.ascii	"\002"
 1181 017a 00       		.ascii	"\000"
 1182 017b 00000000 		.ascii	"\000\000\000\000\000\000\000\000"
 1182      00000000 
 1183 0183 F9000000 		.ascii	"\371\000\000\000"
 1184 0187 5F5F7261 		.ascii	"__ram2_init_text__\000"
 1184      6D325F69 
 1184      6E69745F 
 1184      74657874 
 1184      5F5F00
 1185 019a 00       		.ascii	"\000"
 1186 019b 02       		.ascii	"\002"
 1187 019c 00       		.ascii	"\000"
 1188 019d 00000000 		.ascii	"\000\000\000\000\000\000\000\000"
 1188      00000000 
 1189 01a5 FB000000 		.ascii	"\373\000\000\000"
 1190 01a9 5F5F7261 		.ascii	"__ram2_init__\000"
 1190      6D325F69 
 1190      6E69745F 
 1190      5F00
 1191 01b7 00       		.ascii	"\000"
 1192 01b8 02       		.ascii	"\002"
 1193 01b9 00       		.ascii	"\000"
 1194 01ba 00000000 		.ascii	"\000\000\000\000\000\000\000\000"
 1194      00000000 
 1195 01c2 FD000000 		.ascii	"\375\000\000\000"
 1196 01c6 5F5F7261 		.ascii	"__ram2_clear__\000"
 1196      6D325F63 
 1196      6C656172 
 1196      5F5F00
 1197 01d5 00       		.ascii	"\000"
 1198 01d6 02       		.ascii	"\002"
 1199 01d7 00       		.ascii	"\000"
 1200 01d8 00000000 		.ascii	"\000\000\000\000\000\000\000\000"
 1200      00000000 
 1201 01e0 FF000000 		.ascii	"\377\000\000\000"
 1202 01e4 5F5F7261 		.ascii	"__ram2_noinit__\000"
 1202      6D325F6E 
 1202      6F696E69 
ARM GAS  /tmp/ccqP5WTG.s 			page 46


 1202      745F5F00 
 1203 01f4 00       		.ascii	"\000"
 1204 01f5 02       		.ascii	"\002"
 1205 01f6 00       		.ascii	"\000"
 1206 01f7 00000000 		.ascii	"\000\000\000\000\000\000\000\000"
 1206      00000000 
 1207 01ff 01010000 		.ascii	"\001\001\000\000"
 1208 0203 5F5F7261 		.ascii	"__ram3_init_text__\000"
 1208      6D335F69 
 1208      6E69745F 
 1208      74657874 
 1208      5F5F00
 1209 0216 00       		.ascii	"\000"
 1210 0217 02       		.ascii	"\002"
 1211 0218 00       		.ascii	"\000"
 1212 0219 00000000 		.ascii	"\000\000\000\000\000\000\000\000"
 1212      00000000 
 1213 0221 03010000 		.ascii	"\003\001\000\000"
 1214 0225 5F5F7261 		.ascii	"__ram3_init__\000"
 1214      6D335F69 
 1214      6E69745F 
 1214      5F00
 1215 0233 00       		.ascii	"\000"
 1216 0234 02       		.ascii	"\002"
 1217 0235 00       		.ascii	"\000"
 1218 0236 00000000 		.ascii	"\000\000\000\000\000\000\000\000"
 1218      00000000 
 1219 023e 05010000 		.ascii	"\005\001\000\000"
 1220 0242 5F5F7261 		.ascii	"__ram3_clear__\000"
 1220      6D335F63 
 1220      6C656172 
 1220      5F5F00
 1221 0251 00       		.ascii	"\000"
 1222 0252 02       		.ascii	"\002"
 1223 0253 00       		.ascii	"\000"
 1224 0254 00000000 		.ascii	"\000\000\000\000\000\000\000\000"
 1224      00000000 
 1225 025c 07010000 		.ascii	"\007\001\000\000"
 1226 0260 5F5F7261 		.ascii	"__ram3_noinit__\000"
 1226      6D335F6E 
 1226      6F696E69 
 1226      745F5F00 
 1227 0270 00       		.ascii	"\000"
 1228 0271 02       		.ascii	"\002"
 1229 0272 00       		.ascii	"\000"
 1230 0273 00000000 		.ascii	"\000\000\000\000\000\000\000\000"
 1230      00000000 
 1231 027b 09010000 		.ascii	"\011\001\000\000"
 1232 027f 5F5F7261 		.ascii	"__ram4_init_text__\000"
 1232      6D345F69 
 1232      6E69745F 
 1232      74657874 
 1232      5F5F00
 1233 0292 00       		.ascii	"\000"
 1234 0293 02       		.ascii	"\002"
 1235 0294 00       		.ascii	"\000"
 1236 0295 00000000 		.ascii	"\000\000\000\000\000\000\000\000"
ARM GAS  /tmp/ccqP5WTG.s 			page 47


 1236      00000000 
 1237 029d 0B010000 		.ascii	"\013\001\000\000"
 1238 02a1 5F5F7261 		.ascii	"__ram4_init__\000"
 1238      6D345F69 
 1238      6E69745F 
 1238      5F00
 1239 02af 00       		.ascii	"\000"
 1240 02b0 02       		.ascii	"\002"
 1241 02b1 00       		.ascii	"\000"
 1242 02b2 00000000 		.ascii	"\000\000\000\000\000\000\000\000"
 1242      00000000 
 1243 02ba 0D010000 		.ascii	"\015\001\000\000"
 1244 02be 5F5F7261 		.ascii	"__ram4_clear__\000"
 1244      6D345F63 
 1244      6C656172 
 1244      5F5F00
 1245 02cd 00       		.ascii	"\000"
 1246 02ce 02       		.ascii	"\002"
 1247 02cf 00       		.ascii	"\000"
 1248 02d0 00000000 		.ascii	"\000\000\000\000\000\000\000\000"
 1248      00000000 
 1249 02d8 0F010000 		.ascii	"\017\001\000\000"
 1250 02dc 5F5F7261 		.ascii	"__ram4_noinit__\000"
 1250      6D345F6E 
 1250      6F696E69 
 1250      745F5F00 
 1251 02ec 00       		.ascii	"\000"
 1252 02ed 02       		.ascii	"\002"
 1253 02ee 00       		.ascii	"\000"
 1254 02ef 00000000 		.ascii	"\000\000\000\000\000\000\000\000"
 1254      00000000 
 1255 02f7 11010000 		.ascii	"\021\001\000\000"
 1256 02fb 5F5F7261 		.ascii	"__ram5_init_text__\000"
 1256      6D355F69 
 1256      6E69745F 
 1256      74657874 
 1256      5F5F00
 1257 030e 00       		.ascii	"\000"
 1258 030f 02       		.ascii	"\002"
 1259 0310 00       		.ascii	"\000"
 1260 0311 00000000 		.ascii	"\000\000\000\000\000\000\000\000"
 1260      00000000 
 1261 0319 13010000 		.ascii	"\023\001\000\000"
 1262 031d 5F5F7261 		.ascii	"__ram5_init__\000"
 1262      6D355F69 
 1262      6E69745F 
 1262      5F00
 1263 032b 00       		.ascii	"\000"
 1264 032c 02       		.ascii	"\002"
 1265 032d 00       		.ascii	"\000"
 1266 032e 00000000 		.ascii	"\000\000\000\000\000\000\000\000"
 1266      00000000 
 1267 0336 15010000 		.ascii	"\025\001\000\000"
 1268 033a 5F5F7261 		.ascii	"__ram5_clear__\000"
 1268      6D355F63 
 1268      6C656172 
 1268      5F5F00
ARM GAS  /tmp/ccqP5WTG.s 			page 48


 1269 0349 00       		.ascii	"\000"
 1270 034a 02       		.ascii	"\002"
 1271 034b 00       		.ascii	"\000"
 1272 034c 00000000 		.ascii	"\000\000\000\000\000\000\000\000"
 1272      00000000 
 1273 0354 17010000 		.ascii	"\027\001\000\000"
 1274 0358 5F5F7261 		.ascii	"__ram5_noinit__\000"
 1274      6D355F6E 
 1274      6F696E69 
 1274      745F5F00 
 1275 0368 00       		.ascii	"\000"
 1276 0369 02       		.ascii	"\002"
 1277 036a 00       		.ascii	"\000"
 1278 036b 00000000 		.ascii	"\000\000\000\000\000\000\000\000"
 1278      00000000 
 1279 0373 19010000 		.ascii	"\031\001\000\000"
 1280 0377 5F5F7261 		.ascii	"__ram6_init_text__\000"
 1280      6D365F69 
 1280      6E69745F 
 1280      74657874 
 1280      5F5F00
 1281 038a 00       		.ascii	"\000"
 1282 038b 02       		.ascii	"\002"
 1283 038c 00       		.ascii	"\000"
 1284 038d 00000000 		.ascii	"\000\000\000\000\000\000\000\000"
 1284      00000000 
 1285 0395 1B010000 		.ascii	"\033\001\000\000"
 1286 0399 5F5F7261 		.ascii	"__ram6_init__\000"
 1286      6D365F69 
 1286      6E69745F 
 1286      5F00
 1287 03a7 00       		.ascii	"\000"
 1288 03a8 02       		.ascii	"\002"
 1289 03a9 00       		.ascii	"\000"
 1290 03aa 00000000 		.ascii	"\000\000\000\000\000\000\000\000"
 1290      00000000 
 1291 03b2 1D010000 		.ascii	"\035\001\000\000"
 1292 03b6 5F5F7261 		.ascii	"__ram6_clear__\000"
 1292      6D365F63 
 1292      6C656172 
 1292      5F5F00
 1293 03c5 00       		.ascii	"\000"
 1294 03c6 02       		.ascii	"\002"
 1295 03c7 00       		.ascii	"\000"
 1296 03c8 00000000 		.ascii	"\000\000\000\000\000\000\000\000"
 1296      00000000 
 1297 03d0 1F010000 		.ascii	"\037\001\000\000"
 1298 03d4 5F5F7261 		.ascii	"__ram6_noinit__\000"
 1298      6D365F6E 
 1298      6F696E69 
 1298      745F5F00 
 1299 03e4 00       		.ascii	"\000"
 1300 03e5 02       		.ascii	"\002"
 1301 03e6 00       		.ascii	"\000"
 1302 03e7 00000000 		.ascii	"\000\000\000\000\000\000\000\000"
 1302      00000000 
 1303 03ef 21010000 		.ascii	"!\001\000\000"
ARM GAS  /tmp/ccqP5WTG.s 			page 49


 1304 03f3 5F5F7261 		.ascii	"__ram7_init_text__\000"
 1304      6D375F69 
 1304      6E69745F 
 1304      74657874 
 1304      5F5F00
 1305 0406 00       		.ascii	"\000"
 1306 0407 02       		.ascii	"\002"
 1307 0408 00       		.ascii	"\000"
 1308 0409 00000000 		.ascii	"\000\000\000\000\000\000\000\000"
 1308      00000000 
 1309 0411 23010000 		.ascii	"#\001\000\000"
 1310 0415 5F5F7261 		.ascii	"__ram7_init__\000"
 1310      6D375F69 
 1310      6E69745F 
 1310      5F00
 1311 0423 00       		.ascii	"\000"
 1312 0424 02       		.ascii	"\002"
 1313 0425 00       		.ascii	"\000"
 1314 0426 00000000 		.ascii	"\000\000\000\000\000\000\000\000"
 1314      00000000 
 1315 042e 25010000 		.ascii	"%\001\000\000"
 1316 0432 5F5F7261 		.ascii	"__ram7_clear__\000"
 1316      6D375F63 
 1316      6C656172 
 1316      5F5F00
 1317 0441 00       		.ascii	"\000"
 1318 0442 02       		.ascii	"\002"
 1319 0443 00       		.ascii	"\000"
 1320 0444 00000000 		.ascii	"\000\000\000\000\000\000\000\000"
 1320      00000000 
 1321 044c 27010000 		.ascii	"'\001\000\000"
 1322 0450 5F5F7261 		.ascii	"__ram7_noinit__\000"
 1322      6D375F6E 
 1322      6F696E69 
 1322      745F5F00 
 1323 0460 00       		.ascii	"\000"
 1324 0461 02       		.ascii	"\002"
 1325 0462 00       		.ascii	"\000"
 1326 0463 00000000 		.ascii	"\000\000\000\000\000\000\000\000"
 1326      00000000 
 1327 046b 29010000 		.ascii	")\001\000\000"
 1328              		.text
 1329              		.section	.gnu.lto_.ext_symtab.a16ba2fb6a9cf596,"e",%progbits
 1330 0000 01       		.ascii	"\001"
 1331 0001 01       		.ascii	"\001"
 1332 0002 00       		.ascii	"\000"
 1333 0003 01       		.ascii	"\001"
 1334 0004 00       		.ascii	"\000"
 1335 0005 01       		.ascii	"\001"
 1336 0006 00       		.ascii	"\000"
 1337 0007 01       		.ascii	"\001"
 1338 0008 00       		.ascii	"\000"
 1339 0009 01       		.ascii	"\001"
 1340 000a 00       		.ascii	"\000"
 1341 000b 02       		.ascii	"\002"
 1342 000c 01       		.ascii	"\001"
 1343 000d 02       		.ascii	"\002"
ARM GAS  /tmp/ccqP5WTG.s 			page 50


 1344 000e 01       		.ascii	"\001"
 1345 000f 02       		.ascii	"\002"
 1346 0010 01       		.ascii	"\001"
 1347 0011 02       		.ascii	"\002"
 1348 0012 01       		.ascii	"\001"
 1349 0013 02       		.ascii	"\002"
 1350 0014 01       		.ascii	"\001"
 1351 0015 02       		.ascii	"\002"
 1352 0016 01       		.ascii	"\001"
 1353 0017 02       		.ascii	"\002"
 1354 0018 01       		.ascii	"\001"
 1355 0019 02       		.ascii	"\002"
 1356 001a 01       		.ascii	"\001"
 1357 001b 02       		.ascii	"\002"
 1358 001c 01       		.ascii	"\001"
 1359 001d 02       		.ascii	"\002"
 1360 001e 01       		.ascii	"\001"
 1361 001f 02       		.ascii	"\002"
 1362 0020 01       		.ascii	"\001"
 1363 0021 02       		.ascii	"\002"
 1364 0022 01       		.ascii	"\001"
 1365 0023 02       		.ascii	"\002"
 1366 0024 01       		.ascii	"\001"
 1367 0025 02       		.ascii	"\002"
 1368 0026 01       		.ascii	"\001"
 1369 0027 02       		.ascii	"\002"
 1370 0028 01       		.ascii	"\001"
 1371 0029 02       		.ascii	"\002"
 1372 002a 01       		.ascii	"\001"
 1373 002b 02       		.ascii	"\002"
 1374 002c 01       		.ascii	"\001"
 1375 002d 02       		.ascii	"\002"
 1376 002e 01       		.ascii	"\001"
 1377 002f 02       		.ascii	"\002"
 1378 0030 01       		.ascii	"\001"
 1379 0031 02       		.ascii	"\002"
 1380 0032 01       		.ascii	"\001"
 1381 0033 02       		.ascii	"\002"
 1382 0034 01       		.ascii	"\001"
 1383 0035 02       		.ascii	"\002"
 1384 0036 01       		.ascii	"\001"
 1385 0037 02       		.ascii	"\002"
 1386 0038 01       		.ascii	"\001"
 1387 0039 02       		.ascii	"\002"
 1388 003a 01       		.ascii	"\001"
 1389 003b 02       		.ascii	"\002"
 1390 003c 01       		.ascii	"\001"
 1391 003d 02       		.ascii	"\002"
 1392 003e 01       		.ascii	"\001"
 1393 003f 02       		.ascii	"\002"
 1394 0040 01       		.ascii	"\001"
 1395 0041 02       		.ascii	"\002"
 1396 0042 01       		.ascii	"\001"
 1397 0043 02       		.ascii	"\002"
 1398 0044 01       		.ascii	"\001"
 1399 0045 02       		.ascii	"\002"
 1400 0046 01       		.ascii	"\001"
ARM GAS  /tmp/ccqP5WTG.s 			page 51


 1401 0047 02       		.ascii	"\002"
 1402 0048 01       		.ascii	"\001"
 1403 0049 02       		.ascii	"\002"
 1404 004a 01       		.ascii	"\001"
 1405              		.text
 1406              		.section	.gnu.lto_.opts,"e",%progbits
 1407 0000 272D666E 		.ascii	"'-fno-openmp' '-fno-openacc' '-fno-pie' '-fcf-prote"
 1407      6F2D6F70 
 1407      656E6D70 
 1407      2720272D 
 1407      666E6F2D 
 1408 0033 6374696F 		.ascii	"ction=none' '-g' '-mcpu=cortex-m3' '-mthumb' '-mflo"
 1408      6E3D6E6F 
 1408      6E652720 
 1408      272D6727 
 1408      20272D6D 
 1409 0066 61742D61 		.ascii	"at-abi=soft' '-mlibarch=armv7-m' '-march=armv7-m' '"
 1409      62693D73 
 1409      6F667427 
 1409      20272D6D 
 1409      6C696261 
 1410 0099 2D4F3227 		.ascii	"-O2' '-fomit-frame-pointer' '-falign-functions=16' "
 1410      20272D66 
 1410      6F6D6974 
 1410      2D667261 
 1410      6D652D70 
 1411 00cc 272D6666 		.ascii	"'-ffunction-sections' '-fdata-sections' '-fno-commo"
 1411      756E6374 
 1411      696F6E2D 
 1411      73656374 
 1411      696F6E73 
 1412 00ff 6E272027 		.ascii	"n' '-flto' '-Xassembler' '-alms=./build/lst/crt1.ls"
 1412      2D666C74 
 1412      6F272027 
 1412      2D586173 
 1412      73656D62 
 1413 0132 742700   		.ascii	"t'\000"
 1414              		.text
 1415              		.comm	__gnu_lto_slim,1,1
 1416              		.ident	"GCC: (15:10.3-2021.07-4) 10.3.1 20210621 (release)"
ARM GAS  /tmp/ccqP5WTG.s 			page 52


DEFINED SYMBOLS
                            *ABS*:0000000000000000 crt1.c
     /tmp/ccqP5WTG.s:18     .gnu.debuglto_.debug_info:0000000000000000 crt1.c.08790120
                            *COM*:0000000000000001 __gnu_lto_slim

NO UNDEFINED SYMBOLS
