ARM GAS  /tmp/ccZ8ras1.s 			page 1


   1              		.cpu cortex-m3
   2              		.eabi_attribute 20, 1
   3              		.eabi_attribute 21, 1
   4              		.eabi_attribute 23, 3
   5              		.eabi_attribute 24, 1
   6              		.eabi_attribute 25, 1
   7              		.eabi_attribute 26, 1
   8              		.eabi_attribute 30, 2
   9              		.eabi_attribute 34, 1
  10              		.eabi_attribute 18, 4
  11              		.file	"hal.c"
  12              		.file 1 "../../../os/hal/ports/STM32/LLD/GPIOv1/hal_pal_lld.h"
  13              		.file 2 "/usr/lib/gcc/arm-none-eabi/10.3.1/include/stdint.h"
  14              		.file 3 "../../../os/hal/src/hal.c"
  15              		.file 4 "../../../os/hal/osal/rt-nil/osal.h"
  16              		.section	.gnu.debuglto_.debug_info,"e",%progbits
  17              	.Ldebug_info0:
  18              		.hidden	hal.c.7c5abb53
  19              		.weak	hal.c.7c5abb53
  20              	hal.c.7c5abb53:
  21 0000 52010000 		.4byte	0x152
  22 0004 0400     		.2byte	0x4
  23 0006 00000000 		.4byte	.Ldebug_abbrev0
  24 000a 04       		.byte	0x4
  25 000b 01       		.uleb128 0x1
  26 000c 23010000 		.4byte	.LASF22
  27 0010 0C       		.byte	0xc
  28 0011 07000000 		.4byte	.LASF23
  29 0015 D1000000 		.4byte	.LASF24
  30 0019 00000000 		.4byte	.Ldebug_line0
  31 001d 02       		.uleb128 0x2
  32 001e 04       		.byte	0x4
  33 001f 05       		.byte	0x5
  34 0020 696E7400 		.ascii	"int\000"
  35 0024 03       		.uleb128 0x3
  36 0025 04       		.byte	0x4
  37 0026 07       		.byte	0x7
  38 0027 21000000 		.4byte	.LASF0
  39 002b 03       		.uleb128 0x3
  40 002c 08       		.byte	0x8
  41 002d 05       		.byte	0x5
  42 002e F0010000 		.4byte	.LASF1
  43 0032 03       		.uleb128 0x3
  44 0033 08       		.byte	0x8
  45 0034 04       		.byte	0x4
  46 0035 28020000 		.4byte	.LASF2
  47 0039 03       		.uleb128 0x3
  48 003a 01       		.byte	0x1
  49 003b 06       		.byte	0x6
  50 003c 34020000 		.4byte	.LASF3
  51 0040 03       		.uleb128 0x3
  52 0041 02       		.byte	0x2
  53 0042 05       		.byte	0x5
  54 0043 05020000 		.4byte	.LASF4
  55 0047 03       		.uleb128 0x3
  56 0048 04       		.byte	0x4
  57 0049 05       		.byte	0x5
ARM GAS  /tmp/ccZ8ras1.s 			page 2


  58 004a 1F020000 		.4byte	.LASF5
  59 004e 03       		.uleb128 0x3
  60 004f 01       		.byte	0x1
  61 0050 08       		.byte	0x8
  62 0051 54000000 		.4byte	.LASF6
  63 0055 03       		.uleb128 0x3
  64 0056 02       		.byte	0x2
  65 0057 07       		.byte	0x7
  66 0058 8E000000 		.4byte	.LASF7
  67 005c 04       		.uleb128 0x4
  68 005d 16020000 		.4byte	.LASF12
  69 0061 02       		.byte	0x2
  70 0062 34       		.byte	0x34
  71 0063 19       		.byte	0x19
  72 0064 68000000 		.4byte	0x68
  73 0068 03       		.uleb128 0x3
  74 0069 04       		.byte	0x4
  75 006a 07       		.byte	0x7
  76 006b 7C000000 		.4byte	.LASF8
  77 006f 03       		.uleb128 0x3
  78 0070 08       		.byte	0x8
  79 0071 07       		.byte	0x7
  80 0072 36000000 		.4byte	.LASF9
  81 0076 03       		.uleb128 0x3
  82 0077 01       		.byte	0x1
  83 0078 08       		.byte	0x8
  84 0079 CC000000 		.4byte	.LASF10
  85 007d 03       		.uleb128 0x3
  86 007e 01       		.byte	0x1
  87 007f 02       		.byte	0x2
  88 0080 40020000 		.4byte	.LASF11
  89 0084 05       		.uleb128 0x5
  90 0085 0C       		.byte	0xc
  91 0086 01       		.byte	0x1
  92 0087 68       		.byte	0x68
  93 0088 09       		.byte	0x9
  94 0089 B5000000 		.4byte	0xb5
  95 008d 06       		.uleb128 0x6
  96 008e 6F647200 		.ascii	"odr\000"
  97 0092 01       		.byte	0x1
  98 0093 6A       		.byte	0x6a
  99 0094 11       		.byte	0x11
 100 0095 5C000000 		.4byte	0x5c
 101 0099 00       		.byte	0
 102 009a 06       		.uleb128 0x6
 103 009b 63726C00 		.ascii	"crl\000"
 104 009f 01       		.byte	0x1
 105 00a0 6C       		.byte	0x6c
 106 00a1 11       		.byte	0x11
 107 00a2 5C000000 		.4byte	0x5c
 108 00a6 04       		.byte	0x4
 109 00a7 06       		.uleb128 0x6
 110 00a8 63726800 		.ascii	"crh\000"
 111 00ac 01       		.byte	0x1
 112 00ad 6E       		.byte	0x6e
 113 00ae 11       		.byte	0x11
 114 00af 5C000000 		.4byte	0x5c
ARM GAS  /tmp/ccZ8ras1.s 			page 3


 115 00b3 08       		.byte	0x8
 116 00b4 00       		.byte	0
 117 00b5 04       		.uleb128 0x4
 118 00b6 62000000 		.4byte	.LASF13
 119 00ba 01       		.byte	0x1
 120 00bb 6F       		.byte	0x6f
 121 00bc 03       		.byte	0x3
 122 00bd 84000000 		.4byte	0x84
 123 00c1 05       		.uleb128 0x5
 124 00c2 54       		.byte	0x54
 125 00c3 01       		.byte	0x1
 126 00c4 78       		.byte	0x78
 127 00c5 09       		.byte	0x9
 128 00c6 26010000 		.4byte	0x126
 129 00ca 07       		.uleb128 0x7
 130 00cb 75000000 		.4byte	.LASF14
 131 00cf 01       		.byte	0x1
 132 00d0 7A       		.byte	0x7a
 133 00d1 19       		.byte	0x19
 134 00d2 B5000000 		.4byte	0xb5
 135 00d6 00       		.byte	0
 136 00d7 07       		.uleb128 0x7
 137 00d8 C5000000 		.4byte	.LASF15
 138 00dc 01       		.byte	0x1
 139 00dd 7C       		.byte	0x7c
 140 00de 19       		.byte	0x19
 141 00df B5000000 		.4byte	0xb5
 142 00e3 0C       		.byte	0xc
 143 00e4 07       		.uleb128 0x7
 144 00e5 0F020000 		.4byte	.LASF16
 145 00e9 01       		.byte	0x1
 146 00ea 7E       		.byte	0x7e
 147 00eb 19       		.byte	0x19
 148 00ec B5000000 		.4byte	0xb5
 149 00f0 18       		.byte	0x18
 150 00f1 07       		.uleb128 0x7
 151 00f2 00000000 		.4byte	.LASF17
 152 00f6 01       		.byte	0x1
 153 00f7 80       		.byte	0x80
 154 00f8 19       		.byte	0x19
 155 00f9 B5000000 		.4byte	0xb5
 156 00fd 24       		.byte	0x24
 157 00fe 07       		.uleb128 0x7
 158 00ff 4D000000 		.4byte	.LASF18
 159 0103 01       		.byte	0x1
 160 0104 83       		.byte	0x83
 161 0105 19       		.byte	0x19
 162 0106 B5000000 		.4byte	0xb5
 163 010a 30       		.byte	0x30
 164 010b 07       		.uleb128 0x7
 165 010c BE000000 		.4byte	.LASF19
 166 0110 01       		.byte	0x1
 167 0111 86       		.byte	0x86
 168 0112 19       		.byte	0x19
 169 0113 B5000000 		.4byte	0xb5
 170 0117 3C       		.byte	0x3c
 171 0118 07       		.uleb128 0x7
ARM GAS  /tmp/ccZ8ras1.s 			page 4


 172 0119 FE010000 		.4byte	.LASF20
 173 011d 01       		.byte	0x1
 174 011e 89       		.byte	0x89
 175 011f 19       		.byte	0x19
 176 0120 B5000000 		.4byte	0xb5
 177 0124 48       		.byte	0x48
 178 0125 00       		.byte	0
 179 0126 04       		.uleb128 0x4
 180 0127 A1000000 		.4byte	.LASF21
 181 012b 01       		.byte	0x1
 182 012c 8D       		.byte	0x8d
 183 012d 03       		.byte	0x3
 184 012e C1000000 		.4byte	0xc1
 185 0132 08       		.uleb128 0x8
 186 0133 26010000 		.4byte	0x126
 187 0137 09       		.uleb128 0x9
 188 0138 AB000000 		.4byte	.LASF25
 189 013c 01       		.byte	0x1
 190 013d B001     		.2byte	0x1b0
 191 013f 18       		.byte	0x18
 192 0140 32010000 		.4byte	0x132
 193 0144 0A       		.uleb128 0xa
 194 0145 2E000000 		.4byte	.LASF26
 195 0149 03       		.byte	0x3
 196 014a 38       		.byte	0x38
 197 014b 06       		.byte	0x6
 198 014c 0B       		.uleb128 0xb
 199 014d E7010000 		.4byte	.LASF27
 200 0151 04       		.byte	0x4
 201 0152 1302     		.2byte	0x213
 202 0154 14       		.byte	0x14
 203 0155 00       		.byte	0
 204              		.section	.gnu.debuglto_.debug_abbrev,"e",%progbits
 205              	.Ldebug_abbrev0:
 206 0000 01       		.uleb128 0x1
 207 0001 11       		.uleb128 0x11
 208 0002 01       		.byte	0x1
 209 0003 25       		.uleb128 0x25
 210 0004 0E       		.uleb128 0xe
 211 0005 13       		.uleb128 0x13
 212 0006 0B       		.uleb128 0xb
 213 0007 03       		.uleb128 0x3
 214 0008 0E       		.uleb128 0xe
 215 0009 1B       		.uleb128 0x1b
 216 000a 0E       		.uleb128 0xe
 217 000b 10       		.uleb128 0x10
 218 000c 17       		.uleb128 0x17
 219 000d 00       		.byte	0
 220 000e 00       		.byte	0
 221 000f 02       		.uleb128 0x2
 222 0010 24       		.uleb128 0x24
 223 0011 00       		.byte	0
 224 0012 0B       		.uleb128 0xb
 225 0013 0B       		.uleb128 0xb
 226 0014 3E       		.uleb128 0x3e
 227 0015 0B       		.uleb128 0xb
 228 0016 03       		.uleb128 0x3
ARM GAS  /tmp/ccZ8ras1.s 			page 5


 229 0017 08       		.uleb128 0x8
 230 0018 00       		.byte	0
 231 0019 00       		.byte	0
 232 001a 03       		.uleb128 0x3
 233 001b 24       		.uleb128 0x24
 234 001c 00       		.byte	0
 235 001d 0B       		.uleb128 0xb
 236 001e 0B       		.uleb128 0xb
 237 001f 3E       		.uleb128 0x3e
 238 0020 0B       		.uleb128 0xb
 239 0021 03       		.uleb128 0x3
 240 0022 0E       		.uleb128 0xe
 241 0023 00       		.byte	0
 242 0024 00       		.byte	0
 243 0025 04       		.uleb128 0x4
 244 0026 16       		.uleb128 0x16
 245 0027 00       		.byte	0
 246 0028 03       		.uleb128 0x3
 247 0029 0E       		.uleb128 0xe
 248 002a 3A       		.uleb128 0x3a
 249 002b 0B       		.uleb128 0xb
 250 002c 3B       		.uleb128 0x3b
 251 002d 0B       		.uleb128 0xb
 252 002e 39       		.uleb128 0x39
 253 002f 0B       		.uleb128 0xb
 254 0030 49       		.uleb128 0x49
 255 0031 13       		.uleb128 0x13
 256 0032 00       		.byte	0
 257 0033 00       		.byte	0
 258 0034 05       		.uleb128 0x5
 259 0035 13       		.uleb128 0x13
 260 0036 01       		.byte	0x1
 261 0037 0B       		.uleb128 0xb
 262 0038 0B       		.uleb128 0xb
 263 0039 3A       		.uleb128 0x3a
 264 003a 0B       		.uleb128 0xb
 265 003b 3B       		.uleb128 0x3b
 266 003c 0B       		.uleb128 0xb
 267 003d 39       		.uleb128 0x39
 268 003e 0B       		.uleb128 0xb
 269 003f 01       		.uleb128 0x1
 270 0040 13       		.uleb128 0x13
 271 0041 00       		.byte	0
 272 0042 00       		.byte	0
 273 0043 06       		.uleb128 0x6
 274 0044 0D       		.uleb128 0xd
 275 0045 00       		.byte	0
 276 0046 03       		.uleb128 0x3
 277 0047 08       		.uleb128 0x8
 278 0048 3A       		.uleb128 0x3a
 279 0049 0B       		.uleb128 0xb
 280 004a 3B       		.uleb128 0x3b
 281 004b 0B       		.uleb128 0xb
 282 004c 39       		.uleb128 0x39
 283 004d 0B       		.uleb128 0xb
 284 004e 49       		.uleb128 0x49
 285 004f 13       		.uleb128 0x13
ARM GAS  /tmp/ccZ8ras1.s 			page 6


 286 0050 38       		.uleb128 0x38
 287 0051 0B       		.uleb128 0xb
 288 0052 00       		.byte	0
 289 0053 00       		.byte	0
 290 0054 07       		.uleb128 0x7
 291 0055 0D       		.uleb128 0xd
 292 0056 00       		.byte	0
 293 0057 03       		.uleb128 0x3
 294 0058 0E       		.uleb128 0xe
 295 0059 3A       		.uleb128 0x3a
 296 005a 0B       		.uleb128 0xb
 297 005b 3B       		.uleb128 0x3b
 298 005c 0B       		.uleb128 0xb
 299 005d 39       		.uleb128 0x39
 300 005e 0B       		.uleb128 0xb
 301 005f 49       		.uleb128 0x49
 302 0060 13       		.uleb128 0x13
 303 0061 38       		.uleb128 0x38
 304 0062 0B       		.uleb128 0xb
 305 0063 00       		.byte	0
 306 0064 00       		.byte	0
 307 0065 08       		.uleb128 0x8
 308 0066 26       		.uleb128 0x26
 309 0067 00       		.byte	0
 310 0068 49       		.uleb128 0x49
 311 0069 13       		.uleb128 0x13
 312 006a 00       		.byte	0
 313 006b 00       		.byte	0
 314 006c 09       		.uleb128 0x9
 315 006d 34       		.uleb128 0x34
 316 006e 00       		.byte	0
 317 006f 03       		.uleb128 0x3
 318 0070 0E       		.uleb128 0xe
 319 0071 3A       		.uleb128 0x3a
 320 0072 0B       		.uleb128 0xb
 321 0073 3B       		.uleb128 0x3b
 322 0074 05       		.uleb128 0x5
 323 0075 39       		.uleb128 0x39
 324 0076 0B       		.uleb128 0xb
 325 0077 49       		.uleb128 0x49
 326 0078 13       		.uleb128 0x13
 327 0079 3F       		.uleb128 0x3f
 328 007a 19       		.uleb128 0x19
 329 007b 3C       		.uleb128 0x3c
 330 007c 19       		.uleb128 0x19
 331 007d 00       		.byte	0
 332 007e 00       		.byte	0
 333 007f 0A       		.uleb128 0xa
 334 0080 2E       		.uleb128 0x2e
 335 0081 00       		.byte	0
 336 0082 3F       		.uleb128 0x3f
 337 0083 19       		.uleb128 0x19
 338 0084 03       		.uleb128 0x3
 339 0085 0E       		.uleb128 0xe
 340 0086 3A       		.uleb128 0x3a
 341 0087 0B       		.uleb128 0xb
 342 0088 3B       		.uleb128 0x3b
ARM GAS  /tmp/ccZ8ras1.s 			page 7


 343 0089 0B       		.uleb128 0xb
 344 008a 39       		.uleb128 0x39
 345 008b 0B       		.uleb128 0xb
 346 008c 27       		.uleb128 0x27
 347 008d 19       		.uleb128 0x19
 348 008e 00       		.byte	0
 349 008f 00       		.byte	0
 350 0090 0B       		.uleb128 0xb
 351 0091 2E       		.uleb128 0x2e
 352 0092 00       		.byte	0
 353 0093 03       		.uleb128 0x3
 354 0094 0E       		.uleb128 0xe
 355 0095 3A       		.uleb128 0x3a
 356 0096 0B       		.uleb128 0xb
 357 0097 3B       		.uleb128 0x3b
 358 0098 05       		.uleb128 0x5
 359 0099 39       		.uleb128 0x39
 360 009a 0B       		.uleb128 0xb
 361 009b 27       		.uleb128 0x27
 362 009c 19       		.uleb128 0x19
 363 009d 00       		.byte	0
 364 009e 00       		.byte	0
 365 009f 00       		.byte	0
 366              		.section	.gnu.debuglto_.debug_line,"e",%progbits
 367              	.Ldebug_line0:
 368 0000 CB000000 		.4byte	.LELT0-.LSLT0
 369              	.LSLT0:
 370 0004 0400     		.2byte	0x4
 371 0006 C5000000 		.4byte	.LELTP0-.LASLTP0
 372              	.LASLTP0:
 373 000a 01       		.byte	0x1
 374 000b 01       		.byte	0x1
 375 000c 01       		.byte	0x1
 376 000d F6       		.byte	0xf6
 377 000e F2       		.byte	0xf2
 378 000f 0D       		.byte	0xd
 379 0010 00       		.byte	0
 380 0011 01       		.byte	0x1
 381 0012 01       		.byte	0x1
 382 0013 01       		.byte	0x1
 383 0014 01       		.byte	0x1
 384 0015 00       		.byte	0
 385 0016 00       		.byte	0
 386 0017 00       		.byte	0
 387 0018 01       		.byte	0x1
 388 0019 00       		.byte	0
 389 001a 00       		.byte	0
 390 001b 01       		.byte	0x1
 391 001c 2E2E2F2E 		.ascii	"../../../os/hal/osal/rt-nil"
 391      2E2F2E2E 
 391      2F6F732F 
 391      68616C2F 
 391      6F73616C 
 392 0037 00       		.byte	0
 393 0038 2E2E2F2E 		.ascii	"../../../os/hal/ports/STM32/LLD/GPIOv1"
 393      2E2F2E2E 
 393      2F6F732F 
ARM GAS  /tmp/ccZ8ras1.s 			page 8


 393      68616C2F 
 393      706F7274 
 394 005e 00       		.byte	0
 395 005f 2E2E2F2E 		.ascii	"../../../os/hal/src"
 395      2E2F2E2E 
 395      2F6F732F 
 395      68616C2F 
 395      737263
 396 0072 00       		.byte	0
 397 0073 2F757372 		.ascii	"/usr/lib/gcc/arm-none-eabi/10.3.1/include"
 397      2F6C6962 
 397      2F676363 
 397      2F61726D 
 397      2D6E6F6E 
 398 009c 00       		.byte	0
 399 009d 00       		.byte	0
 400 009e 68616C5F 		.ascii	"hal_pal_lld.h\000"
 400      70616C5F 
 400      6C6C642E 
 400      6800
 401 00ac 02       		.uleb128 0x2
 402 00ad 00       		.uleb128 0
 403 00ae 00       		.uleb128 0
 404 00af 73746469 		.ascii	"stdint.h\000"
 404      6E742E68 
 404      00
 405 00b8 04       		.uleb128 0x4
 406 00b9 00       		.uleb128 0
 407 00ba 00       		.uleb128 0
 408 00bb 68616C2E 		.ascii	"hal.c\000"
 408      6300
 409 00c1 03       		.uleb128 0x3
 410 00c2 00       		.uleb128 0
 411 00c3 00       		.uleb128 0
 412 00c4 6F73616C 		.ascii	"osal.h\000"
 412      2E6800
 413 00cb 01       		.uleb128 0x1
 414 00cc 00       		.uleb128 0
 415 00cd 00       		.uleb128 0
 416 00ce 00       		.byte	0
 417              	.LELTP0:
 418              	.LELT0:
 419              		.section	.gnu.debuglto_.debug_str,"eMS",%progbits,1
 420              	.LASF17:
 421 0000 50444461 		.ascii	"PDData\000"
 421      746100
 422              	.LASF23:
 423 0007 2E2E2F2E 		.ascii	"../../../os/hal/src/hal.c\000"
 423      2E2F2E2E 
 423      2F6F732F 
 423      68616C2F 
 423      7372632F 
 424              	.LASF0:
 425 0021 756E7369 		.ascii	"unsigned int\000"
 425      676E6564 
 425      20696E74 
 425      00
ARM GAS  /tmp/ccZ8ras1.s 			page 9


 426              	.LASF26:
 427 002e 68616C49 		.ascii	"halInit\000"
 427      6E697400 
 428              	.LASF9:
 429 0036 6C6F6E67 		.ascii	"long long unsigned int\000"
 429      206C6F6E 
 429      6720756E 
 429      7369676E 
 429      65642069 
 430              	.LASF18:
 431 004d 50454461 		.ascii	"PEData\000"
 431      746100
 432              	.LASF6:
 433 0054 756E7369 		.ascii	"unsigned char\000"
 433      676E6564 
 433      20636861 
 433      7200
 434              	.LASF13:
 435 0062 73746D33 		.ascii	"stm32_gpio_setup_t\000"
 435      325F6770 
 435      696F5F73 
 435      65747570 
 435      5F7400
 436              	.LASF14:
 437 0075 50414461 		.ascii	"PAData\000"
 437      746100
 438              	.LASF8:
 439 007c 6C6F6E67 		.ascii	"long unsigned int\000"
 439      20756E73 
 439      69676E65 
 439      6420696E 
 439      7400
 440              	.LASF7:
 441 008e 73686F72 		.ascii	"short unsigned int\000"
 441      7420756E 
 441      7369676E 
 441      65642069 
 441      6E7400
 442              	.LASF21:
 443 00a1 50414C43 		.ascii	"PALConfig\000"
 443      6F6E6669 
 443      6700
 444              	.LASF25:
 445 00ab 70616C5F 		.ascii	"pal_default_config\000"
 445      64656661 
 445      756C745F 
 445      636F6E66 
 445      696700
 446              	.LASF19:
 447 00be 50464461 		.ascii	"PFData\000"
 447      746100
 448              	.LASF15:
 449 00c5 50424461 		.ascii	"PBData\000"
 449      746100
 450              	.LASF10:
 451 00cc 63686172 		.ascii	"char\000"
 451      00
ARM GAS  /tmp/ccZ8ras1.s 			page 10


 452              	.LASF24:
 453 00d1 2F686F6D 		.ascii	"/home/nicolasscg/ci_test/ChibiOS/demos/STM32/RT-STM"
 453      652F6E69 
 453      636F6C61 
 453      73736367 
 453      2F63695F 
 454 0104 33324631 		.ascii	"32F103-STM3210E_EVAL-FATFS-USB\000"
 454      30332D53 
 454      544D3332 
 454      3130455F 
 454      4556414C 
 455              	.LASF22:
 456 0123 474E5520 		.ascii	"GNU C17 10.3.1 20210621 (release) -mcpu=cortex-m3 -"
 456      43313720 
 456      31302E33 
 456      2E312032 
 456      30323130 
 457 0156 6D746875 		.ascii	"mthumb -mfloat-abi=soft -march=armv7-m -ggdb -O2 -f"
 457      6D62202D 
 457      6D666C6F 
 457      61742D61 
 457      62693D73 
 458 0189 6F6D6974 		.ascii	"omit-frame-pointer -falign-functions=16 -ffunction-"
 458      2D667261 
 458      6D652D70 
 458      6F696E74 
 458      6572202D 
 459 01bc 73656374 		.ascii	"sections -fdata-sections -fno-common -flto\000"
 459      696F6E73 
 459      202D6664 
 459      6174612D 
 459      73656374 
 460              	.LASF27:
 461 01e7 6F73616C 		.ascii	"osalInit\000"
 461      496E6974 
 461      00
 462              	.LASF1:
 463 01f0 6C6F6E67 		.ascii	"long long int\000"
 463      206C6F6E 
 463      6720696E 
 463      7400
 464              	.LASF20:
 465 01fe 50474461 		.ascii	"PGData\000"
 465      746100
 466              	.LASF4:
 467 0205 73686F72 		.ascii	"short int\000"
 467      7420696E 
 467      7400
 468              	.LASF16:
 469 020f 50434461 		.ascii	"PCData\000"
 469      746100
 470              	.LASF12:
 471 0216 75696E74 		.ascii	"uint32_t\000"
 471      33325F74 
 471      00
 472              	.LASF5:
 473 021f 6C6F6E67 		.ascii	"long int\000"
ARM GAS  /tmp/ccZ8ras1.s 			page 11


 473      20696E74 
 473      00
 474              	.LASF2:
 475 0228 6C6F6E67 		.ascii	"long double\000"
 475      20646F75 
 475      626C6500 
 476              	.LASF3:
 477 0234 7369676E 		.ascii	"signed char\000"
 477      65642063 
 477      68617200 
 478              	.LASF11:
 479 0240 5F426F6F 		.ascii	"_Bool\000"
 479      6C00
 480              		.text
 481              		.section	.gnu.lto_.profile.1b190f95a9d7d502,"e",%progbits
 482 0000 789C6362 		.ascii	"x\234cb\000\001\000\000\022\000\003"
 482      00010000 
 482      120003
 483              		.text
 484              		.section	.gnu.lto_.icf.1b190f95a9d7d502,"e",%progbits
 485 0000 789CE360 		.ascii	"x\234\343`@\000F\206\305{\226\234\346c\000\000\015G"
 485      40004686 
 485      C57B969C 
 485      E6630000 
 485      0D47
 486 0012 02E6     		.ascii	"\002\346"
 487              		.text
 488              		.section	.gnu.lto_.ipa_sra.1b190f95a9d7d502,"e",%progbits
 489 0000 789C1366 		.ascii	"x\234\023f@\000F\020B\205\000\002\307\000\035"
 489      40004610 
 489      42850002 
 489      C7001D
 490              		.text
 491              		.section	.gnu.lto_.inline.1b190f95a9d7d502,"e",%progbits
 492 0000 789CF367 		.ascii	"x\234\363g@\000F\006\006\356\206\206\206%L\231\214\014"
 492      40004606 
 492      06EE8686 
 492      86254C99 
 492      8C0C
 493 0012 4C0C0C8D 		.ascii	"L\014\014\215@v\035\003\003\033\220j`Ja\002\01110r1"
 493      40761D03 
 493      031B906A 
 493      604A6102 
 493      09313072 
 494 0027 E02199B8 		.ascii	"\340!\231\270\301\246@8\014\000\001+\010-"
 494      C1A64038 
 494      0C00012B 
 494      082D
 495              		.text
 496              		.section	.gnu.lto_.jmpfuncs.1b190f95a9d7d502,"e",%progbits
 497 0000 789C3362 		.ascii	"x\2343b@\000F\030\203\211y\0053\220{\200\205\221\001"
 497      40004618 
 497      83897905 
 497      33907B80 
 497      859101
 498 0013 88FFFCFF 		.ascii	"\210\377\374\377\377\237\237\221i\022\363\022f\006F"
 498      FF9F9F91 
ARM GAS  /tmp/ccZ8ras1.s 			page 12


 498      6912F312 
 498      660646
 499 0022 4608F51F 		.ascii	"F\010\365\037$\306\300\000\000\373\351\015\000"
 499      24C6C000 
 499      00FBE90D 
 499      00
 500              		.text
 501              		.section	.gnu.lto_.pureconst.1b190f95a9d7d502,"e",%progbits
 502 0000 789C6361 		.ascii	"x\234ca```d\230\301\002\000\001`\000\242"
 502      60606064 
 502      98C10200 
 502      016000A2 
 503              		.text
 504              		.section	.gnu.lto_.lto.1b190f95a9d7d502,"e",%progbits
 505 0000 09000400 		.ascii	"\011\000\004\000\001\000\000\000"
 505      01000000 
 506              		.text
 507              		.section	.gnu.lto_halInit.327.1b190f95a9d7d502,"e",%progbits
 508 0000 789C5D90 		.ascii	"x\234]\220AK\002A\024\307\337\333\247\253\005]:v\012"
 508      414B0241 
 508      14C7DFDB 
 508      A7AB055D 
 508      3A760A
 509 0013 A2430777 		.ascii	"\242C\007w\262\276@\026z\210$P\353*\266I.h\202\353\335"
 509      B2BE4016 
 509      7A882450 
 509      EB2AB649 
 509      2E6882EB 
 510 0028 49A58310 		.ascii	"I\245\203\020[z\351\020B\260\205\267N\202u\010\277A"
 510      5B7AE910 
 510      42B085B7 
 510      4E827508 
 510      BF41
 511 003a D0A1435D 		.ascii	"\320\241C]d\241K]\242\240:\0305\273k\210\0163\363\376"
 511      64A14B5D 
 511      A2A03A18 
 511      35BB6B88 
 511      0E33F3FE 
 512 004e FFF79B79 		.ascii	"\377\367\233yo\230*\0024\000`N,$\300\372IM\002\316\371"
 512      6F982A02 
 512      3400604E 
 512      2C24C0FA 
 512      494D02CE 
 513 0063 8A4FC283 		.ascii	"\212O\302\203\223\332\004\266\321q\010%\011K\330\240"
 513      93DA04B6 
 513      D1710825 
 513      094BD8A0 
 514 0073 0561BF2F 		.ascii	"\005a\277/^\371\035\362V\027M\002h\2125\030\362\277"
 514      5EF91DF2 
 514      56174D02 
 514      688A3518 
 514      F2BF
 515 0085 1355E1EA 		.ascii	"\023U\341\352\336\333\345\375_\203\363g\013o\347'\000"
 515      DEDBE5FD 
 515      5F83F367 
 515      0B6FE727 
 515      00
ARM GAS  /tmp/ccZ8ras1.s 			page 13


 516 0096 0CB24B73 		.ascii	"\014\262Ks\017\362.\3001I\256\251\010\363\202\334\372"
 516      0FF22EC0 
 516      3149AEA9 
 516      08F382DC 
 516      FA
 517 00a7 9AB2C3C7 		.ascii	"\232\262\303\307\271\361`\365\246\335\324\223\345\267"
 517      B9F160F5 
 517      A6DDD493 
 517      E5B7
 518 00b5 E37BFBA8 		.ascii	"\343{\373\250\037\025/\2017\254\314B\025%\223\260I\242"
 518      1F152F81 
 518      37ACCC42 
 518      152593B0 
 518      49A2
 519 00c7 87499273 		.ascii	"\207I\222s\356T\026\250:@\324\024Y8#\254\223I\036\264"
 519      EE5416A8 
 519      3A40D414 
 519      593823AC 
 519      93491EB4 
 520 00db 55156521 		.ascii	"U\025e![\344\244/\321c\222\027\257\021;(n\034r\356\267"
 520      5BE4A42F 
 520      D1639217 
 520      AF113B28 
 520      6E1C72EE 
 521 00f0 CFDDA0E8 		.ascii	"\317\335\240\350`\222\354\024\354\370F{\321\260\327"
 521      6092EC14 
 521      ECF8467B 
 521      D1B0D7
 522 00ff E718F20C 		.ascii	"\347\030\362\014Q}r\024y\207\350q\014\311C\364=\206"
 522      517D7214 
 522      7987E871 
 522      0CC943F4 
 522      3D86
 523 0111 7C2E7AC7 		.ascii	"|.z\307r\357g\335\371V\203\320\375\252r\327\2661\226"
 523      72EF67DD 
 523      F95683D0 
 523      FDAA72D7 
 523      B63196
 524 0124 C9E7D26C 		.ascii	"\311\347\322l_S\363\331\224\256\253{L\325\222\305\264"
 524      5F53F3D9 
 524      94AEAB7B 
 524      4CD592C5 
 524      B4
 525 0135 5E646B19 		.ascii	"^dk\031mG\333\214\263\335t.\257\263x\"\272\274\304b"
 525      6D47DB8C 
 525      B3DD742E 
 525      AFB37822 
 525      BABCC462 
 526 0149 89802322 		.ascii	"\211\200#\"\301\305eW\005\027\303\311\360vh#\020\011"
 526      C1C56557 
 526      0517C3C9 
 526      F0766823 
 526      1009
 527 015b 2522F1C0 		.ascii	"%\"\361\300V|\025f\024\205\271S\334\313\244\262L/\250"
 527      567C1566 
 527      1485B953 
 527      DCCBA4B2 
ARM GAS  /tmp/ccZ8ras1.s 			page 14


 527      4C2FA8
 528 016e 76545498 		.ascii	"vTT\230\033Gy]l\205b`_s\265\222\201?\236\030\246e"
 528      1B47795D 
 528      6C856260 
 528      5F73B592 
 528      813F9E18 
 529              		.text
 530              		.section	.gnu.lto_.symbol_nodes.1b190f95a9d7d502,"e",%progbits
 531 0000 789C758F 		.ascii	"x\234u\217\313\021\002Q\010\004\207\341},\223\3200\314"
 531      CB110251 
 531      080487E1 
 531      7D2C93D0 
 531      30CC
 532 0012 8EDD0C0C 		.ascii	"\216\335\014\014\302(L\300\377\232\204y(\317\345\012"
 532      C2284CC0 
 532      FF9A8479 
 532      28CFE50A 
 533 0022 17A6BA87 		.ascii	"\027\246\272\207\003\007\001\300\013\015\223O\221\343"
 533      030701C0 
 533      0B0D934F 
 533      91E3
 534 0030 0218709E 		.ascii	"\002\030p\236f\301P@\275\023{\337\362\246\3117f\367"
 534      66C15040 
 534      BD137BDF 
 534      F2A6C937 
 534      66F7
 535 0042 2F621C8D 		.ascii	"/b\034\215\226,4f\356E\323\314=i%s\017Z\315\334\215"
 535      962C3466 
 535      EE45D3CC 
 535      3D692573 
 535      0F5ACDDC 
 536 0057 D63277A5 		.ascii	"\3262w\245\365\304)6\353\233'Q\3645~<\266\240MQ\203"
 536      F5C42936 
 536      EB9B2751 
 536      F4357E3C 
 536      B6A04D51 
 537 006c 7A2C41BB 		.ascii	"z,A\273B\203zd\320-~\327\270q\316"
 537      42837A64 
 537      D02D7ED7 
 537      B871CE
 538              		.text
 539              		.section	.gnu.lto_.refs.1b190f95a9d7d502,"e",%progbits
 540 0000 789C6367 		.ascii	"x\234cg```d`bdg`\000\000\000\202\000\023"
 540      60606064 
 540      60626467 
 540      60000000 
 540      820013
 541              		.text
 542              		.section	.gnu.lto_.decls.1b190f95a9d7d502,"e",%progbits
 543 0000 789C8595 		.ascii	"x\234\205\225[LTG\030\307\347\233Y\366r\270F1\266}0"
 543      5B4C5447 
 543      18C7E79B 
 543      59F672B8 
 543      4631B67D 
 544 0015 6868DC3E 		.ascii	"hh\334>\300\302\022\245\017}\000Q\214\021\225\210\366"
 544      C0C212A5 
 544      0F7D0051 
ARM GAS  /tmp/ccZ8ras1.s 			page 15


 544      8C119588 
 544      F6
 545 0026 A12F1BD8 		.ascii	"\241/\033\330\263\272\233\000K\330\305\372x\254\"6 "
 545      B3BA9B00 
 545      4BD8C5FA 
 545      78AC2236 
 545      20
 546 0037 41D3205E 		.ascii	"A\323 ^j\351EkR\323\320\304\013\226j)h\305[\255\227"
 546      6AE9456B 
 546      52D3D0C4 
 546      0B966A29 
 546      68C55BAD 
 547 004c 2A28E205 		.ascii	"*(\342\005\305UQ\321Rn\242\364\2339g\367\354b\265\007"
 547      C55551D1 
 547      526EA2F4 
 547      9B3967F7 
 547      EC62B507 
 548 0060 E672667E 		.ascii	"\346rf~\337\377\373\276\2313\2633\315\204\354\245\204"
 548      DFFFFBBE 
 548      9933B333 
 548      CD84ECA5 
 548      84
 549 0071 EC27844C 		.ascii	"\354'\204L\340\203]r\001\013`\271E\324\007\021r\037"
 549      E0835D72 
 549      010B60B9 
 549      45D40711 
 549      721F
 550 0083 CB032C8F 		.ascii	"\313\003,\217\260<\306\362\024\3133,#X\3064~\234D>\347"
 550      B03CC6F2 
 550      14CB332C 
 550      2358C634 
 550      7E9C443E 
 551 0098 71D084AD 		.ascii	"q\320\204\255\033\313K,}X^i\2727\261\014O\322\037\323"
 551      1BCB4B2C 
 551      7D585E69 
 551      BA37B10C 
 551      4FD21FD3 
 552 00ac F49E69FA 		.ascii	"\364\236i\372\2175\177\017\336\240\277\225\301\0240"
 552      8F357F0F 
 552      DEA0BF95 
 552      C11430
 553 00bb 609D0849 		.ascii	"`\235\010I\242\337\241\016\305\210\241[\352\313\207"
 553      A2DFA10E 
 553      C588A15B 
 553      EACB87
 554 00ca 8CAA1D33 		.ascii	"\214\252\0353\263\360\316l\340i\306\213\036a\261\304"
 554      B3F0CE6C 
 554      E069C68B 
 554      1E61B1C4 
 555 00da A688E7CE 		.ascii	"\246\210\347\316T\002\277\202\220M\213fYd'\243\375'"
 555      5402BF82 
 555      904D8B66 
 555      596427A3 
 555      FD27
 556 00ec 1E9C8D95 		.ascii	"\036\234\215\225Z\025e@i\335`!p\020\340\000\020\370"
 556      5A156540 
 556      69DD6021 
ARM GAS  /tmp/ccZ8ras1.s 			page 16


 556      7010E000 
 556      10F8
 557 00fe 0DD0B215 		.ascii	"\015\320\262\025\340\030\300Q`\213\010[\202\260\371"
 557      E018C051 
 557      608B085B 
 557      82B0F9
 558 010d FBBA9A2E 		.ascii	"\373\272\232.c\362\324\344d\344G.m\354k\313\334RY\245"
 558      63F2D4E4 
 558      64E4472E 
 558      6DEC6BCB 
 558      DC5259A5 
 559 0121 D4AD63D0 		.ascii	"\324\255c\320\006p\034\340w\320\354\011\264\360*\235"
 559      06701CE0 
 559      77D0EC09 
 559      B4F02A9D 
 560 0131 A0D30D8A 		.ascii	"\240\323\015\212\322j \320\014p\230\217!\203\272'\001"
 560      D26A20D0 
 560      0C70988F 
 560      2183BA27 
 560      01
 561 0142 3A004EF0 		.ascii	":\000N\360XP\253\351\332\372*%aC\014\227i\217\220\261"
 561      5850ABE9 
 561      DAFA2A25 
 561      61430C97 
 561      698F90B1 
 562 0156 09158E74 		.ascii	"\011\025\216t\353\310/\257!\0071\313k\300\3639\251\354"
 562      EBC82FAF 
 562      210731CB 
 562      6BC0F339 
 562      A9EC
 563 0168 E882A993 		.ascii	"\350\202\251\223\335\302)x\335\261X\2604\366\030\324"
 563      DDC22978 
 563      DDB158B0 
 563      34F618D4 
 564 0178 5E121BD4 		.ascii	"^\022\033\324z\357\260\027\250\367\031%\354smY/\023"
 564      7AEFB017 
 564      A8F71925 
 564      EC736D59 
 564      2F13
 565 018a B1DA8D51 		.ascii	"\261\332\215Q\254\216\242\227\204\356\257\033;\343\222"
 565      AC8EA297 
 565      84EEAF1B 
 565      3BE392
 566 0199 93F95224 		.ascii	"\223\371R$'\243\263\201\332=K\3712\234\006\370\031\240"
 566      27A3B381 
 566      DA3D4BF9 
 566      329C06F8 
 566      19A0
 567 01ab 0B42D91E 		.ascii	"\013B\331\036\0015:d\232\306\277UD\006\010]\210\200"
 567      01353A64 
 567      9AC6BF55 
 567      4406085D 
 567      8880
 568 01bd 5AC2A031 		.ascii	"Z\302\2401\035\272\030\001\331&\255\347e\200K|\274K"
 568      1DBA1801 
 568      D926ADE7 
 568      65804B7C 
ARM GAS  /tmp/ccZ8ras1.s 			page 17


 568      BC4B
 569 01cf A4D50970 		.ascii	"\244\325\011p\025\340\006\300u\200k\000W\000\272y\212"
 569      15E006C0 
 569      75806B00 
 569      5700BA79 
 569      8A
 570 01e0 5CB17A4F 		.ascii	"\\\261zOH\361l\204\342\231\320\0265m\322\231?\"\230"
 570      48F16C84 
 570      E299D016 
 570      356DD299 
 570      3F2298
 571 01f3 7361A16D 		.ascii	"sa\241m\327\241\277\"\240C\272\320+=\374?#\230\363*"
 571      D7A1BF22 
 571      A043BAD0 
 571      2B3DFC3F 
 571      2398F32A 
 572 0207 C3B6F1F5 		.ascii	"\303\266\361\365\243\023=\333o\304\211]j\015K\006z\340"
 572      A3133DDB 
 572      6FC4895D 
 572      6A0D4B06 
 572      7AE0
 573 0219 EDE9A065 		.ascii	"\355\351\240eu\347\253vK\214\370^\033\333\014pS\377"
 573      75E7AB76 
 573      4B8CF85E 
 573      1BDB0C70 
 573      53FF
 574 022b 0E6E8100 		.ascii	"\016n\201\000~\350m\271\021s\017\010?\343\006\031Pk"
 574      7EE86DB9 
 574      11730F08 
 574      3FE30619 
 574      506B
 575 023d 2E5612F9 		.ascii	".V\022\371\204\221D\205*\324(3*1\211\311R\007\314\260"
 575      84914485 
 575      2AD42833 
 575      2A3189C9 
 575      5207CCB0 
 576 0251 0EB22C33 		.ascii	"\016\262,3\265\306K\346}\355\220 E\231)\015\230d\311"
 576      B5C64BE6 
 576      7DED9020 
 576      4599290D 
 576      9864C9
 577 0264 3A06FB69 		.ascii	":\006\373i\2431)K1\3105\323\002&\205\326-M\314\310\302"
 577      A331294B 
 577      31C835D3 
 577      022685D6 
 577      2D4DCCC8 
 578 0279 3A60EA00 		.ascii	":`\352\000\031\255\362\015\346\004\354\005L\322 k\334"
 578      19ADF20D 
 578      E604EC05 
 578      4CD2206B 
 578      DC
 579 028a 6C94CFD1 		.ascii	"l\224\317\321M\263\361\303\222d{\"f\225e6\317\210oc"
 579      4DB3F1C3 
 579      92647B22 
 579      66956536 
 579      CF886F63 
 580 029e 6D2C17CF 		.ascii	"m,\027\317\275\271\351\307iR\300\024\217\022V9)AN\212"
ARM GAS  /tmp/ccZ8ras1.s 			page 18


 580      BDB9E9C7 
 580      6952C014 
 580      8F125639 
 580      29414E8A 
 581 02b2 EF802859 		.ascii	"\357\200(Y\226\022\255\004\203\220\355\366,*\241\262"
 581      9612AD04 
 581      8390EDF6 
 581      2C2AA1B2 
 582 02c2 C1DC0176 		.ascii	"\301\334\001v\0061v\345\366\243\351R\224d\231\221d%"
 582      063176E5 
 582      F6A3E952 
 582      94649991 
 582      6425
 583 02d4 4426B914 		.ascii	"D&\271\024u\331D\360\001\023\372\224\365W\000\253D\355"
 583      75D944F0 
 583      0113FA94 
 583      F55700AB 
 583      44ED
 584 02e6 942D0EE0 		.ascii	"\224-\016\340%Di\022\356\271\301\034\023\003\0126\026"
 584      25446912 
 584      EEB9C11C 
 584      13030A36 
 584      16
 585 02f7 C76239DF 		.ascii	"\307b9\337.\221\200\211\342T\242\001\024\012\272\245"
 585      2E918089 
 585      E254A201 
 585      140ABAA5 
 586 0307 642400A7 		.ascii	"d$\000\247,\270\354\342\217W\240U\300_A\275+\203n\304"
 586      2CB8ECE2 
 586      8F57A055 
 586      C05F41BD 
 586      2B836EC4 
 587 031b 38BFA3A8 		.ascii	"8\277\243\250FsD\035\0155Z\237\003T\323\241\3325\006"
 587      4673441D 
 587      0D355A9F 
 587      0354D3A1 
 587      DA3506
 588 032e AA8DE684 		.ascii	"\252\215\346\204\327a\342!\0044$\250\243\332h@\310V"
 588      D761E221 
 588      043424A8 
 588      A3DA6840 
 588      C856
 589 0340 EB721F02 		.ascii	"\353r\037\002\246\3416\302.\"p]\222\204d\203!\021\365"
 589      A6E136C2 
 589      2E22705D 
 589      92846483 
 589      2111F5
 590 0353 05BF9BD1 		.ascii	"\005\277\233\321\232\301Sq}\270n\312\201\275=\026\230"
 590      9AC15371 
 590      7DB86ECA 
 590      81BD3D16 
 590      98
 591 0364 56974580 		.ascii	"V\227E\200\035\321\316?\025\307?\001\261\252\226\332"
 591      1DD1CE3F 
 591      15C73F01 
 591      B1AA96DA 
 592 0374 33D274A4 		.ascii	"3\322t\244\372\025%\021\334p\017\340.\367\320\207\342"
ARM GAS  /tmp/ccZ8ras1.s 			page 19


 592      FA152511 
 592      DC700FE0 
 592      2EF7D087 
 592      E2
 593 0385 5E21D473 		.ascii	"^!\324s\273\271G\232\325\320\240\214l\255\037\2511)"
 593      BBB9479A 
 593      D5D0A08C 
 593      6CAD1FA9 
 593      3129
 594 0397 FBF80781 		.ascii	"\373\370\007\201\363\320\313?m\341\270\027\341;\000"
 594      F3D0CB3F 
 594      6DE1B817 
 594      E13B00
 595 03a6 B721ED38 		.ascii	"\267!\3558e\335\342D\334m\254\2513\315j\300{\265~[\355"
 595      65DDE244 
 595      DC6DACA9 
 595      33CD6AC0 
 595      7BB57E5B 
 596 03bb 7AE32EA5 		.ascii	"z\343.\245\215r\233@\310& \032V\3118];~\363#\0167\037"
 596      8D729B40 
 596      C826201A 
 596      56C9385D 
 596      3B7EF323 
 597 03d2 DB315165 		.ascii	"\3331Qej\264r\364a\010}\250\242\255\002\035\032\257"
 597      6AB472F4 
 597      61087DA8 
 597      A2AD021D 
 597      1AAF
 598 03e4 ED03C136 		.ascii	"\355\003\3016\355\016Tjl\177\210\355W\331\347\202=\366"
 598      ED0E546A 
 598      6C7F88ED 
 598      57D9E782 
 598      3DF6
 599 03f6 F09BCB22 		.ascii	"\360\233\313\"\210\346\301\257\216f\004cx\022\202\237"
 599      88E6C1AF 
 599      8E660463 
 599      7812829F 
 600 0406 A8F09706 		.ascii	"\250\360\227\006\021\303\276K\201h\001\357\350mt\004"
 600      11C3BE4B 
 600      816801EF 
 600      E86D7404 
 601 0416 E181103C 		.ascii	"\341\201\020<\240\302\035\002\276^\371S\255\270\226"
 601      A0C21D02 
 601      BE5EF953 
 601      ADB896
 602 0425 F169D5B6 		.ascii	"\361i\325\266\363o\015\305\351\247\355\203C\321b\272"
 602      F36F0DC5 
 602      E9A7ED83 
 602      43D162BA 
 603 0435 559BE677 		.ascii	"U\233\346wA\030\320\3239~<Z?\366\203\372\261\377G=\366"
 603      4118D0D3 
 603      397E3C5A 
 603      3FF683FA 
 603      B1FF473D 
 604 044a DFD51FDA 		.ascii	"\337\325\037\332\025k b\000\2748\320\261e\343\356\370"
 604      156B2062 
 604      00BC38D0 
ARM GAS  /tmp/ccZ8ras1.s 			page 20


 604      B165E3EE 
 604      F8
 605 045b FFD8A861 		.ascii	"\377\330\250a\\\373!\325f\343\316\365\275Td\320P=\272"
 605      5CFB21D5 
 605      66E3CEF5 
 605      BD5464D0 
 605      503DBA
 606 046e 992FCD30 		.ascii	"\231/\3150\300\363P\002\317\325\004\256\210\004\266"
 606      C0F35002 
 606      CFD504AE 
 606      8804B6
 607 047d 056A2EC6 		.ascii	"\005j.\306\011\266\376\376\300\247\301lGC\360\250\012"
 607      09B6FEFE 
 607      C0A7C16C 
 607      4743F0A8 
 607      0A
 608 048e 7F11C5E1 		.ascii	"\177\021\305\341\303\201\252g\246\367w\341f6T\0076\307"
 608      C381AA67 
 608      A6F777E1 
 608      66365407 
 608      36C7
 609 04a0 AD53D49B 		.ascii	"\255S\324\233\352\205\270\333\202\0277\376\306\244\035"
 609      EA85B8DB 
 609      821737FE 
 609      C6A41D
 610 04af A6489FEE 		.ascii	"\246H\237\356nza\326s\353\323s{\251\306yu`\250\211\352"
 610      6E7A61D6 
 610      73EBD373 
 610      7BA9C679 
 610      7560A889 
 611 04c4 C0B00EBC 		.ascii	"\300\260\016\274\342^\215\371\271\363\013\375\205\314"
 611      E25E8DF9 
 611      B9F30BFD 
 611      85CC
 612 04d2 595EFC6E 		.ascii	"Y^\374nj\252M\375\367\372l\356\302b\233\257\334\311"
 612      6AAA4DFD 
 612      F7FA6CEE 
 612      C2629BAF 
 612      DCC9
 613 04e4 DB54A779 		.ascii	"\333T\247y\341\322\225I9\351\231$^\274\246f:\347\024"
 613      E1D29549 
 613      39E99924 
 613      5EBCA666 
 613      3AE714
 614 04f7 1615CDC9 		.ascii	"\026\025\315\311 \346\012O\251?\303\356\3603\257\\\216"
 614      20E60A4F 
 614      A93FC3EE 
 614      F033AF5C 
 614      8E
 615 0508 1AEEE536 		.ascii	"\032\356\3456\267\267\304e+\3658\275\305\205>\237s\265"
 615      B7B7C465 
 615      2BF538BD 
 615      C5853E9F 
 615      73B5
 616 051a CDE971F8 		.ascii	"\315\351q\370]>\277-\307\355)\362,+\260\311\256\022"
 616      5D3EBF2D 
 616      C7ED29F2 
ARM GAS  /tmp/ccZ8ras1.s 			page 21


 616      2C2BB0C9 
 616      AE12
 617 052c 942F58B1 		.ascii	"\224/X\261$\303n[\276\"Etr\323\3232\324^z\332\002\307"
 617      24C36E5B 
 617      BE224574 
 617      72D3D332 
 617      D45E7ADA 
 618 0542 828FB3F3 		.ascii	"\202\217\263\363Rr\263W\344\026\244\254,\230G\346L\016"
 618      5272B357 
 618      E416A4AC 
 618      2C9847E6 
 618      4C0E
 619 0554 ABCC5BEE 		.ascii	"\253\314[\356\017*\344\345\315\267-\314_\264lM:\237"
 619      0F2AE4E5 
 619      CDB72DCC 
 619      5FB46C4D 
 619      3A9F
 620 0566 72946129 		.ascii	"r\224a).\226S\335d\212\317_\202\201\255.\363x\035>\227"
 620      2E9653DD 
 620      648ACF5F 
 620      8281AD2E 
 620      F3781D3E 
 621 057b BFA2CCE1 		.ascii	"\277\242\314\3417\346/\340\251\032\363\347\253M\216"
 621      37E62FE0 
 621      A91AF3E7 
 621      AB4D8E
 622 058a DACC539B 		.ascii	"\332\314S\233l\265Y\310\033K~v^\216\267t\225g5K\237"
 622      6CB559C8 
 622      1B4B7E76 
 622      5E8EB774 
 622      9567354B 
 623 059f 4BCC85E5 		.ascii	"K\314\205\345%k2SJ\210\344D\317\256\265)%\031\304\204"
 623      256B3253 
 623      4A88E444 
 623      CFAEB529 
 623      2519C484 
 624 05b3 DE16957A 		.ascii	"\336\026\225z\374\357\275q\315\210\321\347\347\304\314"
 624      FCEFBD71 
 624      CD88D1E7 
 624      E7C4CC
 625 05c2 C984A7D4 		.ascii	"\311\204\247\324Y\\!\273D\274>?\206j)\362\026\226\313"
 625      595C21BB 
 625      44BC3E3F 
 625      866A29F2 
 625      1696CB
 626 05d5 9C4D9BCC 		.ascii	"\234M\233\314\212\031\236\253#bu\324q45\371\344\012"
 626      8A199EAB 
 626      236275D4 
 626      713435F9 
 626      E40A
 627 05e7 6EF8C15B 		.ascii	"n\370\301[\235\270\312=\330T\370\212\270\0056\334b\326"
 627      9DB8CA3D 
 627      D854F88A 
 627      B80536DC 
 627      62D6
 628 05f9 DB2C34D4 		.ascii	"\333,4\324';\377\027E\006\321\330\340\312;<h\020\343"
 628      273BFF17 
ARM GAS  /tmp/ccZ8ras1.s 			page 22


 628      4506D1D8 
 628      E0CA3B3C 
 628      6810E3
 629 060c 0E7B792D 		.ascii	"\016{y-\247\360\355\323v\177\355Z\233[\3379.%\273V\025"
 629      A7F0EDD3 
 629      767FED5A 
 629      9B5BDF39 
 629      2E25BB56 
 630 0621 5614FB1D 		.ascii	"V\024\373\035N\261\013\377\002\2065)\214"
 630      4EB10BFF 
 630      02863529 
 630      8C
 631              		.text
 632              		.section	.gnu.lto_.symtab.1b190f95a9d7d502,"e",%progbits
 633 0000 68616C49 		.ascii	"halInit\000"
 633      6E697400 
 634 0008 00       		.ascii	"\000"
 635 0009 00       		.ascii	"\000"
 636 000a 00       		.ascii	"\000"
 637 000b 00000000 		.ascii	"\000\000\000\000\000\000\000\000"
 637      00000000 
 638 0013 E7000000 		.ascii	"\347\000\000\000"
 639 0017 70616C5F 		.ascii	"pal_default_config\000"
 639      64656661 
 639      756C745F 
 639      636F6E66 
 639      696700
 640 002a 00       		.ascii	"\000"
 641 002b 02       		.ascii	"\002"
 642 002c 00       		.ascii	"\000"
 643 002d 00000000 		.ascii	"\000\000\000\000\000\000\000\000"
 643      00000000 
 644 0035 FC000000 		.ascii	"\374\000\000\000"
 645 0039 7374496E 		.ascii	"stInit\000"
 645      697400
 646 0040 00       		.ascii	"\000"
 647 0041 02       		.ascii	"\002"
 648 0042 00       		.ascii	"\000"
 649 0043 00000000 		.ascii	"\000\000\000\000\000\000\000\000"
 649      00000000 
 650 004b E9000000 		.ascii	"\351\000\000\000"
 651 004f 626F6172 		.ascii	"boardInit\000"
 651      64496E69 
 651      7400
 652 0059 00       		.ascii	"\000"
 653 005a 02       		.ascii	"\002"
 654 005b 00       		.ascii	"\000"
 655 005c 00000000 		.ascii	"\000\000\000\000\000\000\000\000"
 655      00000000 
 656 0064 EB000000 		.ascii	"\353\000\000\000"
 657 0068 73647549 		.ascii	"sduInit\000"
 657      6E697400 
 658 0070 00       		.ascii	"\000"
 659 0071 02       		.ascii	"\002"
 660 0072 00       		.ascii	"\000"
 661 0073 00000000 		.ascii	"\000\000\000\000\000\000\000\000"
 661      00000000 
ARM GAS  /tmp/ccZ8ras1.s 			page 23


 662 007b ED000000 		.ascii	"\355\000\000\000"
 663 007f 75736249 		.ascii	"usbInit\000"
 663      6E697400 
 664 0087 00       		.ascii	"\000"
 665 0088 02       		.ascii	"\002"
 666 0089 00       		.ascii	"\000"
 667 008a 00000000 		.ascii	"\000\000\000\000\000\000\000\000"
 667      00000000 
 668 0092 EF000000 		.ascii	"\357\000\000\000"
 669 0096 73646349 		.ascii	"sdcInit\000"
 669      6E697400 
 670 009e 00       		.ascii	"\000"
 671 009f 02       		.ascii	"\002"
 672 00a0 00       		.ascii	"\000"
 673 00a1 00000000 		.ascii	"\000\000\000\000\000\000\000\000"
 673      00000000 
 674 00a9 F1000000 		.ascii	"\361\000\000\000"
 675 00ad 5F70616C 		.ascii	"_pal_lld_init\000"
 675      5F6C6C64 
 675      5F696E69 
 675      7400
 676 00bb 00       		.ascii	"\000"
 677 00bc 02       		.ascii	"\002"
 678 00bd 00       		.ascii	"\000"
 679 00be 00000000 		.ascii	"\000\000\000\000\000\000\000\000"
 679      00000000 
 680 00c6 F8000000 		.ascii	"\370\000\000\000"
 681 00ca 68616C5F 		.ascii	"hal_lld_init\000"
 681      6C6C645F 
 681      696E6974 
 681      00
 682 00d7 00       		.ascii	"\000"
 683 00d8 02       		.ascii	"\002"
 684 00d9 00       		.ascii	"\000"
 685 00da 00000000 		.ascii	"\000\000\000\000\000\000\000\000"
 685      00000000 
 686 00e2 FA000000 		.ascii	"\372\000\000\000"
 687              		.text
 688              		.section	.gnu.lto_.ext_symtab.1b190f95a9d7d502,"e",%progbits
 689 0000 01       		.ascii	"\001"
 690 0001 01       		.ascii	"\001"
 691 0002 00       		.ascii	"\000"
 692 0003 02       		.ascii	"\002"
 693 0004 00       		.ascii	"\000"
 694 0005 01       		.ascii	"\001"
 695 0006 00       		.ascii	"\000"
 696 0007 01       		.ascii	"\001"
 697 0008 00       		.ascii	"\000"
 698 0009 01       		.ascii	"\001"
 699 000a 00       		.ascii	"\000"
 700 000b 01       		.ascii	"\001"
 701 000c 00       		.ascii	"\000"
 702 000d 01       		.ascii	"\001"
 703 000e 00       		.ascii	"\000"
 704 000f 01       		.ascii	"\001"
 705 0010 00       		.ascii	"\000"
 706 0011 01       		.ascii	"\001"
ARM GAS  /tmp/ccZ8ras1.s 			page 24


 707 0012 00       		.ascii	"\000"
 708              		.text
 709              		.section	.gnu.lto_.opts,"e",%progbits
 710 0000 272D666E 		.ascii	"'-fno-openmp' '-fno-openacc' '-fno-pie' '-fcf-prote"
 710      6F2D6F70 
 710      656E6D70 
 710      2720272D 
 710      666E6F2D 
 711 0033 6374696F 		.ascii	"ction=none' '-g' '-mcpu=cortex-m3' '-mthumb' '-mflo"
 711      6E3D6E6F 
 711      6E652720 
 711      272D6727 
 711      20272D6D 
 712 0066 61742D61 		.ascii	"at-abi=soft' '-mlibarch=armv7-m' '-march=armv7-m' '"
 712      62693D73 
 712      6F667427 
 712      20272D6D 
 712      6C696261 
 713 0099 2D4F3227 		.ascii	"-O2' '-fomit-frame-pointer' '-falign-functions=16' "
 713      20272D66 
 713      6F6D6974 
 713      2D667261 
 713      6D652D70 
 714 00cc 272D6666 		.ascii	"'-ffunction-sections' '-fdata-sections' '-fno-commo"
 714      756E6374 
 714      696F6E2D 
 714      73656374 
 714      696F6E73 
 715 00ff 6E272027 		.ascii	"n' '-flto' '-Xassembler' '-alms=./build/lst/hal.lst"
 715      2D666C74 
 715      6F272027 
 715      2D586173 
 715      73656D62 
 716 0132 2700     		.ascii	"'\000"
 717              		.text
 718              		.comm	__gnu_lto_slim,1,1
 719              		.ident	"GCC: (15:10.3-2021.07-4) 10.3.1 20210621 (release)"
ARM GAS  /tmp/ccZ8ras1.s 			page 25


DEFINED SYMBOLS
                            *ABS*:0000000000000000 hal.c
     /tmp/ccZ8ras1.s:20     .gnu.debuglto_.debug_info:0000000000000000 hal.c.7c5abb53
                            *COM*:0000000000000001 __gnu_lto_slim

NO UNDEFINED SYMBOLS
