ARM GAS  /tmp/cc01DHX8.s 			page 1


   1              		.cpu cortex-m3
   2              		.eabi_attribute 20, 1
   3              		.eabi_attribute 21, 1
   4              		.eabi_attribute 23, 3
   5              		.eabi_attribute 24, 1
   6              		.eabi_attribute 25, 1
   7              		.eabi_attribute 26, 1
   8              		.eabi_attribute 30, 2
   9              		.eabi_attribute 34, 1
  10              		.eabi_attribute 18, 4
  11              		.file	"hal_st.c"
  12              		.file 1 "/usr/lib/gcc/arm-none-eabi/10.3.1/include/stdint.h"
  13              		.file 2 "../../../os/rt/include/chtime.h"
  14              		.file 3 "../../../os/hal/ports/STM32/LLD/TIMv1/stm32_tim.h"
  15              		.file 4 "../../../os/hal/src/hal_st.c"
  16              		.file 5 "../../../os/hal/ports/STM32/LLD/SYSTICKv1/hal_st_lld.h"
  17              		.section	.gnu.debuglto_.debug_info,"e",%progbits
  18              	.Ldebug_info0:
  19              		.hidden	hal_st.c.8f058c89
  20              		.weak	hal_st.c.8f058c89
  21              	hal_st.c.8f058c89:
  22 0000 11030000 		.4byte	0x311
  23 0004 0400     		.2byte	0x4
  24 0006 00000000 		.4byte	.Ldebug_abbrev0
  25 000a 04       		.byte	0x4
  26 000b 01       		.uleb128 0x1
  27 000c 8A010000 		.4byte	.LASF38
  28 0010 0C       		.byte	0xc
  29 0011 81000000 		.4byte	.LASF39
  30 0015 38010000 		.4byte	.LASF40
  31 0019 00000000 		.4byte	.Ldebug_line0
  32 001d 02       		.uleb128 0x2
  33 001e 04       		.byte	0x4
  34 001f 05       		.byte	0x5
  35 0020 696E7400 		.ascii	"int\000"
  36 0024 03       		.uleb128 0x3
  37 0025 04       		.byte	0x4
  38 0026 07       		.byte	0x7
  39 0027 26010000 		.4byte	.LASF0
  40 002b 03       		.uleb128 0x3
  41 002c 08       		.byte	0x8
  42 002d 05       		.byte	0x5
  43 002e 60020000 		.4byte	.LASF1
  44 0032 03       		.uleb128 0x3
  45 0033 08       		.byte	0x8
  46 0034 04       		.byte	0x4
  47 0035 B6020000 		.4byte	.LASF2
  48 0039 03       		.uleb128 0x3
  49 003a 01       		.byte	0x1
  50 003b 06       		.byte	0x6
  51 003c C2020000 		.4byte	.LASF3
  52 0040 03       		.uleb128 0x3
  53 0041 02       		.byte	0x2
  54 0042 05       		.byte	0x5
  55 0043 F8000000 		.4byte	.LASF4
  56 0047 03       		.uleb128 0x3
  57 0048 04       		.byte	0x4
ARM GAS  /tmp/cc01DHX8.s 			page 2


  58 0049 05       		.byte	0x5
  59 004a AD020000 		.4byte	.LASF5
  60 004e 03       		.uleb128 0x3
  61 004f 01       		.byte	0x1
  62 0050 08       		.byte	0x8
  63 0051 C7000000 		.4byte	.LASF6
  64 0055 04       		.uleb128 0x4
  65 0056 9B020000 		.4byte	.LASF8
  66 005a 01       		.byte	0x1
  67 005b 31       		.byte	0x31
  68 005c 19       		.byte	0x19
  69 005d 61000000 		.4byte	0x61
  70 0061 03       		.uleb128 0x3
  71 0062 02       		.byte	0x2
  72 0063 07       		.byte	0x7
  73 0064 39000000 		.4byte	.LASF7
  74 0068 04       		.uleb128 0x4
  75 0069 A4020000 		.4byte	.LASF9
  76 006d 01       		.byte	0x1
  77 006e 34       		.byte	0x34
  78 006f 19       		.byte	0x19
  79 0070 79000000 		.4byte	0x79
  80 0074 05       		.uleb128 0x5
  81 0075 68000000 		.4byte	0x68
  82 0079 03       		.uleb128 0x3
  83 007a 04       		.byte	0x4
  84 007b 07       		.byte	0x7
  85 007c D5000000 		.4byte	.LASF10
  86 0080 03       		.uleb128 0x3
  87 0081 08       		.byte	0x8
  88 0082 07       		.byte	0x7
  89 0083 D4020000 		.4byte	.LASF11
  90 0087 03       		.uleb128 0x3
  91 0088 01       		.byte	0x1
  92 0089 08       		.byte	0x8
  93 008a 33010000 		.4byte	.LASF12
  94 008e 06       		.uleb128 0x6
  95 008f 87000000 		.4byte	0x87
  96 0093 04       		.uleb128 0x4
  97 0094 22000000 		.4byte	.LASF13
  98 0098 02       		.byte	0x2
  99 0099 6F       		.byte	0x6f
 100 009a 12       		.byte	0x12
 101 009b 55000000 		.4byte	0x55
 102 009f 07       		.uleb128 0x7
 103 00a0 74000000 		.4byte	0x74
 104 00a4 AF000000 		.4byte	0xaf
 105 00a8 08       		.uleb128 0x8
 106 00a9 24000000 		.4byte	0x24
 107 00ad 03       		.byte	0x3
 108 00ae 00       		.byte	0
 109 00af 05       		.uleb128 0x5
 110 00b0 9F000000 		.4byte	0x9f
 111 00b4 03       		.uleb128 0x3
 112 00b5 01       		.byte	0x1
 113 00b6 02       		.byte	0x2
 114 00b7 CE020000 		.4byte	.LASF14
ARM GAS  /tmp/cc01DHX8.s 			page 3


 115 00bb 09       		.uleb128 0x9
 116 00bc 60       		.byte	0x60
 117 00bd 03       		.byte	0x3
 118 00be F601     		.2byte	0x1f6
 119 00c0 09       		.byte	0x9
 120 00c1 DC010000 		.4byte	0x1dc
 121 00c5 0A       		.uleb128 0xa
 122 00c6 43523100 		.ascii	"CR1\000"
 123 00ca 03       		.byte	0x3
 124 00cb F701     		.2byte	0x1f7
 125 00cd 19       		.byte	0x19
 126 00ce 74000000 		.4byte	0x74
 127 00d2 00       		.byte	0
 128 00d3 0A       		.uleb128 0xa
 129 00d4 43523200 		.ascii	"CR2\000"
 130 00d8 03       		.byte	0x3
 131 00d9 F801     		.2byte	0x1f8
 132 00db 19       		.byte	0x19
 133 00dc 74000000 		.4byte	0x74
 134 00e0 04       		.byte	0x4
 135 00e1 0B       		.uleb128 0xb
 136 00e2 84020000 		.4byte	.LASF15
 137 00e6 03       		.byte	0x3
 138 00e7 F901     		.2byte	0x1f9
 139 00e9 19       		.byte	0x19
 140 00ea 74000000 		.4byte	0x74
 141 00ee 08       		.byte	0x8
 142 00ef 0B       		.uleb128 0xb
 143 00f0 9E000000 		.4byte	.LASF16
 144 00f4 03       		.byte	0x3
 145 00f5 FA01     		.2byte	0x1fa
 146 00f7 19       		.byte	0x19
 147 00f8 74000000 		.4byte	0x74
 148 00fc 0C       		.byte	0xc
 149 00fd 0A       		.uleb128 0xa
 150 00fe 535200   		.ascii	"SR\000"
 151 0101 03       		.byte	0x3
 152 0102 FB01     		.2byte	0x1fb
 153 0104 19       		.byte	0x19
 154 0105 74000000 		.4byte	0x74
 155 0109 10       		.byte	0x10
 156 010a 0A       		.uleb128 0xa
 157 010b 45475200 		.ascii	"EGR\000"
 158 010f 03       		.byte	0x3
 159 0110 FC01     		.2byte	0x1fc
 160 0112 19       		.byte	0x19
 161 0113 74000000 		.4byte	0x74
 162 0117 14       		.byte	0x14
 163 0118 0B       		.uleb128 0xb
 164 0119 89020000 		.4byte	.LASF17
 165 011d 03       		.byte	0x3
 166 011e FD01     		.2byte	0x1fd
 167 0120 19       		.byte	0x19
 168 0121 74000000 		.4byte	0x74
 169 0125 18       		.byte	0x18
 170 0126 0B       		.uleb128 0xb
 171 0127 8F020000 		.4byte	.LASF18
ARM GAS  /tmp/cc01DHX8.s 			page 4


 172 012b 03       		.byte	0x3
 173 012c FE01     		.2byte	0x1fe
 174 012e 19       		.byte	0x19
 175 012f 74000000 		.4byte	0x74
 176 0133 1C       		.byte	0x1c
 177 0134 0B       		.uleb128 0xb
 178 0135 7F020000 		.4byte	.LASF19
 179 0139 03       		.byte	0x3
 180 013a FF01     		.2byte	0x1ff
 181 013c 19       		.byte	0x19
 182 013d 74000000 		.4byte	0x74
 183 0141 20       		.byte	0x20
 184 0142 0A       		.uleb128 0xa
 185 0143 434E5400 		.ascii	"CNT\000"
 186 0147 03       		.byte	0x3
 187 0148 0002     		.2byte	0x200
 188 014a 19       		.byte	0x19
 189 014b 74000000 		.4byte	0x74
 190 014f 24       		.byte	0x24
 191 0150 0A       		.uleb128 0xa
 192 0151 50534300 		.ascii	"PSC\000"
 193 0155 03       		.byte	0x3
 194 0156 0102     		.2byte	0x201
 195 0158 19       		.byte	0x19
 196 0159 74000000 		.4byte	0x74
 197 015d 28       		.byte	0x28
 198 015e 0A       		.uleb128 0xa
 199 015f 41525200 		.ascii	"ARR\000"
 200 0163 03       		.byte	0x3
 201 0164 0202     		.2byte	0x202
 202 0166 19       		.byte	0x19
 203 0167 74000000 		.4byte	0x74
 204 016b 2C       		.byte	0x2c
 205 016c 0A       		.uleb128 0xa
 206 016d 52435200 		.ascii	"RCR\000"
 207 0171 03       		.byte	0x3
 208 0172 0302     		.2byte	0x203
 209 0174 19       		.byte	0x19
 210 0175 74000000 		.4byte	0x74
 211 0179 30       		.byte	0x30
 212 017a 0A       		.uleb128 0xa
 213 017b 43435200 		.ascii	"CCR\000"
 214 017f 03       		.byte	0x3
 215 0180 0402     		.2byte	0x204
 216 0182 19       		.byte	0x19
 217 0183 AF000000 		.4byte	0xaf
 218 0187 34       		.byte	0x34
 219 0188 0B       		.uleb128 0xb
 220 0189 00000000 		.4byte	.LASF20
 221 018d 03       		.byte	0x3
 222 018e 0502     		.2byte	0x205
 223 0190 19       		.byte	0x19
 224 0191 74000000 		.4byte	0x74
 225 0195 44       		.byte	0x44
 226 0196 0A       		.uleb128 0xa
 227 0197 44435200 		.ascii	"DCR\000"
 228 019b 03       		.byte	0x3
ARM GAS  /tmp/cc01DHX8.s 			page 5


 229 019c 1302     		.2byte	0x213
 230 019e 19       		.byte	0x19
 231 019f 74000000 		.4byte	0x74
 232 01a3 48       		.byte	0x48
 233 01a4 0B       		.uleb128 0xb
 234 01a5 02010000 		.4byte	.LASF21
 235 01a9 03       		.byte	0x3
 236 01aa 1402     		.2byte	0x214
 237 01ac 19       		.byte	0x19
 238 01ad 74000000 		.4byte	0x74
 239 01b1 4C       		.byte	0x4c
 240 01b2 0A       		.uleb128 0xa
 241 01b3 4F5200   		.ascii	"OR\000"
 242 01b6 03       		.byte	0x3
 243 01b7 1502     		.2byte	0x215
 244 01b9 19       		.byte	0x19
 245 01ba 74000000 		.4byte	0x74
 246 01be 50       		.byte	0x50
 247 01bf 0B       		.uleb128 0xb
 248 01c0 95020000 		.4byte	.LASF22
 249 01c4 03       		.byte	0x3
 250 01c5 1602     		.2byte	0x216
 251 01c7 19       		.byte	0x19
 252 01c8 74000000 		.4byte	0x74
 253 01cc 54       		.byte	0x54
 254 01cd 0B       		.uleb128 0xb
 255 01ce EB020000 		.4byte	.LASF23
 256 01d2 03       		.byte	0x3
 257 01d3 1702     		.2byte	0x217
 258 01d5 19       		.byte	0x19
 259 01d6 EC010000 		.4byte	0x1ec
 260 01da 58       		.byte	0x58
 261 01db 00       		.byte	0
 262 01dc 07       		.uleb128 0x7
 263 01dd 74000000 		.4byte	0x74
 264 01e1 EC010000 		.4byte	0x1ec
 265 01e5 08       		.uleb128 0x8
 266 01e6 24000000 		.4byte	0x24
 267 01ea 01       		.byte	0x1
 268 01eb 00       		.byte	0
 269 01ec 05       		.uleb128 0x5
 270 01ed DC010000 		.4byte	0x1dc
 271 01f1 0C       		.uleb128 0xc
 272 01f2 75000000 		.4byte	.LASF24
 273 01f6 03       		.byte	0x3
 274 01f7 1902     		.2byte	0x219
 275 01f9 03       		.byte	0x3
 276 01fa BB000000 		.4byte	0xbb
 277 01fe 0D       		.uleb128 0xd
 278 01ff 05000000 		.4byte	.LASF29
 279 0203 04       		.byte	0x4
 280 0204 B3       		.byte	0xb3
 281 0205 06       		.byte	0x6
 282 0206 B4000000 		.4byte	0xb4
 283 020a 0E       		.uleb128 0xe
 284 020b F0020000 		.4byte	.LASF41
 285 020f 04       		.byte	0x4
ARM GAS  /tmp/cc01DHX8.s 			page 6


 286 0210 A3       		.byte	0xa3
 287 0211 0B       		.byte	0xb
 288 0212 93000000 		.4byte	0x93
 289 0216 24020000 		.4byte	0x224
 290 021a 0F       		.uleb128 0xf
 291 021b A3000000 		.4byte	.LASF25
 292 021f 34020000 		.4byte	0x234
 293 0223 00       		.byte	0
 294 0224 07       		.uleb128 0x7
 295 0225 8E000000 		.4byte	0x8e
 296 0229 34020000 		.4byte	0x234
 297 022d 08       		.uleb128 0x8
 298 022e 24000000 		.4byte	0x24
 299 0232 0A       		.byte	0xa
 300 0233 00       		.byte	0
 301 0234 06       		.uleb128 0x6
 302 0235 24020000 		.4byte	0x224
 303 0239 10       		.uleb128 0x10
 304 023a 4E020000 		.4byte	.LASF26
 305 023e 04       		.byte	0x4
 306 023f 93       		.byte	0x93
 307 0240 06       		.byte	0x6
 308 0241 5B020000 		.4byte	0x25b
 309 0245 11       		.uleb128 0x11
 310 0246 BF000000 		.4byte	.LASF28
 311 024a 04       		.byte	0x4
 312 024b 93       		.byte	0x93
 313 024c 1B       		.byte	0x1b
 314 024d 93000000 		.4byte	0x93
 315 0251 0F       		.uleb128 0xf
 316 0252 A3000000 		.4byte	.LASF25
 317 0256 34020000 		.4byte	0x234
 318 025a 00       		.byte	0
 319 025b 12       		.uleb128 0x12
 320 025c 07010000 		.4byte	.LASF31
 321 0260 04       		.byte	0x4
 322 0261 85       		.byte	0x85
 323 0262 06       		.byte	0x6
 324 0263 10       		.uleb128 0x10
 325 0264 2C000000 		.4byte	.LASF27
 326 0268 04       		.byte	0x4
 327 0269 77       		.byte	0x77
 328 026a 06       		.byte	0x6
 329 026b 85020000 		.4byte	0x285
 330 026f 11       		.uleb128 0x11
 331 0270 BF000000 		.4byte	.LASF28
 332 0274 04       		.byte	0x4
 333 0275 77       		.byte	0x77
 334 0276 1D       		.byte	0x1d
 335 0277 93000000 		.4byte	0x93
 336 027b 0F       		.uleb128 0xf
 337 027c A3000000 		.4byte	.LASF25
 338 0280 95020000 		.4byte	0x295
 339 0284 00       		.byte	0
 340 0285 07       		.uleb128 0x7
 341 0286 8E000000 		.4byte	0x8e
 342 028a 95020000 		.4byte	0x295
ARM GAS  /tmp/cc01DHX8.s 			page 7


 343 028e 08       		.uleb128 0x8
 344 028f 24000000 		.4byte	0x24
 345 0293 0C       		.byte	0xc
 346 0294 00       		.byte	0
 347 0295 06       		.uleb128 0x6
 348 0296 85020000 		.4byte	0x285
 349 029a 0D       		.uleb128 0xd
 350 029b 15000000 		.4byte	.LASF30
 351 029f 04       		.byte	0x4
 352 02a0 67       		.byte	0x67
 353 02a1 0B       		.byte	0xb
 354 02a2 93000000 		.4byte	0x93
 355 02a6 12       		.uleb128 0x12
 356 02a7 59020000 		.4byte	.LASF32
 357 02ab 04       		.byte	0x4
 358 02ac 45       		.byte	0x45
 359 02ad 06       		.byte	0x6
 360 02ae 13       		.uleb128 0x13
 361 02af 5E000000 		.4byte	.LASF33
 362 02b3 05       		.byte	0x5
 363 02b4 6C03     		.2byte	0x36c
 364 02b6 14       		.byte	0x14
 365 02b7 B4000000 		.4byte	0xb4
 366 02bb 13       		.uleb128 0x13
 367 02bc 6E020000 		.4byte	.LASF34
 368 02c0 05       		.byte	0x5
 369 02c1 5E03     		.2byte	0x35e
 370 02c3 19       		.byte	0x19
 371 02c4 93000000 		.4byte	0x93
 372 02c8 14       		.uleb128 0x14
 373 02c9 E7000000 		.4byte	.LASF35
 374 02cd 05       		.byte	0x5
 375 02ce 5203     		.2byte	0x352
 376 02d0 14       		.byte	0x14
 377 02d1 E3020000 		.4byte	0x2e3
 378 02d5 15       		.uleb128 0x15
 379 02d6 BF000000 		.4byte	.LASF28
 380 02da 05       		.byte	0x5
 381 02db 5203     		.2byte	0x352
 382 02dd 2F       		.byte	0x2f
 383 02de 93000000 		.4byte	0x93
 384 02e2 00       		.byte	0
 385 02e3 16       		.uleb128 0x16
 386 02e4 4C000000 		.4byte	.LASF42
 387 02e8 05       		.byte	0x5
 388 02e9 4203     		.2byte	0x342
 389 02eb 14       		.byte	0x14
 390 02ec 14       		.uleb128 0x14
 391 02ed AC000000 		.4byte	.LASF36
 392 02f1 05       		.byte	0x5
 393 02f2 3203     		.2byte	0x332
 394 02f4 14       		.byte	0x14
 395 02f5 07030000 		.4byte	0x307
 396 02f9 15       		.uleb128 0x15
 397 02fa BF000000 		.4byte	.LASF28
 398 02fe 05       		.byte	0x5
 399 02ff 3203     		.2byte	0x332
ARM GAS  /tmp/cc01DHX8.s 			page 8


 400 0301 31       		.byte	0x31
 401 0302 93000000 		.4byte	0x93
 402 0306 00       		.byte	0
 403 0307 13       		.uleb128 0x13
 404 0308 13010000 		.4byte	.LASF37
 405 030c 05       		.byte	0x5
 406 030d 2403     		.2byte	0x324
 407 030f 19       		.byte	0x19
 408 0310 93000000 		.4byte	0x93
 409 0314 00       		.byte	0
 410              		.section	.gnu.debuglto_.debug_abbrev,"e",%progbits
 411              	.Ldebug_abbrev0:
 412 0000 01       		.uleb128 0x1
 413 0001 11       		.uleb128 0x11
 414 0002 01       		.byte	0x1
 415 0003 25       		.uleb128 0x25
 416 0004 0E       		.uleb128 0xe
 417 0005 13       		.uleb128 0x13
 418 0006 0B       		.uleb128 0xb
 419 0007 03       		.uleb128 0x3
 420 0008 0E       		.uleb128 0xe
 421 0009 1B       		.uleb128 0x1b
 422 000a 0E       		.uleb128 0xe
 423 000b 10       		.uleb128 0x10
 424 000c 17       		.uleb128 0x17
 425 000d 00       		.byte	0
 426 000e 00       		.byte	0
 427 000f 02       		.uleb128 0x2
 428 0010 24       		.uleb128 0x24
 429 0011 00       		.byte	0
 430 0012 0B       		.uleb128 0xb
 431 0013 0B       		.uleb128 0xb
 432 0014 3E       		.uleb128 0x3e
 433 0015 0B       		.uleb128 0xb
 434 0016 03       		.uleb128 0x3
 435 0017 08       		.uleb128 0x8
 436 0018 00       		.byte	0
 437 0019 00       		.byte	0
 438 001a 03       		.uleb128 0x3
 439 001b 24       		.uleb128 0x24
 440 001c 00       		.byte	0
 441 001d 0B       		.uleb128 0xb
 442 001e 0B       		.uleb128 0xb
 443 001f 3E       		.uleb128 0x3e
 444 0020 0B       		.uleb128 0xb
 445 0021 03       		.uleb128 0x3
 446 0022 0E       		.uleb128 0xe
 447 0023 00       		.byte	0
 448 0024 00       		.byte	0
 449 0025 04       		.uleb128 0x4
 450 0026 16       		.uleb128 0x16
 451 0027 00       		.byte	0
 452 0028 03       		.uleb128 0x3
 453 0029 0E       		.uleb128 0xe
 454 002a 3A       		.uleb128 0x3a
 455 002b 0B       		.uleb128 0xb
 456 002c 3B       		.uleb128 0x3b
ARM GAS  /tmp/cc01DHX8.s 			page 9


 457 002d 0B       		.uleb128 0xb
 458 002e 39       		.uleb128 0x39
 459 002f 0B       		.uleb128 0xb
 460 0030 49       		.uleb128 0x49
 461 0031 13       		.uleb128 0x13
 462 0032 00       		.byte	0
 463 0033 00       		.byte	0
 464 0034 05       		.uleb128 0x5
 465 0035 35       		.uleb128 0x35
 466 0036 00       		.byte	0
 467 0037 49       		.uleb128 0x49
 468 0038 13       		.uleb128 0x13
 469 0039 00       		.byte	0
 470 003a 00       		.byte	0
 471 003b 06       		.uleb128 0x6
 472 003c 26       		.uleb128 0x26
 473 003d 00       		.byte	0
 474 003e 49       		.uleb128 0x49
 475 003f 13       		.uleb128 0x13
 476 0040 00       		.byte	0
 477 0041 00       		.byte	0
 478 0042 07       		.uleb128 0x7
 479 0043 01       		.uleb128 0x1
 480 0044 01       		.byte	0x1
 481 0045 49       		.uleb128 0x49
 482 0046 13       		.uleb128 0x13
 483 0047 01       		.uleb128 0x1
 484 0048 13       		.uleb128 0x13
 485 0049 00       		.byte	0
 486 004a 00       		.byte	0
 487 004b 08       		.uleb128 0x8
 488 004c 21       		.uleb128 0x21
 489 004d 00       		.byte	0
 490 004e 49       		.uleb128 0x49
 491 004f 13       		.uleb128 0x13
 492 0050 2F       		.uleb128 0x2f
 493 0051 0B       		.uleb128 0xb
 494 0052 00       		.byte	0
 495 0053 00       		.byte	0
 496 0054 09       		.uleb128 0x9
 497 0055 13       		.uleb128 0x13
 498 0056 01       		.byte	0x1
 499 0057 0B       		.uleb128 0xb
 500 0058 0B       		.uleb128 0xb
 501 0059 3A       		.uleb128 0x3a
 502 005a 0B       		.uleb128 0xb
 503 005b 3B       		.uleb128 0x3b
 504 005c 05       		.uleb128 0x5
 505 005d 39       		.uleb128 0x39
 506 005e 0B       		.uleb128 0xb
 507 005f 01       		.uleb128 0x1
 508 0060 13       		.uleb128 0x13
 509 0061 00       		.byte	0
 510 0062 00       		.byte	0
 511 0063 0A       		.uleb128 0xa
 512 0064 0D       		.uleb128 0xd
 513 0065 00       		.byte	0
ARM GAS  /tmp/cc01DHX8.s 			page 10


 514 0066 03       		.uleb128 0x3
 515 0067 08       		.uleb128 0x8
 516 0068 3A       		.uleb128 0x3a
 517 0069 0B       		.uleb128 0xb
 518 006a 3B       		.uleb128 0x3b
 519 006b 05       		.uleb128 0x5
 520 006c 39       		.uleb128 0x39
 521 006d 0B       		.uleb128 0xb
 522 006e 49       		.uleb128 0x49
 523 006f 13       		.uleb128 0x13
 524 0070 38       		.uleb128 0x38
 525 0071 0B       		.uleb128 0xb
 526 0072 00       		.byte	0
 527 0073 00       		.byte	0
 528 0074 0B       		.uleb128 0xb
 529 0075 0D       		.uleb128 0xd
 530 0076 00       		.byte	0
 531 0077 03       		.uleb128 0x3
 532 0078 0E       		.uleb128 0xe
 533 0079 3A       		.uleb128 0x3a
 534 007a 0B       		.uleb128 0xb
 535 007b 3B       		.uleb128 0x3b
 536 007c 05       		.uleb128 0x5
 537 007d 39       		.uleb128 0x39
 538 007e 0B       		.uleb128 0xb
 539 007f 49       		.uleb128 0x49
 540 0080 13       		.uleb128 0x13
 541 0081 38       		.uleb128 0x38
 542 0082 0B       		.uleb128 0xb
 543 0083 00       		.byte	0
 544 0084 00       		.byte	0
 545 0085 0C       		.uleb128 0xc
 546 0086 16       		.uleb128 0x16
 547 0087 00       		.byte	0
 548 0088 03       		.uleb128 0x3
 549 0089 0E       		.uleb128 0xe
 550 008a 3A       		.uleb128 0x3a
 551 008b 0B       		.uleb128 0xb
 552 008c 3B       		.uleb128 0x3b
 553 008d 05       		.uleb128 0x5
 554 008e 39       		.uleb128 0x39
 555 008f 0B       		.uleb128 0xb
 556 0090 49       		.uleb128 0x49
 557 0091 13       		.uleb128 0x13
 558 0092 00       		.byte	0
 559 0093 00       		.byte	0
 560 0094 0D       		.uleb128 0xd
 561 0095 2E       		.uleb128 0x2e
 562 0096 00       		.byte	0
 563 0097 3F       		.uleb128 0x3f
 564 0098 19       		.uleb128 0x19
 565 0099 03       		.uleb128 0x3
 566 009a 0E       		.uleb128 0xe
 567 009b 3A       		.uleb128 0x3a
 568 009c 0B       		.uleb128 0xb
 569 009d 3B       		.uleb128 0x3b
 570 009e 0B       		.uleb128 0xb
ARM GAS  /tmp/cc01DHX8.s 			page 11


 571 009f 39       		.uleb128 0x39
 572 00a0 0B       		.uleb128 0xb
 573 00a1 27       		.uleb128 0x27
 574 00a2 19       		.uleb128 0x19
 575 00a3 49       		.uleb128 0x49
 576 00a4 13       		.uleb128 0x13
 577 00a5 00       		.byte	0
 578 00a6 00       		.byte	0
 579 00a7 0E       		.uleb128 0xe
 580 00a8 2E       		.uleb128 0x2e
 581 00a9 01       		.byte	0x1
 582 00aa 3F       		.uleb128 0x3f
 583 00ab 19       		.uleb128 0x19
 584 00ac 03       		.uleb128 0x3
 585 00ad 0E       		.uleb128 0xe
 586 00ae 3A       		.uleb128 0x3a
 587 00af 0B       		.uleb128 0xb
 588 00b0 3B       		.uleb128 0x3b
 589 00b1 0B       		.uleb128 0xb
 590 00b2 39       		.uleb128 0x39
 591 00b3 0B       		.uleb128 0xb
 592 00b4 27       		.uleb128 0x27
 593 00b5 19       		.uleb128 0x19
 594 00b6 49       		.uleb128 0x49
 595 00b7 13       		.uleb128 0x13
 596 00b8 01       		.uleb128 0x1
 597 00b9 13       		.uleb128 0x13
 598 00ba 00       		.byte	0
 599 00bb 00       		.byte	0
 600 00bc 0F       		.uleb128 0xf
 601 00bd 34       		.uleb128 0x34
 602 00be 00       		.byte	0
 603 00bf 03       		.uleb128 0x3
 604 00c0 0E       		.uleb128 0xe
 605 00c1 49       		.uleb128 0x49
 606 00c2 13       		.uleb128 0x13
 607 00c3 34       		.uleb128 0x34
 608 00c4 19       		.uleb128 0x19
 609 00c5 00       		.byte	0
 610 00c6 00       		.byte	0
 611 00c7 10       		.uleb128 0x10
 612 00c8 2E       		.uleb128 0x2e
 613 00c9 01       		.byte	0x1
 614 00ca 3F       		.uleb128 0x3f
 615 00cb 19       		.uleb128 0x19
 616 00cc 03       		.uleb128 0x3
 617 00cd 0E       		.uleb128 0xe
 618 00ce 3A       		.uleb128 0x3a
 619 00cf 0B       		.uleb128 0xb
 620 00d0 3B       		.uleb128 0x3b
 621 00d1 0B       		.uleb128 0xb
 622 00d2 39       		.uleb128 0x39
 623 00d3 0B       		.uleb128 0xb
 624 00d4 27       		.uleb128 0x27
 625 00d5 19       		.uleb128 0x19
 626 00d6 01       		.uleb128 0x1
 627 00d7 13       		.uleb128 0x13
ARM GAS  /tmp/cc01DHX8.s 			page 12


 628 00d8 00       		.byte	0
 629 00d9 00       		.byte	0
 630 00da 11       		.uleb128 0x11
 631 00db 05       		.uleb128 0x5
 632 00dc 00       		.byte	0
 633 00dd 03       		.uleb128 0x3
 634 00de 0E       		.uleb128 0xe
 635 00df 3A       		.uleb128 0x3a
 636 00e0 0B       		.uleb128 0xb
 637 00e1 3B       		.uleb128 0x3b
 638 00e2 0B       		.uleb128 0xb
 639 00e3 39       		.uleb128 0x39
 640 00e4 0B       		.uleb128 0xb
 641 00e5 49       		.uleb128 0x49
 642 00e6 13       		.uleb128 0x13
 643 00e7 00       		.byte	0
 644 00e8 00       		.byte	0
 645 00e9 12       		.uleb128 0x12
 646 00ea 2E       		.uleb128 0x2e
 647 00eb 00       		.byte	0
 648 00ec 3F       		.uleb128 0x3f
 649 00ed 19       		.uleb128 0x19
 650 00ee 03       		.uleb128 0x3
 651 00ef 0E       		.uleb128 0xe
 652 00f0 3A       		.uleb128 0x3a
 653 00f1 0B       		.uleb128 0xb
 654 00f2 3B       		.uleb128 0x3b
 655 00f3 0B       		.uleb128 0xb
 656 00f4 39       		.uleb128 0x39
 657 00f5 0B       		.uleb128 0xb
 658 00f6 27       		.uleb128 0x27
 659 00f7 19       		.uleb128 0x19
 660 00f8 00       		.byte	0
 661 00f9 00       		.byte	0
 662 00fa 13       		.uleb128 0x13
 663 00fb 2E       		.uleb128 0x2e
 664 00fc 00       		.byte	0
 665 00fd 03       		.uleb128 0x3
 666 00fe 0E       		.uleb128 0xe
 667 00ff 3A       		.uleb128 0x3a
 668 0100 0B       		.uleb128 0xb
 669 0101 3B       		.uleb128 0x3b
 670 0102 05       		.uleb128 0x5
 671 0103 39       		.uleb128 0x39
 672 0104 0B       		.uleb128 0xb
 673 0105 27       		.uleb128 0x27
 674 0106 19       		.uleb128 0x19
 675 0107 49       		.uleb128 0x49
 676 0108 13       		.uleb128 0x13
 677 0109 00       		.byte	0
 678 010a 00       		.byte	0
 679 010b 14       		.uleb128 0x14
 680 010c 2E       		.uleb128 0x2e
 681 010d 01       		.byte	0x1
 682 010e 03       		.uleb128 0x3
 683 010f 0E       		.uleb128 0xe
 684 0110 3A       		.uleb128 0x3a
ARM GAS  /tmp/cc01DHX8.s 			page 13


 685 0111 0B       		.uleb128 0xb
 686 0112 3B       		.uleb128 0x3b
 687 0113 05       		.uleb128 0x5
 688 0114 39       		.uleb128 0x39
 689 0115 0B       		.uleb128 0xb
 690 0116 27       		.uleb128 0x27
 691 0117 19       		.uleb128 0x19
 692 0118 01       		.uleb128 0x1
 693 0119 13       		.uleb128 0x13
 694 011a 00       		.byte	0
 695 011b 00       		.byte	0
 696 011c 15       		.uleb128 0x15
 697 011d 05       		.uleb128 0x5
 698 011e 00       		.byte	0
 699 011f 03       		.uleb128 0x3
 700 0120 0E       		.uleb128 0xe
 701 0121 3A       		.uleb128 0x3a
 702 0122 0B       		.uleb128 0xb
 703 0123 3B       		.uleb128 0x3b
 704 0124 05       		.uleb128 0x5
 705 0125 39       		.uleb128 0x39
 706 0126 0B       		.uleb128 0xb
 707 0127 49       		.uleb128 0x49
 708 0128 13       		.uleb128 0x13
 709 0129 00       		.byte	0
 710 012a 00       		.byte	0
 711 012b 16       		.uleb128 0x16
 712 012c 2E       		.uleb128 0x2e
 713 012d 00       		.byte	0
 714 012e 03       		.uleb128 0x3
 715 012f 0E       		.uleb128 0xe
 716 0130 3A       		.uleb128 0x3a
 717 0131 0B       		.uleb128 0xb
 718 0132 3B       		.uleb128 0x3b
 719 0133 05       		.uleb128 0x5
 720 0134 39       		.uleb128 0x39
 721 0135 0B       		.uleb128 0xb
 722 0136 27       		.uleb128 0x27
 723 0137 19       		.uleb128 0x19
 724 0138 00       		.byte	0
 725 0139 00       		.byte	0
 726 013a 00       		.byte	0
 727              		.section	.gnu.debuglto_.debug_line,"e",%progbits
 728              	.Ldebug_line0:
 729 0000 02010000 		.4byte	.LELT0-.LSLT0
 730              	.LSLT0:
 731 0004 0400     		.2byte	0x4
 732 0006 FC000000 		.4byte	.LELTP0-.LASLTP0
 733              	.LASLTP0:
 734 000a 01       		.byte	0x1
 735 000b 01       		.byte	0x1
 736 000c 01       		.byte	0x1
 737 000d F6       		.byte	0xf6
 738 000e F2       		.byte	0xf2
 739 000f 0D       		.byte	0xd
 740 0010 00       		.byte	0
 741 0011 01       		.byte	0x1
ARM GAS  /tmp/cc01DHX8.s 			page 14


 742 0012 01       		.byte	0x1
 743 0013 01       		.byte	0x1
 744 0014 01       		.byte	0x1
 745 0015 00       		.byte	0
 746 0016 00       		.byte	0
 747 0017 00       		.byte	0
 748 0018 01       		.byte	0x1
 749 0019 00       		.byte	0
 750 001a 00       		.byte	0
 751 001b 01       		.byte	0x1
 752 001c 2E2E2F2E 		.ascii	"../../../os/hal/ports/STM32/LLD/SYSTICKv1"
 752      2E2F2E2E 
 752      2F6F732F 
 752      68616C2F 
 752      706F7274 
 753 0045 00       		.byte	0
 754 0046 2E2E2F2E 		.ascii	"../../../os/hal/ports/STM32/LLD/TIMv1"
 754      2E2F2E2E 
 754      2F6F732F 
 754      68616C2F 
 754      706F7274 
 755 006b 00       		.byte	0
 756 006c 2E2E2F2E 		.ascii	"../../../os/hal/src"
 756      2E2F2E2E 
 756      2F6F732F 
 756      68616C2F 
 756      737263
 757 007f 00       		.byte	0
 758 0080 2E2E2F2E 		.ascii	"../../../os/rt/include"
 758      2E2F2E2E 
 758      2F6F732F 
 758      72742F69 
 758      6E636C75 
 759 0096 00       		.byte	0
 760 0097 2F757372 		.ascii	"/usr/lib/gcc/arm-none-eabi/10.3.1/include"
 760      2F6C6962 
 760      2F676363 
 760      2F61726D 
 760      2D6E6F6E 
 761 00c0 00       		.byte	0
 762 00c1 00       		.byte	0
 763 00c2 73746469 		.ascii	"stdint.h\000"
 763      6E742E68 
 763      00
 764 00cb 05       		.uleb128 0x5
 765 00cc 00       		.uleb128 0
 766 00cd 00       		.uleb128 0
 767 00ce 63687469 		.ascii	"chtime.h\000"
 767      6D652E68 
 767      00
 768 00d7 04       		.uleb128 0x4
 769 00d8 00       		.uleb128 0
 770 00d9 00       		.uleb128 0
 771 00da 73746D33 		.ascii	"stm32_tim.h\000"
 771      325F7469 
 771      6D2E6800 
 772 00e6 02       		.uleb128 0x2
ARM GAS  /tmp/cc01DHX8.s 			page 15


 773 00e7 00       		.uleb128 0
 774 00e8 00       		.uleb128 0
 775 00e9 68616C5F 		.ascii	"hal_st.c\000"
 775      73742E63 
 775      00
 776 00f2 03       		.uleb128 0x3
 777 00f3 00       		.uleb128 0
 778 00f4 00       		.uleb128 0
 779 00f5 68616C5F 		.ascii	"hal_st_lld.h\000"
 779      73745F6C 
 779      6C642E68 
 779      00
 780 0102 01       		.uleb128 0x1
 781 0103 00       		.uleb128 0
 782 0104 00       		.uleb128 0
 783 0105 00       		.byte	0
 784              	.LELTP0:
 785              	.LELT0:
 786              		.section	.gnu.debuglto_.debug_str,"eMS",%progbits,1
 787              	.LASF20:
 788 0000 42445452 		.ascii	"BDTR\000"
 788      00
 789              	.LASF29:
 790 0005 73744973 		.ascii	"stIsAlarmActive\000"
 790      416C6172 
 790      6D416374 
 790      69766500 
 791              	.LASF30:
 792 0015 73744765 		.ascii	"stGetCounter\000"
 792      74436F75 
 792      6E746572 
 792      00
 793              	.LASF13:
 794 0022 73797374 		.ascii	"systime_t\000"
 794      696D655F 
 794      7400
 795              	.LASF27:
 796 002c 73745374 		.ascii	"stStartAlarm\000"
 796      61727441 
 796      6C61726D 
 796      00
 797              	.LASF7:
 798 0039 73686F72 		.ascii	"short unsigned int\000"
 798      7420756E 
 798      7369676E 
 798      65642069 
 798      6E7400
 799              	.LASF42:
 800 004c 73745F6C 		.ascii	"st_lld_stop_alarm\000"
 800      6C645F73 
 800      746F705F 
 800      616C6172 
 800      6D00
 801              	.LASF33:
 802 005e 73745F6C 		.ascii	"st_lld_is_alarm_active\000"
 802      6C645F69 
 802      735F616C 
ARM GAS  /tmp/cc01DHX8.s 			page 16


 802      61726D5F 
 802      61637469 
 803              	.LASF24:
 804 0075 73746D33 		.ascii	"stm32_tim_t\000"
 804      325F7469 
 804      6D5F7400 
 805              	.LASF39:
 806 0081 2E2E2F2E 		.ascii	"../../../os/hal/src/hal_st.c\000"
 806      2E2F2E2E 
 806      2F6F732F 
 806      68616C2F 
 806      7372632F 
 807              	.LASF16:
 808 009e 44494552 		.ascii	"DIER\000"
 808      00
 809              	.LASF25:
 810 00a3 5F5F6675 		.ascii	"__func__\000"
 810      6E635F5F 
 810      00
 811              	.LASF36:
 812 00ac 73745F6C 		.ascii	"st_lld_start_alarm\000"
 812      6C645F73 
 812      74617274 
 812      5F616C61 
 812      726D00
 813              	.LASF28:
 814 00bf 61627374 		.ascii	"abstime\000"
 814      696D6500 
 815              	.LASF6:
 816 00c7 756E7369 		.ascii	"unsigned char\000"
 816      676E6564 
 816      20636861 
 816      7200
 817              	.LASF10:
 818 00d5 6C6F6E67 		.ascii	"long unsigned int\000"
 818      20756E73 
 818      69676E65 
 818      6420696E 
 818      7400
 819              	.LASF35:
 820 00e7 73745F6C 		.ascii	"st_lld_set_alarm\000"
 820      6C645F73 
 820      65745F61 
 820      6C61726D 
 820      00
 821              	.LASF4:
 822 00f8 73686F72 		.ascii	"short int\000"
 822      7420696E 
 822      7400
 823              	.LASF21:
 824 0102 444D4152 		.ascii	"DMAR\000"
 824      00
 825              	.LASF31:
 826 0107 73745374 		.ascii	"stStopAlarm\000"
 826      6F70416C 
 826      61726D00 
 827              	.LASF37:
ARM GAS  /tmp/cc01DHX8.s 			page 17


 828 0113 73745F6C 		.ascii	"st_lld_get_counter\000"
 828      6C645F67 
 828      65745F63 
 828      6F756E74 
 828      657200
 829              	.LASF0:
 830 0126 756E7369 		.ascii	"unsigned int\000"
 830      676E6564 
 830      20696E74 
 830      00
 831              	.LASF12:
 832 0133 63686172 		.ascii	"char\000"
 832      00
 833              	.LASF40:
 834 0138 2F686F6D 		.ascii	"/home/nicolasscg/ci_test/ChibiOS/demos/STM32/RT-STM"
 834      652F6E69 
 834      636F6C61 
 834      73736367 
 834      2F63695F 
 835 016b 33324631 		.ascii	"32F103-STM3210E_EVAL-FATFS-USB\000"
 835      30332D53 
 835      544D3332 
 835      3130455F 
 835      4556414C 
 836              	.LASF38:
 837 018a 474E5520 		.ascii	"GNU C17 10.3.1 20210621 (release) -mcpu=cortex-m3 -"
 837      43313720 
 837      31302E33 
 837      2E312032 
 837      30323130 
 838 01bd 6D746875 		.ascii	"mthumb -mfloat-abi=soft -march=armv7-m -ggdb -O2 -f"
 838      6D62202D 
 838      6D666C6F 
 838      61742D61 
 838      62693D73 
 839 01f0 6F6D6974 		.ascii	"omit-frame-pointer -falign-functions=16 -ffunction-"
 839      2D667261 
 839      6D652D70 
 839      6F696E74 
 839      6572202D 
 840 0223 73656374 		.ascii	"sections -fdata-sections -fno-common -flto\000"
 840      696F6E73 
 840      202D6664 
 840      6174612D 
 840      73656374 
 841              	.LASF26:
 842 024e 73745365 		.ascii	"stSetAlarm\000"
 842      74416C61 
 842      726D00
 843              	.LASF32:
 844 0259 7374496E 		.ascii	"stInit\000"
 844      697400
 845              	.LASF1:
 846 0260 6C6F6E67 		.ascii	"long long int\000"
 846      206C6F6E 
 846      6720696E 
 846      7400
ARM GAS  /tmp/cc01DHX8.s 			page 18


 847              	.LASF34:
 848 026e 73745F6C 		.ascii	"st_lld_get_alarm\000"
 848      6C645F67 
 848      65745F61 
 848      6C61726D 
 848      00
 849              	.LASF19:
 850 027f 43434552 		.ascii	"CCER\000"
 850      00
 851              	.LASF15:
 852 0284 534D4352 		.ascii	"SMCR\000"
 852      00
 853              	.LASF17:
 854 0289 43434D52 		.ascii	"CCMR1\000"
 854      3100
 855              	.LASF18:
 856 028f 43434D52 		.ascii	"CCMR2\000"
 856      3200
 857              	.LASF22:
 858 0295 43434D52 		.ascii	"CCMR3\000"
 858      3300
 859              	.LASF8:
 860 029b 75696E74 		.ascii	"uint16_t\000"
 860      31365F74 
 860      00
 861              	.LASF9:
 862 02a4 75696E74 		.ascii	"uint32_t\000"
 862      33325F74 
 862      00
 863              	.LASF5:
 864 02ad 6C6F6E67 		.ascii	"long int\000"
 864      20696E74 
 864      00
 865              	.LASF2:
 866 02b6 6C6F6E67 		.ascii	"long double\000"
 866      20646F75 
 866      626C6500 
 867              	.LASF3:
 868 02c2 7369676E 		.ascii	"signed char\000"
 868      65642063 
 868      68617200 
 869              	.LASF14:
 870 02ce 5F426F6F 		.ascii	"_Bool\000"
 870      6C00
 871              	.LASF11:
 872 02d4 6C6F6E67 		.ascii	"long long unsigned int\000"
 872      206C6F6E 
 872      6720756E 
 872      7369676E 
 872      65642069 
 873              	.LASF23:
 874 02eb 43435852 		.ascii	"CCXR\000"
 874      00
 875              	.LASF41:
 876 02f0 73744765 		.ascii	"stGetAlarm\000"
 876      74416C61 
 876      726D00
ARM GAS  /tmp/cc01DHX8.s 			page 19


 877              		.text
 878              		.section	.gnu.lto_.profile.5b90e4966862334,"e",%progbits
 879 0000 789C6362 		.ascii	"x\234cb\000\001\000\000\022\000\003"
 879      00010000 
 879      120003
 880              		.text
 881              		.section	.gnu.lto_.icf.5b90e4966862334,"e",%progbits
 882 0000 789CD362 		.ascii	"x\234\323b@\000v\206y\375s\334\030/??~\210\211i\367"
 882      40007686 
 882      79FD73DC 
 882      182F3F3F 
 882      7E888969 
 883 0015 CEFE2D5C 		.ascii	"\316\376-\\\314\377\332\267\252\261\034\177\272\355"
 883      CCFFDAB7 
 883      AAB11C7F 
 883      BAED
 884 0023 2B0BEB8E 		.ascii	"+\013\353\216\257/\332\230\331\266\264.Y\306\305\000"
 884      AF2FDA98 
 884      D9B6B42E 
 884      59C6C500 
 885 0033 00ACA213 		.ascii	"\000\254\242\023\302"
 885      C2
 886              		.text
 887              		.section	.gnu.lto_.ipa_sra.5b90e4966862334,"e",%progbits
 888 0000 789C5364 		.ascii	"x\234Sd@\000v\006\006F\006FF\006f&F\020\227\221\231"
 888      40007606 
 888      06460646 
 888      46066626 
 888      46109791 
 889 0015 819105C2 		.ascii	"\201\221\005\302be`fc`f\000\000\010\271\000N"
 889      62656066 
 889      63606600 
 889      0008B900 
 889      4E
 890              		.text
 891              		.section	.gnu.lto_.inline.5b90e4966862334,"e",%progbits
 892 0000 789C858E 		.ascii	"x\234\205\216Q\012\2000\014C\223lV\360\232N\217!z\027"
 892      510A8030 
 892      0C43936C 
 892      56F09A4E 
 892      8F217A17 
 893 0014 0FE2D15C 		.ascii	"\017\342\321\\\247L\030\212\375j\323\227\020#\352\364"
 893      A74C188A 
 893      FD6AD397 
 893      1023EAF4 
 894 0024 405CF384 		.ascii	"@\\\363\204\231\020\260\345u\001\314%%\271\004\016\016"
 894      9910B0E5 
 894      7501CC25 
 894      25B9040E 
 894      0E
 895 0035 F2E652E6 		.ascii	"\362\346R\346T\336c\303\251\234\207&\022\334\203\233"
 895      54DE63C3 
 895      A99C8726 
 895      12DC839B 
 896 0045 6497A721 		.ascii	"d\227\247!\303oV\254\304\223\365Nv\277YV{}\365\301\011"
 896      C36F56AC 
 896      C493F54E 
ARM GAS  /tmp/cc01DHX8.s 			page 20


 896      76BF5956 
 896      7B7DF5C1 
 897 005a 23E3350E 		.ascii	"#\3435\016"
 898              		.text
 899              		.section	.gnu.lto_.jmpfuncs.5b90e4966862334,"e",%progbits
 900 0000 789C5362 		.ascii	"x\234Sb@\000v\020\301\310\300\300\304\310\310X\277\204"
 900      40007610 
 900      C1C8C0C0 
 900      C4C8C858 
 900      BF84
 901 0012 99819981 		.ascii	"\231\201\231\201\201\005\312de``\003J\002\000-7\002"
 901      8105CA64 
 901      65606003 
 901      4A02002D 
 901      3702
 902 0024 91       		.ascii	"\221"
 903              		.text
 904              		.section	.gnu.lto_.pureconst.5b90e4966862334,"e",%progbits
 905 0000 789C05C1 		.ascii	"x\234\005\301\001\021\000 \014\304\260\037\024\346\000"
 905      01110020 
 905      0CC4B01F 
 905      14E600
 906 000f EDBBAA25 		.ascii	"\355\273\252%yI:C\311\222-\310\221+\0372\332\004\203"
 906      79493A43 
 906      C9922DC8 
 906      912B1F32 
 906      DA0483
 907              		.text
 908              		.section	.gnu.lto_.lto.5b90e4966862334,"e",%progbits
 909 0000 09000400 		.ascii	"\011\000\004\000\001\000\000\000"
 909      01000000 
 910              		.text
 911              		.section	.gnu.lto_stInit.327.5b90e4966862334,"e",%progbits
 912 0000 789CEB65 		.ascii	"x\234\353e``(\002be fdf`\2344\261\213\211\241\241\241"
 912      60602802 
 912      62652066 
 912      6466609C 
 912      34B18B89 
 913 0017 C1819D89 		.ascii	"\301\201\235\211\261qb\027'\343VF0\217\221\241\236\211"
 913      B1716217 
 913      27E35646 
 913      308F91A1 
 913      9E89
 914 0029 B19E7132 		.ascii	"\261\236q2\263&\220\373c\351\353\013\033%\032V\034`"
 914      B32690FB 
 914      63E9EB0B 
 914      1B251A56 
 914      1C60
 915 003b 5CC2CCC0 		.ascii	"\\\302\314\3000\017\210\241\200\015\306c\004\342\365"
 915      300F88A1 
 915      800DC663 
 915      04E2F5
 916 004a 97580F34 		.ascii	"\227X\0174\374\371\337\337\320p\367\021\343<e\240x?"
 916      FCF9DFDF 
 916      D070F711 
 916      E33C65A0 
 916      783F
ARM GAS  /tmp/cc01DHX8.s 			page 21


 917 005c 33C8E806 		.ascii	"3\310\350\006\026\306\206\003\014\014\023\230\231 \234"
 917      16C68603 
 917      0C0C1398 
 917      99209C
 918 006b 4620E715 		.ascii	"F \347\025c\303\243\335\307\030\031>06+0\26402-af\234"
 918      63C3A3DD 
 918      C718193E 
 918      30362B30 
 918      B430322D 
 919 0082 C70C3464 		.ascii	"\307\0144d\0113\023\303'\306\246\007{\335\300\346\367"
 919      093313C3 
 919      27C6A607 
 919      7BDDC0E6 
 919      F7
 920 0093 3333220C 		.ascii	"33\"\014``\010\322\317\310\317M\325\317\313L\316\317"
 920      606008D2 
 920      CFC8CF4D 
 920      D5CFCB4C 
 920      CECF
 921 00a5 492C2E4E 		.ascii	"I,.NN\327O\316\214/I-.\321w\316\310L\312\364\017\326"
 921      4ED74FCE 
 921      8C2F492D 
 921      2ED177CE 
 921      C84CCAF4 
 922 00bb 4F49CDCD 		.ascii	"OI\315\315/\326\017\016\36156\322\017\012\321\0053\334"
 922      2FD60F0E 
 922      F13536D2 
 922      0F0AD105 
 922      33DC
 923 00cd 0C0D8C21 		.ascii	"\014\015\214!,C\003\327x\3270G\037]7\307\020\267`\335"
 923      2C4303D7 
 923      78D73047 
 923      1F5D37C7 
 923      10B760DD 
 924 00e1 D0602706 		.ascii	"\320`'\006Y==}\010\002\352\313H\314\321/.J\006\321\361"
 924      593D3D7D 
 924      0802EACB 
 924      48CCD12F 
 924      2E4A06D1 
 925 00f6 C5257AC9 		.ascii	"\305%z\311\014\000e\346V\001"
 925      0C0065E6 
 925      5601
 926              		.text
 927              		.section	.gnu.lto_stGetCounter.328.5b90e4966862334,"e",%progbits
 928 0000 789C5D4F 		.ascii	"x\234]O=H[Q\024>\337\273\211\311Xp\255\233\224\012&"
 928      3D485B51 
 928      143EDFBB 
 928      89C95870 
 928      AD9B940A 
 929 0015 37D1C1D5 		.ascii	"7\321\301\325hM\221\246\024\362b\301)\304gh\002IS|\241"
 929      684D91A6 
 929      14F262C1 
 929      29C46768 
 929      0249537C 
 930 002a ABB79122 		.ascii	"\253\267\221\"\004$M\\24\005Ct\020Ji\211h\324\226\320"
 930      04244D5C 
 930      32340543 
ARM GAS  /tmp/cc01DHX8.s 			page 22


 930      74104A69 
 930      8968D496 
 931 003f C94D28B8 		.ascii	"\311M(\2709\271\251\245\204\006\212\203`\317}O\027/"
 931      39B9A9A5 
 931      84068A83 
 931      60CF7D4F 
 931      172F
 932 0051 F79EFB7D 		.ascii	"\367\236\373}\347\347;\347L\200h\233\210\036\361\203"
 932      E7E73BE7 
 932      4C80689B 
 932      881EF183 
 933 0061 20D4AA65 		.ascii	" \324\252e\203\224R\223>\003\357\252\345\343F\333\203"
 933      83945293 
 933      3E03EFAA 
 933      E5E346DB 
 933      83
 934 0072 5D380ED0 		.ascii	"]8\016\320\262\201e\254\213\217\0025\321\342d\343\026"
 934      B28165AC 
 934      8B8F0235 
 934      D1E264E3 
 934      16
 935 0083 010F46BA 		.ascii	"\001\017F\272J]m^\366:\243_W\336?n\011\203>q\302\016"
 935      4A5D6D5E 
 935      F63AA35F 
 935      57DE3F6E 
 935      09833E71 
 936 0099 D0E606FA 		.ascii	"\320\346\006\372\014\220\366p\023\256q0\260\007\322"
 936      0C90F670 
 936      13AE7130 
 936      B007D2
 937 00a8 84C5AF7E 		.ascii	"\204\305\257~op\366.\330\253\023\321q\202\272\362\313"
 937      6F70F62E 
 937      D8AB13D1 
 937      7182BAF2 
 937      CB
 938 00b9 2F6F575D 		.ascii	"/oW]\337T\224\272y\370\343\364\237\337cPK\010\301\306"
 938      DF5494BA 
 938      79F8E3F4 
 938      9FDF6350 
 938      4B08C1C6 
 939 00cd 4354117A 		.ascii	"CT\021zT\345\201\352\022}\020\206KV\230\\@5}\332\366"
 939      54E581EA 
 939      127D1086 
 939      4B56985C 
 939      40357DDA 
 940 00e2 3F57EAFD 		.ascii	"?W\352\375\243AV\324\354\254\321\257\003\373\240?\370"
 940      A34156D4 
 940      ECACD1AF 
 940      03FBA03F 
 940      F8
 941 00f3 79783EDC 		.ascii	"yx>\334\024w\033x\235Q\\\344\2500\333\002w\031\300!"
 941      14771B78 
 941      9D515CE4 
 941      A830DB02 
 941      7719C021 
 942 0107 70000A6D 		.ascii	"p\000\012m(\345o\011\037\276\243!\234\011Y\243t\275"
 942      28E56F09 
ARM GAS  /tmp/cc01DHX8.s 			page 23


 942      1FBEA321 
 942      9C0959A3 
 942      74BD
 943 0119 7A82A610 		.ascii	"z\202\246\020\254C\177Q\352\265\327\276=\345-\330\243"
 943      AC437F51 
 943      EAB5D7BE 
 943      3DE52DD8 
 943      A3
 944 012a 37AE0857 		.ascii	"7\256\010W\012\245\256\246q\231)\344\323\362u\326*\344"
 944      0AA5AEA6 
 944      719929E4 
 944      D3F275D6 
 944      2AE4
 945 013c 52B66DBD 		.ascii	"R\266m\275\222V6YL\333E9\235\311.d_\230r1\235/\330\322"
 945      92563659 
 945      4CDB4539 
 945      9DC92E64 
 945      5F987231 
 946 0154 4C3C1F1F 		.ascii	"L<\037\037\223\361D\300\001\321ph\334E\341\320Lr\346"
 946      93F144C0 
 946      01D17068 
 946      DC45E1D0 
 946      4C72E6
 947 0167 65241688 		.ascii	"e$\026\210F\022Q30gN\321P0(\335\313u\231TN\332K\226"
 947      46125133 
 947      30674ED1 
 947      503028DD 
 947      CB759954 
 948 017f FE937631 		.ascii	"\376\223v1h\321\304\375\350\233\302R\361N?\026{\"\315"
 948      68D1C4FD 
 948      E89BC252 
 948      F14E3F16 
 948      7B22CD
 949 0192 7933313B 		.ascii	"y31;\375\354m\370\266&\231\313-\0063\364\037\213X\232"
 949      FDEC6DF8 
 949      B62699CB 
 949      2D0633F4 
 949      1F8B589A 
 950 01a6 9D       		.ascii	"\235"
 951              		.text
 952              		.section	.gnu.lto_stStartAlarm.329.5b90e4966862334,"e",%progbits
 953 0000 789C8D52 		.ascii	"x\234\215RKh\023A\030\236o\247yxRz\220\036T\212\017"
 953      4B681341 
 953      189E6FA7 
 953      7978527A 
 953      901E548A 
 954 0015 7C40B249 		.ascii	"|@\262I\213\030o\326\332\210\030\021\272Q\360\024\322"
 954      8B186FD6 
 954      DA881811 
 954      BA51F014 
 954      D2
 955 0026 6D3481C4 		.ascii	"m4\201\304H7x\361\320q\013\012\001\211\255\036\004\253"
 955      483778F1 
 955      D0710B0A 
 955      0189AD1E 
 955      04AB
 956 0038 60592537 		.ascii	"`Y%7O\215F\033]\253%7\021\321\203z\260\364$\025\332"
ARM GAS  /tmp/cc01DHX8.s 			page 24


 956      4F8D461B 
 956      5DAB2537 
 956      11D1837A 
 956      B0F42415 
 957 004d D04069A0 		.ascii	"\320@i\240\022gf\223\0129\271\354\314\377\230\377\373"
 957      12676693 
 957      0A39B9EC 
 957      CCFF98FF 
 957      FB
 958 005e BEF97F26 		.ascii	"\276\371\177&\256\020\262@\010\331\307\027(\301\324"
 958      AE10B240 
 958      08D9C717 
 958      28C1D4
 959 006d 645E218C 		.ascii	"d^!\214\261\023\036\0057'\363\333P\206\214@\306\025"
 959      B1131E05 
 959      3727F3DB 
 959      50868C40 
 959      C615
 960 007f 8CE31E3D 		.ascii	"\214\343\036=\314\303\215\247\277k\225\036V\264aQB\036"
 960      CCC38DA7 
 960      BF6B951E 
 960      56B46151 
 960      421E
 961 0091 F325BF69 		.ascii	"\363%\277i\212)jQ@iy\012vp\217\032\344\240\315\330\247"
 961      8A296A51 
 961      4069790A 
 961      76708F1A 
 961      E4A0CDD8 
 962 00a6 4A893117 		.ascii	"J\2111\027\261(\305\013p\014J\300,\210H\334X\355\"\304"
 962      B128C50B 
 962      700C4AC0 
 962      2C8848DC 
 962      58ED22C4 
 963 00ba DD620287 		.ascii	"\335b\002\207H\037x\005\301)\300\033s\371\345\362\376"
 963      481F7805 
 963      C129C01B 
 963      73F9E5F2 
 963      FE
 964 00cb D2043BD4 		.ascii	"\322\004;\324\306\243\205\307k\010\206\206\213W\036"
 964      C6A385C7 
 964      6B088686 
 964      8B571E
 965 00da 1095DF6F 		.ascii	"\020\225\337o\255\276\307Cf\233\275\235R\274\324\271"
 965      ADBEC743 
 965      669BBD9D 
 965      52BCD4B9 
 966 00ea A55BF4F0 		.ascii	"\245[\364\360'\2109\236+\013.!\216\212\024\024%\317"
 966      2788399E 
 966      2B0B2E21 
 966      8E8A1414 
 966      25CF
 967 00fc 3FBB6CB6 		.ascii	"?\273l\266\331,0\326\334\363q\272\351\345\263\300K>"
 967      D92C30D6 
 967      DCF371BA 
 967      E9E5B3C0 
 967      4B3E
 968 010e 1D8BF27B 		.ascii	"\035\213\362{\026\250\230\017\353\002\263\011\271K\025"
ARM GAS  /tmp/cc01DHX8.s 			page 25


 968      16A8980F 
 968      EB02B309 
 968      B94B15
 969 011d 2798E0C1 		.ascii	"'\230\340\3012\330R\275\012a\367nmK\353\036n\314^.6"
 969      32D852BD 
 969      0A61F76E 
 969      6D4BEB1E 
 969      6ECC5E2E 
 970 0132 431591A9 		.ascii	"C\025\221\2517\356\177\251/vs=y\376\255\376\000x\003"
 970      37EE7FA9 
 970      2F76733D 
 970      79FEADFE 
 970      007803
 971 0145 B20273F3 		.ascii	"\262\002s\363\366W:C\251\250[\301|-\277@[\203t\201l"
 971      F6573A43 
 971      A9A85BC1 
 971      7C2DBF40 
 971      5B837481 
 972 015a 79528F47 		.ascii	"yR\217G\317\300\357\343\206\015\274\225\247\201'\214"
 972      CFC0EFE3 
 972      860DBC95 
 972      A781278C 
 973 016a FDDA6E51 		.ascii	"\375\332nQ\017\336\341\021\225\375\364\361Tq\247E\275"
 973      0FDEE111 
 973      95FDF4F1 
 973      5471A745 
 973      BD
 974 017b 98078EC8 		.ascii	"\230\007\216\310\024\247\227\252?\352=Bc\255\270\253"
 974      14A797AA 
 974      3FEA3D42 
 974      63ADB8AB 
 975 018b 93AACDE3 		.ascii	"\223\252\315\343\305\007\316\003\001\022\302^8\015\376"
 975      C507CE03 
 975      0112C25E 
 975      380DFE
 976 019a FC0F6095 		.ascii	"\374\017`\225\003\225\177@\321\265Y\233\275\263^\025"
 976      03957F40 
 976      D1B5599B 
 976      BDB35E15 
 977 01aa CF494C9D 		.ascii	"\317IL\235\254\301\\l\234\226\257\246@\235\226`\332"
 977      ACC15C6C 
 977      9C96AFA6 
 977      409D9660 
 977      DA
 978 01bb 221C5693 		.ascii	"\"\034V\223\331LB\275\232\322\263\351\270a\350WT=\025"
 978      D94C42BD 
 978      9AD2B3E9 
 978      B861E857 
 978      543D15
 979 01ce CB258C9C 		.ascii	"\313%\214\234:\230L\215\244\316k\352h\"\2235T-z\256"
 979      3A984C8D 
 979      A4CE6BEA 
 979      68229335 
 979      542D7AAE 
 980 01e2 BF4F1D8E 		.ascii	"\277O\035\216\372\244\023\016\006\372\035/\030\030\212"
 980      FAA4130E 
 980      06FA1D2F 
ARM GAS  /tmp/cc01DHX8.s 			page 26


 980      18188A
 981 01f1 0D5D1C88 		.ascii	"\015]\034\210\370\302\003\321\260\346\273\240\235$\273"
 981      F8C203D1 
 981      B0E6BBA0 
 981      9D24BB
 982 0200 FD7ED5F9 		.ascii	"\375~\325\3719.\031O\253\306\230.l\314\310\371u\342"
 982      392E194F 
 982      ABC6982E 
 982      6CCCC8F9 
 982      75E2
 983 0212 898F18B9 		.ascii	"\211\217\030\271T&\321\335\316\370C\227\003GCz\3508"
 983      5426D1DD 
 983      CEF84397 
 983      0347437A 
 983      E838
 984 0224 39D609BC 		.ascii	"9\326\011\274\226\035\313\265\245#\221S\252vI\213\236"
 984      961DCBB5 
 984      A5239153 
 984      AA76498B 
 984      9E
 985 0235 193C7B3D 		.ascii	"\031<{=\330\242\213\245\323\243\376$\371\013\361`\003"
 985      D8A28BA5 
 985      D3A3FE24 
 985      F90BF160 
 985      03
 986 0246 29       		.ascii	")"
 987              		.text
 988              		.section	.gnu.lto_stStopAlarm.330.5b90e4966862334,"e",%progbits
 989 0000 789CE361 		.ascii	"x\234\343ad`X\305\300\300\240\014\304\214\314\014\214"
 989      646058C5 
 989      C0C0A00C 
 989      C48CCC0C 
 989      8C
 990 0011 93267631 		.ascii	"\223&v114448\260316N\354\342d\334\312\010\34612\324"
 990      31343434 
 990      38B03331 
 990      364EECE2 
 990      64DCCA08 
 991 0029 3331D633 		.ascii	"31\3263Nf\326\004r\177,}}\341\242D\303\212\003\214K"
 991      4E66D604 
 991      727F2C7D 
 991      7DE1A244 
 991      C38A038C 
 992 003e 981918E6 		.ascii	"\230\031\030\346\0011\024\260Ay\214s\230\031\301lF\306"
 992      013114B0 
 992      41798C73 
 992      9819C16C 
 992      46C6
 993 0050 6D8C0C20 		.ascii	"m\214\014 \016H\327q#\006\240q@A\220:\306\355`9\240"
 993      0E48D771 
 993      2306A071 
 993      4041903A 
 993      C6ED6039 
 994 0065 F50CEB2F 		.ascii	"\365\014\353/\261\036h\370\363\277\277\241\341\275\306"
 994      B11E68F8 
 994      F3BFBFA1 
 994      E1BDC6
ARM GAS  /tmp/cc01DHX8.s 			page 27


 995 0074 8E39CB38 		.ascii	"\2169\3138\201&\3643\203\034\321\300\302\330p\200\201"
 995      8126F433 
 995      831CD1C0 
 995      C2D87080 
 995      81
 996 0085 61023313 		.ascii	"a\0023\023\204\323\014\344\274blx4\377\024#\210\376"
 996      84D30CE4 
 996      BC626C78 
 996      34FF1423 
 996      88FE
 997 0097 BCB67FCA 		.ascii	"\274\266\177\312\267\007B@\223\300\242\263\277\315`"
 997      B7074240 
 997      93C0A2B3 
 997      BFCD60
 998 00a6 64DCC1C8 		.ascii	"d\334\301\310\360\216\361\320\247\025\342@K'1/\001:"
 998      F08EF1D0 
 998      A715E240 
 998      4B27312F 
 998      013A
 999 00b8 8001CE02 		.ascii	"\200\001\316\002\033\002\344-cdX\302\314\304\270\213"
 999      1B02E42D 
 999      636458C2 
 999      CCC4B88B 
 1000 00c8 91712723 		.ascii	"\221q'#\203\301\302\206\206\027\374K\230\231\031w3\316"
 1000      83C1C286 
 1000      8617FC4B 
 1000      98991977 
 1000      33CE
 1001 00da 6506BB0B 		.ascii	"e\006\273\013\244\032\350H\206O\214M\037\266\366n8\305"
 1001      A41AE848 
 1001      864F8C4D 
 1001      1FB6F66E 
 1001      38C5
 1002 00ec 017435D8 		.ascii	"\001t5\330{\375\314\0203\030\233\016\200\270A\372\031"
 1002      7BFDCC10 
 1002      33189B0E 
 1002      80B841FA 
 1002      19
 1003 00fd F9B9A9FA 		.ascii	"\371\271\251\372y\231\311\3719\211\305\305\311\351\372"
 1003      7999C9F9 
 1003      3989C5C5 
 1003      C9E9FA
 1004 010c C999F125 		.ascii	"\311\231\361%\251\305%\372\316\031\231I\231\376\301"
 1004      A9C525FA 
 1004      CE199949 
 1004      99FEC1
 1005 011b FA29A9B9 		.ascii	"\372)\251\271\371\305\372\301!\276\306F\372A!\272`\206"
 1005      F9C5FAC1 
 1005      21BEC646 
 1005      FA4121BA 
 1005      6086
 1006 012d 9BA18131 		.ascii	"\233\241\2011\204eh\340\032\357\032\346\350\243\353"
 1006      846568E0 
 1006      1AEF1AE6 
 1006      E8A3EB
 1007 013c E618E216 		.ascii	"\346\030\342\026\254\033\032\354\304 \253\247\247\017"
 1007      AC1B1AEC 
ARM GAS  /tmp/cc01DHX8.s 			page 28


 1007      C420ABA7 
 1007      A70F
 1008 014a 41407D19 		.ascii	"A@}\031\2119\372\305E\311 :\276\270D/\231\301\034]\266"
 1008      8939FAC5 
 1008      45C9203A 
 1008      BEB8442F 
 1008      99C11C5D 
 1009 015f 20BFA804 		.ascii	" \277\250\004f\276\217\217\213~pdp\210\247\263w\231"
 1009      66BE8F8F 
 1009      8B7E7064 
 1009      7088A7B3 
 1009      7799
 1010 0171 21544F7C 		.ascii	"!TO|NN\212^\006\003\000\310<\216\004"
 1010      4E4E8A5E 
 1010      060300C8 
 1010      3C8E04
 1011              		.text
 1012              		.section	.gnu.lto_stSetAlarm.331.5b90e4966862334,"e",%progbits
 1013 0000 789C5D51 		.ascii	"x\234]QAh\023Q\020\235\267\277I\254\027\245\007\361"
 1013      41681351 
 1013      109DB7BF 
 1013      49AC17A5 
 1013      07F1
 1014 0012 221445D4 		.ascii	"\"\024E\324B\262I\213\030\301\203\2656\240F\204n\024"
 1014      42B2498B 
 1014      18C183B5 
 1014      36A04684 
 1014      6E14
 1015 0024 3C85741B 		.ascii	"<\205t\033\233@b\244\033\274x\3507\005\205\200\304V"
 1015      9B4062A4 
 1015      1BBC78E8 
 1015      37058580 
 1015      C456
 1016 0036 0F8255B0 		.ascii	"\017\202U\260\254R\024\324K\2525U\327B.\305\203\210"
 1016      AC5214D4 
 1016      4BAA3555 
 1016      D7422EC5 
 1016      8388
 1017 0048 4154A8A5 		.ascii	"AT\250\245'Q\250U\241T(\350\374M\322C\227\375\177\346"
 1017      2751A855 
 1017      A15428E8 
 1017      FC4DD243 
 1017      97FD7FE6 
 1018 005c CD9F376F 		.ascii	"\315\2377o\376\374\237 \252\022\321.^\020\204\261\321"
 1018      FEFC9F20 
 1018      AA12D12E 
 1018      5E1084B1 
 1018      D1
 1019 006d A24652CA 		.ascii	"\242FR\312\303>\015\227G\213\255\230\206\213@\303\032"
 1019      C33E0D97 
 1019      478BAD98 
 1019      868B40C3 
 1019      1A
 1020 007e 867143EC 		.ascii	"\206qC\354c\270z\377\307\323\332v9\351\300\026Dwy\271"
 1020      63B87AFF 
 1020      C7D3DA76 
 1020      39E9C016 
ARM GAS  /tmp/cc01DHX8.s 			page 29


 1020      447779B9 
 1021 0092 DFB8C098 		.ascii	"\337\270\300\230\260\005\2405<\015[\331\023\026\355"
 1021      B005A035 
 1021      3C0D5BD9 
 1021      1316ED
 1022 00a1 71A47C57 		.ascii	"q\244|W\231\222\322C\266\020x\006\346`\012(\263:\007"
 1022      9992D243 
 1022      B6107806 
 1022      E6600A28 
 1022      B33A07
 1023 00b4 2E555B88 		.ascii	".U[\210\274\215J`\212\353\003/\240j*\362\352L\361a\345"
 1023      BC8D4A60 
 1023      8AEB032F 
 1023      A06A2AF2 
 1023      EA4CF161 
 1024 00c9 507944EE 		.ascii	"PyD\356m\362\321\340\243\002U\241\346\341\314\335*\363"
 1024      6DF2D1E0 
 1024      A30255A1 
 1024      E6E1CCDD 
 1024      2AF3
 1025 00db F3954755 		.ascii	"\363\225GU\334\226N\241}\243\024\247\326\273\364\252"
 1025      DC964EA1 
 1025      7DA314A7 
 1025      D6BBF4AA 
 1026 00eb 3B7CECC4 		.ascii	";|\354\304\014\307\246U-%\216\227\256\240Jy\362\336"
 1026      0CC7A655 
 1026      2D258E97 
 1026      AEA04A79 
 1026      F2DE
 1027 00fd E3C8B57F 		.ascii	"\343\310\265\177%)\277v\274\035\177\334\352\321\200"
 1027      2529BF76 
 1027      BC1D7FDC 
 1027      EAD180
 1028 010c E73C1D5B 		.ascii	"\347<\035[p\237%\241\346#[ \035\242\353B\253\203\021"
 1028      709F25A1 
 1028      E6235B20 
 1028      1DA2EB42 
 1028      AB8311
 1029 011f 06DF2117 		.ascii	"\006\337!\027\277\314A\331\235\353\333\342\374f6\205"
 1029      BFCC41D9 
 1029      9DEBDBE2 
 1029      FC663685 
 1030 012f 76169B10 		.ascii	"v\026\233\020\232\212\374\371{\363\303\312B\033\353"
 1030      9A8AFCF9 
 1030      7BF3C3CA 
 1030      421BEB
 1031 013e B9E79F56 		.ascii	"\271\347\237Vn\001\257@K(\254]\255\211\011!T\336\022"
 1031      6E01AF40 
 1031      4B28AC5D 
 1031      AD890921 
 1031      54DE12
 1032 0151 66978B55 		.ascii	"f\227\213U\321\030\244\007\264\356\271z\214\036\200"
 1032      D118A407 
 1032      B4EEB97A 
 1032      8C1E80
 1033 0160 FBF1C201 		.ascii	"\373\361\302\001^\273\247\301{R~\333b\013\037\336\340"
 1033      5EBBA7C1 
ARM GAS  /tmp/cc01DHX8.s 			page 30


 1033      7B527EDB 
 1033      620B1FDE 
 1033      E0
 1034 0171 8E70EFD3 		.ascii	"\216p\357\323\311\241\311m\266\330\204Y\240\303\015"
 1034      C9A1C96D 
 1034      B6D88459 
 1034      A0C30D
 1035 0180 7179D5CE 		.ascii	"qy\325\316r\371\332\374\234z\\5\003\372\215\302\302"
 1035      72F9DAFC 
 1035      9C7A5C35 
 1035      03FA8DC2 
 1035      C2
 1036 0191 AFE3EE1B 		.ascii	"\257\343\356\033\226D]\000\005G\301>=\225\313&\365\363"
 1036      96445D00 
 1036      0547C13E 
 1036      3D95CB26 
 1036      F5F3
 1037 01a3 69339749 		.ascii	"i3\227IX\2269\250\233\351x>i\345\365\236T\272?}\312"
 1037      589639A8 
 1037      9BE9783E 
 1037      69E5F59E 
 1037      54BA3F7D 
 1038 01b8 D00792D9 		.ascii	"\320\007\222\331\234\245\033\261\223]\235z_\314\357"
 1038      9CA51BB1 
 1038      935D9D7A 
 1038      5FCCEF
 1039 01c7 3A9150B0 		.ascii	":\221P\260\253\356\205\202\275\361\3363\335Q\177\244"
 1039      ABEE8582 
 1039      BDF1DE33 
 1039      DD517FA4 
 1040 01d7 3B1631FC 		.ascii	";\0261\374\247\215#\264#\020\320\353?\363R\211\214n"
 1040      A78D23B4 
 1040      2310D0EB 
 1040      3FF35289 
 1040      8C6E
 1041 01e9 0D99CAC6 		.ascii	"\015\231\312\306\255|\300$_\242\337\312\247\263\311"
 1041      AD7CC024 
 1041      5FA2DFCA 
 1041      A7B3C9
 1042 01f8 B6662410 		.ascii	"\266f$\020>\027\334\0376\303\007\351\300F\342\205\334"
 1042      3E17DC1F 
 1042      36C307E9 
 1042      C046E285 
 1042      DC
 1043 0209 50BE291D 		.ascii	"P\276)\035\215\036\325\215\263F\354X\317\211\213\241"
 1043      8D1ED58D 
 1043      B346EC58 
 1043      CF898BA1 
 1044 0219 46B97826 		.ascii	"F\271x&3\020H\321\177Gk\336\013"
 1044      331048D1 
 1044      7F476BDE 
 1044      0B
 1045              		.text
 1046              		.section	.gnu.lto_stGetAlarm.332.5b90e4966862334,"e",%progbits
 1047 0000 789C5D50 		.ascii	"x\234]PMh\023Q\020\236o'\375\021/\202\347^D\254-M^\322"
 1047      4D681351 
 1047      109E6F27 
ARM GAS  /tmp/cc01DHX8.s 			page 31


 1047      FD112F82 
 1047      E75E44AC 
 1048 0018 1EBC5A6B 		.ascii	"\036\274Zk\003\322\024\241\233\012\236B\334\006\023"
 1048      03D214A1 
 1048      9B0A9E42 
 1048      DC0613
 1049 0027 488D7483 		.ascii	"H\215t\203\327>SD(\2244\355E\260\006\032VQ\251\250\020"
 1049      D73E5344 
 1049      289434ED 
 1049      45B0061A 
 1049      5651A9A8 
 1050 003c AD3F5582 		.ascii	"\255?U\202'\301\213\010\036<\011\275T\024D\024\264\207"
 1050      27C18B08 
 1050      1E3C09BD 
 1050      54144414 
 1050      B487
 1051 004e 409DF7B6 		.ascii	"@\235\367\266\355\241\313\356\233\371\276\231\371\276"
 1051      EDA1CBEE 
 1051      9BF9BE99 
 1051      F9BE
 1052 005c 799B05D1 		.ascii	"y\233\005\321C\":!\037\230\260T\233wHk}\272\313\301"
 1052      43223A21 
 1052      1F98B054 
 1052      9B77486B 
 1052      7DBACBC1 
 1053 0070 F5DAFCCE 		.ascii	"\365\332\374\316Z3\202uX\0024\353`\026\313\274\302X"
 1053      5A338275 
 1053      580234EB 
 1053      6016CBBC 
 1053      C258
 1054 0082 E2409A9D 		.ascii	"\342@\232\235\335\0148\322\327\322z\373\356\217'_\006"
 1054      DD0C38D2 
 1054      D7D27AFB 
 1054      EE8F275F 
 1054      06
 1055 0093 9ECEDD38 		.ascii	"\236\316\3358\031\260Cuix\0064\305\300<\235d\0301\221"
 1055      19B04375 
 1055      69780634 
 1055      C5C03C9D 
 1055      64183191 
 1056 00a7 199B032F 		.ascii	"\031\233\003/@\006\210\370\366VC\272\327!\254i\304K"
 1056      400688F8 
 1056      F65643BA 
 1056      D721AC69 
 1056      C44B
 1057 00b9 5B34938F 		.ascii	"[4\223\217?u\264t{\247\252\365\327\201\215\225\347\207"
 1057      3F75B474 
 1057      7BA7AAF5 
 1057      D7818D95 
 1057      E787
 1058 00cb 220E05CC 		.ascii	"\"\016\005\314,G\204\250\312fU\035\201n\021-\262\023"
 1058      2C4784A8 
 1058      CA66551D 
 1058      816E112D 
 1058      B213
 1059 00dd 823901DF 		.ascii	"\2029\001\337\2417o\177\200\211\307\366\217\315\372"
 1059      A1376F7F 
ARM GAS  /tmp/cc01DHX8.s 			page 32


 1059      8089C7F6 
 1059      8FCDFA
 1060 00ec 6113FE3C 		.ascii	"a\023\376<\252\266\377\276?*&\226\254\375\273\005\274"
 1060      AAB6FFBE 
 1060      3F2A2696 
 1060      ACFDBB05 
 1060      BC
 1061 00fd 02FDC4BB 		.ascii	"\002\375\304\273\217\017z\033\274w\251\016\273]\230"
 1061      8F0F7A1B 
 1061      BC77A90E 
 1061      BB5D98
 1062 010c 596141F7 		.ascii	"YaA\367 \306\235\330\000^\333j|U\353o\307\003\356\302"
 1062      20C69DD8 
 1062      005EDB6A 
 1062      7C55EB6F 
 1062      C703EEC2 
 1063 0120 1BDC61BB 		.ascii	"\033\334a\273\370\240P\367{\003\356\306[\240\337R\""
 1063      F8A050F7 
 1063      7B03EEC6 
 1063      5BA0DF52 
 1063      22
 1064 0131 5D69DFFC 		.ascii	"]i\337\374\214\006\263\310\323oT~5\027\352cr_a\314\277"
 1064      8C06B3C8 
 1064      D36F547E 
 1064      3517EA63 
 1064      725F61CC 
 1065 0146 A972E880 		.ascii	"\251r\350\200J\313\300\011\225/M\347\324\225\202W*f"
 1065      4ACBC009 
 1065      952F4DE7 
 1065      D4958257 
 1065      2A66
 1066 0158 7DDFBBAC 		.ascii	"}\337\273\254\274B\246\234\363\313j$_\270T8\357\252"
 1066      BC42A69C 
 1066      F3CB6A24 
 1066      5FB85438 
 1066      EFAA
 1067 016a A9DC74C9 		.ascii	"\251\334t\311Wnz|hPM\244\2436I&\342Ca\226\210\217fF"
 1067      576E7A7C 
 1067      68504DA4 
 1067      A3364926 
 1067      E2436196 
 1068 0182 2F0CA7A2 		.ascii	"/\014\247\242\311\341t\322\215N\272g\250'\026S\341+"
 1068      C9E174D2 
 1068      8D4EBA67 
 1068      A8271653 
 1068      E12B
 1069 0194 73F96C51 		.ascii	"s\371lQ\3713\236\211\031\277\034\363\350\324\301\352"
 1069      F9339E89 
 1069      19BF1CF3 
 1069      E8D4C1EA 
 1070 01a4 D5D24C79 		.ascii	"\325\322LyO?\225:\253\334\213n\372\334\310\330\265\304"
 1070      4F3F953A 
 1070      ABDC8B6E 
 1070      FADCC8D8 
 1070      B5C4
 1071 01b6 EE4CA658 		.ascii	"\356L\246X\234\212\345\351?&G\250\302"
 1071      9C8AE5E9 
ARM GAS  /tmp/cc01DHX8.s 			page 33


 1071      3F2647A8 
 1071      C2
 1072              		.text
 1073              		.section	.gnu.lto_stIsAlarmActive.333.5b90e4966862334,"e",%progbits
 1074 0000 789C5D4F 		.ascii	"x\234]OMK[A\024\275\347\315\363\243[Wn\212;\241\213"
 1074      4D4B5B41 
 1074      14BDE7CD 
 1074      F3A35B57 
 1074      6E8A3BA1 
 1075 0015 BC499A85 		.ascii	"\274I\232\205\333\372\025(F\012\276Tp\025\35434\201"
 1075      DBFA1528 
 1075      460ABE54 
 1075      7015EC33 
 1075      3481
 1076 0027 688A2F74 		.ascii	"h\212/t\3534.\004\241\244*\024\021\025\372\210\245\026"
 1076      EB342E04 
 1076      A1A42A14 
 1076      1115FA88 
 1076      A516
 1077 0039 FC5868AB 		.ascii	"\374Xh\253U\341\321\237 \270\021E\351Ri+\012\352\242"
 1077      55E1D19F 
 1077      20B81145 
 1077      E952692B 
 1077      0AEAA2
 1078 004c 60EFCCB3 		.ascii	"`\357\314\263\233\0163w\3569w\356\271g:@\364\231\210"
 1078      9B0E3377 
 1078      EE3977EE 
 1078      B9673A40 
 1078      F49988
 1079 005f 5AF94010 		.ascii	"Z\371@\020\246\247&-RJ=i\260\360fj\362\367\352\206\215"
 1079      A6A7262D 
 1079      524A3D69 
 1079      B0F0666A 
 1079      F2F7EA86 
 1080 0074 4D180234 		.ascii	"M\030\0024fa\0143\342Q\250\324\355\322\371\372q\363"
 1080      66610C33 
 1080      E251A8D4 
 1080      EDD2F9FA 
 1080      71F3
 1081 0086 DCA71035 		.ascii	"\334\247\0205A\264\310\235I\304\311\254z\203Yn^\300"
 1081      41B4C89D 
 1081      49C4C9AC 
 1081      7A83596E 
 1081      5EC0
 1082 0098 E4C01790 		.ascii	"\344\300\027\220\006,s{\035\360\333M0\253\037\342\253"
 1082      062C737B 
 1082      1DF0DB4D 
 1082      30AB1FE2 
 1082      AB
 1083 00a9 29B2095A 		.ascii	")\262\011Z\333\257\013\325\237\273\252R'\316\356\321"
 1083      DBAF0BD5 
 1083      9FBBAA52 
 1083      27CEEED1 
 1084 00b9 CE833A8B 		.ascii	"\316\203:\213j\202-q\260I\017\241\252\320\316\224\015"
 1084      6A822D71 
 1084      B0490FA1 
 1084      AAD0CE94 
ARM GAS  /tmp/cc01DHX8.s 			page 34


 1084      0D
 1085 00ca 1512BD13 		.ascii	"\025\022\275\023V\004\306\031\234A\005\015:^\255T\267"
 1085      5604C619 
 1085      9C41050D 
 1085      3A5EAD54 
 1085      B7
 1086 00db 6E4E9B58 		.ascii	"nN\233XV\243\037{7\263\300\026\350\027\276\357.\267"
 1086      56A31F7B 
 1086      37B3C016 
 1086      E817BEEF 
 1086      2EB7
 1087 00ed 04C26217 		.ascii	"\004\302b\027\323\242&,\343'\312\214\012\243\217\340"
 1087      D3A2262C 
 1087      E327CA8C 
 1087      0AA38FE0 
 1088 00fd 2902DF80 		.ascii	")\002\337\200mP\374\203R\2155ac\007\013\302\330d\215"
 1088      6D50FC83 
 1088      528D3561 
 1088      63070BC2 
 1088      D8648D
 1089 0110 F1F7133F 		.ascii	"\361\367\023?\355@\010\326\321\255\200\245\311\375\211"
 1089      ED4008D6 
 1089      D1AD80A5 
 1089      C9FD89
 1090 011f 030442F3 		.ascii	"\003\004B\363\021It\211\312\305\306\333\303\036\376"
 1090      11497489 
 1090      CAC5C6DB 
 1090      C31EFE
 1091 012e 2617C838 		.ascii	"&\027\3108\217\306\240\022j\330'\363\245\341\234\034"
 1091      8FC6A012 
 1091      6AD827F3 
 1091      A5E19C1C 
 1092 013e 2978A5E2 		.ascii	")x\245\342\240\357{/\245W\310\226s~Yv\346\013/\012\317"
 1092      A0EF7B2F 
 1092      A557C896 
 1092      737E5976 
 1092      E60B2F0A 
 1093 0153 5C39941B 		.ascii	"\\9\224\033.\371\322\315\364&\037\313\276L\314$\251"
 1093      2EF9D2CD 
 1093      F4261FCB 
 1093      BE4CCC24 
 1093      A9
 1094 0164 443C1965 		.ascii	"D<\031e\211xw\266\273\277=\035K\265gRn\354\271\333A"
 1094      897877B6 
 1094      BBBF3D1D 
 1094      4BB56752 
 1094      6EECB9DB 
 1095 0179 0F1D4746 		.ascii	"\017\035GF\233\373\362\203E\351\217z\372\316\372e\307"
 1095      9BFBF283 
 1095      45E98F7A 
 1095      FACEFA65 
 1095      C7
 1096 018a A3B6FFAB 		.ascii	"\243\266\377\253\257J\243\345\177\372\351t\227t\007"
 1096      AF4AA3E5 
 1096      7FFAE974 
 1096      977407
 1097 0199 DCCCD3CE 		.ascii	"\334\314\323\316\236\327\211\373\236l\2618\344\344\351"
ARM GAS  /tmp/cc01DHX8.s 			page 35


 1097      9ED789FB 
 1097      9E6CB138 
 1097      E4E4E9
 1098 01a8 2F55E09D 		.ascii	"/U\340\235\245"
 1098      A5
 1099              		.text
 1100              		.section	.gnu.lto_.symbol_nodes.5b90e4966862334,"e",%progbits
 1101 0000 789C75CF 		.ascii	"x\234u\317I\001\2000\014D\321\311\264P\031\230\301\327"
 1101      49018030 
 1101      0C44D1C9 
 1101      B4501998 
 1101      C1D7
 1102 0012 1407E8C1 		.ascii	"\024\007\350\301\000{\315 \200\375\232\177}\231C\016"
 1102      007BCD20 
 1102      80FD9A7F 
 1102      7D99430E 
 1103 0022 DC71A490 		.ascii	"\334q\244\220\357\242\365\005\0200\344\316`xq\242\314"
 1103      EFA2F505 
 1103      1030E4CE 
 1103      607871A2 
 1103      CC
 1104 0033 C599A28B 		.ascii	"\305\231\242\213\013\025\\\\\251\350\342FU.\356T\355"
 1104      0B155C5C 
 1104      A9E8E246 
 1104      552EEE54 
 1104      ED
 1105 0044 A1152A9D 		.ascii	"\241\025*\235\177\315{\200\347\265G\003\3227kq\001\303"
 1105      7FCD7B80 
 1105      E7B54703 
 1105      D2376B71 
 1105      01C3
 1106 0056 F9401E   		.ascii	"\371@\036"
 1107              		.text
 1108              		.section	.gnu.lto_.refs.5b90e4966862334,"e",%progbits
 1109 0000 789C6364 		.ascii	"x\234cd\000\002\000\000\012\000\002"
 1109      00020000 
 1109      0A0002
 1110              		.text
 1111              		.section	.gnu.lto_.decls.5b90e4966862334,"e",%progbits
 1112 0000 789CAD56 		.ascii	"x\234\255V}PT\327\025\277\347\336\267\260<\266B\011"
 1112      7D5054D7 
 1112      15BFE7DE 
 1112      B7B03CB6 
 1112      4209
 1113 0012 36996962 		.ascii	"6\231ib\251i\343\266\035XX\246\321L\373\007\270\202"
 1113      A969E3B6 
 1113      1D5858A6 
 1113      D14CFB07 
 1113      B882
 1114 0024 7514E32C 		.ascii	"u\024\343,\244\323v\246\263Cw\267\2623\340R\366\305"
 1114      A4D376A6 
 1114      B34377B7 
 1114      B233E052 
 1114      F6C5
 1115 0036 69FFE8CC 		.ascii	"i\377\350\314\223\240 \202\220P+\321|`b\014\202U\322"
 1115      93A02082 
 1115      90502BD1 
ARM GAS  /tmp/cc01DHX8.s 			page 36


 1115      7C60620C 
 1115      8255D2
 1116 0049 9044B356 		.ascii	"\220D\263V\027\015\315*&~+\006SE4\242\320\210\255mT"
 1116      170DCD2A 
 1116      267E2B06 
 1116      534534A2 
 1116      D088AD6D 
 1117 005e 547AEEFB 		.ascii	"Tz\356\373dY\306Ng\372\330s\337\271\367\375\316\357"
 1117      6459C64E 
 1117      67FAD873 
 1117      DFB9F7FD 
 1117      CEEF
 1118 0070 FCEEB9F7 		.ascii	"\374\356\271\367\275\313\0236B~O\011\3711\332\004^V"
 1118      BDCB1336 
 1118      427E4F09 
 1118      F931DA04 
 1118      5E56
 1119 0082 42C87134 		.ascii	"B\310q4@\013\023\365\342c\021\264\203h\037\243\035B"
 1119      400B13F5 
 1119      E26311B4 
 1119      83681FA3 
 1119      1D42
 1120 0094 EB43FB04 		.ascii	"\353C\373\004\355\024\332\031\022\177\255B\002\206\367"
 1120      ED14DA19 
 1120      127FAD42 
 1120      0286F7
 1121 00a3 32B47368 		.ascii	"2\264sh\373\265q\252qM\027S\013j\2564\264t-\377\034"
 1121      FBB571AA 
 1121      714D1753 
 1121      0B6AAE34 
 1121      B4742DFF 
 1122 00b8 B4A7D0BE 		.ascii	"\264\247\320\276\205\317f\241]\322\264=\016*\027\327"
 1122      85CF66A1 
 1122      5DD2B43D 
 1122      0E2A17D7 
 1123 00c8 F46D88E7 		.ascii	"\364m\210\347j\302\261$-\377T>\235\353&Q\371\270N\033"
 1123      6AC2B124 
 1123      2DFF543E 
 1123      9DEB2651 
 1123      F9B84E1B 
 1124 00dc F645B4C7 		.ascii	"\366E\264\3074^>\317'\247\341m\3011A\343\235\252I\217"
 1124      345E3ECF 
 1124      27A7E16D 
 1124      C13141E3 
 1124      9DAA498F 
 1125 00f0 E5F5F9EE 		.ascii	"\345\365\371\3564\261\033\377\007M\240i\342|\274\326"
 1125      34B11BFF 
 1125      074DA069 
 1125      E27CBCD6 
 1126 0100 73A6E1DB 		.ascii	"s\246\341\333\254\361=\254^\323\361\361u\373\3364|\333"
 1126      ACF13DAC 
 1126      5ED3F1F1 
 1126      75FBDE34 
 1126      7CDB
 1127 0112 71CC82F7 		.ascii	"q\314\202\367\023S4M\235\037_\363\037L\023\377\022\203"
 1127      1353344D 
 1127      9D1F5FF3 
ARM GAS  /tmp/cc01DHX8.s 			page 37


 1127      1F4C13FF 
 1127      1283
 1128 0124 A7606282 		.ascii	"\247`b\202)w\302(q\310\312u)\205\300\373*\336\236\314"
 1128      2977C228 
 1128      71C8CA75 
 1128      2985C0FB 
 1128      2ADE9ECC 
 1129 0138 7EC47169 		.ascii	"~\304qi@\261M\207\324\315\214\276_\027\035\243bD\226"
 1129      40B14D87 
 1129      D4CD8CBE 
 1129      5F171DA3 
 1129      624496
 1130 014b 47E548B5 		.ascii	"G\345H\265\205\300\207\000{\200\300n@\226\017\000\336"
 1130      85C08700 
 1130      7B80C06E 
 1130      40960F00 
 1130      DE
 1131 015c 03E80684 		.ascii	"\003\350\006\204u\016\205?\267]\001E\201\340\003\200"
 1131      750E853F 
 1131      B75D0145 
 1131      81E00380 
 1132 016c FEA7B111 		.ascii	"\376\247\261\021\311/\030I\227\251L\023|\214\212Ld>"
 1132      C92F1849 
 1132      97A94C13 
 1132      7C8C8A4C 
 1132      643E
 1133 017e 310AB3EC 		.ascii	"1\012\263\354\267X\236\225\332SDk\373AH\025-VJ\207\023"
 1133      B7589E95 
 1133      DA53446B 
 1133      FB414815 
 1133      2D564A87 
 1134 0193 7DA2FD2E 		.ascii	"}\242\375.\354\240m\011\031y\262\340k\2309\234(\323"
 1134      ECA06D09 
 1134      1979B2E0 
 1134      6B98399C 
 1134      28D3
 1135 01a5 E6A5E9B9 		.ascii	"\346\245\351\271y\330\016'F\301\207Q\313\004k*z\303"
 1135      79D80E27 
 1135      46C18751 
 1135      CB046B2A 
 1135      7AC3
 1136 01b7 89E22DD6 		.ascii	"\211\342-\326\326\230\340\373\204\326\315\201(\210>"
 1136      D698E0FB 
 1136      84D6CD81 
 1136      28883E
 1137 01c6 673ACE24 		.ascii	"g:\316$\317j\235\225r\200\035`\205\270S\255];g\212\303"
 1137      CF6A9D95 
 1137      72801D60 
 1137      85B853AD 
 1137      5D3B678A 
 1138 01db 89294861 		.ascii	"\211)Ha\367e\244\3722R\242`\361\371\304t;A\021>\247"
 1138      F765A4FA 
 1138      3252A260 
 1138      F1F9C474 
 1138      3B41113E 
 1139 01f0 338F8AC8 		.ascii	"3\217\212\310,X\243\340d`s\312\203#\217\212\0261iV\206"
 1139      2C58A3E0 
ARM GAS  /tmp/cc01DHX8.s 			page 38


 1139      646073CA 
 1139      83238F8A 
 1139      16316956 
 1140 0205 9D101F29 		.ascii	"\235\020\037)\244\310\313&\364\013\0221\247\317\354"
 1140      A4C8CB26 
 1140      F40B1231 
 1140      A7CFEC
 1141 0214 02D845EA 		.ascii	"\002\330E\352\244l\361p\"V\235f\020\"\013V\233\015d"
 1141      A46CF170 
 1141      22569D66 
 1141      10220B56 
 1141      9B0D64
 1142 0227 BC257916 		.ascii	"\274%y\026\373\2269E2\234H\361Q\272\0002\0053RL \000"
 1142      FB963945 
 1142      329C48F1 
 1142      51BA0032 
 1142      0533524C 
 1143 023d 8D0C4BA8 		.ascii	"\215\014K\250\374\361\006\264\006x\027\3247]O\243\214"
 1143      FCF106B4 
 1143      067817D4 
 1143      375D4FA3 
 1143      8C
 1144 024e F315A61A 		.ascii	"\363\025\246\032\232C\324Q\343\246\371\034@5\036\252"
 1144      9A43D451 
 1144      E3A6F91C 
 1144      40351EAA 
 1145 025e 2D3AA831 		.ascii	"-:\2501Z\022\336N\"7 \240At\0365F\003\030\261\232\313"
 1145      5A12DE4E 
 1145      223720A0 
 1145      41741E35 
 1145      460318B1 
 1146 0274 7328603A 		.ascii	"s(`:9F\211\213\021nR\022\203V\227D\324\016\356\233;"
 1146      3946898B 
 1146      116E5212 
 1146      83569744 
 1146      D40EEE9B 
 1147 0289 0DB70ECD 		.ascii	"\015\267\016\315\370\002\353&_n\350`0\2639\217\000\373"
 1147      F802EB26 
 1147      5F6EE860 
 1147      30B3398F 
 1147      00FB
 1148 029b 257F521B 		.ascii	"%\177R\033^\337'>*\363\215'\247C\231\266\361\010\354"
 1148      5EDF273E 
 1148      2AF38D27 
 1148      A74399B6 
 1148      F108EC
 1149 02ae 47BEA012 		.ascii	"G\276\240\022{\364\335\356:\230\335\332*\337~\371\343"
 1149      7BF4DDEE 
 1149      3A98DDDA 
 1149      2ADF7EF9 
 1149      E3
 1150 02bf AFDE7872 		.ascii	"\257\336xrp\267,\257F\274\225c`\037\340\366T\362\355"
 1150      70B72CAF 
 1150      46BC9563 
 1150      601FE0F6 
 1150      54F2ED
 1151 02d2 C380BF00 		.ascii	"\303\200\277\000\354\005\3736\013;\015<\262\245\243"
ARM GAS  /tmp/cc01DHX8.s 			page 39


 1151      EC05FB36 
 1151      0B3B0D3C 
 1151      B2A5A3
 1152 02e1 6634D9E0 		.ascii	"f4\331\340\016\203A~\300 ?5\360\347\372dN>vth\315\214"
 1152      0E83417E 
 1152      C0203F35 
 1152      F0E7FA64 
 1152      4E3E7674 
 1153 02f8 63FC4D01 		.ascii	"c\374M\001|\014=\006o\217\301\273\311\302.)\274\027"
 1153      7C0C3D06 
 1153      6F8FC1BB 
 1153      C9C22E29 
 1153      BC17
 1154 030a 6A472E88 		.ascii	"jG.\210\374\003\3049\2038ph\364\255\0353\246\231\304"
 1154      FC03C439 
 1154      83387068 
 1154      F4AD1D33 
 1154      A699C4
 1155 031d 5F31B617 		.ascii	"_1\266\027\224D\033\036\014\235MT\022\3358\370\233v"
 1155      94441B1E 
 1155      0C9D4D54 
 1155      12DD38F8 
 1155      9B76
 1156 032f BE8DF129 		.ascii	"\276\215\361)|d\244\371\310H3$\260\033J\232\343}\373"
 1156      7C64A4F9 
 1156      C8483324 
 1156      B01B4A9A 
 1156      E37DFB
 1157 0342 CF5A7948 		.ascii	"\317ZyHW\343\352Z9\265\032\203\004>\347\250\021\024"
 1157      57E3EA5A 
 1157      39B51A83 
 1157      043EE7A8 
 1157      1114
 1158 0354 35820604 		.ascii	"5\202\006\0046\256\004\205\373_m\022\224\240N3\0103"
 1158      36AE0485 
 1158      FB5F6D12 
 1158      94A04E33 
 1158      0833
 1159 0366 1D36820E 		.ascii	"\0356\202\016\033A{\004\266\206\362\240\367>\033\251"
 1159      1B417B04 
 1159      B686F2A0 
 1159      F73E1BA9 
 1160 0376 50B4F55D 		.ascii	"P\264\365]\231\\\204#F\314\021#\246^`/R\302\266\360"
 1160      995C8423 
 1160      46CC1123 
 1160      A65E602F 
 1160      52C2B6F0 
 1161 038a B8840FEB 		.ascii	"\270\204\017\353\273\337\024\276\011\200\277$\012'\240"
 1161      BBDF14BE 
 1161      0980BF24 
 1161      0A27A0
 1162 0399 9A273B01 		.ascii	"\232';\001\370\031\031\226kl\004r!\233\300Q\300!\002"
 1162      F8191996 
 1162      6B6C0472 
 1162      219BC051 
 1162      C02102
 1163 03ac C7008EF3 		.ascii	"\307\000\216\363O\310\266\310\346\213`\324\352\204\271"
ARM GAS  /tmp/cc01DHX8.s 			page 40


 1163      4FC8B6C8 
 1163      E68B60D4 
 1163      EA84B9
 1164 03bb 28278D45 		.ascii	"('\215EY{\363Z\247\262\342c#\275Z\255N\002|j\250\371"
 1164      597BF35A 
 1164      A7B2E263 
 1164      23BD5AAD 
 1164      4E027C6A 
 1165 03d1 D450F380 		.ascii	"\324P\363\200\261\267\225\031\254\037\335\260\3376\273"
 1165      B1B79519 
 1165      AC1FDDB0 
 1165      DF36BB
 1166 03e0 55966F9F 		.ascii	"U\226o\237i\331\276'\243\347\2056;/\325i#\3464h_\307"
 1166      69D9BE27 
 1166      A3E78536 
 1166      3B2FD569 
 1166      23E63468 
 1167 03f6 341094AF 		.ascii	"4\020\224\257^\006F\035>\3375n\265\241\3341\271\355"
 1167      5E06461D 
 1167      3EDF356E 
 1167      B5A1DC31 
 1167      B9ED
 1168 0408 8052DB7E 		.ascii	"\200R\333~\200\263\\\3149\320\300\375\352\315\252\304"
 1168      80B35CCC 
 1168      39D0C0FD 
 1168      EACDAAC4 
 1169 0418 44D4CE31 		.ascii	"D\324\3161\302F(w\347(o|\212\342\021vSQ\262&r\365\230"
 1169      C2462877 
 1169      E7286F7C 
 1169      8AE21176 
 1169      5351B226 
 1170 042f 55BCC839 		.ascii	"U\274\3109#5IDc\204A@\014~I/\002\\\000v\227\252LQ\302"
 1170      23354944 
 1170      63844140 
 1170      0C7E492F 
 1170      025C0076 
 1171 0448 EE6335AB 		.ascii	"\356c5\253\231\332\215\020\266Fs\263\2256UI+\003[\247"
 1171      99DA8D10 
 1171      B64673B3 
 1171      95365549 
 1171      2B035BA7 
 1172 045c 0D33BEAD 		.ascii	"\0153\276\255\257\217\357\262\211\262\226\201k\324D"
 1172      AF8FEFB2 
 1172      89B29681 
 1172      6BD444
 1173 046b 7F89791C 		.ascii	"\177\211y\034\360w^\345\321\336kG\276&F\036\252\002"
 1173      F0775EE5 
 1173      D1DE6B47 
 1173      BE26461E 
 1173      AA02
 1174 047d 613B370D 		.ascii	"a;7\015\254\2054\244\252\221\3456\0127\000F\000\256"
 1174      AC8534A4 
 1174      AA91E536 
 1174      0A370046 
 1174      00AE
 1175 048f 73AE3150 		.ascii	"s\2561P\370\370\214\332N\325\205\223M\320\245x\020k"
 1175      F8F88CDA 
ARM GAS  /tmp/cc01DHX8.s 			page 41


 1175      4ED58593 
 1175      4DD0A578 
 1175      106B
 1176 04a1 D2E4D959 		.ascii	"\322\344\331Y\013#l\243\326\313@\265\204\275\256\365"
 1176      0B236CA3 
 1176      D6CB40B5 
 1176      84BDAEF5 
 1177 04b1 1E635BB1 		.ascii	"\036c[\261\327\201\326\205\326\215\366\001\332^\264"
 1177      D781D685 
 1177      D68DF601 
 1177      DA5EB4
 1178 04c0 1EB45E0D 		.ascii	"\036\264^\015u\221\250SN`\207\230\2625\277\274\327e"
 1178      7591A853 
 1178      4E608798 
 1178      B235BFBC 
 1178      D765
 1179 04d2 996EB2AB 		.ascii	"\231n\262\253)\237l6B\272\303}\3554f\022\347\001\006"
 1179      299F6C36 
 1179      42BAC37D 
 1179      ED346612 
 1179      E70106
 1180 04e5 38067737 		.ascii	"8\006w7\307q\236\366\255#\336\2309\304c\276?z\252\371"
 1180      C7719EF6 
 1180      AD23DE98 
 1180      39C463BE 
 1180      3F7AAAF9 
 1181 04f9 72F277A6 		.ascii	"r\362w\246^\217\240\015\342\306\332\373\332\304\256"
 1181      5E8FA00D 
 1181      E2C6DAFB 
 1181      DAC4AE
 1182 0508 19AFA00A 		.ascii	"\031\257\240\012\033\017\277\015\36025\304\374\2337"
 1182      1B0FBF0D 
 1182      F03235C4 
 1182      FC9B37
 1183 0517 3904615D 		.ascii	"9\004a];\336\251\214F\200C\256\304@.\363\246\037\024"
 1183      3BDEA98C 
 1183      468043AE 
 1183      C4402EF3 
 1183      A61F14
 1184 052a CC7813BE 		.ascii	"\314x\023\276\232*\317\375\030\320u\223\347\236\211"
 1184      9A2ACFFD 
 1184      18D07593 
 1184      E79E89
 1185 0539 B9178F41 		.ascii	"\271\027\217A\242-\010jxG\340\311n\002\214*\030}a\256"
 1185      A22D086A 
 1185      7847E0C9 
 1185      6E028C2A 
 1185      187D61AE 
 1186 054d 4D4A76C7 		.ascii	"MJv\307$\232\210!\0320\223\375\311\020=\024\003\371"
 1186      249A8821 
 1186      1A3093FD 
 1186      C9103D14 
 1186      03F9
 1187 055f DC84341A 		.ascii	"\334\2044\032\220\341\030\310\325I\251\036\230\251\356"
 1187      90E118C8 
 1187      D549A91E 
 1187      98A9EE
ARM GAS  /tmp/cc01DHX8.s 			page 42


 1188 056e C680EE4C 		.ascii	"\306\200\356L\002\2555\210\376\025\203\371\247\231\353"
 1188      02AD3588 
 1188      FE1583F9 
 1188      A799EB
 1189 057d 86C9B38A 		.ascii	"\206\311\263\212N\3068\014H\247\301\362E|\231U\310m"
 1189      4EC6380C 
 1189      48A7C1F2 
 1189      457C9955 
 1189      C86D
 1190 058f 93458E63 		.ascii	"\223E\216c\321\012\270K-`-\205\032\005\242\357\212\317"
 1190      D10AB84B 
 1190      2D602D85 
 1190      1A05A2EF 
 1190      8ACF
 1191 05a1 4C9AFB26 		.ascii	"L\232\373&\315x\374\244T\314:C\315?b \327L\310]\223"
 1191      CD78FCA4 
 1191      54CC3A43 
 1191      CD3F6220 
 1191      D74CC85D 
 1192 05b6 E641FC32 		.ascii	"\346A\3742\240\034usF\004\002/P\250\306\035\311A\370"
 1192      A01C7573 
 1192      4604022F 
 1192      50A8C61D 
 1192      C941F8
 1193 05c9 AEBE44E1 		.ascii	"\256\276D\341\017\024\032)\264R\250\247\260\216\302"
 1193      0F141A29 
 1193      B452A8A7 
 1193      B08EC2
 1194 05d8 1F293453 		.ascii	"\037)4S\250\243\360\012\205\027)l\242\260\221B\003\205"
 1194      A8A3F00A 
 1194      8517296C 
 1194      A2B09142 
 1194      0385
 1195 05ea 260A2D14 		.ascii	"&\012-\024\326RXOa3\205\015\374\337\003\236\272\336"
 1195      D652584F 
 1195      6133850D 
 1195      FCDF039E 
 1195      BADE
 1196 05fc 50772BBE 		.ascii	"Pw+\276\342\332\252\35440\177\213\337\001\032\246\316"
 1196      E2DAAAEC 
 1196      34307F8B 
 1196      DF011AA6 
 1196      CE
 1197 060d C07C15BF 		.ascii	"\300|\025\277\373\021\303V\011\374U\213\236\213\216"
 1197      FB11C356 
 1197      09FC558B 
 1197      9E8B8E
 1198 061c 273C3275 		.ascii	"'<2u:\360*\375\277L\010\023\014\236=\271\301b~\266_"
 1198      3AF02AFD 
 1198      BF4C0813 
 1198      0C9E3DB9 
 1198      C1627EB6 
 1199 0631 3395BC8E 		.ascii	"3\225\274\216\010\326(\220\331\315\255\362\3563-G\236"
 1199      08D62890 
 1199      D9CDADF2 
 1199      EE332D47 
 1199      9E
ARM GAS  /tmp/cc01DHX8.s 			page 43


 1200 0642 C1F7150F 		.ascii	"\301\367\025\017\245\036\201\037gmT=\014`\013E_?Bj\023"
 1200      A51E811F 
 1200      676D543D 
 1200      0C600B45 
 1200      5F3F426A 
 1201 0657 589B1A30 		.ascii	"X\233\0320v}O\327 \310\365(<\215\037\231o\350\3707)"
 1201      767D4FD7 
 1201      20C8F528 
 1201      3C8D1F99 
 1201      6FE8F837 
 1202 066c FA3A7ED4 		.ascii	"\372:~\324\302\336U\361]\365\341J<\235\232\177\302\017"
 1202      C2DE55F1 
 1202      5DF5E14A 
 1202      3C9D9A7F 
 1202      C20F
 1203 067e 8EAD3AF8 		.ascii	"\216\255:\370-\212\276q\226[X\257\006\356\320\301\310"
 1203      2D8ABE71 
 1203      965B58AF 
 1203      06EED0C1 
 1203      C8
 1204 068f BC4D07BF 		.ascii	"\274M\007\277M\321\327\301Q\013;\243)\331\027\276l("
 1204      4DD1D7C1 
 1204      510B3BA3 
 1204      29D917BE 
 1204      6C28
 1205 06a1 41E5ED3A 		.ascii	"A\345\355:~;E_\307\207-\354\252\206?\0376\225\343Q\331"
 1205      7E3B455F 
 1205      C7872DEC 
 1205      AA863F1F 
 1205      3695E351 
 1206 06b6 A1E33B29 		.ascii	"\241\343;)\372:~\247\205<\236\225\345P\177\301\220\243"
 1206      FA3A7EA7 
 1206      853C9E95 
 1206      E5507FC1 
 1206      90A3
 1207 06c8 ACB4DC11 		.ascii	"\254\264\334\021\252\362\362\273'$ey\255\013\227>\227"
 1207      AAF2F2BB 
 1207      27246579 
 1207      AD0B973E 
 1207      97
 1208 06d9 E1CA994B 		.ascii	"\341\312\231K\322\364\221\254y\277\316\376\341<\357"
 1208      D2F491AC 
 1208      79BFCEFE 
 1208      E13CEF
 1209 06e8 BC674852 		.ascii	"\274gHR\350w!)P\341\367H,\347ib-\255\252X97\263\202"
 1209      E8772129 
 1209      50E1F748 
 1209      2CE76962 
 1209      2DADAA58 
 1210 0700 88DE6095 		.ascii	"\210\336`\225\344\377mfE.I\010I\213V\004$\267\243,X"
 1210      E4FF6D66 
 1210      452E4908 
 1210      498B5604 
 1210      24B7A32C 
 1211 0715 E177AC08 		.ascii	"\341w\254\010x\203\345\245\241\220w\271\303\033\360"
 1211      7883E5A5 
 1211      A19077B9 
ARM GAS  /tmp/cc01DHX8.s 			page 44


 1211      C31BF0
 1212 0724 48FE90E4 		.ascii	"H\376\220\344p\225\005~\025x\266\330\341\363W`\362\342"
 1212      7095057E 
 1212      1578B6D8 
 1212      E1F35760 
 1212      F2E2
 1213 0736 92A25CA7 		.ascii	"\222\242\\\247\303]\222\2518\2059\331\271\252\227\223"
 1213      C35D92A9 
 1213      388539D9 
 1213      B9AA9793 
 1214 0746 5DE029F8 		.ascii	"]\340)\370i\376\222\314\302\374\222\302\342\314\347"
 1214      69FE92CC 
 1214      C2FC92C2 
 1214      E2CCE7
 1215 0755 8AE79327 		.ascii	"\212\347\223'\036&\232\330B\322B\277\344\012>\277B\362"
 1215      1E269AD8 
 1215      42D242BF 
 1215      E40A3EBF 
 1215      42F2
 1216 0767 5761A758 		.ascii	"Wa\247X*\255\222\362\313Qa2\357\004+\025_D\337/\351"
 1216      2AAD92F2 
 1216      CB516132 
 1216      EF042B15 
 1216      5F44DF2F 
 1217 077c EE42CD4D 		.ascii	"\356B\315MA\315!\305\313\367J\201\225~\213g~0X\216q"
 1217      41CD21C5 
 1217      CBF74A81 
 1217      957E8B67 
 1217      7E30588E 
 1218 0791 9EF2729F 		.ascii	"\236\362r\237'\200\323\231;5w%NXW\277d\311\002G\361"
 1218      2780D399 
 1218      3B357725 
 1218      4E5857BF 
 1218      64C90247 
 1219 07a6 CF8B4B16 		.ascii	"\317\213K\026\271\026\257\314\321\024\361\310\2542b"
 1219      B916AFCC 
 1219      D114F1C8 
 1219      AC3262
 1220 07b5 71B98ADC 		.ascii	"q\271\212\334\271\326\347\003+\244\\\247G\242\317\272"
 1220      B9D6E703 
 1220      2BA45CA7 
 1220      47A2CFBA 
 1221 07c5 850545F9 		.ascii	"\205\005E\371n\266\300\345\026\346/"
 1221      6EB6C0E5 
 1221      16E62F
 1222 07d0 28713397 		.ascii	"(q3\227\313\315\334h\371n7[V\354b\256\245%\202\313U"
 1222      CBCDDC68 
 1222      F96E375B 
 1222      56EC62AE 
 1222      A52582CB 
 1223 07e5 E056029D 		.ascii	"\340V\002\235J\233\303\012\026\272i1F.*p\013\305E\210"
 1223      4A9BC30A 
 1223      16BA6931 
 1223      462E2A70 
 1223      0BC54588 
 1224 07f9 76B99D68 		.ascii	"v\271\235h9\210\374\231\333\371\337\244\225,*BY!\251"
 1224      3988FC99 
ARM GAS  /tmp/cc01DHX8.s 			page 45


 1224      DBF9DFA4 
 1224      952C2A42 
 1224      5921A9
 1225 080c 822B0854 		.ascii	"\202+\010T\240\252d\243\343\221\322\264Y.\367K\036\257"
 1225      A0AA64A3 
 1225      E391D2B4 
 1225      592EF74B 
 1225      1EAF
 1226 081e 5A3D7D28 		.ascii	"Z=}(\304K\350)\345u\371\2721\024\254TGR\365\021\277"
 1226      C44BE829 
 1226      E575F9BA 
 1226      3114AC54 
 1226      4752F511 
 1227 0833 143BB05C 		.ascii	"\024;\260\\\037\370\206^\277\220\332\367\224*\305\375"
 1227      1FF8865E 
 1227      BF90DAF7 
 1227      942AC5FD 
 1228 0843 0FE39857 		.ascii	"\017\343\230W\304"
 1228      C4
 1229              		.text
 1230              		.section	.gnu.lto_.symtab.5b90e4966862334,"e",%progbits
 1231 0000 7374496E 		.ascii	"stInit\000"
 1231      697400
 1232 0007 00       		.ascii	"\000"
 1233 0008 00       		.ascii	"\000"
 1234 0009 00       		.ascii	"\000"
 1235 000a 00000000 		.ascii	"\000\000\000\000\000\000\000\000"
 1235      00000000 
 1236 0012 C0000000 		.ascii	"\300\000\000\000"
 1237 0016 73744765 		.ascii	"stGetCounter\000"
 1237      74436F75 
 1237      6E746572 
 1237      00
 1238 0023 00       		.ascii	"\000"
 1239 0024 00       		.ascii	"\000"
 1240 0025 00       		.ascii	"\000"
 1241 0026 00000000 		.ascii	"\000\000\000\000\000\000\000\000"
 1241      00000000 
 1242 002e C3000000 		.ascii	"\303\000\000\000"
 1243 0032 73745374 		.ascii	"stStartAlarm\000"
 1243      61727441 
 1243      6C61726D 
 1243      00
 1244 003f 00       		.ascii	"\000"
 1245 0040 00       		.ascii	"\000"
 1246 0041 00       		.ascii	"\000"
 1247 0042 00000000 		.ascii	"\000\000\000\000\000\000\000\000"
 1247      00000000 
 1248 004a C7000000 		.ascii	"\307\000\000\000"
 1249 004e 73745374 		.ascii	"stStopAlarm\000"
 1249      6F70416C 
 1249      61726D00 
 1250 005a 00       		.ascii	"\000"
 1251 005b 00       		.ascii	"\000"
 1252 005c 00       		.ascii	"\000"
 1253 005d 00000000 		.ascii	"\000\000\000\000\000\000\000\000"
 1253      00000000 
ARM GAS  /tmp/cc01DHX8.s 			page 46


 1254 0065 C9000000 		.ascii	"\311\000\000\000"
 1255 0069 73745365 		.ascii	"stSetAlarm\000"
 1255      74416C61 
 1255      726D00
 1256 0074 00       		.ascii	"\000"
 1257 0075 00       		.ascii	"\000"
 1258 0076 00       		.ascii	"\000"
 1259 0077 00000000 		.ascii	"\000\000\000\000\000\000\000\000"
 1259      00000000 
 1260 007f CB000000 		.ascii	"\313\000\000\000"
 1261 0083 73744765 		.ascii	"stGetAlarm\000"
 1261      74416C61 
 1261      726D00
 1262 008e 00       		.ascii	"\000"
 1263 008f 00       		.ascii	"\000"
 1264 0090 00       		.ascii	"\000"
 1265 0091 00000000 		.ascii	"\000\000\000\000\000\000\000\000"
 1265      00000000 
 1266 0099 CD000000 		.ascii	"\315\000\000\000"
 1267 009d 73744973 		.ascii	"stIsAlarmActive\000"
 1267      416C6172 
 1267      6D416374 
 1267      69766500 
 1268 00ad 00       		.ascii	"\000"
 1269 00ae 00       		.ascii	"\000"
 1270 00af 00       		.ascii	"\000"
 1271 00b0 00000000 		.ascii	"\000\000\000\000\000\000\000\000"
 1271      00000000 
 1272 00b8 D4000000 		.ascii	"\324\000\000\000"
 1273 00bc 73745F6C 		.ascii	"st_lld_init\000"
 1273      6C645F69 
 1273      6E697400 
 1274 00c8 00       		.ascii	"\000"
 1275 00c9 02       		.ascii	"\002"
 1276 00ca 00       		.ascii	"\000"
 1277 00cb 00000000 		.ascii	"\000\000\000\000\000\000\000\000"
 1277      00000000 
 1278 00d3 D6000000 		.ascii	"\326\000\000\000"
 1279              		.text
 1280              		.section	.gnu.lto_.ext_symtab.5b90e4966862334,"e",%progbits
 1281 0000 01       		.ascii	"\001"
 1282 0001 01       		.ascii	"\001"
 1283 0002 00       		.ascii	"\000"
 1284 0003 01       		.ascii	"\001"
 1285 0004 00       		.ascii	"\000"
 1286 0005 01       		.ascii	"\001"
 1287 0006 00       		.ascii	"\000"
 1288 0007 01       		.ascii	"\001"
 1289 0008 00       		.ascii	"\000"
 1290 0009 01       		.ascii	"\001"
 1291 000a 00       		.ascii	"\000"
 1292 000b 01       		.ascii	"\001"
 1293 000c 00       		.ascii	"\000"
 1294 000d 01       		.ascii	"\001"
 1295 000e 00       		.ascii	"\000"
 1296 000f 01       		.ascii	"\001"
 1297 0010 00       		.ascii	"\000"
ARM GAS  /tmp/cc01DHX8.s 			page 47


 1298              		.text
 1299              		.section	.gnu.lto_.opts,"e",%progbits
 1300 0000 272D666E 		.ascii	"'-fno-openmp' '-fno-openacc' '-fno-pie' '-fcf-prote"
 1300      6F2D6F70 
 1300      656E6D70 
 1300      2720272D 
 1300      666E6F2D 
 1301 0033 6374696F 		.ascii	"ction=none' '-g' '-mcpu=cortex-m3' '-mthumb' '-mflo"
 1301      6E3D6E6F 
 1301      6E652720 
 1301      272D6727 
 1301      20272D6D 
 1302 0066 61742D61 		.ascii	"at-abi=soft' '-mlibarch=armv7-m' '-march=armv7-m' '"
 1302      62693D73 
 1302      6F667427 
 1302      20272D6D 
 1302      6C696261 
 1303 0099 2D4F3227 		.ascii	"-O2' '-fomit-frame-pointer' '-falign-functions=16' "
 1303      20272D66 
 1303      6F6D6974 
 1303      2D667261 
 1303      6D652D70 
 1304 00cc 272D6666 		.ascii	"'-ffunction-sections' '-fdata-sections' '-fno-commo"
 1304      756E6374 
 1304      696F6E2D 
 1304      73656374 
 1304      696F6E73 
 1305 00ff 6E272027 		.ascii	"n' '-flto' '-Xassembler' '-alms=./build/lst/hal_st."
 1305      2D666C74 
 1305      6F272027 
 1305      2D586173 
 1305      73656D62 
 1306 0132 6C737427 		.ascii	"lst'\000"
 1306      00
 1307              		.text
 1308              		.comm	__gnu_lto_slim,1,1
 1309              		.ident	"GCC: (15:10.3-2021.07-4) 10.3.1 20210621 (release)"
ARM GAS  /tmp/cc01DHX8.s 			page 48


DEFINED SYMBOLS
                            *ABS*:0000000000000000 hal_st.c
     /tmp/cc01DHX8.s:21     .gnu.debuglto_.debug_info:0000000000000000 hal_st.c.8f058c89
                            *COM*:0000000000000001 __gnu_lto_slim

NO UNDEFINED SYMBOLS
