ARM GAS  /tmp/ccxSTser.s 			page 1


   1              		.cpu cortex-m3
   2              		.eabi_attribute 20, 1
   3              		.eabi_attribute 21, 1
   4              		.eabi_attribute 23, 3
   5              		.eabi_attribute 24, 1
   6              		.eabi_attribute 25, 1
   7              		.eabi_attribute 26, 1
   8              		.eabi_attribute 30, 2
   9              		.eabi_attribute 34, 1
  10              		.eabi_attribute 18, 4
  11              		.file	"hal_st_lld.c"
  12              		.file 1 "/usr/lib/gcc/arm-none-eabi/10.3.1/include/stdint.h"
  13              		.file 2 "../../../os/common/ext/ST/STM32F1xx/stm32f103xg.h"
  14              		.file 3 "../../../os/hal/ports/STM32/LLD/TIMv1/stm32_tim.h"
  15              		.file 4 "../../../os/hal/ports/STM32/LLD/SYSTICKv1/hal_st_lld.c"
  16              		.file 5 "../../../os/hal/osal/rt-nil/osal.h"
  17              		.file 6 "../../../os/rt/include/chsys.h"
  18              		.file 7 "../../../os/common/ports/ARMv7-M/chcore.h"
  19              		.file 8 "../../../os/common/ext/ARM/CMSIS/Core/Include/cmsis_gcc.h"
  20              		.section	.gnu.debuglto_.debug_info,"e",%progbits
  21              	.Ldebug_info0:
  22              		.hidden	hal_st_lld.c.08ef28af
  23              		.weak	hal_st_lld.c.08ef28af
  24              	hal_st_lld.c.08ef28af:
  25 0000 83030000 		.4byte	0x383
  26 0004 0400     		.2byte	0x4
  27 0006 00000000 		.4byte	.Ldebug_abbrev0
  28 000a 04       		.byte	0x4
  29 000b 01       		.uleb128 0x1
  30 000c 13000000 		.4byte	.LASF45
  31 0010 0C       		.byte	0xc
  32 0011 2A020000 		.4byte	.LASF46
  33 0015 7C010000 		.4byte	.LASF47
  34 0019 00000000 		.4byte	.Ldebug_line0
  35 001d 02       		.uleb128 0x2
  36 001e 04       		.byte	0x4
  37 001f 05       		.byte	0x5
  38 0020 696E7400 		.ascii	"int\000"
  39 0024 03       		.uleb128 0x3
  40 0025 04       		.byte	0x4
  41 0026 07       		.byte	0x7
  42 0027 95020000 		.4byte	.LASF0
  43 002b 03       		.uleb128 0x3
  44 002c 08       		.byte	0x8
  45 002d 05       		.byte	0x5
  46 002e 6E010000 		.4byte	.LASF1
  47 0032 03       		.uleb128 0x3
  48 0033 08       		.byte	0x8
  49 0034 04       		.byte	0x4
  50 0035 4F010000 		.4byte	.LASF2
  51 0039 03       		.uleb128 0x3
  52 003a 01       		.byte	0x1
  53 003b 06       		.byte	0x6
  54 003c 72020000 		.4byte	.LASF3
  55 0040 03       		.uleb128 0x3
  56 0041 02       		.byte	0x2
  57 0042 05       		.byte	0x5
ARM GAS  /tmp/ccxSTser.s 			page 2


  58 0043 2F010000 		.4byte	.LASF4
  59 0047 03       		.uleb128 0x3
  60 0048 04       		.byte	0x4
  61 0049 05       		.byte	0x5
  62 004a CE010000 		.4byte	.LASF5
  63 004e 03       		.uleb128 0x3
  64 004f 01       		.byte	0x1
  65 0050 08       		.byte	0x8
  66 0051 02020000 		.4byte	.LASF6
  67 0055 03       		.uleb128 0x3
  68 0056 02       		.byte	0x2
  69 0057 07       		.byte	0x7
  70 0058 A7020000 		.4byte	.LASF7
  71 005c 04       		.uleb128 0x4
  72 005d 46010000 		.4byte	.LASF12
  73 0061 01       		.byte	0x1
  74 0062 34       		.byte	0x34
  75 0063 19       		.byte	0x19
  76 0064 6D000000 		.4byte	0x6d
  77 0068 05       		.uleb128 0x5
  78 0069 5C000000 		.4byte	0x5c
  79 006d 03       		.uleb128 0x3
  80 006e 04       		.byte	0x4
  81 006f 07       		.byte	0x7
  82 0070 11030000 		.4byte	.LASF8
  83 0074 03       		.uleb128 0x3
  84 0075 08       		.byte	0x8
  85 0076 07       		.byte	0x7
  86 0077 7E020000 		.4byte	.LASF9
  87 007b 03       		.uleb128 0x3
  88 007c 01       		.byte	0x1
  89 007d 08       		.byte	0x8
  90 007e C7020000 		.4byte	.LASF10
  91 0082 06       		.uleb128 0x6
  92 0083 7B000000 		.4byte	0x7b
  93 0087 07       		.uleb128 0x7
  94 0088 08       		.byte	0x8
  95 0089 02       		.byte	0x2
  96 008a 7101     		.2byte	0x171
  97 008c 09       		.byte	0x9
  98 008d AD000000 		.4byte	0xad
  99 0091 08       		.uleb128 0x8
 100 0092 31030000 		.4byte	.LASF11
 101 0096 02       		.byte	0x2
 102 0097 7301     		.2byte	0x173
 103 0099 11       		.byte	0x11
 104 009a 68000000 		.4byte	0x68
 105 009e 00       		.byte	0
 106 009f 09       		.uleb128 0x9
 107 00a0 435200   		.ascii	"CR\000"
 108 00a3 02       		.byte	0x2
 109 00a4 7401     		.2byte	0x174
 110 00a6 11       		.byte	0x11
 111 00a7 68000000 		.4byte	0x68
 112 00ab 04       		.byte	0x4
 113 00ac 00       		.byte	0
 114 00ad 0A       		.uleb128 0xa
ARM GAS  /tmp/ccxSTser.s 			page 3


 115 00ae F0020000 		.4byte	.LASF13
 116 00b2 02       		.byte	0x2
 117 00b3 7501     		.2byte	0x175
 118 00b5 02       		.byte	0x2
 119 00b6 87000000 		.4byte	0x87
 120 00ba 0B       		.uleb128 0xb
 121 00bb 68000000 		.4byte	0x68
 122 00bf CA000000 		.4byte	0xca
 123 00c3 0C       		.uleb128 0xc
 124 00c4 24000000 		.4byte	0x24
 125 00c8 03       		.byte	0x3
 126 00c9 00       		.byte	0
 127 00ca 05       		.uleb128 0x5
 128 00cb BA000000 		.4byte	0xba
 129 00cf 07       		.uleb128 0x7
 130 00d0 28       		.byte	0x28
 131 00d1 02       		.byte	0x2
 132 00d2 3B02     		.2byte	0x23b
 133 00d4 09       		.byte	0x9
 134 00d5 65010000 		.4byte	0x165
 135 00d9 09       		.uleb128 0x9
 136 00da 435200   		.ascii	"CR\000"
 137 00dd 02       		.byte	0x2
 138 00de 3D02     		.2byte	0x23d
 139 00e0 11       		.byte	0x11
 140 00e1 68000000 		.4byte	0x68
 141 00e5 00       		.byte	0
 142 00e6 08       		.uleb128 0x8
 143 00e7 39010000 		.4byte	.LASF14
 144 00eb 02       		.byte	0x2
 145 00ec 3E02     		.2byte	0x23e
 146 00ee 11       		.byte	0x11
 147 00ef 68000000 		.4byte	0x68
 148 00f3 04       		.byte	0x4
 149 00f4 09       		.uleb128 0x9
 150 00f5 43495200 		.ascii	"CIR\000"
 151 00f9 02       		.byte	0x2
 152 00fa 3F02     		.2byte	0x23f
 153 00fc 11       		.byte	0x11
 154 00fd 68000000 		.4byte	0x68
 155 0101 08       		.byte	0x8
 156 0102 08       		.uleb128 0x8
 157 0103 EA010000 		.4byte	.LASF15
 158 0107 02       		.byte	0x2
 159 0108 4002     		.2byte	0x240
 160 010a 11       		.byte	0x11
 161 010b 68000000 		.4byte	0x68
 162 010f 0C       		.byte	0xc
 163 0110 08       		.uleb128 0x8
 164 0111 F0000000 		.4byte	.LASF16
 165 0115 02       		.byte	0x2
 166 0116 4102     		.2byte	0x241
 167 0118 11       		.byte	0x11
 168 0119 68000000 		.4byte	0x68
 169 011d 10       		.byte	0x10
 170 011e 08       		.uleb128 0x8
 171 011f E3010000 		.4byte	.LASF17
ARM GAS  /tmp/ccxSTser.s 			page 4


 172 0123 02       		.byte	0x2
 173 0124 4202     		.2byte	0x242
 174 0126 11       		.byte	0x11
 175 0127 68000000 		.4byte	0x68
 176 012b 14       		.byte	0x14
 177 012c 08       		.uleb128 0x8
 178 012d 6A020000 		.4byte	.LASF18
 179 0131 02       		.byte	0x2
 180 0132 4302     		.2byte	0x243
 181 0134 11       		.byte	0x11
 182 0135 68000000 		.4byte	0x68
 183 0139 18       		.byte	0x18
 184 013a 08       		.uleb128 0x8
 185 013b 3E010000 		.4byte	.LASF19
 186 013f 02       		.byte	0x2
 187 0140 4402     		.2byte	0x244
 188 0142 11       		.byte	0x11
 189 0143 68000000 		.4byte	0x68
 190 0147 1C       		.byte	0x1c
 191 0148 08       		.uleb128 0x8
 192 0149 0F010000 		.4byte	.LASF20
 193 014d 02       		.byte	0x2
 194 014e 4502     		.2byte	0x245
 195 0150 11       		.byte	0x11
 196 0151 68000000 		.4byte	0x68
 197 0155 20       		.byte	0x20
 198 0156 09       		.uleb128 0x9
 199 0157 43535200 		.ascii	"CSR\000"
 200 015b 02       		.byte	0x2
 201 015c 4602     		.2byte	0x246
 202 015e 11       		.byte	0x11
 203 015f 68000000 		.4byte	0x68
 204 0163 24       		.byte	0x24
 205 0164 00       		.byte	0
 206 0165 0A       		.uleb128 0xa
 207 0166 D7010000 		.4byte	.LASF21
 208 016a 02       		.byte	0x2
 209 016b 4902     		.2byte	0x249
 210 016d 03       		.byte	0x3
 211 016e CF000000 		.4byte	0xcf
 212 0172 03       		.uleb128 0x3
 213 0173 01       		.byte	0x1
 214 0174 02       		.byte	0x2
 215 0175 FF020000 		.4byte	.LASF22
 216 0179 07       		.uleb128 0x7
 217 017a 60       		.byte	0x60
 218 017b 03       		.byte	0x3
 219 017c F601     		.2byte	0x1f6
 220 017e 09       		.byte	0x9
 221 017f 9A020000 		.4byte	0x29a
 222 0183 09       		.uleb128 0x9
 223 0184 43523100 		.ascii	"CR1\000"
 224 0188 03       		.byte	0x3
 225 0189 F701     		.2byte	0x1f7
 226 018b 19       		.byte	0x19
 227 018c 68000000 		.4byte	0x68
 228 0190 00       		.byte	0
ARM GAS  /tmp/ccxSTser.s 			page 5


 229 0191 09       		.uleb128 0x9
 230 0192 43523200 		.ascii	"CR2\000"
 231 0196 03       		.byte	0x3
 232 0197 F801     		.2byte	0x1f8
 233 0199 19       		.byte	0x19
 234 019a 68000000 		.4byte	0x68
 235 019e 04       		.byte	0x4
 236 019f 08       		.uleb128 0x8
 237 01a0 25020000 		.4byte	.LASF23
 238 01a4 03       		.byte	0x3
 239 01a5 F901     		.2byte	0x1f9
 240 01a7 19       		.byte	0x19
 241 01a8 68000000 		.4byte	0x68
 242 01ac 08       		.byte	0x8
 243 01ad 08       		.uleb128 0x8
 244 01ae A2020000 		.4byte	.LASF24
 245 01b2 03       		.byte	0x3
 246 01b3 FA01     		.2byte	0x1fa
 247 01b5 19       		.byte	0x19
 248 01b6 68000000 		.4byte	0x68
 249 01ba 0C       		.byte	0xc
 250 01bb 09       		.uleb128 0x9
 251 01bc 535200   		.ascii	"SR\000"
 252 01bf 03       		.byte	0x3
 253 01c0 FB01     		.2byte	0x1fb
 254 01c2 19       		.byte	0x19
 255 01c3 68000000 		.4byte	0x68
 256 01c7 10       		.byte	0x10
 257 01c8 09       		.uleb128 0x9
 258 01c9 45475200 		.ascii	"EGR\000"
 259 01cd 03       		.byte	0x3
 260 01ce FC01     		.2byte	0x1fc
 261 01d0 19       		.byte	0x19
 262 01d1 68000000 		.4byte	0x68
 263 01d5 14       		.byte	0x14
 264 01d6 08       		.uleb128 0x8
 265 01d7 FE000000 		.4byte	.LASF25
 266 01db 03       		.byte	0x3
 267 01dc FD01     		.2byte	0x1fd
 268 01de 19       		.byte	0x19
 269 01df 68000000 		.4byte	0x68
 270 01e3 18       		.byte	0x18
 271 01e4 08       		.uleb128 0x8
 272 01e5 04010000 		.4byte	.LASF26
 273 01e9 03       		.byte	0x3
 274 01ea FE01     		.2byte	0x1fe
 275 01ec 19       		.byte	0x19
 276 01ed 68000000 		.4byte	0x68
 277 01f1 1C       		.byte	0x1c
 278 01f2 08       		.uleb128 0x8
 279 01f3 D7000000 		.4byte	.LASF27
 280 01f7 03       		.byte	0x3
 281 01f8 FF01     		.2byte	0x1ff
 282 01fa 19       		.byte	0x19
 283 01fb 68000000 		.4byte	0x68
 284 01ff 20       		.byte	0x20
 285 0200 09       		.uleb128 0x9
ARM GAS  /tmp/ccxSTser.s 			page 6


 286 0201 434E5400 		.ascii	"CNT\000"
 287 0205 03       		.byte	0x3
 288 0206 0002     		.2byte	0x200
 289 0208 19       		.byte	0x19
 290 0209 68000000 		.4byte	0x68
 291 020d 24       		.byte	0x24
 292 020e 09       		.uleb128 0x9
 293 020f 50534300 		.ascii	"PSC\000"
 294 0213 03       		.byte	0x3
 295 0214 0102     		.2byte	0x201
 296 0216 19       		.byte	0x19
 297 0217 68000000 		.4byte	0x68
 298 021b 28       		.byte	0x28
 299 021c 09       		.uleb128 0x9
 300 021d 41525200 		.ascii	"ARR\000"
 301 0221 03       		.byte	0x3
 302 0222 0202     		.2byte	0x202
 303 0224 19       		.byte	0x19
 304 0225 68000000 		.4byte	0x68
 305 0229 2C       		.byte	0x2c
 306 022a 09       		.uleb128 0x9
 307 022b 52435200 		.ascii	"RCR\000"
 308 022f 03       		.byte	0x3
 309 0230 0302     		.2byte	0x203
 310 0232 19       		.byte	0x19
 311 0233 68000000 		.4byte	0x68
 312 0237 30       		.byte	0x30
 313 0238 09       		.uleb128 0x9
 314 0239 43435200 		.ascii	"CCR\000"
 315 023d 03       		.byte	0x3
 316 023e 0402     		.2byte	0x204
 317 0240 19       		.byte	0x19
 318 0241 CA000000 		.4byte	0xca
 319 0245 34       		.byte	0x34
 320 0246 08       		.uleb128 0x8
 321 0247 D8020000 		.4byte	.LASF28
 322 024b 03       		.byte	0x3
 323 024c 0502     		.2byte	0x205
 324 024e 19       		.byte	0x19
 325 024f 68000000 		.4byte	0x68
 326 0253 44       		.byte	0x44
 327 0254 09       		.uleb128 0x9
 328 0255 44435200 		.ascii	"DCR\000"
 329 0259 03       		.byte	0x3
 330 025a 1302     		.2byte	0x213
 331 025c 19       		.byte	0x19
 332 025d 68000000 		.4byte	0x68
 333 0261 48       		.byte	0x48
 334 0262 08       		.uleb128 0x8
 335 0263 F9000000 		.4byte	.LASF29
 336 0267 03       		.byte	0x3
 337 0268 1402     		.2byte	0x214
 338 026a 19       		.byte	0x19
 339 026b 68000000 		.4byte	0x68
 340 026f 4C       		.byte	0x4c
 341 0270 09       		.uleb128 0x9
 342 0271 4F5200   		.ascii	"OR\000"
ARM GAS  /tmp/ccxSTser.s 			page 7


 343 0274 03       		.byte	0x3
 344 0275 1502     		.2byte	0x215
 345 0277 19       		.byte	0x19
 346 0278 68000000 		.4byte	0x68
 347 027c 50       		.byte	0x50
 348 027d 08       		.uleb128 0x8
 349 027e FC010000 		.4byte	.LASF30
 350 0282 03       		.byte	0x3
 351 0283 1602     		.2byte	0x216
 352 0285 19       		.byte	0x19
 353 0286 68000000 		.4byte	0x68
 354 028a 54       		.byte	0x54
 355 028b 08       		.uleb128 0x8
 356 028c 0A010000 		.4byte	.LASF31
 357 0290 03       		.byte	0x3
 358 0291 1702     		.2byte	0x217
 359 0293 19       		.byte	0x19
 360 0294 AA020000 		.4byte	0x2aa
 361 0298 58       		.byte	0x58
 362 0299 00       		.byte	0
 363 029a 0B       		.uleb128 0xb
 364 029b 68000000 		.4byte	0x68
 365 029f AA020000 		.4byte	0x2aa
 366 02a3 0C       		.uleb128 0xc
 367 02a4 24000000 		.4byte	0x24
 368 02a8 01       		.byte	0x1
 369 02a9 00       		.byte	0
 370 02aa 05       		.uleb128 0x5
 371 02ab 9A020000 		.4byte	0x29a
 372 02af 0A       		.uleb128 0xa
 373 02b0 CC020000 		.4byte	.LASF32
 374 02b4 03       		.byte	0x3
 375 02b5 1902     		.2byte	0x219
 376 02b7 03       		.byte	0x3
 377 02b8 79010000 		.4byte	0x179
 378 02bc 0D       		.uleb128 0xd
 379 02bd 4D030000 		.4byte	.LASF34
 380 02c1 04       		.byte	0x4
 381 02c2 7802     		.2byte	0x278
 382 02c4 06       		.byte	0x6
 383 02c5 E3020000 		.4byte	0x2e3
 384 02c9 0E       		.uleb128 0xe
 385 02ca 737200   		.ascii	"sr\000"
 386 02cd 04       		.byte	0x4
 387 02ce 7A02     		.2byte	0x27a
 388 02d0 0C       		.byte	0xc
 389 02d1 5C000000 		.4byte	0x5c
 390 02d5 0F       		.uleb128 0xf
 391 02d6 C2020000 		.4byte	.LASF33
 392 02da 04       		.byte	0x4
 393 02db 7B02     		.2byte	0x27b
 394 02dd 10       		.byte	0x10
 395 02de E3020000 		.4byte	0x2e3
 396 02e2 00       		.byte	0
 397 02e3 10       		.uleb128 0x10
 398 02e4 04       		.byte	0x4
 399 02e5 AF020000 		.4byte	0x2af
ARM GAS  /tmp/ccxSTser.s 			page 8


 400 02e9 0D       		.uleb128 0xd
 401 02ea 64030000 		.4byte	.LASF35
 402 02ee 04       		.byte	0x4
 403 02ef 3F02     		.2byte	0x23f
 404 02f1 06       		.byte	0x6
 405 02f2 00030000 		.4byte	0x300
 406 02f6 11       		.uleb128 0x11
 407 02f7 61020000 		.4byte	.LASF48
 408 02fb 10030000 		.4byte	0x310
 409 02ff 00       		.byte	0
 410 0300 0B       		.uleb128 0xb
 411 0301 82000000 		.4byte	0x82
 412 0305 10030000 		.4byte	0x310
 413 0309 0C       		.uleb128 0xc
 414 030a 24000000 		.4byte	0x24
 415 030e 0B       		.byte	0xb
 416 030f 00       		.byte	0
 417 0310 06       		.uleb128 0x6
 418 0311 00030000 		.4byte	0x300
 419 0315 12       		.uleb128 0x12
 420 0316 F3010000 		.4byte	.LASF49
 421 031a 04       		.byte	0x4
 422 031b 2C02     		.2byte	0x22c
 423 031d 01       		.byte	0x1
 424 031e 13       		.uleb128 0x13
 425 031f DC000000 		.4byte	.LASF36
 426 0323 05       		.byte	0x5
 427 0324 9902     		.2byte	0x299
 428 0326 14       		.byte	0x14
 429 0327 13       		.uleb128 0x13
 430 0328 10020000 		.4byte	.LASF37
 431 032c 05       		.byte	0x5
 432 032d 5E02     		.2byte	0x25e
 433 032f 14       		.byte	0x14
 434 0330 13       		.uleb128 0x13
 435 0331 DD020000 		.4byte	.LASF38
 436 0335 05       		.byte	0x5
 437 0336 5302     		.2byte	0x253
 438 0338 14       		.byte	0x14
 439 0339 13       		.uleb128 0x13
 440 033a 5B010000 		.4byte	.LASF39
 441 033e 06       		.byte	0x6
 442 033f D901     		.2byte	0x1d9
 443 0341 14       		.byte	0x14
 444 0342 13       		.uleb128 0x13
 445 0343 14010000 		.4byte	.LASF40
 446 0347 06       		.byte	0x6
 447 0348 C301     		.2byte	0x1c3
 448 034a 14       		.byte	0x14
 449 034b 13       		.uleb128 0x13
 450 034c 38030000 		.4byte	.LASF41
 451 0350 07       		.byte	0x7
 452 0351 F102     		.2byte	0x2f1
 453 0353 1B       		.byte	0x1b
 454 0354 13       		.uleb128 0x13
 455 0355 00000000 		.4byte	.LASF42
 456 0359 07       		.byte	0x7
ARM GAS  /tmp/ccxSTser.s 			page 9


 457 035a E602     		.2byte	0x2e6
 458 035c 1B       		.byte	0x1b
 459 035d 13       		.uleb128 0x13
 460 035e 05030000 		.4byte	.LASF43
 461 0362 07       		.byte	0x7
 462 0363 D702     		.2byte	0x2d7
 463 0365 1B       		.byte	0x1b
 464 0366 13       		.uleb128 0x13
 465 0367 25010000 		.4byte	.LASF44
 466 036b 07       		.byte	0x7
 467 036c BF02     		.2byte	0x2bf
 468 036e 1B       		.byte	0x1b
 469 036f 14       		.uleb128 0x14
 470 0370 23030000 		.4byte	.LASF50
 471 0374 08       		.byte	0x8
 472 0375 EB01     		.2byte	0x1eb
 473 0377 1B       		.byte	0x1b
 474 0378 15       		.uleb128 0x15
 475 0379 BA020000 		.4byte	.LASF51
 476 037d 08       		.byte	0x8
 477 037e EB01     		.2byte	0x1eb
 478 0380 32       		.byte	0x32
 479 0381 5C000000 		.4byte	0x5c
 480 0385 00       		.byte	0
 481 0386 00       		.byte	0
 482              		.section	.gnu.debuglto_.debug_abbrev,"e",%progbits
 483              	.Ldebug_abbrev0:
 484 0000 01       		.uleb128 0x1
 485 0001 11       		.uleb128 0x11
 486 0002 01       		.byte	0x1
 487 0003 25       		.uleb128 0x25
 488 0004 0E       		.uleb128 0xe
 489 0005 13       		.uleb128 0x13
 490 0006 0B       		.uleb128 0xb
 491 0007 03       		.uleb128 0x3
 492 0008 0E       		.uleb128 0xe
 493 0009 1B       		.uleb128 0x1b
 494 000a 0E       		.uleb128 0xe
 495 000b 10       		.uleb128 0x10
 496 000c 17       		.uleb128 0x17
 497 000d 00       		.byte	0
 498 000e 00       		.byte	0
 499 000f 02       		.uleb128 0x2
 500 0010 24       		.uleb128 0x24
 501 0011 00       		.byte	0
 502 0012 0B       		.uleb128 0xb
 503 0013 0B       		.uleb128 0xb
 504 0014 3E       		.uleb128 0x3e
 505 0015 0B       		.uleb128 0xb
 506 0016 03       		.uleb128 0x3
 507 0017 08       		.uleb128 0x8
 508 0018 00       		.byte	0
 509 0019 00       		.byte	0
 510 001a 03       		.uleb128 0x3
 511 001b 24       		.uleb128 0x24
 512 001c 00       		.byte	0
 513 001d 0B       		.uleb128 0xb
ARM GAS  /tmp/ccxSTser.s 			page 10


 514 001e 0B       		.uleb128 0xb
 515 001f 3E       		.uleb128 0x3e
 516 0020 0B       		.uleb128 0xb
 517 0021 03       		.uleb128 0x3
 518 0022 0E       		.uleb128 0xe
 519 0023 00       		.byte	0
 520 0024 00       		.byte	0
 521 0025 04       		.uleb128 0x4
 522 0026 16       		.uleb128 0x16
 523 0027 00       		.byte	0
 524 0028 03       		.uleb128 0x3
 525 0029 0E       		.uleb128 0xe
 526 002a 3A       		.uleb128 0x3a
 527 002b 0B       		.uleb128 0xb
 528 002c 3B       		.uleb128 0x3b
 529 002d 0B       		.uleb128 0xb
 530 002e 39       		.uleb128 0x39
 531 002f 0B       		.uleb128 0xb
 532 0030 49       		.uleb128 0x49
 533 0031 13       		.uleb128 0x13
 534 0032 00       		.byte	0
 535 0033 00       		.byte	0
 536 0034 05       		.uleb128 0x5
 537 0035 35       		.uleb128 0x35
 538 0036 00       		.byte	0
 539 0037 49       		.uleb128 0x49
 540 0038 13       		.uleb128 0x13
 541 0039 00       		.byte	0
 542 003a 00       		.byte	0
 543 003b 06       		.uleb128 0x6
 544 003c 26       		.uleb128 0x26
 545 003d 00       		.byte	0
 546 003e 49       		.uleb128 0x49
 547 003f 13       		.uleb128 0x13
 548 0040 00       		.byte	0
 549 0041 00       		.byte	0
 550 0042 07       		.uleb128 0x7
 551 0043 13       		.uleb128 0x13
 552 0044 01       		.byte	0x1
 553 0045 0B       		.uleb128 0xb
 554 0046 0B       		.uleb128 0xb
 555 0047 3A       		.uleb128 0x3a
 556 0048 0B       		.uleb128 0xb
 557 0049 3B       		.uleb128 0x3b
 558 004a 05       		.uleb128 0x5
 559 004b 39       		.uleb128 0x39
 560 004c 0B       		.uleb128 0xb
 561 004d 01       		.uleb128 0x1
 562 004e 13       		.uleb128 0x13
 563 004f 00       		.byte	0
 564 0050 00       		.byte	0
 565 0051 08       		.uleb128 0x8
 566 0052 0D       		.uleb128 0xd
 567 0053 00       		.byte	0
 568 0054 03       		.uleb128 0x3
 569 0055 0E       		.uleb128 0xe
 570 0056 3A       		.uleb128 0x3a
ARM GAS  /tmp/ccxSTser.s 			page 11


 571 0057 0B       		.uleb128 0xb
 572 0058 3B       		.uleb128 0x3b
 573 0059 05       		.uleb128 0x5
 574 005a 39       		.uleb128 0x39
 575 005b 0B       		.uleb128 0xb
 576 005c 49       		.uleb128 0x49
 577 005d 13       		.uleb128 0x13
 578 005e 38       		.uleb128 0x38
 579 005f 0B       		.uleb128 0xb
 580 0060 00       		.byte	0
 581 0061 00       		.byte	0
 582 0062 09       		.uleb128 0x9
 583 0063 0D       		.uleb128 0xd
 584 0064 00       		.byte	0
 585 0065 03       		.uleb128 0x3
 586 0066 08       		.uleb128 0x8
 587 0067 3A       		.uleb128 0x3a
 588 0068 0B       		.uleb128 0xb
 589 0069 3B       		.uleb128 0x3b
 590 006a 05       		.uleb128 0x5
 591 006b 39       		.uleb128 0x39
 592 006c 0B       		.uleb128 0xb
 593 006d 49       		.uleb128 0x49
 594 006e 13       		.uleb128 0x13
 595 006f 38       		.uleb128 0x38
 596 0070 0B       		.uleb128 0xb
 597 0071 00       		.byte	0
 598 0072 00       		.byte	0
 599 0073 0A       		.uleb128 0xa
 600 0074 16       		.uleb128 0x16
 601 0075 00       		.byte	0
 602 0076 03       		.uleb128 0x3
 603 0077 0E       		.uleb128 0xe
 604 0078 3A       		.uleb128 0x3a
 605 0079 0B       		.uleb128 0xb
 606 007a 3B       		.uleb128 0x3b
 607 007b 05       		.uleb128 0x5
 608 007c 39       		.uleb128 0x39
 609 007d 0B       		.uleb128 0xb
 610 007e 49       		.uleb128 0x49
 611 007f 13       		.uleb128 0x13
 612 0080 00       		.byte	0
 613 0081 00       		.byte	0
 614 0082 0B       		.uleb128 0xb
 615 0083 01       		.uleb128 0x1
 616 0084 01       		.byte	0x1
 617 0085 49       		.uleb128 0x49
 618 0086 13       		.uleb128 0x13
 619 0087 01       		.uleb128 0x1
 620 0088 13       		.uleb128 0x13
 621 0089 00       		.byte	0
 622 008a 00       		.byte	0
 623 008b 0C       		.uleb128 0xc
 624 008c 21       		.uleb128 0x21
 625 008d 00       		.byte	0
 626 008e 49       		.uleb128 0x49
 627 008f 13       		.uleb128 0x13
ARM GAS  /tmp/ccxSTser.s 			page 12


 628 0090 2F       		.uleb128 0x2f
 629 0091 0B       		.uleb128 0xb
 630 0092 00       		.byte	0
 631 0093 00       		.byte	0
 632 0094 0D       		.uleb128 0xd
 633 0095 2E       		.uleb128 0x2e
 634 0096 01       		.byte	0x1
 635 0097 3F       		.uleb128 0x3f
 636 0098 19       		.uleb128 0x19
 637 0099 03       		.uleb128 0x3
 638 009a 0E       		.uleb128 0xe
 639 009b 3A       		.uleb128 0x3a
 640 009c 0B       		.uleb128 0xb
 641 009d 3B       		.uleb128 0x3b
 642 009e 05       		.uleb128 0x5
 643 009f 39       		.uleb128 0x39
 644 00a0 0B       		.uleb128 0xb
 645 00a1 27       		.uleb128 0x27
 646 00a2 19       		.uleb128 0x19
 647 00a3 01       		.uleb128 0x1
 648 00a4 13       		.uleb128 0x13
 649 00a5 00       		.byte	0
 650 00a6 00       		.byte	0
 651 00a7 0E       		.uleb128 0xe
 652 00a8 34       		.uleb128 0x34
 653 00a9 00       		.byte	0
 654 00aa 03       		.uleb128 0x3
 655 00ab 08       		.uleb128 0x8
 656 00ac 3A       		.uleb128 0x3a
 657 00ad 0B       		.uleb128 0xb
 658 00ae 3B       		.uleb128 0x3b
 659 00af 05       		.uleb128 0x5
 660 00b0 39       		.uleb128 0x39
 661 00b1 0B       		.uleb128 0xb
 662 00b2 49       		.uleb128 0x49
 663 00b3 13       		.uleb128 0x13
 664 00b4 00       		.byte	0
 665 00b5 00       		.byte	0
 666 00b6 0F       		.uleb128 0xf
 667 00b7 34       		.uleb128 0x34
 668 00b8 00       		.byte	0
 669 00b9 03       		.uleb128 0x3
 670 00ba 0E       		.uleb128 0xe
 671 00bb 3A       		.uleb128 0x3a
 672 00bc 0B       		.uleb128 0xb
 673 00bd 3B       		.uleb128 0x3b
 674 00be 05       		.uleb128 0x5
 675 00bf 39       		.uleb128 0x39
 676 00c0 0B       		.uleb128 0xb
 677 00c1 49       		.uleb128 0x49
 678 00c2 13       		.uleb128 0x13
 679 00c3 00       		.byte	0
 680 00c4 00       		.byte	0
 681 00c5 10       		.uleb128 0x10
 682 00c6 0F       		.uleb128 0xf
 683 00c7 00       		.byte	0
 684 00c8 0B       		.uleb128 0xb
ARM GAS  /tmp/ccxSTser.s 			page 13


 685 00c9 0B       		.uleb128 0xb
 686 00ca 49       		.uleb128 0x49
 687 00cb 13       		.uleb128 0x13
 688 00cc 00       		.byte	0
 689 00cd 00       		.byte	0
 690 00ce 11       		.uleb128 0x11
 691 00cf 34       		.uleb128 0x34
 692 00d0 00       		.byte	0
 693 00d1 03       		.uleb128 0x3
 694 00d2 0E       		.uleb128 0xe
 695 00d3 49       		.uleb128 0x49
 696 00d4 13       		.uleb128 0x13
 697 00d5 34       		.uleb128 0x34
 698 00d6 19       		.uleb128 0x19
 699 00d7 00       		.byte	0
 700 00d8 00       		.byte	0
 701 00d9 12       		.uleb128 0x12
 702 00da 2E       		.uleb128 0x2e
 703 00db 00       		.byte	0
 704 00dc 3F       		.uleb128 0x3f
 705 00dd 19       		.uleb128 0x19
 706 00de 03       		.uleb128 0x3
 707 00df 0E       		.uleb128 0xe
 708 00e0 3A       		.uleb128 0x3a
 709 00e1 0B       		.uleb128 0xb
 710 00e2 3B       		.uleb128 0x3b
 711 00e3 05       		.uleb128 0x5
 712 00e4 39       		.uleb128 0x39
 713 00e5 0B       		.uleb128 0xb
 714 00e6 27       		.uleb128 0x27
 715 00e7 19       		.uleb128 0x19
 716 00e8 00       		.byte	0
 717 00e9 00       		.byte	0
 718 00ea 13       		.uleb128 0x13
 719 00eb 2E       		.uleb128 0x2e
 720 00ec 00       		.byte	0
 721 00ed 03       		.uleb128 0x3
 722 00ee 0E       		.uleb128 0xe
 723 00ef 3A       		.uleb128 0x3a
 724 00f0 0B       		.uleb128 0xb
 725 00f1 3B       		.uleb128 0x3b
 726 00f2 05       		.uleb128 0x5
 727 00f3 39       		.uleb128 0x39
 728 00f4 0B       		.uleb128 0xb
 729 00f5 27       		.uleb128 0x27
 730 00f6 19       		.uleb128 0x19
 731 00f7 00       		.byte	0
 732 00f8 00       		.byte	0
 733 00f9 14       		.uleb128 0x14
 734 00fa 2E       		.uleb128 0x2e
 735 00fb 01       		.byte	0x1
 736 00fc 03       		.uleb128 0x3
 737 00fd 0E       		.uleb128 0xe
 738 00fe 3A       		.uleb128 0x3a
 739 00ff 0B       		.uleb128 0xb
 740 0100 3B       		.uleb128 0x3b
 741 0101 05       		.uleb128 0x5
ARM GAS  /tmp/ccxSTser.s 			page 14


 742 0102 39       		.uleb128 0x39
 743 0103 0B       		.uleb128 0xb
 744 0104 27       		.uleb128 0x27
 745 0105 19       		.uleb128 0x19
 746 0106 00       		.byte	0
 747 0107 00       		.byte	0
 748 0108 15       		.uleb128 0x15
 749 0109 05       		.uleb128 0x5
 750 010a 00       		.byte	0
 751 010b 03       		.uleb128 0x3
 752 010c 0E       		.uleb128 0xe
 753 010d 3A       		.uleb128 0x3a
 754 010e 0B       		.uleb128 0xb
 755 010f 3B       		.uleb128 0x3b
 756 0110 05       		.uleb128 0x5
 757 0111 39       		.uleb128 0x39
 758 0112 0B       		.uleb128 0xb
 759 0113 49       		.uleb128 0x49
 760 0114 13       		.uleb128 0x13
 761 0115 00       		.byte	0
 762 0116 00       		.byte	0
 763 0117 00       		.byte	0
 764              		.section	.gnu.debuglto_.debug_line,"e",%progbits
 765              	.Ldebug_line0:
 766 0000 A6010000 		.4byte	.LELT0-.LSLT0
 767              	.LSLT0:
 768 0004 0400     		.2byte	0x4
 769 0006 A0010000 		.4byte	.LELTP0-.LASLTP0
 770              	.LASLTP0:
 771 000a 01       		.byte	0x1
 772 000b 01       		.byte	0x1
 773 000c 01       		.byte	0x1
 774 000d F6       		.byte	0xf6
 775 000e F2       		.byte	0xf2
 776 000f 0D       		.byte	0xd
 777 0010 00       		.byte	0
 778 0011 01       		.byte	0x1
 779 0012 01       		.byte	0x1
 780 0013 01       		.byte	0x1
 781 0014 01       		.byte	0x1
 782 0015 00       		.byte	0
 783 0016 00       		.byte	0
 784 0017 00       		.byte	0
 785 0018 01       		.byte	0x1
 786 0019 00       		.byte	0
 787 001a 00       		.byte	0
 788 001b 01       		.byte	0x1
 789 001c 2E2E2F2E 		.ascii	"../../../os/common/ext/ARM/CMSIS/Core/Include"
 789      2E2F2E2E 
 789      2F6F732F 
 789      636F6D6D 
 789      6F6E2F65 
 790 0049 00       		.byte	0
 791 004a 2E2E2F2E 		.ascii	"../../../os/common/ext/ST/STM32F1xx"
 791      2E2F2E2E 
 791      2F6F732F 
 791      636F6D6D 
ARM GAS  /tmp/ccxSTser.s 			page 15


 791      6F6E2F65 
 792 006d 00       		.byte	0
 793 006e 2E2E2F2E 		.ascii	"../../../os/common/ports/ARMv7-M"
 793      2E2F2E2E 
 793      2F6F732F 
 793      636F6D6D 
 793      6F6E2F70 
 794 008e 00       		.byte	0
 795 008f 2E2E2F2E 		.ascii	"../../../os/hal/osal/rt-nil"
 795      2E2F2E2E 
 795      2F6F732F 
 795      68616C2F 
 795      6F73616C 
 796 00aa 00       		.byte	0
 797 00ab 2E2E2F2E 		.ascii	"../../../os/hal/ports/STM32/LLD/SYSTICKv1"
 797      2E2F2E2E 
 797      2F6F732F 
 797      68616C2F 
 797      706F7274 
 798 00d4 00       		.byte	0
 799 00d5 2E2E2F2E 		.ascii	"../../../os/hal/ports/STM32/LLD/TIMv1"
 799      2E2F2E2E 
 799      2F6F732F 
 799      68616C2F 
 799      706F7274 
 800 00fa 00       		.byte	0
 801 00fb 2E2E2F2E 		.ascii	"../../../os/rt/include"
 801      2E2F2E2E 
 801      2F6F732F 
 801      72742F69 
 801      6E636C75 
 802 0111 00       		.byte	0
 803 0112 2F757372 		.ascii	"/usr/lib/gcc/arm-none-eabi/10.3.1/include"
 803      2F6C6962 
 803      2F676363 
 803      2F61726D 
 803      2D6E6F6E 
 804 013b 00       		.byte	0
 805 013c 00       		.byte	0
 806 013d 73746469 		.ascii	"stdint.h\000"
 806      6E742E68 
 806      00
 807 0146 08       		.uleb128 0x8
 808 0147 00       		.uleb128 0
 809 0148 00       		.uleb128 0
 810 0149 73746D33 		.ascii	"stm32f103xg.h\000"
 810      32663130 
 810      3378672E 
 810      6800
 811 0157 02       		.uleb128 0x2
 812 0158 00       		.uleb128 0
 813 0159 00       		.uleb128 0
 814 015a 73746D33 		.ascii	"stm32_tim.h\000"
 814      325F7469 
 814      6D2E6800 
 815 0166 06       		.uleb128 0x6
 816 0167 00       		.uleb128 0
ARM GAS  /tmp/ccxSTser.s 			page 16


 817 0168 00       		.uleb128 0
 818 0169 68616C5F 		.ascii	"hal_st_lld.c\000"
 818      73745F6C 
 818      6C642E63 
 818      00
 819 0176 05       		.uleb128 0x5
 820 0177 00       		.uleb128 0
 821 0178 00       		.uleb128 0
 822 0179 6F73616C 		.ascii	"osal.h\000"
 822      2E6800
 823 0180 04       		.uleb128 0x4
 824 0181 00       		.uleb128 0
 825 0182 00       		.uleb128 0
 826 0183 63687379 		.ascii	"chsys.h\000"
 826      732E6800 
 827 018b 07       		.uleb128 0x7
 828 018c 00       		.uleb128 0
 829 018d 00       		.uleb128 0
 830 018e 6368636F 		.ascii	"chcore.h\000"
 830      72652E68 
 830      00
 831 0197 03       		.uleb128 0x3
 832 0198 00       		.uleb128 0
 833 0199 00       		.uleb128 0
 834 019a 636D7369 		.ascii	"cmsis_gcc.h\000"
 834      735F6763 
 834      632E6800 
 835 01a6 01       		.uleb128 0x1
 836 01a7 00       		.uleb128 0
 837 01a8 00       		.uleb128 0
 838 01a9 00       		.byte	0
 839              	.LELTP0:
 840              	.LELT0:
 841              		.section	.gnu.debuglto_.debug_str,"eMS",%progbits,1
 842              	.LASF42:
 843 0000 706F7274 		.ascii	"port_lock_from_isr\000"
 843      5F6C6F63 
 843      6B5F6672 
 843      6F6D5F69 
 843      737200
 844              	.LASF45:
 845 0013 474E5520 		.ascii	"GNU C17 10.3.1 20210621 (release) -mcpu=cortex-m3 -"
 845      43313720 
 845      31302E33 
 845      2E312032 
 845      30323130 
 846 0046 6D746875 		.ascii	"mthumb -mfloat-abi=soft -march=armv7-m -ggdb -O2 -f"
 846      6D62202D 
 846      6D666C6F 
 846      61742D61 
 846      62693D73 
 847 0079 6F6D6974 		.ascii	"omit-frame-pointer -falign-functions=16 -ffunction-"
 847      2D667261 
 847      6D652D70 
 847      6F696E74 
 847      6572202D 
 848 00ac 73656374 		.ascii	"sections -fdata-sections -fno-common -flto\000"
ARM GAS  /tmp/ccxSTser.s 			page 17


 848      696F6E73 
 848      202D6664 
 848      6174612D 
 848      73656374 
 849              	.LASF27:
 850 00d7 43434552 		.ascii	"CCER\000"
 850      00
 851              	.LASF36:
 852 00dc 6F73616C 		.ascii	"osalOsTimerHandlerI\000"
 852      4F735469 
 852      6D657248 
 852      616E646C 
 852      65724900 
 853              	.LASF16:
 854 00f0 41504231 		.ascii	"APB1RSTR\000"
 854      52535452 
 854      00
 855              	.LASF29:
 856 00f9 444D4152 		.ascii	"DMAR\000"
 856      00
 857              	.LASF25:
 858 00fe 43434D52 		.ascii	"CCMR1\000"
 858      3100
 859              	.LASF26:
 860 0104 43434D52 		.ascii	"CCMR2\000"
 860      3200
 861              	.LASF31:
 862 010a 43435852 		.ascii	"CCXR\000"
 862      00
 863              	.LASF20:
 864 010f 42444352 		.ascii	"BDCR\000"
 864      00
 865              	.LASF40:
 866 0114 63685379 		.ascii	"chSysLockFromISR\000"
 866      734C6F63 
 866      6B46726F 
 866      6D495352 
 866      00
 867              	.LASF44:
 868 0125 706F7274 		.ascii	"port_lock\000"
 868      5F6C6F63 
 868      6B00
 869              	.LASF4:
 870 012f 73686F72 		.ascii	"short int\000"
 870      7420696E 
 870      7400
 871              	.LASF14:
 872 0139 43464752 		.ascii	"CFGR\000"
 872      00
 873              	.LASF19:
 874 013e 41504231 		.ascii	"APB1ENR\000"
 874      454E5200 
 875              	.LASF12:
 876 0146 75696E74 		.ascii	"uint32_t\000"
 876      33325F74 
 876      00
 877              	.LASF2:
ARM GAS  /tmp/ccxSTser.s 			page 18


 878 014f 6C6F6E67 		.ascii	"long double\000"
 878      20646F75 
 878      626C6500 
 879              	.LASF39:
 880 015b 63685379 		.ascii	"chSysUnlockFromISR\000"
 880      73556E6C 
 880      6F636B46 
 880      726F6D49 
 880      535200
 881              	.LASF1:
 882 016e 6C6F6E67 		.ascii	"long long int\000"
 882      206C6F6E 
 882      6720696E 
 882      7400
 883              	.LASF47:
 884 017c 2F686F6D 		.ascii	"/home/nicolasscg/ci_test/ChibiOS/demos/STM32/RT-STM"
 884      652F6E69 
 884      636F6C61 
 884      73736367 
 884      2F63695F 
 885 01af 33324631 		.ascii	"32F103-STM3210E_EVAL-FATFS-USB\000"
 885      30332D53 
 885      544D3332 
 885      3130455F 
 885      4556414C 
 886              	.LASF5:
 887 01ce 6C6F6E67 		.ascii	"long int\000"
 887      20696E74 
 887      00
 888              	.LASF21:
 889 01d7 5243435F 		.ascii	"RCC_TypeDef\000"
 889      54797065 
 889      44656600 
 890              	.LASF17:
 891 01e3 41484245 		.ascii	"AHBENR\000"
 891      4E5200
 892              	.LASF15:
 893 01ea 41504232 		.ascii	"APB2RSTR\000"
 893      52535452 
 893      00
 894              	.LASF49:
 895 01f3 56656374 		.ascii	"VectorB0\000"
 895      6F724230 
 895      00
 896              	.LASF30:
 897 01fc 43434D52 		.ascii	"CCMR3\000"
 897      3300
 898              	.LASF6:
 899 0202 756E7369 		.ascii	"unsigned char\000"
 899      676E6564 
 899      20636861 
 899      7200
 900              	.LASF37:
 901 0210 6F73616C 		.ascii	"osalSysUnlockFromISR\000"
 901      53797355 
 901      6E6C6F63 
 901      6B46726F 
ARM GAS  /tmp/ccxSTser.s 			page 19


 901      6D495352 
 902              	.LASF23:
 903 0225 534D4352 		.ascii	"SMCR\000"
 903      00
 904              	.LASF46:
 905 022a 2E2E2F2E 		.ascii	"../../../os/hal/ports/STM32/LLD/SYSTICKv1/hal_st_ll"
 905      2E2F2E2E 
 905      2F6F732F 
 905      68616C2F 
 905      706F7274 
 906 025d 642E6300 		.ascii	"d.c\000"
 907              	.LASF48:
 908 0261 5F5F6675 		.ascii	"__func__\000"
 908      6E635F5F 
 908      00
 909              	.LASF18:
 910 026a 41504232 		.ascii	"APB2ENR\000"
 910      454E5200 
 911              	.LASF3:
 912 0272 7369676E 		.ascii	"signed char\000"
 912      65642063 
 912      68617200 
 913              	.LASF9:
 914 027e 6C6F6E67 		.ascii	"long long unsigned int\000"
 914      206C6F6E 
 914      6720756E 
 914      7369676E 
 914      65642069 
 915              	.LASF0:
 916 0295 756E7369 		.ascii	"unsigned int\000"
 916      676E6564 
 916      20696E74 
 916      00
 917              	.LASF24:
 918 02a2 44494552 		.ascii	"DIER\000"
 918      00
 919              	.LASF7:
 920 02a7 73686F72 		.ascii	"short unsigned int\000"
 920      7420756E 
 920      7369676E 
 920      65642069 
 920      6E7400
 921              	.LASF51:
 922 02ba 62617365 		.ascii	"basePri\000"
 922      50726900 
 923              	.LASF33:
 924 02c2 74696D70 		.ascii	"timp\000"
 924      00
 925              	.LASF10:
 926 02c7 63686172 		.ascii	"char\000"
 926      00
 927              	.LASF32:
 928 02cc 73746D33 		.ascii	"stm32_tim_t\000"
 928      325F7469 
 928      6D5F7400 
 929              	.LASF28:
 930 02d8 42445452 		.ascii	"BDTR\000"
ARM GAS  /tmp/ccxSTser.s 			page 20


 930      00
 931              	.LASF38:
 932 02dd 6F73616C 		.ascii	"osalSysLockFromISR\000"
 932      5379734C 
 932      6F636B46 
 932      726F6D49 
 932      535200
 933              	.LASF13:
 934 02f0 4442474D 		.ascii	"DBGMCU_TypeDef\000"
 934      43555F54 
 934      79706544 
 934      656600
 935              	.LASF22:
 936 02ff 5F426F6F 		.ascii	"_Bool\000"
 936      6C00
 937              	.LASF43:
 938 0305 706F7274 		.ascii	"port_unlock\000"
 938      5F756E6C 
 938      6F636B00 
 939              	.LASF8:
 940 0311 6C6F6E67 		.ascii	"long unsigned int\000"
 940      20756E73 
 940      69676E65 
 940      6420696E 
 940      7400
 941              	.LASF50:
 942 0323 5F5F7365 		.ascii	"__set_BASEPRI\000"
 942      745F4241 
 942      53455052 
 942      4900
 943              	.LASF11:
 944 0331 4944434F 		.ascii	"IDCODE\000"
 944      444500
 945              	.LASF41:
 946 0338 706F7274 		.ascii	"port_unlock_from_isr\000"
 946      5F756E6C 
 946      6F636B5F 
 946      66726F6D 
 946      5F697372 
 947              	.LASF34:
 948 034d 73745F6C 		.ascii	"st_lld_serve_interrupt\000"
 948      6C645F73 
 948      65727665 
 948      5F696E74 
 948      65727275 
 949              	.LASF35:
 950 0364 73745F6C 		.ascii	"st_lld_init\000"
 950      6C645F69 
 950      6E697400 
 951              		.text
 952              		.section	.gnu.lto_.profile.a80e43d64721535,"e",%progbits
 953 0000 789C6362 		.ascii	"x\234cb\000\001\000\000\022\000\003"
 953      00010000 
 953      120003
 954              		.text
 955              		.section	.gnu.lto_.icf.a80e43d64721535,"e",%progbits
 956 0000 789C9362 		.ascii	"x\234\223b@\000\026\206\206\365\367\237q1\276\376\367"
ARM GAS  /tmp/ccxSTser.s 			page 21


 956      40001686 
 956      86F5F79F 
 956      7131BEFE 
 956      F7
 957 0011 AE8F8BA9 		.ascii	"\256\217\213\251w\316\374\223<\314\207\217\335\272\300"
 957      77CEFC93 
 957      3CCC878F 
 957      DDBAC0
 958 0020 C10000A9 		.ascii	"\301\000\000\251\246\014j"
 958      A60C6A
 959              		.text
 960              		.section	.gnu.lto_.ipa_sra.a80e43d64721535,"e",%progbits
 961 0000 789C9360 		.ascii	"x\234\223`@\000\026\006\006F\006FF\020\301\004\"\230"
 961      40001606 
 961      06460646 
 961      4610C104 
 961      2298
 962 0012 19C06C06 		.ascii	"\031\300l\006\000\004\216\000,"
 962      00048E00 
 962      2C
 963              		.text
 964              		.section	.gnu.lto_.inline.a80e43d64721535,"e",%progbits
 965 0000 789C5BC5 		.ascii	"x\234[\305\200\000,\014\014l\015\015\015\007\230\323"
 965      80002C0C 
 965      0C6C0D0D 
 965      0D0798D3 
 966 0010 18199858 		.ascii	"\030\031\230X\200\254\006\246\024\210\020\220\301\304"
 966      80AC06A6 
 966      14881090 
 966      C1C4
 967 001e C00454C2 		.ascii	"\300\004T\302\310\005R\310\310 \012\024\273\300\234"
 967      C80552C8 
 967      C8200A14 
 967      BBC09C
 968 002d 0E542707 		.ascii	"\016T'\007d=`NCS\307\314\003$\230@\210w\323\2633'\301"
 968      643D604E 
 968      4353C7CC 
 968      03249840 
 968      8877D3B3 
 969 0044 260A01E5 		.ascii	"&\012\001\345\0270\241\253\204\230\310\314\300\0122"
 969      1730A1AB 
 969      8498C8CC 
 969      C00A32
 970 0053 87096422 		.ascii	"\207\011d\"\003C#\220]\207\335f0\311\000\000>\344!\027"
 970      03432390 
 970      5D87DD66 
 970      30C90000 
 970      3EE42117 
 971              		.text
 972              		.section	.gnu.lto_.jmpfuncs.a80e43d64721535,"e",%progbits
 973 0000 789CB364 		.ascii	"x\234\263d@\000\026\020\301\010\244\231&1/af`\224a`"
 973      40001610 
 973      C108A499 
 973      26312F61 
 973      66609461 
 974 0015 3CC0C228 		.ascii	"<\300\302(\003\304\014\014P!\016\260\020\007D\010\250"
 974      03C40C0C 
ARM GAS  /tmp/ccxSTser.s 			page 22


 974      50210EB0 
 974      10074408 
 974      A8
 975 0026 9A19AC11 		.ascii	"\232\031\254\021\000\307\240\006$"
 975      00C7A006 
 975      24
 976              		.text
 977              		.section	.gnu.lto_.pureconst.a80e43d64721535,"e",%progbits
 978 0000 789CE365 		.ascii	"x\234\343e```a\330\305\3128\213\205i\026\013\363\014"
 978      60606061 
 978      D8C5CA38 
 978      8B856916 
 978      0BF30C
 979 0013 160012A2 		.ascii	"\026\000\022\242\002\257"
 979      02AF
 980              		.text
 981              		.section	.gnu.lto_.lto.a80e43d64721535,"e",%progbits
 982 0000 09000400 		.ascii	"\011\000\004\000\001\000\000\000"
 982      01000000 
 983              		.text
 984              		.section	.gnu.lto_VectorB0.327.a80e43d64721535,"e",%progbits
 985 0000 789C7BC0 		.ascii	"x\234{\300\300\300\320\003\304\312@\314\310\314\300"
 985      C0C0D003 
 985      C4CA40CC 
 985      C8CCC0
 986 000f 38696217 		.ascii	"8ib\027\023CCC\203\003;\023c\343\304.N\306\255\214`"
 986      13434343 
 986      83033B13 
 986      63E3C42E 
 986      4EC6AD8C 
 987 0024 1E23433D 		.ascii	"\036#C=\023c=\343dfM \367\307\322\327\007f\26356\264"
 987      13633DE3 
 987      64664D20 
 987      F7C7D2D7 
 987      0766B335 
 988 003a 4A2C6166 		.ascii	"J,af`\230\007\304P\300\006\3431\002\361\372K\254\007"
 988      609807C4 
 988      50C006E3 
 988      3102F1FA 
 988      4BAC07
 989 004d 1AFEFCEF 		.ascii	"\032\376\374\357oh\370\372\230\361\365F\026\026\006"
 989      6F68F8FA 
 989      98F1F546 
 989      161606
 990 005c 867E6690 		.ascii	"\206~f\220\331\015,\214\015\007\030\030&03A8\215@\316"
 990      D90D2C8C 
 990      0D071818 
 990      26303341 
 990      388D40CE 
 991 0070 2BC68647 		.ascii	"+\306\206G{\037K\200h%,\304\242X\260\212\213@\025\037"
 991      7B1F4B80 
 991      68252CC4 
 991      A258B08A 
 991      8B40151F 
 992 0084 189B1518 		.ascii	"\030\233\025\030Z\030\231\22603\316c\006\332\263\204"
 992      5A189996 
 992      3033CE63 
ARM GAS  /tmp/ccxSTser.s 			page 23


 992      06DAB384 
 993 0094 99092C77 		.ascii	"\231\011,w%\031\253f\024\345L\020\345\237\030\233\036"
 993      2519AB66 
 993      14E54C10 
 993      E59F189B 
 993      1E
 994 00a5 5C7FCC01 		.ascii	"\\\177\314\001vr?3#\302I\014\014A\372\031\371\271\251"
 994      76723F33 
 994      23C2490C 
 994      0C41FA19 
 994      F9B9A9
 995 00b8 FA7999C9 		.ascii	"\372y\231\311\3719\211\305\305\311\351\372\311\231\361"
 995      F93989C5 
 995      C5C9E9FA 
 995      C999F1
 996 00c7 25A9C525 		.ascii	"%\251\305%\372\316\031\231I\231\376\301\372)\251\271"
 996      FACE1999 
 996      4999FEC1 
 996      FA29A9B9 
 997 00d7 F9C5FAC1 		.ascii	"\371\305\372\301!\276\306F\372A!\272`\206\233\241\201"
 997      21BEC646 
 997      FA4121BA 
 997      60869BA1 
 997      81
 998 00e8 31846568 		.ascii	"1\204eh\340\032\357\032\346\350\243\353\346\030\342"
 998      E01AEF1A 
 998      E6E8A3EB 
 998      E618E2
 999 00f7 16AC1B1A 		.ascii	"\026\254\033\032\354\304`\256\247\247\017A@}\031\211"
 999      ECC460AE 
 999      A7A70F41 
 999      407D1989 
 1000 0107 39FA05F9 		.ascii	"9\372\005\371E%0\023||\\\364\203#\203C<\235\275\313"
 1000      45253013 
 1000      7C7C5CF4 
 1000      83238343 
 1000      3C9DBDCB 
 1001 011b 0C41B2F1 		.ascii	"\014A\262\361\305%\36199)z\311\014\000\036iz\217"
 1001      C525F139 
 1001      39297AC9 
 1001      0C001E69 
 1001      7A8F
 1002              		.text
 1003              		.section	.gnu.lto_st_lld_init.328.a80e43d64721535,"e",%progbits
 1004 0000 789C8D93 		.ascii	"x\234\215\223Ih\024A\024\206\337\337\325\263\271\343"
 1004      49681441 
 1004      1486DFDF 
 1004      D5B3B9E3 
 1005 0010 4172C8C1 		.ascii	"Ar\310\301\345\244\220t\226\203WcL@\034\0212\243\220"
 1005      E5A49074 
 1005      96835763 
 1005      4C401C11 
 1005      32A390
 1006 0023 D3102713 		.ascii	"\323\020'\02330q\304\031\274\246\242F%\010I\306CP4\321"
 1006      333071C4 
 1006      19BCA6A2 
 1006      46250849 
ARM GAS  /tmp/ccxSTser.s 			page 24


 1006      C6435034 
 1007 0038 A195DC04 		.ascii	"\241\225\334\004\305\015\267(n \210\211+z\221\010F\014"
 1007      C50DB728 
 1007      6E208889 
 1007      2B7A9108 
 1007      460C
 1008 004a 84212745 		.ascii	"\204!'Ee|\325\325=\211Kd\232\256\327\365\252\373\373"
 1008      657CD5D5 
 1008      3D894B64 
 1008      9AAED7F5 
 1008      AAFBFB
 1009 005d EB7FD555 		.ascii	"\353\177\325UKM\242\343D\264\216\033\004!7\330g\220"
 1009      4B4DA2E3 
 1009      44B48E1B 
 1009      042137D8 
 1009      6790
 1010 006f 947253C0 		.ascii	"\224rS\300@\317`_\010W\340d\240n\003\3358!\326s\372"
 1010      40CF605F 
 1010      0857E064 
 1010      A06E03DD 
 1010      3821D673 
 1011 0084 F5FC7461 		.ascii	"\365\374ta\304\177D\366V\330\202h\230\233{\371\275\014"
 1011      C47F44F6 
 1011      56D88268 
 1011      989B7BF9 
 1011      BD0C
 1012 0096 DC2E4EF8 		.ascii	"\334.N\370\306\344\217b\277\224\017?b\372\262\271\022"
 1012      C6E48F62 
 1012      BF940F3F 
 1012      62FAB2B9 
 1012      12
 1013 00a7 640B182A 		.ascii	"d\013\030*\010\025L\025\002*\020\365\0135\2514!\307"
 1013      08154C15 
 1013      022A10F5 
 1013      0B35A934 
 1013      21C7
 1014 00b9 880684A1 		.ascii	"\210\006\204\241\223\036N\276@N\016}\252P\317\265\245"
 1014      931E4EBE 
 1014      404E0E7D 
 1014      AA50CFB5 
 1014      A5
 1015 00ca 3079AAE3 		.ascii	"0y\252\343\217\201K\0354\203\373\267By\201\323\0029"
 1015      8F814B1D 
 1015      3483FBB7 
 1015      427981D3 
 1015      0239
 1016 00dc 610B0354 		.ascii	"a\013\003T\352\311\263\307\244\311\331\005UL\320\026"
 1016      EAC9B3C7 
 1016      A4C9D905 
 1016      554CD016 
 1017 00ec 02D780AB 		.ascii	"\002\327\200\253\240\2325\2660q\035g\034\32338\224;"
 1017      A09A35B6 
 1017      30711D67 
 1017      1CD33338 
 1017      943B
 1018 00fe 8ABC30F2 		.ascii	"\212\2740\362\232\003\240D\013}X\020\275\251Qf\264\025"
 1018      9A03A044 
ARM GAS  /tmp/ccxSTser.s 			page 25


 1018      0B7D5810 
 1018      BDA95166 
 1018      B415
 1019 0110 D743E05F 		.ascii	"\327C\340_\3009'5q\333\235\216\201|\253c\376\006\327"
 1019      C0392735 
 1019      71DB9D8E 
 1019      817CAB63 
 1019      FE06D7
 1020 0123 E792C2F5 		.ascii	"\347\222\302\365\354+\271\367\361\232\014\310e\363\024"
 1020      EC2BB9F7 
 1020      F19A0CC8 
 1020      65F314
 1021 0132 FD1803EE 		.ascii	"\375\030\003\356z\026\356\261\034\346\2717YD\273\227"
 1021      7A16EEB1 
 1021      1CE6B937 
 1021      5944BB97 
 1022 0142 2BFEB6FF 		.ascii	"+\376\266\377;\373@\263\0149>\3568\2138;Z\351N\035("
 1022      3BFB40B3 
 1022      0C393EEE 
 1022      388B383B 
 1022      5AE94E1D 
 1023 0157 9908C0F9 		.ascii	"\231\010\300\371#\236\320\347\345\266\010\3421\360h"
 1023      239ED0E7 
 1023      E5B608E2 
 1023      31F068
 1024 0166 5E5D4F58 		.ascii	"^]OX\314 R\237\233\0309\351\254\310\344\270.Mk.\314"
 1024      CC20529F 
 1024      9B1839E9 
 1024      ACC8E4B8 
 1024      2E4D6B2E 
 1025 017b 3E655678 		.ascii	">eVxl\261(\034\366Ey\3543fM\217\325\033\346\325\177"
 1025      6CB1281C 
 1025      F64579EC 
 1025      33664D8F 
 1025      D51BE6D5 
 1026 0190 491E73E1 		.ascii	"I\036s\341\020\306\031\366\021\325q>\272J\011L\000\033"
 1026      10C619F6 
 1026      11D5713E 
 1026      BA4A094C 
 1026      001B
 1027 01a2 D4067E0E 		.ascii	"\324\006~\016G\351[y\036^\262\214\177\216\372^\036\365"
 1027      47E95B79 
 1027      1E5EB28C 
 1027      7F8EFA5E 
 1027      1EF5
 1028 01b4 9AA9C01C 		.ascii	"\232\251\300\034\365\263<\352-SA\257^M\026\313#\337"
 1028      F5B33CEA 
 1028      2D5341AF 
 1028      5E4D16CB 
 1028      23DF
 1029 01c6 3319E2F9 		.ascii	"3\031\342\371\336ijh\252\202\012\350]M\207a\330b\321"
 1029      DE696A68 
 1029      AA820AE8 
 1029      5D4D8761 
 1029      D862D1
 1030 01d9 B0DA0A4A 		.ascii	"\260\332\012Ju1*\365\203\241%4\213\203\037\336L\005"
 1030      75312AF5 
ARM GAS  /tmp/ccxSTser.s 			page 26


 1030      83A12534 
 1030      8B831FDE 
 1030      4C05
 1031 01eb 9DF3DD2F 		.ascii	"\235\363\335/0wL\211Z\254\316tW\302\332\233\214\247"
 1031      30774C89 
 1031      5AACCE74 
 1031      57C2DA9B 
 1031      8CA7
 1032 01fd 536D994C 		.ascii	"Sm\231L|\217\025O\306\262\211L\326j\354L\356N\356\210"
 1032      7C8F154F 
 1032      C6B2894C 
 1032      D66AEC4C 
 1032      EE4EEE88 
 1033 0211 58ED89AE 		.ascii	"X\355\211\256t\306\212D\267\327\327Y-\321*\247\323\\"
 1033      74C68A44 
 1033      B7D7D759 
 1033      2DD12AA7 
 1033      D35C
 1034 0223 5B53AF7B 		.ascii	"[S\257{\2655M\261\246]\015\341\252\346\206hs\244jgd"
 1034      B5354DB1 
 1034      A65D0DE1 
 1034      AAE68668 
 1034      73A46A67 
 1035 0238 336DACAE 		.ascii	"3m\254\256\266\364\315\\g[\312\332\227\336\237\365\024"
 1035      B6F4CD5C 
 1035      675BCADA 
 1035      97DE9FF5 
 1035      14
 1036 0249 C2E12D56 		.ascii	"\302\341-V\2445\022\335\332\270\355@\255z\033\313dc"
 1036      A43512DD 
 1036      DAB8ED40 
 1036      AD7A1BCB 
 1036      6463
 1037 025b A9547B75 		.ascii	"\251T{u\234~\001I\354nI"
 1037      9C7E0149 
 1037      EC6E49
 1038              		.text
 1039              		.section	.gnu.lto_st_lld_serve_interrupt.329.a80e43d64721535,"e",%progbits
 1040 0000 789C6D52 		.ascii	"x\234mRMh\023A\024\2367o\223l\021\"\036\224\340\251"
 1040      4D681341 
 1040      149E376F 
 1040      936C1122 
 1040      1E94E0A9 
 1041 0014 170F0AC9 		.ascii	"\027\017\012\311&-b\217\326\232\200X\021\233(x\0121"
 1041      262D628F 
 1041      D69A8058 
 1041      119B2878 
 1041      0A31
 1042 0026 4D9B40DA 		.ascii	"M\233@\332\224&x\355\230D\013\021I\223\212x\320Z\303"
 1042      942678ED 
 1042      98440B11 
 1042      49938A78 
 1042      D05AC3
 1043 0039 2A8AA048 		.ascii	"*\212\240H\361\267U\203=Ho*\364(T\241\330F\220 \264"
 1043      F1B75583 
 1043      3D486F2A 
 1043      F42854A1 
ARM GAS  /tmp/ccxSTser.s 			page 27


 1043      D8469020 
 1044 004e 48ABC437 		.ascii	"H\253\3047\263\211\355\241\313\316\316\233\357\275\357"
 1044      B389EDA1 
 1044      CBCECE9B 
 1044      EFBDEF
 1045 005d FBE63DB6 		.ascii	"\373\346=\266\310\031{\304\030\363\323\002\033\203r"
 1045      C8197BC4 
 1045      18F3D302 
 1045      1B8372
 1046 006c A9C09910 		.ascii	"\251\300\231\020\342\250\203\363\\\351*\207Y(<.\356"
 1046      E2A883F3 
 1046      5CE92A87 
 1046      59283C2E 
 1046      EE
 1047 007d D5F225E7 		.ascii	"\325\362%\347\372\247\372!\015\341\272n\3455\270T*\264"
 1047      FAA7FA21 
 1047      0DE1BA6E 
 1047      E535B854 
 1047      2AB4
 1048 008f 515E9D80 		.ascii	"Q^\235\200\215q\324`\014&\361 \001\277\357\375\020\357"
 1048      8D71D460 
 1048      0C26F120 
 1048      01BFEFFD 
 1048      10EF
 1049 00a1 EC57C465 		.ascii	"\354W\304e\227\211\214M\321j>\267\020\312h\"\200\326"
 1049      97898C4D 
 1049      D16A3EB7 
 1049      10CA6822 
 1049      80D6
 1050 00b3 8C38B453 		.ascii	"\2148\264S\204\327@\246\016T\205\250o\316L\177\005Q"
 1050      84D740A6 
 1050      0E5485A8 
 1050      6FCE4C7F 
 1050      0551
 1051 00c5 166022C2 		.ascii	"\026`\"\302\013 2<\007x\006\014^\002ceX\264I\302\303"
 1051      0B20323C 
 1051      0778060C 
 1051      5E026365 
 1051      58B449C2 
 1052 00da 2DC2C64C 		.ascii	"-\302\306L}\251I\320\340\325v\302kEX\260\331e(\3512"
 1052      7DA949D0 
 1052      E0D576C2 
 1052      6B4558B0 
 1052      D96528E9 
 1053 00ef 374BA07C 		.ascii	"7K\240|\011z\362\331V\025\177\032E!>\334\201\247\013"
 1053      097AF2D9 
 1053      56157F1A 
 1053      45213EDC 
 1053      81A70B
 1054 0102 8DC53DBB 		.ascii	"\215\305=\273\200\231h\343\362\203\362\243\230\016\031"
 1054      809968E3 
 1054      F283F2A3 
 1054      980E19
 1055 0111 E9965C11 		.ascii	"\351\226\\\021e\373B\003Qel\002\271u\310\321\241\006"
 1055      65FB4203 
 1055      51656C02 
 1055      B975C8D1 
ARM GAS  /tmp/ccxSTser.s 			page 28


 1055      A106
 1056 0123 E2DBDA77 		.ascii	"\342\333\332w\227\332\327\007i\313N\237!O\331$\202*"
 1056      97DAD707 
 1056      69CB4E9F 
 1056      214FD924 
 1056      822A
 1057 0135 53A94D2A 		.ascii	"S\251M*\371\011\357\347V\261\202\366\346\020P5s_V\255"
 1057      F909EFE7 
 1057      56B182F6 
 1057      E6105035 
 1057      735F56AD 
 1058 0149 384DB4C3 		.ascii	"8M\264\303\034\300\033`\336\273B\350&:\340-\334V#\224"
 1058      1CC01B60 
 1058      DEBB42E8 
 1058      263AE02D 
 1058      DC562394 
 1059 015d 9ABBE91A 		.ascii	"\232\273\351\032\304TZ\177[Z\316\012BKA\337A\240J\002"
 1059      C4545A7F 
 1059      5B5ACE0A 
 1059      424B41DF 
 1059      41A04A02 
 1060 0171 74792ACE 		.ascii	"ty*\316\335\030_\346\025tT,g\0334\300B\017WP']JI\233"
 1060      DD185FE6 
 1060      1574542C 
 1060      671B34C0 
 1060      420F5750 
 1061 018a 76E5A22B 		.ascii	"v\345\242+\227\206r\311\336\034_#\210K\224<\353\205"
 1061      978672C9 
 1061      DE1C5F23 
 1061      884B943C 
 1061      EB85
 1062 019c E5FF8E2B 		.ascii	"\345\377\216+\270\203\345\274ugb(\221\311\232\313\362"
 1062      B883E5BC 
 1062      75676228 
 1062      91C99ACB 
 1062      F2
 1063 01ad F94222D4 		.ascii	"\371B\"\324\272n\271s\266\012\371\325\371\375\204Y\200"
 1063      BA6EB973 
 1063      B60AF9D5 
 1063      F9FD8459 
 1063      80
 1064 01be F59B4C20 		.ascii	"\365\233L ~\254o<\0005\330: \313\0037Q\237\222M\230"
 1064      7EAC6F3C 
 1064      0035D83A 
 1064      20CB0337 
 1064      519F924D 
 1065 01d3 D8A62AB4 		.ascii	"\330\246*\264\255\321\377\202\354R\243\246+j\2619l\310"
 1065      ADD1FF82 
 1065      EC52A3A6 
 1065      2B6AB139 
 1065      6CC8
 1066 01e5 56E5B1CF 		.ascii	"V\345\261\317\210\247\206b\306p\"\232JF\322\351\350"
 1066      88A78662 
 1066      C670229A 
 1066      4A46D2E9 
 1066      E8
 1067 01f6 A0114D84 		.ascii	"\240\021M\2043\261t\306\350\211'.$N\007\215\376\330"
ARM GAS  /tmp/ccxSTser.s 			page 29


 1067      33B174C6 
 1067      E889272E 
 1067      244E078D 
 1067      FED8
 1068 0208 502A6D04 		.ascii	"P*m\004C\247:;\214\276\220[\005\001\237\267\323\212"
 1068      43A73A3B 
 1068      8CBE905B 
 1068      05019FB7 
 1068      D38A
 1069 021a 7C5E7FD8 		.ascii	"|^\177\330\177\256\273\327\035\350\016\005\202\356\263"
 1069      7FAEBBD7 
 1069      1DE80E05 
 1069      82EEB3
 1070 0229 C163EC88 		.ascii	"\301c\354\210\307cX/\361\342\221\2441\222\032\315\264"
 1070      C763582F 
 1070      F1E291A4 
 1070      31921ACD 
 1070      B4
 1071 023a 147A7B8F 		.ascii	"\024z{\217\033\301\363\301\320\211\236\223\027}2\033"
 1071      1BC1F3C1 
 1071      D0899E93 
 1071      177D321B 
 1072 024a 4E67C2C9 		.ascii	"Ng\302\311d\277'\312\264Lbhd\337v\310\343\355\212\015"
 1072      64BF27CA 
 1072      B44C6268 
 1072      64DF76C8 
 1072      E3ED8A0D 
 1073 025e 74744506 		.ascii	"ttE\006\030O\217\376\003\344\272\020\246"
 1073      184F8FFE 
 1073      03E4BA10 
 1073      A6
 1074              		.text
 1075              		.section	.gnu.lto_st_lld_serve_interrupt.part.0.335.a80e43d64721535,"e",%progbits
 1076 0000 789C7D54 		.ascii	"x\234}T]lSe\030\376\336\363\235\376\014\2750\230\030"
 1076      5D6C5365 
 1076      18FEDEF3 
 1076      9DFE0CBD 
 1076      309818
 1077 0013 83171497 		.ascii	"\203\027\024\227\305\237\320\236\016. z\343\234,Y\\"
 1077      C59FD09E 
 1077      0E2E207A 
 1077      E39C2C59 
 1077      5C
 1078 0024 A3592789 		.ascii	"\243Y'\211W\3158+\364$\355\272\364T\342\2568\202\240"
 1078      57CD382B 
 1078      F424EDBA 
 1078      F454E2AE 
 1078      3882A0
 1079 0037 37CBFECC 		.ascii	"7\313\376\3142X\327AR\315\214!\213\301\301\224)\323"
 1079      3258D741 
 1079      52CD8C21 
 1079      8BC1C194 
 1079      29D3
 1080 0049 C13A86B2 		.ascii	"\301:\206\262\261\301 \016:\206\006M!\333\254\022\253"
 1080      B1C1200E 
 1080      3A86064D 
 1080      21DBAC12 
ARM GAS  /tmp/ccxSTser.s 			page 30


 1080      AB
 1081 005a 10E7FB7D 		.ascii	"\020\347\373}\337i{4b\323\236\363\236\347}\237\367\347"
 1081      DF697B34 
 1081      62D39EF3 
 1081      9EE77D9F 
 1081      F7E7
 1082 006c 79CFD717 		.ascii	"y\317\327\027m\204\264\002!U\204\020\260\021\370\300"
 1082      6D84B402 
 1082      21558410 
 1082      B011F8C0 
 1083 007c 490CC378 		.ascii	"I\014\303x\311!\303z~\227\240\273sj|a2Q\016\323\300"
 1083      C921C37A 
 1083      7E97A0BB 
 1083      736A7C61 
 1083      32510ED3 
 1084 0091 110AEF74 		.ascii	"\021\012\357tN\315\015\347?)\2073\002\001\262O\226("
 1084      4ECD0DE7 
 1084      3F298733 
 1084      0201B24F 
 1084      9628
 1085 00a3 EC836E9A 		.ascii	"\354\203n\232\240\360\034b\371\017\357\030g\354\207"
 1085      A0F01C62 
 1085      F90FEF18 
 1085      67EC87
 1086 00b2 8C834FA6 		.ascii	"\214\203O\246(!I\374\361\017su\030\203c P`5?cW\202\274"
 1086      282149FC 
 1086      F10F7375 
 1086      18836320 
 1086      5060353F 
 1087 00ca 2E9AA200 		.ascii	".\232\242\000\262iI\340B\213\266\001sU\214\031\306\352"
 1087      B26949E0 
 1087      428BB601 
 1087      73558C19 
 1087      C6EA
 1088 00dc FD134797 		.ascii	"\375\023G\227\300\3502\220La\0040)\234\0028\011\004"
 1088      C0E83290 
 1088      4C610430 
 1088      299C0238 
 1088      0904
 1089 00ee 3EC7145D 		.ascii	">\307\024]p\305\306\010\037\227\010\177\236X\275i\022"
 1089      70C5C608 
 1089      1F97087F 
 1089      9E58BD69 
 1089      12
 1090 00ff 64F8C24A 		.ascii	"d\370\302J8\315\011\347\031\301\316\236X\006\346\036"
 1090      38CD09E7 
 1090      19C1CE9E 
 1090      5806E61E 
 1091 010f FD9F6A60 		.ascii	"\375\237j`\255\366\360\032`\255A0\373W\000_\262\354"
 1091      ADF6F01A 
 1091      60AD4130 
 1091      FB57005F 
 1091      B2EC
 1092 0121 C0B2535E 		.ascii	"\300\262S^\021\237$\030\343\265\354\250\310\310\304"
 1092      119F2418 
 1092      E3B5ECA8 
 1092      C8C8C4
ARM GAS  /tmp/ccxSTser.s 			page 31


 1093 0130 917504B5 		.ascii	"\221u\004\265LRZ\200F\257\237\233?\214\344\257\021\224"
 1093      4C525A80 
 1093      46AF9F9B 
 1093      3F8CE4AF 
 1093      1194
 1094 0142 0B606230 		.ascii	"\013`b0=\341 \360\015b\266\"\366\363{w\237\"0\216\230"
 1094      3DE120F0 
 1094      0D62B622 
 1094      F6F37B77 
 1094      9F22308E 
 1095 0157 9D61B44F 		.ascii	"\235a\264Ob\267g\260\267|O\367\302\364\206\2041&\263"
 1095      62B767B0 
 1095      B77C4FF7 
 1095      C2F48684 
 1095      3126B3
 1096 016a DECE012B 		.ascii	"\336\316\001+j\3666\301\332\355\202\274\335\034#?\323"
 1096      6AF636C1 
 1096      DAED82BC 
 1096      DD1C233F 
 1096      D3
 1097 017b BE36BC79 		.ascii	"\2766\274y\374\2001i\024\203\241\024,\346e\345\362\351"
 1097      FC803169 
 1097      1483A114 
 1097      2CE665E5 
 1097      F2E9
 1098 018d 3E3BA411 		.ascii	">;\244\021<\313\322\341x\004&\2410\012\233\313\001S"
 1098      3CCBD2E1 
 1098      780426A1 
 1098      300A9BCB 
 1098      0153
 1099 019f C5B9468F 		.ascii	"\305\271F\217\217\027's\360\330\013Pp\263X'|W\214\355"
 1099      8F172773 
 1099      F0D80B50 
 1099      70B35827 
 1099      7C578CED 
 1100 01b3 4D6F1081 		.ascii	"Mo\020\201N\323\015\027\301\342\036\275~\360G\246\307"
 1100      4ED30D17 
 1100      C1E21EBD 
 1100      7EF047A6 
 1100      C7
 1101 01c4 34469459 		.ascii	"4F\224Y\364\310\240\0363\210\255+\351\221\276\207z\\"
 1101      F4C8A01E 
 1101      3388AD2B 
 1101      E991BE87 
 1101      7A5C
 1102 01d6 42EC91E2 		.ascii	"B\354\221\342\222\206N\335]*.\351\241\263\215\334\300"
 1102      92864EDD 
 1102      5D2A2EE9 
 1102      A1B38DDC 
 1102      C0
 1103 01e7 D9E6109C 		.ascii	"\331\346\020\234-\316v\231\317\2061\022\356\020794k"
 1103      2DCE7699 
 1103      CF863112 
 1103      EE103739 
 1103      346B
 1104 01f9 338C076B 		.ascii	"3\214\007k\355\206\221\331\2714\324\206\347\205\264"
 1104      ED8691D9 
ARM GAS  /tmp/ccxSTser.s 			page 32


 1104      B934D486 
 1104      E785B4
 1105 0208 53765E0C 		.ascii	"Sv^\014\031\230)\013\223\222\016*\025\314,\030\267\016"
 1105      1998290B 
 1105      93920E2A 
 1105      15CC2C18 
 1105      B70E
 1106 021a 679F65F7 		.ascii	"g\237e\367_\177\351\231\277}s=n\225\243\013\267{\221"
 1106      5F7FE999 
 1106      BF7D733D 
 1106      6E95A30B 
 1106      B77B91
 1107 022d C5F063FD 		.ascii	"\305\360c\375=\311\036\300\315r\274/Sf\302\003\211\225"
 1107      3DC91EC0 
 1107      CD72BC2F 
 1107      5366C203 
 1107      8995
 1108 023f 6B8FE372 		.ascii	"k\217\343r9\374\351\212\031\376\303\332\035D\317\012"
 1108      39FCE98A 
 1108      19FEC3DA 
 1108      1D44CF0A 
 1109 024f 746059A0 		.ascii	"t`Y\240\373]\270\027vpd\360r\362\361\217N.\366\003\256"
 1109      FB5DB817 
 1109      767064F0 
 1109      72F2F18F 
 1109      4E2EF603 
 1110 0264 87879D5E 		.ascii	"\207\207\235^,\203\363@V`\377\323l\240\214\204CoZ\221"
 1110      2C83F340 
 1110      5660FFD3 
 1110      6CA08C84 
 1110      436F5A91 
 1111 0278 0E395394 		.ascii	"\0169S\224\235\002\231\235\304\253@\360\016\327\000"
 1111      9D02999D 
 1111      C4AB40F0 
 1111      0ED700
 1112 0287 E6B9F09B 		.ascii	"\346\271\360\233r\334o\347\316\357E\225\325\243\003"
 1112      72DC6FE7 
 1112      CEEF4595 
 1112      D5A303
 1113 0296 C9652761 		.ascii	"\311e'a\357\000\313\233;\326\237\310T\210F\222\0339"
 1113      EF00CB9B 
 1113      3BD69FC8 
 1113      54884692 
 1113      1B39
 1114 02a8 32DC7624 		.ascii	"2\334v$;\010\270Ks\342\\\026'\276 \272\370=\333\013"
 1114      3B08B84B 
 1114      73E25C16 
 1114      27BE20BA 
 1114      F83DDB0B 
 1115 02bc F02D9055 		.ascii	"\360-\220U8\340\"\357\202\224\242\216$}\224yS\270x\301"
 1115      38E022EF 
 1115      8294A28E 
 1115      247D9479 
 1115      53B878C1 
 1116 02d0 4EFC83FD 		.ascii	"N\374\203\375\200\351uQ\260;\177B\3664\230\212\345\230"
 1116      80E97551 
 1116      B03B7F42 
ARM GAS  /tmp/ccxSTser.s 			page 33


 1116      F634988A 
 1116      E598
 1117 02e2 623366DE 		.ascii	"b3f\336dJ\364s\353\217\244\350\346~\306\214\033\230"
 1117      644AF473 
 1117      EB8FA4E8 
 1117      E67EC68C 
 1117      1B98
 1118 02f4 65125E12 		.ascii	"e\022^\022qW\213\022..#:+\320{%\011\347L\011\211U\302"
 1118      71578B12 
 1118      2E2E233A 
 1118      2BD07B25 
 1118      09E74C09 
 1119 030b CB2509AF 		.ascii	"\313%\011\257X%4\305\272\301e\263*\364\033Sh\216\377"
 1119      582534C5 
 1119      BAC165B3 
 1119      2AF41B53 
 1119      688EFF
 1120 031e AF75505A 		.ascii	"\257uPZx\021r\350\033n\373+\373>\037\217}\332)\010\247"
 1120      781172E8 
 1120      1B6EFB2B 
 1120      FB3E1F8F 
 1120      7DDA2908 
 1121 0333 840FF54A 		.ascii	"\204\017\365J(\032\011*\315\232\032\0157\352\272\272"
 1121      281A092A 
 1121      CD9A1A0D 
 1121      37EABABA 
 1122 0343 4751B540 		.ascii	"GQ\265@<\250\307\225\352\220\266K{\315\2574\005#Q]\361"
 1122      3CA8C795 
 1122      EA90B64B 
 1122      7BCDAF34 
 1122      0523515D 
 1123 0358 37F8B66E 		.ascii	"7\370\266nQ\352\033\334\334\250\251\364n\025V\245wG"
 1123      51EA1BDC 
 1123      DCA8A9F4 
 1123      6E1556A5 
 1123      7747
 1124 036a 60C7CEAA 		.ascii	"`\307\316\252:wMUC\215\337\375\206\377e\262\315\343"
 1124      3A774D55 
 1124      438DDFFD 
 1124      86FF65B2 
 1124      CDE3
 1125 037c 51C41779 		.ascii	"Q\304\027y\241\306\260\322\022\215\305\013\031\352\352"
 1125      A1C6B0D2 
 1125      128DC50B 
 1125      19EAEA
 1126 038b 5E51FC6F 		.ascii	"^Q\374o\372\033j\253_\335[\311\274\001=\036\010\207"
 1126      FA1B6AAB 
 1126      5FDD5BC9 
 1126      BC013D1E 
 1126      0887
 1127 039d 9B3C2A91 		.ascii	"\233<*\221\343Z\244\345\011+\344\361n\017\356\336\262"
 1127      E35AA4E5 
 1127      092BE4F1 
 1127      6E0FEEDE 
 1127      B2
 1128 03ae BD713791 		.ascii	"\275q7\221\364X\371\277\323Fu\274\304\342\356fM\330"
 1128      F458F9BF 
ARM GAS  /tmp/ccxSTser.s 			page 34


 1128      D34675BC 
 1128      C4E2EE66 
 1128      4DD8
 1129 03c0 9E10D968 		.ascii	"\236\020\331h\215\211\305\025\255Y\015\277\325\024T"
 1129      8D89C515 
 1129      AD590DBF 
 1129      D51454
 1130 03cf D490DEAA 		.ascii	"\324\220\336\252\243\377y\253_\215F\"\321f\263\273\252"
 1130      A3FF79AB 
 1130      5F8D4622 
 1130      D166B3BB 
 1130      AA
 1131 03e0 7ADFDE6D 		.ascii	"z\337\336mn\037F\252\321X\020C\035\273\032\365\340\353"
 1131      6E1F46AA 
 1131      D1581043 
 1131      1DBB1AF5 
 1131      E0EB
 1132 03f2 31ED85FF 		.ascii	"1\355\205\377\240\004\337\2163\202R\355\363\327\372"
 1132      A004DF8E 
 1132      338252ED 
 1132      F3D7FA
 1133 0401 956A2428 		.ascii	"\225j$(\265\205J\021]\323\003{T\025S<\346\363\327\273"
 1133      B5854A11 
 1133      5DD3037B 
 1133      5415533C 
 1133      E6F3D7BB 
 1134 0415 589A9698 		.ascii	"X\232\226\230\266\331U\341%R\2148\"(g\254\225\374\015"
 1134      B6D955E1 
 1134      25528C38 
 1134      222867AC 
 1134      95FC0D
 1135 0428 6A1644C4 		.ascii	"j\026D\304"
 1136              		.text
 1137              		.section	.gnu.lto_.symbol_nodes.a80e43d64721535,"e",%progbits
 1138 0000 789C75CE 		.ascii	"x\234u\316\313\015\3020\020\004\320\331Y\307H\341F\003"
 1138      CB0DC230 
 1138      1004D0D9 
 1138      59C748E1 
 1138      4603
 1139 0012 94BA364A 		.ascii	"\224\2726J\001)#-$G\204\304O@\212\240\000\316\\H\214"
 1139      0129232D 
 1139      244784C4 
 1139      4F408AA0 
 1139      00CE5C48 
 1140 0027 C38183E7 		.ascii	"\303\201\203\3474\322[iG\005\000\0374\2049N\332;`@\337"
 1140      34D25B69 
 1140      4705001F 
 1140      3484394E 
 1140      DA3B6040 
 1141 003c C4188884 		.ascii	"\304\030\210\2043\237h\362\307C\210\362\3033\215E<\322"
 1141      339F68F2 
 1141      C74388F2 
 1141      C3338D45 
 1141      3CD2
 1142 004e B48472A3 		.ascii	"\264\204r\243\271\317\222\355\367\000iER\271\322\252"
 1142      B9CF92ED 
 1142      F7006945 
ARM GAS  /tmp/ccxSTser.s 			page 35


 1142      52B9D2AA 
 1143 005e 925D68BE 		.ascii	"\222]h\276`\012\227\3375k\225*\327\347F\211\361\365"
 1143      600A97DF 
 1143      356B952A 
 1143      D7E74689 
 1143      F1F5
 1144 0070 EE44F6B5 		.ascii	"\356D\366\265\3522v\347U}\256\207\025&?\372P\340"
 1144      EA3276E7 
 1144      557DAE87 
 1144      15263FFA 
 1144      50E0
 1145              		.text
 1146              		.section	.gnu.lto_.refs.a80e43d64721535,"e",%progbits
 1147 0000 789C6364 		.ascii	"x\234cd\000\002\000\000\012\000\002"
 1147      00020000 
 1147      0A0002
 1148              		.text
 1149              		.section	.gnu.lto_.decls.a80e43d64721535,"e",%progbits
 1150 0000 789CAD57 		.ascii	"x\234\255WkTT\327\025>\373\234\231;\303\210\312R\362"
 1150      6B5454D7 
 1150      153EFB9C 
 1150      993BC388 
 1150      CA52F2
 1151 0013 58ABAB86 		.ascii	"X\253\253\206\246i\245Ia`hMV~\264\302\000\206\025Q;"
 1151      A669A549 
 1151      6160684D 
 1151      567EB4C2 
 1151      00861551 
 1152 0028 835949FB 		.ascii	"\203YI\373cJfF\231\325\201\2413\243\325\376\272Q\242"
 1152      634A6646 
 1152      99D581A1 
 1152      33A3D5FE 
 1152      BA51A2
 1153 003b 203E48D4 		.ascii	" >H\324j\2141$\246U\023\037c\242\011\212\017\002\032"
 1153      6A8C3124 
 1153      A655131F 
 1153      63A2098A 
 1153      0F021A
 1154 004e 51A29208 		.ascii	"Q\242\222\010\276\362\222\230\030\214&\232\204$(*\335"
 1154      BEF29298 
 1154      188C269A 
 1154      8424282A 
 1154      DD
 1155 005f E7DCD70C 		.ascii	"\347\334\327\014\203]]]\275\360\335{\316\271\337\376"
 1155      835D5D5D 
 1155      BDF0DD7B 
 1155      CEB9DFFE 
 1156 006f F63EFBEC 		.ascii	"\366>\373\354{8D\323\010\231d\"\244\023\010\031\304"
 1156      7B3844D3 
 1156      08996422 
 1156      A4130819 
 1156      C4
 1157 0080 CB4C0879 		.ascii	"\313L\010y\017\201]\322L\224\313\2028\200x\007\321\206"
 1157      0F815DD2 
 1157      4C94CB82 
 1157      38807807 
 1157      D186
ARM GAS  /tmp/ccxSTser.s 			page 36


 1158 0092 68471C41 		.ascii	"hG\034A\034W\271C\257g\320\230\341\263\002\361>\242"
 1158      1C57B943 
 1158      AF67D098 
 1158      E1B302F1 
 1158      3EA2
 1159 00a4 551D67AA 		.ascii	"U\035g\252m\333m\354\226\240\335H\325n<\342\033\304"
 1159      6DDB6DEC 
 1159      96A0DD48 
 1159      D56E3CE2 
 1159      1BC4
 1160 00b6 554437E2 		.ascii	"UD7\342\032\242\037\361\033\344\344!R\020\277\005%\306"
 1160      1AA21FF1 
 1160      1BE4E421 
 1160      5210BF05 
 1160      25C6
 1161 00c8 63081BE2 		.ascii	"c\010\033\342+D\037\342\2278nG<\200\370\031\"\013\361"
 1161      2B441FE2 
 1161      97386E47 
 1161      3C80F819 
 1161      220BF1
 1162 00db 2B440662 		.ascii	"+D\006b<\202\252s9>L\014\013A\321\3421\214A\244\253"
 1162      3C82AA73 
 1162      393E4C0C 
 1162      0B41D1E2 
 1162      318C41A4 
 1163 00f0 3E9BD598 		.ascii	">\233\325\230\270\357\356\270yq\255{T\037T\235\333\201"
 1163      B8EFEEB8 
 1163      7971AD7B 
 1163      541F549D 
 1163      DB81
 1164 0102 6174EB78 		.ascii	"at\353x\314\267\321}\030\237\277\207\304\\\215\214\323"
 1164      CCB7D17D 
 1164      189FBF87 
 1164      C45C8D8C 
 1164      D3
 1165 0113 2AC27793 		.ascii	"*\302w\223\020%\210\311\210\251\210? \334\210\351\210"
 1165      102588C9 
 1165      88A9883F 
 1165      20DC88E9 
 1165      88
 1166 0124 C7117F02 		.ascii	"\307\021\177\002eM\206^\3172\030\017|aG\213\026a\224"
 1166      654D865E 
 1166      CF32180F 
 1166      7C61478B 
 1166      166194
 1167 0137 D86571BD 		.ascii	"\330eq\275<\216\300\233 H\005#\330\023\2349\006LxO\207"
 1167      3C8EC09B 
 1167      20480523 
 1167      D8139C39 
 1167      064C784F 
 1168 014c 8CE719BD 		.ascii	"\214\347\031\275|\360\342\273#m-\262|Un\251I!\260\033"
 1168      7CF0E2BB 
 1168      236D2DB2 
 1168      7C556EA9 
 1168      4921B01B 
 1169 0160 60171068 		.ascii	"`\027\020h\002Ty\013`'\300\016@\332k\347\233?J\375\034"
 1169      0254790B 
ARM GAS  /tmp/ccxSTser.s 			page 37


 1169      6027C00E 
 1169      40DA6BE7 
 1169      9B3F4AFD 
 1170 0175 C4DC4D3E 		.ascii	"\304\334M>\0008=\001o6\362GF\322e*S\311\307\250\215"
 1170      00383D01 
 1170      6F36F247 
 1170      46D2652A 
 1170      53C9C7A8 
 1171 018a D998CFD6 		.ascii	"\331\230\317\326\016\3432\373\330D+\315\034m\263nl\203"
 1171      0EE332FB 
 1171      D8442BCD 
 1171      1C6DB36E 
 1171      6C83
 1172 019c 349BD94A 		.ascii	"4\233\331Ji\257\305g\313\274\016\233i\243\2241Q6\371"
 1172      69AFC567 
 1172      CBBC0E9B 
 1172      69A39431 
 1172      5136F9
 1173 01af 16DFD16B 		.ascii	"\026\337\321k\221i\303\224\364\274\211x\357\265\264"
 1173      9169C394 
 1173      F4BC8978 
 1173      EFB5B4
 1174 01be 830FADA6 		.ascii	"\203\017\255\246\231\254i\330\352\265\330\372X\343\022"
 1174      99AC69D8 
 1174      EAB5D8FA 
 1174      58E312
 1175 01cd C97794D6 		.ascii	"\311w\224\326\216\207v\260\371\034\3518\223\211V\353"
 1175      8E8776B0 
 1175      F91CE938 
 1175      938956EB 
 1176 01dd B8D1ADAC 		.ascii	"\270\321\255\254\225\025\023b\265\306\266\336a\353\265"
 1176      95151362 
 1176      B5C6B6DE 
 1176      61EBB5
 1177 01ec 8C46894C 		.ascii	"\214F\211L_F\232/ct;\230}>[z&\301 |\016\307DjCe\223"
 1177      5F469A2F 
 1177      63743B98 
 1177      7D3E5B7A 
 1177      26C1207C 
 1178 0207 B51D1C0C 		.ascii	"\265\035\034\014R\035r\317\245\273lf[\312\270\214LB"
 1178      521D72CF 
 1178      A5BB6C66 
 1178      5BCAB88C 
 1178      4C42
 1179 0219 7CA498A2 		.ascii	"|\244\230\242.\033\324.\260\240O\237\321\005\310\264"
 1179      2E1BD42E 
 1179      B0A04F9F 
 1179      D105C8B4 
 1180 0229 5107658F 		.ascii	"Q\007e\217\366\342GAi\006!\262\311\232\232\0122>R<\217"
 1180      F6E24741 
 1180      690621B2 
 1180      C99A9A0A 
 1180      323E523C 
 1181 023e FAA6396C 		.ascii	"\372\2469l\244\327B\361U\272\011d\012\206\245M\"\000"
 1181      A4D742F1 
 1181      55BA0964 
 1181      0A86A54D 
ARM GAS  /tmp/ccxSTser.s 			page 38


 1181      2200
 1182 0250 4718A650 		.ascii	"G\030\246P\374\360\033\2507\340]\365\373\323\334\210"
 1182      FCF01BA8 
 1182      37E05DF5 
 1182      FBD3DC88 
 1183 0260 71CC2950 		.ascii	"q\314)P\225\315)\312\250\376P\333\234@U\035\252.;(6"
 1183      95CD29CA 
 1183      A8FE50DB 
 1183      9C40551D 
 1183      AA2E3B28 
 1184 0275 AA137E8F 		.ascii	"\252\023~\217\023\327)\240R4\035\305F%\350\266j\223"
 1184      13D729A0 
 1184      52341DC5 
 1184      4625E8B6 
 1184      6A93
 1185 0287 FB10641A 		.ascii	"\373\020d\032o#\354\022\0027$\211.\253\205D\224\016"
 1185      6F23EC12 
 1185      02372489 
 1185      2EAB8544 
 1185      940E
 1186 0299 D6CDB5C5 		.ascii	"\326\315\265\305}\207G]\300\274\311MK?apG\303D\002\354"
 1186      7D87475D 
 1186      C0BCC94D 
 1186      4B3F6170 
 1186      47C34402 
 1187 02ae EF84AD06 		.ascii	"\357\204\255\006\245\020\251(\3044d.l^\332a\273\013"
 1187      A510A928 
 1187      C434642E 
 1187      6C5EDA61 
 1187      BB0B
 1188 02c0 89976539 		.ascii	"\211\227e9\035*\340m\200\026\356\244\025\365CB\353T"
 1188      1D2AE06D 
 1188      8016EEA4 
 1188      15F54342 
 1188      EB54
 1189 02d2 6CD3EBA9 		.ascii	"l\323\353\251\367\256^-\367\357\257?X\363\273\347\026"
 1189      F7AE5E2D 
 1189      F7EFAF3F 
 1189      58F3BBE7 
 1189      16
 1190 02e3 2F943B65 		.ascii	"/\224;e\271Q\006N\202\375\200\365\312]\267\3616\201"
 1190      B951064E 
 1190      82FD80F5 
 1190      CA5DB7F1 
 1190      3681
 1191 02f5 BD007BA0 		.ascii	"\275\000{\240`\217\371\336\206\325r\303\332\306\026"
 1191      608FF9DE 
 1191      86D572C3 
 1191      DAC616
 1192 0304 2ACB8CF3 		.ascii	"*\313\214\363\366\305\361\366i<\302vS\021\356+\267z"
 1192      F6C5F1F6 
 1192      693CC276 
 1192      5311EE2B 
 1192      B77A
 1193 0316 24EE2236 		.ascii	"$\356\"6\270\275z#\2579nrP5!\330\322\204/\232\331;\302"
 1193      B8BD7A23 
 1193      AF396E72 
ARM GAS  /tmp/ccxSTser.s 			page 39


 1193      503521D8 
 1193      D2842F9A 
 1194 032d 64D5A61D 		.ascii	"d\325\246\035\335\224\233\\\375p{\315\250N\376\311\001"
 1194      DD949B5C 
 1194      FD707BCD 
 1194      A84EFEC9 
 1194      01
 1195 033e 373AA41B 		.ascii	"7:\244\033\035\322\215VJ\354\2700:Ts\362+\333\275\253"
 1195      1DD28D56 
 1195      4AECB830 
 1195      3A5473F2 
 1195      2BDBBDAB 
 1196 0352 65B97FC5 		.ascii	"e\271\177\305\252M\365\322Z\271\225r\233\303\272\315"
 1196      AA4DF5D2 
 1196      5AB99572 
 1196      9BC3BACD 
 1197 0362 61F160F3 		.ascii	"a\361`\363\030g7\324vM0\361\321f\200\020\366\217\264"
 1197      186737D4 
 1197      764D30F1 
 1197      D1668010 
 1197      F68FB4
 1198 0375 B6B48CD2 		.ascii	"\266\264\214\322\006\336\345\237\347\331\223-\347,\303"
 1198      06DEE59F 
 1198      E7D9932D 
 1198      E72CC3
 1199 0384 24EF18BA 		.ascii	"$\357\030\272>\012\"{\027\216\366-2q\227M'\327\2748"
 1199      3E0A227B 
 1199      178EF62D 
 1199      3271974D 
 1199      27D7BC38 
 1200 0398 DFD29889 		.ascii	"\337\322\230\211/\241Cw\330\2418\334/\034.|}\377\217"
 1200      2FA14377 
 1200      D8A138DC 
 1200      2F1C2E7C 
 1200      7DFF8F
 1201 03ab A90A77DD 		.ascii	"\251\012w\335`\236\026]\247N\356\004uy\217|\030\033"
 1201      609E165D 
 1201      A74EEE04 
 1201      75798F7C 
 1201      181B
 1202 03bd B0A68ADD 		.ascii	"\260\246\212\335\243\261\325\304I\312\376A\340} \312"
 1202      A3B1D5C4 
 1202      49CAFE41 
 1202      E07D20CA 
 1203 03cd 0A67B05B 		.ascii	"\012g\260[BsA\313\027\235V\333\271\377\270\321\010\203"
 1203      427341CB 
 1203      179D56DB 
 1203      B9FFB8D1 
 1203      0883
 1204 03df BBD97C13 		.ascii	"\273\331|\023a\365&\305<\215-\307\336\032\265ge\353"
 1204      61F526C5 
 1204      3C8D2DC7 
 1204      DE1AB567 
 1204      65EB
 1205 03f1 B1B71911 		.ascii	"\261\267\031\021C\354TG3E\021\265P\326dBOw\256in]n\271"
 1205      43EC5447 
 1205      334511B5 
ARM GAS  /tmp/ccxSTser.s 			page 40


 1205      50D66442 
 1205      4F77AE69 
 1206 0409 4FB9C622 		.ascii	"O\271\306\"z0\315\375\347;\267K\233\232d\271\356n\350"
 1206      7A30CDFD 
 1206      E73BB74B 
 1206      9B9A64B9 
 1206      EE6EE8
 1207 041c 06E802B8 		.ascii	"\006\350\002\270d\304z\202\337r\011\362b\213\336\250"
 1207      64C47A82 
 1207      DF7209F2 
 1207      628BDEA8 
 1208 042c 6E6F014E 		.ascii	"no\001N9\233@9\303o\273Apnn\3278\347\0228v]\245VW\371"
 1208      399B4039 
 1208      C36FBB41 
 1208      706E6ED7 
 1208      38E71238 
 1209 0446 2881F161 		.ascii	"(\201\361a\234\312-]\345\223$\025\2252\250S>N\226Q<"
 1209      9CCA2D5D 
 1209      E5932415 
 1209      9532A853 
 1209      3E4E9651 
 1210 045b D5E99E3E 		.ascii	"\325\351\236>H\2167\227`E\324\310r\213\211\300\247\000"
 1210      488E3797 
 1210      6045D4C8 
 1210      728B89C0 
 1210      A700
 1211 046d 3D7CEC12 		.ascii	"=|\354\022_D\270\000\320\013p\021\340\013\200/\001>"
 1211      5F44B800 
 1211      D00B7011 
 1211      E00B802F 
 1211      013E
 1212 047f 07B80CF0 		.ascii	"\007\270\014\360\025\300g\000_\363\265\345\322\365\272"
 1212      15C06700 
 1212      5FF3B5E5 
 1212      D2F5BA
 1213 048e F4E904E9 		.ascii	"\364\351\004\351\223\206\367\305:\345T2E\235\304R\235"
 1213      9386F7C5 
 1213      3AE55432 
 1213      459DC452 
 1213      9D
 1214 049f 733E39E9 		.ascii	"s>9\351\310aW\370\242\321\246W\273\373\351\330\241\361"
 1214      C86157F8 
 1214      A2D1A657 
 1214      BBFBE9D8 
 1214      A1F1
 1215 04b1 C215F82F 		.ascii	"\302\025\370/#F\211\247\027l\256\227\214b\274j\370\372"
 1215      234689A7 
 1215      176CAE97 
 1215      8C62BC6A 
 1215      F8FA
 1216 04c3 869F5406 		.ascii	"\206\237T\006D\265`\235 W:\260\355\205\357\254X\035"
 1216      44B5609D 
 1216      20573AB0 
 1216      ED85EFAC 
 1216      581D
 1217 04d5 3CC2CBF5 		.ascii	"<\302\313\365\013\345\264\232TuA\277OZ\012#\250\357"
 1217      0BE5B49A 
ARM GAS  /tmp/ccxSTser.s 			page 41


 1217      547541BF 
 1217      4F5A0A23 
 1217      A8EF
 1218 04e7 40C9FDF7 		.ascii	"@\311\375\367\"\244\037\000\372\264d]24\276M\322\310"
 1218      22A41F00 
 1218      FAB4645D 
 1218      3234BE4D 
 1218      D2C8
 1219 04f9 C50FD9CC 		.ascii	"\305\017\331\314#<\267e\3132\363\330\241z\360#\014Q"
 1219      233CB765 
 1219      CB32F3D8 
 1219      A17AF023 
 1219      0C51
 1220 050b 44EA8EC6 		.ascii	"D\352\216\306[\007\2301\231~C\361\232\366e\235V\036"
 1220      5B079831 
 1220      997E43F1 
 1220      9AF6659D 
 1220      561E
 1221 051d 9D843D63 		.ascii	"\235\204=c&l\225Y\351\266\343\327\202\335\027\325n\013"
 1221      266C9559 
 1221      E9B6E3D7 
 1221      82DD17D5 
 1221      6E0B
 1222 052f 61EBD566 		.ascii	"a\353\325f\216\230\276\014l\243:\300\320\317\362/\007"
 1222      8E98BE0C 
 1222      6CA33AC0 
 1222      D0CFF22F 
 1222      07
 1223 0540 B6A5DA64 		.ascii	"\266\245\332d\365\263\304A\315\315B\334\377\355\260"
 1223      F5B3C441 
 1223      CDCD42DC 
 1223      FFEDB0
 1224 054f 802267EB 		.ascii	"\200\"g\353\232\017\352`\214\022v#\345\233N\015U*\254"
 1224      9A0FEA60 
 1224      8C127623 
 1224      E59B4E0D 
 1224      552AAC
 1225 0562 960A220F 		.ascii	"\226\012\"\017\270\261\253\266y\204A\352N&\261\315\030"
 1225      B8B1ABB6 
 1225      798441EA 
 1225      4E26B1CD 
 1225      18
 1226 0573 570CB103 		.ascii	"W\014\261\003\321\204\330\203x\033q\010q\024\361\036"
 1226      D184D883 
 1226      781B7108 
 1226      7114F11E 
 1227 0583 A20B7106 		.ascii	"\242\013q\006\3611\342S5\316s\312\302\311\022\273 \322"
 1227      F131E253 
 1227      35CE73CA 
 1227      C2C912BB 
 1227      20D2
 1228 0595 B8F3EB1B 		.ascii	"\270\363\353\0331\363p1\257\0211\347\360\3645wl\244"
 1228      31F37031 
 1228      AF1131E7 
 1228      F0F43577 
 1228      6CA4
 1229 05a7 09216B6B 		.ascii	"\011!kk\367<\025<\256\263\361\225K\336\204\210\2239"
ARM GAS  /tmp/ccxSTser.s 			page 42


 1229      F73C153C 
 1229      AEB3F195 
 1229      4BDE8488 
 1229      9339
 1230 05b9 F75FEE6A 		.ascii	"\367_\356j\370l\304}C/m[y\363\312\325\301_\264\315\227"
 1230      F86CC47D 
 1230      432F6D5B 
 1230      79F3CAD5 
 1230      C15FB4CD 
 1231 05ce D50A5F4A 		.ascii	"\325\012_Ja+\035n[\331\254\177\311\370\2673\216r+\356"
 1231      612B1D6E 
 1231      5BD9AC7F 
 1231      C9F8B733 
 1231      8E722BEE 
 1232 05e2 431958A6 		.ascii	"C\031X\246\227\320\263\011:g\014\235\033\006\347\231"
 1232      97D0B309 
 1232      3A670C9D 
 1232      1B06E799 
 1233 05f2 640E0ABD 		.ascii	"d\016\012\275\304\277\312\355&\356\254\216\302\323\202"
 1233      C4BFCAED 
 1233      26EEAC8E 
 1233      C2D382
 1234 0601 A3ADC37C 		.ascii	"\243\255\303|j8\273f\010\255H\020\212\333[\266\350A"
 1234      6A38BB66 
 1234      08AD4810 
 1234      8ADB5BB6 
 1234      E841
 1235 0613 DF4C087A 		.ascii	"\337L\010z\300\240,\321)\363\022T\236\212su\313p\265"
 1235      C0A02CD1 
 1235      29F31254 
 1235      9E8A7375 
 1235      CB70B5
 1236 0626 2C8114BF 		.ascii	",\201\024\277K\324\351B\213\0238=\206\257+\206\316?"
 1236      4BD4E942 
 1236      8B13383D 
 1236      86AF2B86 
 1236      CE3F
 1237 0638 1238C6BE 		.ascii	"\0228\306\276\373\232\256\"\323\2444+\224~Cee\222\212"
 1237      FB9AAE22 
 1237      D3A4342B 
 1237      947E4365 
 1237      65928A
 1238 064b 9AC06D4A 		.ascii	"\232\300mJ\002\327RxNP\264\262\270n\310\3344d\032\222"
 1238      02D75278 
 1238      4E50B4B2 
 1238      B86EC8DC 
 1238      34641A92 
 1239 065f 27A570EA 		.ascii	"'\245p\352\365h\026%P\304:(\224\353\206\314\362\344"
 1239      F5681625 
 1239      50C43A28 
 1239      94EB86CC 
 1239      F2E4
 1240 0671 6548D87B 		.ascii	"eH\330{VSX\305\015\221\204;\305\006\012\233(\274La\013"
 1240      565358C5 
 1240      0D91843B 
 1240      C5060A9B 
 1240      28BC4C61 
ARM GAS  /tmp/ccxSTser.s 			page 43


 1241 0686 85172960 		.ascii	"\205\027)`\371\276F\341\237\024^\240\260\235\302\277"
 1241      F9BE46E1 
 1241      9F145EA0 
 1241      B09DC2BF 
 1242 0696 286CA378 		.ascii	"(l\243x\330\206\227(\274Ba#\205u\024\326S\210Qx\225"
 1242      D8869728 
 1242      BC426123 
 1242      857514D6 
 1242      53885178 
 1243 06ab AA3BD622 		.ascii	"\252;\326\"=\272\372\344\214\253\253\262U\347\334H\256"
 1243      3DBAFAE4 
 1243      8CABABB2 
 1243      55E7DC48 
 1243      AE
 1244 06bc 009553AB 		.ascii	"\000\225S\253s\226$W?\337\337\327I\374[k?\323> \215"
 1244      73962457 
 1244      3FDFDFD7 
 1244      49FC5B6B 
 1244      3FD33E20 
 1245 06d1 1D3A1D78 		.ascii	"\035:\035x\235\376_&\204\016zN\235Xi66\3147\214Hv(_"
 1245      9DFE5F26 
 1245      840E7A4E 
 1245      9D586936 
 1245      36CC378C 
 1246 06e9 FB977D8D 		.ascii	"\373\227}\215\233\342\376<\0343v\324\235|sz\225\207"
 1246      9BE2FE3C 
 1246      1C3376D4 
 1246      9D7C737A 
 1246      9587
 1247 06fb 29DDECEA 		.ascii	")\335\354\352\356\264\330~\002\200\277H\355\225[\237"
 1247      EEB4D87E 
 1247      0280BF48 
 1247      ED955B9F 
 1248 070b 6204F220 		.ascii	"b\004\362 \007\377\211\30281\342&\012\273(o\316\223"
 1248      07FF89C2 
 1248      3831E226 
 1248      0ABB286F 
 1248      CE93
 1249 071d E51BF7E0 		.ascii	"\345\033\367\340\023\245\273\327_\337\303\324\235\344"
 1249      13A5BBD7 
 1249      5FDFC3D4 
 1249      9DE4
 1250 072b CF38A49F 		.ascii	"\3178\244\237\277v\253\033\211\330\306$dn\330U\333\221"
 1250      BF76AB1B 
 1250      89D8C624 
 1250      646ED855 
 1250      DB91
 1251 073d 32DCD6B5 		.ascii	"2\334\326\265Gl]\315T0-b\277{\010\371'\316_h\035\035"
 1251      476C5DCD 
 1251      54302D62 
 1251      BF7B08F9 
 1251      27CE5F68 
 1252 0753 AFBC8FC2 		.ascii	"\257\274\217\302^^\006\373\251\260!l\233D\330^\221\342"
 1252      5E5E06FB 
 1252      A9B0216C 
 1252      9B44D85E 
 1252      91E2
ARM GAS  /tmp/ccxSTser.s 			page 44


 1253 0765 FAD6B6B5 		.ascii	"\372\326\266\265\022\036\013\341me\302C\217\215g\227"
 1253      121E0BE1 
 1253      6D65C243 
 1253      8F8D6797 
 1254 0775 3C5737DC 		.ascii	"<W7\334!\361\000J\265\241\011?)\367\277\371Cl \013w"
 1254      21F1004A 
 1254      B5A1093F 
 1254      29F7BFF9 
 1254      436C200B 
 1255 078a 343CFC36 		.ascii	"4<\3746\264S|\207\347*q\354\003<\004\036\344=\3550{"
 1255      B4537C87 
 1255      E72A71EC 
 1255      033C041E 
 1255      E43DED30 
 1256 079f 45620B2C 		.ascii	"Eb\013,\212\321\267\327c;\245\315x\272zZ\226\347\245"
 1256      8AD1B7D7 
 1256      633BA5CD 
 1256      78BA7A5A 
 1256      96E7A5
 1257 07b2 88E3F83B 		.ascii	"\210\343\370;T=f\037\242\330\326lb\022\333\253\3304"
 1257      543D661F 
 1257      A2D8D66C 
 1257      6212DBAB 
 1257      D834
 1258 07c4 AD5855BF 		.ascii	"\255XU\277\314\"\334<\302\371\355\032"
 1258      CC22DC3C 
 1258      C2F9ED1A 
 1259 07d0 FF30FE67 		.ascii	"\3770\376g\246\363[%v\314\22247\341\363\344\272co\375"
 1259      A6F35B25 
 1259      76CC9234 
 1259      37E1F3E4 
 1259      BA636FFD 
 1260 07e4 DA081425 		.ascii	"\332\010\024%\216\250\201vPx\227bO\023\351\222X\317"
 1260      8EA88176 
 1260      50789762 
 1260      4F13E992 
 1260      58CF
 1261 07f6 F022B1C1 		.ascii	"\360\"\261\301\235\325\206\375Q\325\376\030\205\343"
 1261      9DD586FD 
 1261      51D5FE18 
 1261      85E3
 1262 0804 147B9AFD 		.ascii	"\024{\232\375\005\211]\322'\332pj\310D;\265\300\337"
 1262      05895DD2 
 1262      27DA706A 
 1262      C8443BB5 
 1262      C0DF
 1263 0816 A3D8D66C 		.ascii	"\243\330\326l\326IlP\261\211\355{\243Z\237\345\373\032"
 1263      D6496C50 
 1263      B189ED7B 
 1263      A35A9FE5 
 1263      FB1A
 1264 0828 F904C5B6 		.ascii	"\371\004\305\266F\336 \261\025V-+\273\342\263\322\245"
 1264      46DE20B1 
 1264      15562D2B 
 1264      BBE2B3D2 
 1264      A5
 1265 0839 F1BB29B6 		.ascii	"\361\273)\2665\376.\211m\260\336.+\027\207d\345\244"
ARM GAS  /tmp/ccxSTser.s 			page 45


 1265      35FE2E89 
 1265      6DB0DE2E 
 1265      2B178764 
 1265      E5A4
 1266 084b 3AAB5314 		.ascii	":\253S\024NS\354i\"\035\022\3333\274Hl\333[qY9\243\332"
 1266      4E53EC69 
 1266      221D12DB 
 1266      33BC486C 
 1266      DB5B7159 
 1267 0862 9FA5F001 		.ascii	"\237\245\360\001\376!\321\355?\222\310\204\354l\273"
 1267      FE21D1ED 
 1267      3F92C884 
 1267      EC6CBB
 1268 0871 F21B8AD8 		.ascii	"\362\033\212\330+\312\203\366\352P8\032\261\273\313"
 1268      2BCA83F6 
 1268      EA50381A 
 1268      B1BBCB
 1269 0880 4AF31CF6 		.ascii	"J\363\034\366\311\223\013\355\356'\334e%\316Gg\347\362"
 1269      C9930BED 
 1269      EE27DC65 
 1269      25CE4767 
 1269      E7F2
 1270 0892 B79E48D4 		.ascii	"\267\236H\324\023\014\372\262\275\326IS\246g8s\037$"
 1270      130CFAB2 
 1270      BDD64953 
 1270      A6673873 
 1270      1F24
 1271 08a4 77C68F66 		.ascii	"w\306\217f\347<\344\237\341x\250|\006\261\316\012TE"
 1271      E73CE49F 
 1271      E178A87C 
 1271      06B1CE0A 
 1271      5445
 1272 08b6 F31C9E28 		.ascii	"\363\034\236(\313\235@\254\345\341\312\331\017fU\022"
 1272      CB9D40AC 
 1272      E5E1CAD9 
 1272      0F665512 
 1273 08c6 9B17C5FD 		.ascii	"\233\027\305\375s\262*\363\310O\025\033O\304\037\236"
 1273      73B22AF3 
 1273      C84F151B 
 1273      4FC41F9E 
 1274 08d6 EDF720D9 		.ascii	"\355\367 \331\037\016\317\252\216fW\227\207\243\331"
 1274      1F0ECFAA 
 1274      8E665797 
 1274      87A3D9
 1275 08e5 39770EFF 		.ascii	"9w\016\377\326e\257\010U\372\355U\001o(X\036\211xg\332"
 1275      D665AF08 
 1275      55FAED55 
 1275      016F2858 
 1275      1E897867 
 1276 08fa BD014FD4 		.ascii	"\275\001O\324\037\211\332\235\025\201'\003S\335v\237"
 1276      1F89DA9D 
 1276      15812703 
 1276      53DD769F 
 1277 090a BF32A445 		.ascii	"\2772\244E\357*\313\022\215\342\334\234<\245\225\233"
 1277      EF2ACB12 
 1277      8DE2DC9C 
 1277      3CA5959B 
ARM GAS  /tmp/ccxSTser.s 			page 46


 1278 091a 53E4297A 		.ascii	"S\344)z,\177rVq~Y\261;k\272\273\200<\370\277\315\237"
 1278      2C7F7256 
 1278      717E59B1 
 1278      3B6BBABB 
 1278      803CF8BF 
 1279 0930 8C50230C 		.ascii	"\214P#\014T\005\242\326\307\374\336h(\\\2203\306[\341"
 1279      5405A2D6 
 1279      C7FCDE68 
 1279      285C9033 
 1279      C65BE1
 1280 0943 9E1B290B 		.ascii	"\236\033)\013T\372\303\217\224W\371\202\376p\311=\361"
 1280      54FAC38F 
 1280      9457F982 
 1280      FE70C93D 
 1280      F1
 1281 0954 FAE1A83D 		.ascii	"\372\341\250=P\345\015\316\362\371\355\336\212\310\334"
 1281      50E50DCE 
 1281      F2F9EDDE 
 1281      8AC8DC
 1282 0963 48760549 		.ascii	"Hv\005I\253\232\035\360\026U\225?\031\364+*\017\014"
 1282      AB9A1DF0 
 1282      1655953F 
 1282      19F42B2A 
 1282      0F0C
 1283 0975 1F903754 		.ascii	"\037\2207TY\031\252\262\347\273J\235\245s\354\334\010"
 1283      5919AAB2 
 1283      E7BB4A9D 
 1283      A573ECDC 
 1283      08
 1284 0986 8DC77A3C 		.ascii	"\215\307z<\374\255'\020\376\253\307_\035\010\206f\316"
 1284      FCAD2710 
 1284      FEABC75F 
 1284      1D088666 
 1284      CE
 1285 0997 F2DF1F6F 		.ascii	"\362\337\037o\257Z)\022h\213\253P\212\256q\031\374h"
 1285      AF5A2912 
 1285      688BAB50 
 1285      8AAE7119 
 1285      FC68
 1286 09a9 6E2A2874 		.ascii	"n*(t\272,\371\323\012r\213\246\210\247\003\237R\376"
 1286      BA2CF9D3 
 1286      0A728BA6 
 1286      88A7039F 
 1286      52FE
 1287 09bb 2305F8B0 		.ascii	"#\005\370\260\362a\227\273L4\034\274\301\234%.\223\263"
 1287      F26197BB 
 1287      4C341CBC 
 1287      C19C252E 
 1287      93B3
 1288 09cd 78928B3A 		.ascii	"x\222\213:\261\355v9\206q\344\237\023\305\324\331\325"
 1288      B1ED7639 
 1288      8671E49F 
 1288      13C5D4D9 
 1288      D5
 1289 09de B4CF9963 		.ascii	"\264\317\231c\217D+\363\0343p\001\346\314D\207#\\N\247"
 1289      8F442BF3 
 1289      1C337001 
ARM GAS  /tmp/ccxSTser.s 			page 47


 1289      E6CC4487 
 1289      235C4EA7 
 1290 09f2 A76C6EB5 		.ascii	"\247ln\265\277\320?C*)tN-,\032UX0\251\3249]\0335;\235"
 1290      BFD03F43 
 1290      2A29744E 
 1290      2D2C1A55 
 1290      5830A9D4 
 1291 0a0c A5AE3C3A 		.ascii	"\245\256<:\325e*,\315w1\214\017\203\344\276\321\247"
 1291      D5652A2C 
 1291      CD77318C 
 1291      0F83E4BE 
 1291      D1A7
 1292 0a1e 0B91EF72 		.ascii	"\013\221\357r\261in'sN)39\235E.\301w\210{.+\302\330"
 1292      B1696E27 
 1292      734E2933 
 1292      399D452E 
 1292      C177887B 
 1293 0a36 DC685952 		.ascii	"\334hYR\3442\271Ky\224.\007\"\027\231\217'\206;\334"
 1293      E432B94B 
 1293      79942E07 
 1293      2217998F 
 1293      27863BDC 
 1294 0a4a 42979594 		.ascii	"B\227\225\224\342\"\213\200=\321@%\017W\357x\242&oE"
 1294      E2228B80 
 1294      3DD14025 
 1294      0F57EF78 
 1294      A2266F45 
 1295 0a5e 7978A407 		.ascii	"yx\244\007+2\352)\310w\027Ms\225\214,\017\376\255|n"
 1295      2B32EA29 
 1295      C877174D 
 1295      73958C2C 
 1295      0FFEAD7C 
 1296 0a73 044B2018 		.ascii	"\004K \030\250\362?|\233t`\326\355\316Rw\211\333\356"
 1296      A8F23F7C 
 1296      9B7460D6 
 1296      EDCE5277 
 1296      89DBEE
 1297 0a86 C4ACDB4B 		.ascii	"\304\254\333K\264\365\257\214\004\"\236\231^\276\214"
 1297      B4F5AF8C 
 1297      04229E99 
 1297      5EBE8C
 1298 0a95 634291F2 		.ascii	"cB\221\362 \026\316\344\220\367/\305\341Pe\211\333\365"
 1298      2016CEE4 
 1298      90F72FC5 
 1298      E1506589 
 1298      DBF5
 1299 0aa7 F3A1D172 		.ascii	"\363\241\321r\012\326OVU@i\363\322\021\325\026g4F\024"
 1299      0AD64F56 
 1299      554069F3 
 1299      D211D516 
 1299      67344614 
 1300 0abb 4310073C 		.ascii	"C\020\007<3p\304\023\210\204S\364\241\261\334jjbq\246"
 1300      3370C413 
 1300      888453F4 
 1300      A1B1DC6A 
 1300      6A6271A6 
 1301 0acf AB8EA757 		.ascii	"\253\216\247W\005\343T\204l\302P\272P\231U\225 =\"n"
ARM GAS  /tmp/ccxSTser.s 			page 48


 1301      05E35484 
 1301      6CC250BA 
 1301      50995595 
 1301      203D226E 
 1302 0ae3 F0DF5A83 		.ascii	"\360\337Z\2036\341"
 1302      36E1
 1303              		.text
 1304              		.section	.gnu.lto_.symtab.a80e43d64721535,"e",%progbits
 1305 0000 73745F6C 		.ascii	"st_lld_init\000"
 1305      6C645F69 
 1305      6E697400 
 1306 000c 00       		.ascii	"\000"
 1307 000d 00       		.ascii	"\000"
 1308 000e 00       		.ascii	"\000"
 1309 000f 00000000 		.ascii	"\000\000\000\000\000\000\000\000"
 1309      00000000 
 1310 0017 C6000000 		.ascii	"\306\000\000\000"
 1311 001b 73745F6C 		.ascii	"st_lld_serve_interrupt\000"
 1311      6C645F73 
 1311      65727665 
 1311      5F696E74 
 1311      65727275 
 1312 0032 00       		.ascii	"\000"
 1313 0033 00       		.ascii	"\000"
 1314 0034 00       		.ascii	"\000"
 1315 0035 00000000 		.ascii	"\000\000\000\000\000\000\000\000"
 1315      00000000 
 1316 003d C3000000 		.ascii	"\303\000\000\000"
 1317 0041 56656374 		.ascii	"VectorB0\000"
 1317      6F724230 
 1317      00
 1318 004a 00       		.ascii	"\000"
 1319 004b 00       		.ascii	"\000"
 1320 004c 00       		.ascii	"\000"
 1321 004d 00000000 		.ascii	"\000\000\000\000\000\000\000\000"
 1321      00000000 
 1322 0055 C8000000 		.ascii	"\310\000\000\000"
 1323 0059 63685379 		.ascii	"chSysTimerHandlerI\000"
 1323      7354696D 
 1323      65724861 
 1323      6E646C65 
 1323      724900
 1324 006c 00       		.ascii	"\000"
 1325 006d 02       		.ascii	"\002"
 1326 006e 00       		.ascii	"\000"
 1327 006f 00000000 		.ascii	"\000\000\000\000\000\000\000\000"
 1327      00000000 
 1328 0077 CA000000 		.ascii	"\312\000\000\000"
 1329 007b 6E766963 		.ascii	"nvicEnableVector\000"
 1329      456E6162 
 1329      6C655665 
 1329      63746F72 
 1329      00
 1330 008c 00       		.ascii	"\000"
 1331 008d 02       		.ascii	"\002"
 1332 008e 00       		.ascii	"\000"
 1333 008f 00000000 		.ascii	"\000\000\000\000\000\000\000\000"
ARM GAS  /tmp/ccxSTser.s 			page 49


 1333      00000000 
 1334 0097 CF000000 		.ascii	"\317\000\000\000"
 1335 009b 5F5F706F 		.ascii	"__port_irq_epilogue\000"
 1335      72745F69 
 1335      72715F65 
 1335      70696C6F 
 1335      67756500 
 1336 00af 00       		.ascii	"\000"
 1337 00b0 02       		.ascii	"\002"
 1338 00b1 00       		.ascii	"\000"
 1339 00b2 00000000 		.ascii	"\000\000\000\000\000\000\000\000"
 1339      00000000 
 1340 00ba D1000000 		.ascii	"\321\000\000\000"
 1341              		.text
 1342              		.section	.gnu.lto_.ext_symtab.a80e43d64721535,"e",%progbits
 1343 0000 01       		.ascii	"\001"
 1344 0001 01       		.ascii	"\001"
 1345 0002 00       		.ascii	"\000"
 1346 0003 01       		.ascii	"\001"
 1347 0004 00       		.ascii	"\000"
 1348 0005 01       		.ascii	"\001"
 1349 0006 00       		.ascii	"\000"
 1350 0007 01       		.ascii	"\001"
 1351 0008 00       		.ascii	"\000"
 1352 0009 01       		.ascii	"\001"
 1353 000a 00       		.ascii	"\000"
 1354 000b 01       		.ascii	"\001"
 1355 000c 00       		.ascii	"\000"
 1356              		.text
 1357              		.section	.gnu.lto_.opts,"e",%progbits
 1358 0000 272D666E 		.ascii	"'-fno-openmp' '-fno-openacc' '-fno-pie' '-fcf-prote"
 1358      6F2D6F70 
 1358      656E6D70 
 1358      2720272D 
 1358      666E6F2D 
 1359 0033 6374696F 		.ascii	"ction=none' '-g' '-mcpu=cortex-m3' '-mthumb' '-mflo"
 1359      6E3D6E6F 
 1359      6E652720 
 1359      272D6727 
 1359      20272D6D 
 1360 0066 61742D61 		.ascii	"at-abi=soft' '-mlibarch=armv7-m' '-march=armv7-m' '"
 1360      62693D73 
 1360      6F667427 
 1360      20272D6D 
 1360      6C696261 
 1361 0099 2D4F3227 		.ascii	"-O2' '-fomit-frame-pointer' '-falign-functions=16' "
 1361      20272D66 
 1361      6F6D6974 
 1361      2D667261 
 1361      6D652D70 
 1362 00cc 272D6666 		.ascii	"'-ffunction-sections' '-fdata-sections' '-fno-commo"
 1362      756E6374 
 1362      696F6E2D 
 1362      73656374 
 1362      696F6E73 
 1363 00ff 6E272027 		.ascii	"n' '-flto' '-Xassembler' '-alms=./build/lst/hal_st_"
 1363      2D666C74 
ARM GAS  /tmp/ccxSTser.s 			page 50


 1363      6F272027 
 1363      2D586173 
 1363      73656D62 
 1364 0132 6C6C642E 		.ascii	"lld.lst'\000"
 1364      6C737427 
 1364      00
 1365              		.text
 1366              		.comm	__gnu_lto_slim,1,1
 1367              		.ident	"GCC: (15:10.3-2021.07-4) 10.3.1 20210621 (release)"
ARM GAS  /tmp/ccxSTser.s 			page 51


DEFINED SYMBOLS
                            *ABS*:0000000000000000 hal_st_lld.c
     /tmp/ccxSTser.s:24     .gnu.debuglto_.debug_info:0000000000000000 hal_st_lld.c.08ef28af
                            *COM*:0000000000000001 __gnu_lto_slim

NO UNDEFINED SYMBOLS
