ARM GAS  /tmp/ccsnxS0s.s 			page 1


   1              		.cpu cortex-m3
   2              		.eabi_attribute 20, 1
   3              		.eabi_attribute 21, 1
   4              		.eabi_attribute 23, 3
   5              		.eabi_attribute 24, 1
   6              		.eabi_attribute 25, 1
   7              		.eabi_attribute 26, 1
   8              		.eabi_attribute 30, 2
   9              		.eabi_attribute 34, 1
  10              		.eabi_attribute 18, 4
  11              		.file	"hal_lld.c"
  12              		.file 1 "/usr/lib/gcc/arm-none-eabi/10.3.1/include/stddef.h"
  13              		.file 2 "/usr/lib/gcc/arm-none-eabi/10.3.1/include/stdint.h"
  14              		.file 3 "../../../os/common/ext/ST/STM32F1xx/stm32f103xg.h"
  15              		.file 4 "../../../os/hal/ports/STM32/STM32F1xx/hal_lld.c"
  16              		.file 5 "../../../os/common/ext/ST/STM32F1xx/system_stm32f1xx.h"
  17              		.section	.gnu.debuglto_.debug_info,"e",%progbits
  18              	.Ldebug_info0:
  19              		.hidden	hal_lld.c.98787996
  20              		.weak	hal_lld.c.98787996
  21              	hal_lld.c.98787996:
  22 0000 8B020000 		.4byte	0x28b
  23 0004 0400     		.2byte	0x4
  24 0006 00000000 		.4byte	.Ldebug_abbrev0
  25 000a 04       		.byte	0x4
  26 000b 01       		.uleb128 0x1
  27 000c 88010000 		.4byte	.LASF33
  28 0010 0C       		.byte	0xc
  29 0011 BF000000 		.4byte	.LASF34
  30 0015 36010000 		.4byte	.LASF35
  31 0019 00000000 		.4byte	.Ldebug_line0
  32 001d 02       		.uleb128 0x2
  33 001e 04       		.byte	0x4
  34 001f 05       		.byte	0x5
  35 0020 696E7400 		.ascii	"int\000"
  36 0024 03       		.uleb128 0x3
  37 0025 13000000 		.4byte	.LASF8
  38 0029 01       		.byte	0x1
  39 002a D1       		.byte	0xd1
  40 002b 17       		.byte	0x17
  41 002c 30000000 		.4byte	0x30
  42 0030 04       		.uleb128 0x4
  43 0031 04       		.byte	0x4
  44 0032 07       		.byte	0x7
  45 0033 24010000 		.4byte	.LASF0
  46 0037 04       		.uleb128 0x4
  47 0038 08       		.byte	0x8
  48 0039 05       		.byte	0x5
  49 003a 00000000 		.4byte	.LASF1
  50 003e 04       		.uleb128 0x4
  51 003f 08       		.byte	0x8
  52 0040 04       		.byte	0x4
  53 0041 AA020000 		.4byte	.LASF2
  54 0045 04       		.uleb128 0x4
  55 0046 01       		.byte	0x1
  56 0047 06       		.byte	0x6
  57 0048 B6020000 		.4byte	.LASF3
ARM GAS  /tmp/ccsnxS0s.s 			page 2


  58 004c 04       		.uleb128 0x4
  59 004d 02       		.byte	0x2
  60 004e 05       		.byte	0x5
  61 004f 71020000 		.4byte	.LASF4
  62 0053 04       		.uleb128 0x4
  63 0054 04       		.byte	0x4
  64 0055 05       		.byte	0x5
  65 0056 A1020000 		.4byte	.LASF5
  66 005a 04       		.uleb128 0x4
  67 005b 01       		.byte	0x1
  68 005c 08       		.byte	0x8
  69 005d 72000000 		.4byte	.LASF6
  70 0061 04       		.uleb128 0x4
  71 0062 02       		.byte	0x2
  72 0063 07       		.byte	0x7
  73 0064 98000000 		.4byte	.LASF7
  74 0068 03       		.uleb128 0x3
  75 0069 98020000 		.4byte	.LASF9
  76 006d 02       		.byte	0x2
  77 006e 34       		.byte	0x34
  78 006f 19       		.byte	0x19
  79 0070 79000000 		.4byte	0x79
  80 0074 05       		.uleb128 0x5
  81 0075 68000000 		.4byte	0x68
  82 0079 04       		.uleb128 0x4
  83 007a 04       		.byte	0x4
  84 007b 07       		.byte	0x7
  85 007c 86000000 		.4byte	.LASF10
  86 0080 04       		.uleb128 0x4
  87 0081 08       		.byte	0x8
  88 0082 07       		.byte	0x7
  89 0083 52000000 		.4byte	.LASF11
  90 0087 04       		.uleb128 0x4
  91 0088 01       		.byte	0x1
  92 0089 08       		.byte	0x8
  93 008a 31010000 		.4byte	.LASF12
  94 008e 06       		.uleb128 0x6
  95 008f 68000000 		.4byte	0x68
  96 0093 9E000000 		.4byte	0x9e
  97 0097 07       		.uleb128 0x7
  98 0098 30000000 		.4byte	0x30
  99 009c 07       		.byte	0x7
 100 009d 00       		.byte	0
 101 009e 08       		.uleb128 0x8
 102 009f 54020000 		.4byte	.LASF36
 103 00a3 05       		.byte	0x5
 104 00a4 45       		.byte	0x45
 105 00a5 11       		.byte	0x11
 106 00a6 68000000 		.4byte	0x68
 107 00aa 09       		.uleb128 0x9
 108 00ab 58       		.byte	0x58
 109 00ac 03       		.byte	0x3
 110 00ad 9D01     		.2byte	0x19d
 111 00af 09       		.byte	0x9
 112 00b0 84010000 		.4byte	0x184
 113 00b4 0A       		.uleb128 0xa
 114 00b5 41435200 		.ascii	"ACR\000"
ARM GAS  /tmp/ccsnxS0s.s 			page 3


 115 00b9 03       		.byte	0x3
 116 00ba 9F01     		.2byte	0x19f
 117 00bc 11       		.byte	0x11
 118 00bd 74000000 		.4byte	0x74
 119 00c1 00       		.byte	0
 120 00c2 0B       		.uleb128 0xb
 121 00c3 1F000000 		.4byte	.LASF13
 122 00c7 03       		.byte	0x3
 123 00c8 A001     		.2byte	0x1a0
 124 00ca 11       		.byte	0x11
 125 00cb 74000000 		.4byte	0x74
 126 00cf 04       		.byte	0x4
 127 00d0 0B       		.uleb128 0xb
 128 00d1 AB000000 		.4byte	.LASF14
 129 00d5 03       		.byte	0x3
 130 00d6 A101     		.2byte	0x1a1
 131 00d8 11       		.byte	0x11
 132 00d9 74000000 		.4byte	0x74
 133 00dd 08       		.byte	0x8
 134 00de 0A       		.uleb128 0xa
 135 00df 535200   		.ascii	"SR\000"
 136 00e2 03       		.byte	0x3
 137 00e3 A201     		.2byte	0x1a2
 138 00e5 11       		.byte	0x11
 139 00e6 74000000 		.4byte	0x74
 140 00ea 0C       		.byte	0xc
 141 00eb 0A       		.uleb128 0xa
 142 00ec 435200   		.ascii	"CR\000"
 143 00ef 03       		.byte	0x3
 144 00f0 A301     		.2byte	0x1a3
 145 00f2 11       		.byte	0x11
 146 00f3 74000000 		.4byte	0x74
 147 00f7 10       		.byte	0x10
 148 00f8 0A       		.uleb128 0xa
 149 00f9 415200   		.ascii	"AR\000"
 150 00fc 03       		.byte	0x3
 151 00fd A401     		.2byte	0x1a4
 152 00ff 11       		.byte	0x11
 153 0100 74000000 		.4byte	0x74
 154 0104 14       		.byte	0x14
 155 0105 0B       		.uleb128 0xb
 156 0106 EF000000 		.4byte	.LASF15
 157 010a 03       		.byte	0x3
 158 010b A501     		.2byte	0x1a5
 159 010d 11       		.byte	0x11
 160 010e 74000000 		.4byte	0x74
 161 0112 18       		.byte	0x18
 162 0113 0A       		.uleb128 0xa
 163 0114 4F425200 		.ascii	"OBR\000"
 164 0118 03       		.byte	0x3
 165 0119 A601     		.2byte	0x1a6
 166 011b 11       		.byte	0x11
 167 011c 74000000 		.4byte	0x74
 168 0120 1C       		.byte	0x1c
 169 0121 0B       		.uleb128 0xb
 170 0122 39000000 		.4byte	.LASF16
 171 0126 03       		.byte	0x3
ARM GAS  /tmp/ccsnxS0s.s 			page 4


 172 0127 A701     		.2byte	0x1a7
 173 0129 11       		.byte	0x11
 174 012a 74000000 		.4byte	0x74
 175 012e 20       		.byte	0x20
 176 012f 0B       		.uleb128 0xb
 177 0130 3E000000 		.4byte	.LASF17
 178 0134 03       		.byte	0x3
 179 0135 A801     		.2byte	0x1a8
 180 0137 0C       		.byte	0xc
 181 0138 8E000000 		.4byte	0x8e
 182 013c 24       		.byte	0x24
 183 013d 0B       		.uleb128 0xb
 184 013e 80000000 		.4byte	.LASF18
 185 0142 03       		.byte	0x3
 186 0143 A901     		.2byte	0x1a9
 187 0145 11       		.byte	0x11
 188 0146 74000000 		.4byte	0x74
 189 014a 44       		.byte	0x44
 190 014b 0B       		.uleb128 0xb
 191 014c 48000000 		.4byte	.LASF19
 192 0150 03       		.byte	0x3
 193 0151 AA01     		.2byte	0x1aa
 194 0153 0C       		.byte	0xc
 195 0154 68000000 		.4byte	0x68
 196 0158 48       		.byte	0x48
 197 0159 0A       		.uleb128 0xa
 198 015a 53523200 		.ascii	"SR2\000"
 199 015e 03       		.byte	0x3
 200 015f AB01     		.2byte	0x1ab
 201 0161 11       		.byte	0x11
 202 0162 74000000 		.4byte	0x74
 203 0166 4C       		.byte	0x4c
 204 0167 0A       		.uleb128 0xa
 205 0168 43523200 		.ascii	"CR2\000"
 206 016c 03       		.byte	0x3
 207 016d AC01     		.2byte	0x1ac
 208 016f 11       		.byte	0x11
 209 0170 74000000 		.4byte	0x74
 210 0174 50       		.byte	0x50
 211 0175 0A       		.uleb128 0xa
 212 0176 41523200 		.ascii	"AR2\000"
 213 017a 03       		.byte	0x3
 214 017b AD01     		.2byte	0x1ad
 215 017d 11       		.byte	0x11
 216 017e 74000000 		.4byte	0x74
 217 0182 54       		.byte	0x54
 218 0183 00       		.byte	0
 219 0184 0C       		.uleb128 0xc
 220 0185 24000000 		.4byte	.LASF20
 221 0189 03       		.byte	0x3
 222 018a AE01     		.2byte	0x1ae
 223 018c 03       		.byte	0x3
 224 018d AA000000 		.4byte	0xaa
 225 0191 09       		.uleb128 0x9
 226 0192 08       		.byte	0x8
 227 0193 03       		.byte	0x3
 228 0194 3102     		.2byte	0x231
ARM GAS  /tmp/ccsnxS0s.s 			page 5


 229 0196 09       		.byte	0x9
 230 0197 B7010000 		.4byte	0x1b7
 231 019b 0A       		.uleb128 0xa
 232 019c 435200   		.ascii	"CR\000"
 233 019f 03       		.byte	0x3
 234 01a0 3302     		.2byte	0x233
 235 01a2 11       		.byte	0x11
 236 01a3 74000000 		.4byte	0x74
 237 01a7 00       		.byte	0
 238 01a8 0A       		.uleb128 0xa
 239 01a9 43535200 		.ascii	"CSR\000"
 240 01ad 03       		.byte	0x3
 241 01ae 3402     		.2byte	0x234
 242 01b0 11       		.byte	0x11
 243 01b1 74000000 		.4byte	0x74
 244 01b5 04       		.byte	0x4
 245 01b6 00       		.byte	0
 246 01b7 0C       		.uleb128 0xc
 247 01b8 B3000000 		.4byte	.LASF21
 248 01bc 03       		.byte	0x3
 249 01bd 3502     		.2byte	0x235
 250 01bf 03       		.byte	0x3
 251 01c0 91010000 		.4byte	0x191
 252 01c4 09       		.uleb128 0x9
 253 01c5 28       		.byte	0x28
 254 01c6 03       		.byte	0x3
 255 01c7 3B02     		.2byte	0x23b
 256 01c9 09       		.byte	0x9
 257 01ca 5A020000 		.4byte	0x25a
 258 01ce 0A       		.uleb128 0xa
 259 01cf 435200   		.ascii	"CR\000"
 260 01d2 03       		.byte	0x3
 261 01d3 3D02     		.2byte	0x23d
 262 01d5 11       		.byte	0x11
 263 01d6 74000000 		.4byte	0x74
 264 01da 00       		.byte	0
 265 01db 0B       		.uleb128 0xb
 266 01dc 1A000000 		.4byte	.LASF22
 267 01e0 03       		.byte	0x3
 268 01e1 3E02     		.2byte	0x23e
 269 01e3 11       		.byte	0x11
 270 01e4 74000000 		.4byte	0x74
 271 01e8 04       		.byte	0x4
 272 01e9 0A       		.uleb128 0xa
 273 01ea 43495200 		.ascii	"CIR\000"
 274 01ee 03       		.byte	0x3
 275 01ef 3F02     		.2byte	0x23f
 276 01f1 11       		.byte	0x11
 277 01f2 74000000 		.4byte	0x74
 278 01f6 08       		.byte	0x8
 279 01f7 0B       		.uleb128 0xb
 280 01f8 1B010000 		.4byte	.LASF23
 281 01fc 03       		.byte	0x3
 282 01fd 4002     		.2byte	0x240
 283 01ff 11       		.byte	0x11
 284 0200 74000000 		.4byte	0x74
 285 0204 0C       		.byte	0xc
ARM GAS  /tmp/ccsnxS0s.s 			page 6


 286 0205 0B       		.uleb128 0xb
 287 0206 69000000 		.4byte	.LASF24
 288 020a 03       		.byte	0x3
 289 020b 4102     		.2byte	0x241
 290 020d 11       		.byte	0x11
 291 020e 74000000 		.4byte	0x74
 292 0212 10       		.byte	0x10
 293 0213 0B       		.uleb128 0xb
 294 0214 32000000 		.4byte	.LASF25
 295 0218 03       		.byte	0x3
 296 0219 4202     		.2byte	0x242
 297 021b 11       		.byte	0x11
 298 021c 74000000 		.4byte	0x74
 299 0220 14       		.byte	0x14
 300 0221 0B       		.uleb128 0xb
 301 0222 4C020000 		.4byte	.LASF26
 302 0226 03       		.byte	0x3
 303 0227 4302     		.2byte	0x243
 304 0229 11       		.byte	0x11
 305 022a 74000000 		.4byte	0x74
 306 022e 18       		.byte	0x18
 307 022f 0B       		.uleb128 0xb
 308 0230 13010000 		.4byte	.LASF27
 309 0234 03       		.byte	0x3
 310 0235 4402     		.2byte	0x244
 311 0237 11       		.byte	0x11
 312 0238 74000000 		.4byte	0x74
 313 023c 1C       		.byte	0x1c
 314 023d 0B       		.uleb128 0xb
 315 023e 0E000000 		.4byte	.LASF28
 316 0242 03       		.byte	0x3
 317 0243 4502     		.2byte	0x245
 318 0245 11       		.byte	0x11
 319 0246 74000000 		.4byte	0x74
 320 024a 20       		.byte	0x20
 321 024b 0A       		.uleb128 0xa
 322 024c 43535200 		.ascii	"CSR\000"
 323 0250 03       		.byte	0x3
 324 0251 4602     		.2byte	0x246
 325 0253 11       		.byte	0x11
 326 0254 74000000 		.4byte	0x74
 327 0258 24       		.byte	0x24
 328 0259 00       		.byte	0
 329 025a 0C       		.uleb128 0xc
 330 025b 8C020000 		.4byte	.LASF29
 331 025f 03       		.byte	0x3
 332 0260 4902     		.2byte	0x249
 333 0262 03       		.byte	0x3
 334 0263 C4010000 		.4byte	0x1c4
 335 0267 04       		.uleb128 0x4
 336 0268 01       		.byte	0x1
 337 0269 02       		.byte	0x2
 338 026a C2020000 		.4byte	.LASF30
 339 026e 0D       		.uleb128 0xd
 340 026f 9E000000 		.4byte	0x9e
 341 0273 04       		.byte	0x4
 342 0274 27       		.byte	0x27
ARM GAS  /tmp/ccsnxS0s.s 			page 7


 343 0275 0A       		.byte	0xa
 344 0276 0E       		.uleb128 0xe
 345 0277 7B020000 		.4byte	.LASF31
 346 027b 04       		.byte	0x4
 347 027c AD       		.byte	0xad
 348 027d 06       		.byte	0x6
 349 027e 0E       		.uleb128 0xe
 350 027f 64020000 		.4byte	.LASF32
 351 0283 04       		.byte	0x4
 352 0284 84       		.byte	0x84
 353 0285 06       		.byte	0x6
 354 0286 0F       		.uleb128 0xf
 355 0287 F8000000 		.4byte	.LASF37
 356 028b 04       		.byte	0x4
 357 028c 36       		.byte	0x36
 358 028d 0D       		.byte	0xd
 359 028e 00       		.byte	0
 360              		.section	.gnu.debuglto_.debug_abbrev,"e",%progbits
 361              	.Ldebug_abbrev0:
 362 0000 01       		.uleb128 0x1
 363 0001 11       		.uleb128 0x11
 364 0002 01       		.byte	0x1
 365 0003 25       		.uleb128 0x25
 366 0004 0E       		.uleb128 0xe
 367 0005 13       		.uleb128 0x13
 368 0006 0B       		.uleb128 0xb
 369 0007 03       		.uleb128 0x3
 370 0008 0E       		.uleb128 0xe
 371 0009 1B       		.uleb128 0x1b
 372 000a 0E       		.uleb128 0xe
 373 000b 10       		.uleb128 0x10
 374 000c 17       		.uleb128 0x17
 375 000d 00       		.byte	0
 376 000e 00       		.byte	0
 377 000f 02       		.uleb128 0x2
 378 0010 24       		.uleb128 0x24
 379 0011 00       		.byte	0
 380 0012 0B       		.uleb128 0xb
 381 0013 0B       		.uleb128 0xb
 382 0014 3E       		.uleb128 0x3e
 383 0015 0B       		.uleb128 0xb
 384 0016 03       		.uleb128 0x3
 385 0017 08       		.uleb128 0x8
 386 0018 00       		.byte	0
 387 0019 00       		.byte	0
 388 001a 03       		.uleb128 0x3
 389 001b 16       		.uleb128 0x16
 390 001c 00       		.byte	0
 391 001d 03       		.uleb128 0x3
 392 001e 0E       		.uleb128 0xe
 393 001f 3A       		.uleb128 0x3a
 394 0020 0B       		.uleb128 0xb
 395 0021 3B       		.uleb128 0x3b
 396 0022 0B       		.uleb128 0xb
 397 0023 39       		.uleb128 0x39
 398 0024 0B       		.uleb128 0xb
 399 0025 49       		.uleb128 0x49
ARM GAS  /tmp/ccsnxS0s.s 			page 8


 400 0026 13       		.uleb128 0x13
 401 0027 00       		.byte	0
 402 0028 00       		.byte	0
 403 0029 04       		.uleb128 0x4
 404 002a 24       		.uleb128 0x24
 405 002b 00       		.byte	0
 406 002c 0B       		.uleb128 0xb
 407 002d 0B       		.uleb128 0xb
 408 002e 3E       		.uleb128 0x3e
 409 002f 0B       		.uleb128 0xb
 410 0030 03       		.uleb128 0x3
 411 0031 0E       		.uleb128 0xe
 412 0032 00       		.byte	0
 413 0033 00       		.byte	0
 414 0034 05       		.uleb128 0x5
 415 0035 35       		.uleb128 0x35
 416 0036 00       		.byte	0
 417 0037 49       		.uleb128 0x49
 418 0038 13       		.uleb128 0x13
 419 0039 00       		.byte	0
 420 003a 00       		.byte	0
 421 003b 06       		.uleb128 0x6
 422 003c 01       		.uleb128 0x1
 423 003d 01       		.byte	0x1
 424 003e 49       		.uleb128 0x49
 425 003f 13       		.uleb128 0x13
 426 0040 01       		.uleb128 0x1
 427 0041 13       		.uleb128 0x13
 428 0042 00       		.byte	0
 429 0043 00       		.byte	0
 430 0044 07       		.uleb128 0x7
 431 0045 21       		.uleb128 0x21
 432 0046 00       		.byte	0
 433 0047 49       		.uleb128 0x49
 434 0048 13       		.uleb128 0x13
 435 0049 2F       		.uleb128 0x2f
 436 004a 0B       		.uleb128 0xb
 437 004b 00       		.byte	0
 438 004c 00       		.byte	0
 439 004d 08       		.uleb128 0x8
 440 004e 34       		.uleb128 0x34
 441 004f 00       		.byte	0
 442 0050 03       		.uleb128 0x3
 443 0051 0E       		.uleb128 0xe
 444 0052 3A       		.uleb128 0x3a
 445 0053 0B       		.uleb128 0xb
 446 0054 3B       		.uleb128 0x3b
 447 0055 0B       		.uleb128 0xb
 448 0056 39       		.uleb128 0x39
 449 0057 0B       		.uleb128 0xb
 450 0058 49       		.uleb128 0x49
 451 0059 13       		.uleb128 0x13
 452 005a 3F       		.uleb128 0x3f
 453 005b 19       		.uleb128 0x19
 454 005c 3C       		.uleb128 0x3c
 455 005d 19       		.uleb128 0x19
 456 005e 00       		.byte	0
ARM GAS  /tmp/ccsnxS0s.s 			page 9


 457 005f 00       		.byte	0
 458 0060 09       		.uleb128 0x9
 459 0061 13       		.uleb128 0x13
 460 0062 01       		.byte	0x1
 461 0063 0B       		.uleb128 0xb
 462 0064 0B       		.uleb128 0xb
 463 0065 3A       		.uleb128 0x3a
 464 0066 0B       		.uleb128 0xb
 465 0067 3B       		.uleb128 0x3b
 466 0068 05       		.uleb128 0x5
 467 0069 39       		.uleb128 0x39
 468 006a 0B       		.uleb128 0xb
 469 006b 01       		.uleb128 0x1
 470 006c 13       		.uleb128 0x13
 471 006d 00       		.byte	0
 472 006e 00       		.byte	0
 473 006f 0A       		.uleb128 0xa
 474 0070 0D       		.uleb128 0xd
 475 0071 00       		.byte	0
 476 0072 03       		.uleb128 0x3
 477 0073 08       		.uleb128 0x8
 478 0074 3A       		.uleb128 0x3a
 479 0075 0B       		.uleb128 0xb
 480 0076 3B       		.uleb128 0x3b
 481 0077 05       		.uleb128 0x5
 482 0078 39       		.uleb128 0x39
 483 0079 0B       		.uleb128 0xb
 484 007a 49       		.uleb128 0x49
 485 007b 13       		.uleb128 0x13
 486 007c 38       		.uleb128 0x38
 487 007d 0B       		.uleb128 0xb
 488 007e 00       		.byte	0
 489 007f 00       		.byte	0
 490 0080 0B       		.uleb128 0xb
 491 0081 0D       		.uleb128 0xd
 492 0082 00       		.byte	0
 493 0083 03       		.uleb128 0x3
 494 0084 0E       		.uleb128 0xe
 495 0085 3A       		.uleb128 0x3a
 496 0086 0B       		.uleb128 0xb
 497 0087 3B       		.uleb128 0x3b
 498 0088 05       		.uleb128 0x5
 499 0089 39       		.uleb128 0x39
 500 008a 0B       		.uleb128 0xb
 501 008b 49       		.uleb128 0x49
 502 008c 13       		.uleb128 0x13
 503 008d 38       		.uleb128 0x38
 504 008e 0B       		.uleb128 0xb
 505 008f 00       		.byte	0
 506 0090 00       		.byte	0
 507 0091 0C       		.uleb128 0xc
 508 0092 16       		.uleb128 0x16
 509 0093 00       		.byte	0
 510 0094 03       		.uleb128 0x3
 511 0095 0E       		.uleb128 0xe
 512 0096 3A       		.uleb128 0x3a
 513 0097 0B       		.uleb128 0xb
ARM GAS  /tmp/ccsnxS0s.s 			page 10


 514 0098 3B       		.uleb128 0x3b
 515 0099 05       		.uleb128 0x5
 516 009a 39       		.uleb128 0x39
 517 009b 0B       		.uleb128 0xb
 518 009c 49       		.uleb128 0x49
 519 009d 13       		.uleb128 0x13
 520 009e 00       		.byte	0
 521 009f 00       		.byte	0
 522 00a0 0D       		.uleb128 0xd
 523 00a1 34       		.uleb128 0x34
 524 00a2 00       		.byte	0
 525 00a3 47       		.uleb128 0x47
 526 00a4 13       		.uleb128 0x13
 527 00a5 3A       		.uleb128 0x3a
 528 00a6 0B       		.uleb128 0xb
 529 00a7 3B       		.uleb128 0x3b
 530 00a8 0B       		.uleb128 0xb
 531 00a9 39       		.uleb128 0x39
 532 00aa 0B       		.uleb128 0xb
 533 00ab 00       		.byte	0
 534 00ac 00       		.byte	0
 535 00ad 0E       		.uleb128 0xe
 536 00ae 2E       		.uleb128 0x2e
 537 00af 00       		.byte	0
 538 00b0 3F       		.uleb128 0x3f
 539 00b1 19       		.uleb128 0x19
 540 00b2 03       		.uleb128 0x3
 541 00b3 0E       		.uleb128 0xe
 542 00b4 3A       		.uleb128 0x3a
 543 00b5 0B       		.uleb128 0xb
 544 00b6 3B       		.uleb128 0x3b
 545 00b7 0B       		.uleb128 0xb
 546 00b8 39       		.uleb128 0x39
 547 00b9 0B       		.uleb128 0xb
 548 00ba 27       		.uleb128 0x27
 549 00bb 19       		.uleb128 0x19
 550 00bc 00       		.byte	0
 551 00bd 00       		.byte	0
 552 00be 0F       		.uleb128 0xf
 553 00bf 2E       		.uleb128 0x2e
 554 00c0 00       		.byte	0
 555 00c1 03       		.uleb128 0x3
 556 00c2 0E       		.uleb128 0xe
 557 00c3 3A       		.uleb128 0x3a
 558 00c4 0B       		.uleb128 0xb
 559 00c5 3B       		.uleb128 0x3b
 560 00c6 0B       		.uleb128 0xb
 561 00c7 39       		.uleb128 0x39
 562 00c8 0B       		.uleb128 0xb
 563 00c9 27       		.uleb128 0x27
 564 00ca 19       		.uleb128 0x19
 565 00cb 00       		.byte	0
 566 00cc 00       		.byte	0
 567 00cd 00       		.byte	0
 568              		.section	.gnu.debuglto_.debug_line,"e",%progbits
 569              	.Ldebug_line0:
 570 0000 DA000000 		.4byte	.LELT0-.LSLT0
ARM GAS  /tmp/ccsnxS0s.s 			page 11


 571              	.LSLT0:
 572 0004 0400     		.2byte	0x4
 573 0006 D4000000 		.4byte	.LELTP0-.LASLTP0
 574              	.LASLTP0:
 575 000a 01       		.byte	0x1
 576 000b 01       		.byte	0x1
 577 000c 01       		.byte	0x1
 578 000d F6       		.byte	0xf6
 579 000e F2       		.byte	0xf2
 580 000f 0D       		.byte	0xd
 581 0010 00       		.byte	0
 582 0011 01       		.byte	0x1
 583 0012 01       		.byte	0x1
 584 0013 01       		.byte	0x1
 585 0014 01       		.byte	0x1
 586 0015 00       		.byte	0
 587 0016 00       		.byte	0
 588 0017 00       		.byte	0
 589 0018 01       		.byte	0x1
 590 0019 00       		.byte	0
 591 001a 00       		.byte	0
 592 001b 01       		.byte	0x1
 593 001c 2E2E2F2E 		.ascii	"../../../os/common/ext/ST/STM32F1xx"
 593      2E2F2E2E 
 593      2F6F732F 
 593      636F6D6D 
 593      6F6E2F65 
 594 003f 00       		.byte	0
 595 0040 2E2E2F2E 		.ascii	"../../../os/hal/ports/STM32/STM32F1xx"
 595      2E2F2E2E 
 595      2F6F732F 
 595      68616C2F 
 595      706F7274 
 596 0065 00       		.byte	0
 597 0066 2F757372 		.ascii	"/usr/lib/gcc/arm-none-eabi/10.3.1/include"
 597      2F6C6962 
 597      2F676363 
 597      2F61726D 
 597      2D6E6F6E 
 598 008f 00       		.byte	0
 599 0090 00       		.byte	0
 600 0091 73746464 		.ascii	"stddef.h\000"
 600      65662E68 
 600      00
 601 009a 03       		.uleb128 0x3
 602 009b 00       		.uleb128 0
 603 009c 00       		.uleb128 0
 604 009d 73746469 		.ascii	"stdint.h\000"
 604      6E742E68 
 604      00
 605 00a6 03       		.uleb128 0x3
 606 00a7 00       		.uleb128 0
 607 00a8 00       		.uleb128 0
 608 00a9 73746D33 		.ascii	"stm32f103xg.h\000"
 608      32663130 
 608      3378672E 
 608      6800
ARM GAS  /tmp/ccsnxS0s.s 			page 12


 609 00b7 01       		.uleb128 0x1
 610 00b8 00       		.uleb128 0
 611 00b9 00       		.uleb128 0
 612 00ba 68616C5F 		.ascii	"hal_lld.c\000"
 612      6C6C642E 
 612      6300
 613 00c4 02       		.uleb128 0x2
 614 00c5 00       		.uleb128 0
 615 00c6 00       		.uleb128 0
 616 00c7 73797374 		.ascii	"system_stm32f1xx.h\000"
 616      656D5F73 
 616      746D3332 
 616      66317878 
 616      2E6800
 617 00da 01       		.uleb128 0x1
 618 00db 00       		.uleb128 0
 619 00dc 00       		.uleb128 0
 620 00dd 00       		.byte	0
 621              	.LELTP0:
 622              	.LELT0:
 623              		.section	.gnu.debuglto_.debug_str,"eMS",%progbits,1
 624              	.LASF1:
 625 0000 6C6F6E67 		.ascii	"long long int\000"
 625      206C6F6E 
 625      6720696E 
 625      7400
 626              	.LASF28:
 627 000e 42444352 		.ascii	"BDCR\000"
 627      00
 628              	.LASF8:
 629 0013 73697A65 		.ascii	"size_t\000"
 629      5F7400
 630              	.LASF22:
 631 001a 43464752 		.ascii	"CFGR\000"
 631      00
 632              	.LASF13:
 633 001f 4B455952 		.ascii	"KEYR\000"
 633      00
 634              	.LASF20:
 635 0024 464C4153 		.ascii	"FLASH_TypeDef\000"
 635      485F5479 
 635      70654465 
 635      6600
 636              	.LASF25:
 637 0032 41484245 		.ascii	"AHBENR\000"
 637      4E5200
 638              	.LASF16:
 639 0039 57525052 		.ascii	"WRPR\000"
 639      00
 640              	.LASF17:
 641 003e 52455345 		.ascii	"RESERVED1\000"
 641      52564544 
 641      3100
 642              	.LASF19:
 643 0048 52455345 		.ascii	"RESERVED2\000"
 643      52564544 
 643      3200
ARM GAS  /tmp/ccsnxS0s.s 			page 13


 644              	.LASF11:
 645 0052 6C6F6E67 		.ascii	"long long unsigned int\000"
 645      206C6F6E 
 645      6720756E 
 645      7369676E 
 645      65642069 
 646              	.LASF24:
 647 0069 41504231 		.ascii	"APB1RSTR\000"
 647      52535452 
 647      00
 648              	.LASF6:
 649 0072 756E7369 		.ascii	"unsigned char\000"
 649      676E6564 
 649      20636861 
 649      7200
 650              	.LASF18:
 651 0080 4B455952 		.ascii	"KEYR2\000"
 651      3200
 652              	.LASF10:
 653 0086 6C6F6E67 		.ascii	"long unsigned int\000"
 653      20756E73 
 653      69676E65 
 653      6420696E 
 653      7400
 654              	.LASF7:
 655 0098 73686F72 		.ascii	"short unsigned int\000"
 655      7420756E 
 655      7369676E 
 655      65642069 
 655      6E7400
 656              	.LASF14:
 657 00ab 4F50544B 		.ascii	"OPTKEYR\000"
 657      45595200 
 658              	.LASF21:
 659 00b3 5057525F 		.ascii	"PWR_TypeDef\000"
 659      54797065 
 659      44656600 
 660              	.LASF34:
 661 00bf 2E2E2F2E 		.ascii	"../../../os/hal/ports/STM32/STM32F1xx/hal_lld.c\000"
 661      2E2F2E2E 
 661      2F6F732F 
 661      68616C2F 
 661      706F7274 
 662              	.LASF15:
 663 00ef 52455345 		.ascii	"RESERVED\000"
 663      52564544 
 663      00
 664              	.LASF37:
 665 00f8 68616C5F 		.ascii	"hal_lld_backup_domain_init\000"
 665      6C6C645F 
 665      6261636B 
 665      75705F64 
 665      6F6D6169 
 666              	.LASF27:
 667 0113 41504231 		.ascii	"APB1ENR\000"
 667      454E5200 
 668              	.LASF23:
ARM GAS  /tmp/ccsnxS0s.s 			page 14


 669 011b 41504232 		.ascii	"APB2RSTR\000"
 669      52535452 
 669      00
 670              	.LASF0:
 671 0124 756E7369 		.ascii	"unsigned int\000"
 671      676E6564 
 671      20696E74 
 671      00
 672              	.LASF12:
 673 0131 63686172 		.ascii	"char\000"
 673      00
 674              	.LASF35:
 675 0136 2F686F6D 		.ascii	"/home/nicolasscg/ci_test/ChibiOS/demos/STM32/RT-STM"
 675      652F6E69 
 675      636F6C61 
 675      73736367 
 675      2F63695F 
 676 0169 33324631 		.ascii	"32F103-STM3210E_EVAL-FATFS-USB\000"
 676      30332D53 
 676      544D3332 
 676      3130455F 
 676      4556414C 
 677              	.LASF33:
 678 0188 474E5520 		.ascii	"GNU C17 10.3.1 20210621 (release) -mcpu=cortex-m3 -"
 678      43313720 
 678      31302E33 
 678      2E312032 
 678      30323130 
 679 01bb 6D746875 		.ascii	"mthumb -mfloat-abi=soft -march=armv7-m -ggdb -O2 -f"
 679      6D62202D 
 679      6D666C6F 
 679      61742D61 
 679      62693D73 
 680 01ee 6F6D6974 		.ascii	"omit-frame-pointer -falign-functions=16 -ffunction-"
 680      2D667261 
 680      6D652D70 
 680      6F696E74 
 680      6572202D 
 681 0221 73656374 		.ascii	"sections -fdata-sections -fno-common -flto\000"
 681      696F6E73 
 681      202D6664 
 681      6174612D 
 681      73656374 
 682              	.LASF26:
 683 024c 41504232 		.ascii	"APB2ENR\000"
 683      454E5200 
 684              	.LASF36:
 685 0254 53797374 		.ascii	"SystemCoreClock\000"
 685      656D436F 
 685      7265436C 
 685      6F636B00 
 686              	.LASF32:
 687 0264 68616C5F 		.ascii	"hal_lld_init\000"
 687      6C6C645F 
 687      696E6974 
 687      00
 688              	.LASF4:
ARM GAS  /tmp/ccsnxS0s.s 			page 15


 689 0271 73686F72 		.ascii	"short int\000"
 689      7420696E 
 689      7400
 690              	.LASF31:
 691 027b 73746D33 		.ascii	"stm32_clock_init\000"
 691      325F636C 
 691      6F636B5F 
 691      696E6974 
 691      00
 692              	.LASF29:
 693 028c 5243435F 		.ascii	"RCC_TypeDef\000"
 693      54797065 
 693      44656600 
 694              	.LASF9:
 695 0298 75696E74 		.ascii	"uint32_t\000"
 695      33325F74 
 695      00
 696              	.LASF5:
 697 02a1 6C6F6E67 		.ascii	"long int\000"
 697      20696E74 
 697      00
 698              	.LASF2:
 699 02aa 6C6F6E67 		.ascii	"long double\000"
 699      20646F75 
 699      626C6500 
 700              	.LASF3:
 701 02b6 7369676E 		.ascii	"signed char\000"
 701      65642063 
 701      68617200 
 702              	.LASF30:
 703 02c2 5F426F6F 		.ascii	"_Bool\000"
 703      6C00
 704              		.text
 705              		.section	.gnu.lto_.profile.9f97ad05748cea15,"e",%progbits
 706 0000 789C6362 		.ascii	"x\234cb\000\001\000\000\022\000\003"
 706      00010000 
 706      120003
 707              		.text
 708              		.section	.gnu.lto_.icf.9f97ad05748cea15,"e",%progbits
 709 0000 789C1361 		.ascii	"x\234\023a@\000f\206S\207\0377r0.\235~a+\033\323\314"
 709      40006686 
 709      53871F37 
 709      72302E9D 
 709      7E612B1B 
 710 0016 65931FF1 		.ascii	"e\223\037\3611\000\000]\025\010\235"
 710      3100005D 
 710      15089D
 711              		.text
 712              		.section	.gnu.lto_.ipa_sra.9f97ad05748cea15,"e",%progbits
 713 0000 789CE361 		.ascii	"x\234\343a@\000&\006\006F\020\004\021\000\001k\000\024"
 713      40002606 
 713      06461004 
 713      1100016B 
 713      0014
 714              		.text
 715              		.section	.gnu.lto_.inline.9f97ad05748cea15,"e",%progbits
 716 0000 789C0B62 		.ascii	"x\234\013b@\000&\006\006\251\206\206\206\033L\031\214"
ARM GAS  /tmp/ccsnxS0s.s 			page 16


 716      40002606 
 716      06A98686 
 716      861B4C19 
 716      8C
 717 0011 0C4C5A40 		.ascii	"\014LZ@\326\005\246t\006\0066 \243\201)\205\011$\315"
 717      D605A674 
 717      06063620 
 717      A3812985 
 717      0924CD
 718 0024 C0C8C580 		.ascii	"\300\310\305\200 \031t\346\354\2728\2239\013\250:\010"
 718      201974E6 
 718      ECBA3893 
 718      390BA83A 
 718      08
 719 0035 C89ACA9C 		.ascii	"\310\232\312\234\205\246\232\001\000\014\323\021\345"
 719      85A69A01 
 719      000CD311 
 719      E5
 720              		.text
 721              		.section	.gnu.lto_.jmpfuncs.9f97ad05748cea15,"e",%progbits
 722 0000 789CE362 		.ascii	"x\234\343b@\000&0\311\010\304\000\001\012\000\016"
 722      40002630 
 722      C908C400 
 722      010A000E 
 723              		.text
 724              		.section	.gnu.lto_.pureconst.9f97ad05748cea15,"e",%progbits
 725 0000 789C6367 		.ascii	"x\234cg```b\230\305\3028\213\005\000\004\263\001G"
 725      60606062 
 725      98C5C238 
 725      8B050004 
 725      B30147
 726              		.text
 727              		.section	.gnu.lto_.lto.9f97ad05748cea15,"e",%progbits
 728 0000 09000400 		.ascii	"\011\000\004\000\001\000\000\000"
 728      01000000 
 729              		.text
 730              		.section	.gnu.lto_hal_lld_init.329.9f97ad05748cea15,"e",%progbits
 731 0000 789C8D54 		.ascii	"x\234\215T\317k\023A\024~og\223&)%\224B\2537\177\\\364"
 731      CF6B1341 
 731      147E6F67 
 731      93262925 
 731      9442AB37 
 732 0017 906CDAFE 		.ascii	"\220l\332\376\003Vi\016b\021\232\3505\3244\330@j\304"
 732      0356690E 
 732      62119AE8 
 732      35D434D8 
 732      406AC4
 733 002a 04EC453A 		.ascii	"\004\354E:m\025%\227\330x\325\252a\025o\305\203\326"
 733      6D152597 
 733      D878D5AA 
 733      61156FC5 
 733      83D6
 734 003c 68A54B51 		.ascii	"h\245KQ\304\212\224\212\250 \325T\005QAJE\020\024\342"
 734      C48A948A 
 734      A820D554 
 734      0551414A 
 734      451014E2 
ARM GAS  /tmp/ccsnxS0s.s 			page 17


 735 0050 BCD94DD2 		.ascii	"\274\331M\322\265n\332e\367c\336\316\373\276\367\275"
 735      B56EDA65 
 735      F763DECE 
 735      FBBEF7BD 
 736 0060 D99DA9A8 		.ascii	"\331\235\251\250\000\347\000`\267x\220\001\026&s\012"
 736      00E70060 
 736      B7789001 
 736      1626730A 
 737 0070 70CEF735 		.ascii	"p\316\3675)86\231\363\342\035\224\021\302\250\202\243"
 737      29383699 
 737      F3E21D94 
 737      11C2A882 
 737      A3
 738 0081 7889ED15 		.ascii	"x\211\355\025\341\257\033\337\214\245m\374\226\201:"
 738      E1AF1BDF 
 738      8CA56DFC 
 738      96813A
 739 0090 0398128F 		.ascii	"\003\230\022\217u\271\255\010/3\224c\304\273\010\024"
 739      75B9AD08 
 739      2F339463 
 739      C4BB0814 
 740 00a0 106BB10B 		.ascii	"\020k\261\013\204\234xIy8#\347PdO\277p\031\374O%\317"
 740      849C7849 
 740      793823E7 
 740      50644FBF 
 740      7019FC4F 
 741 00b6 F9E73DA5 		.ascii	"\371\347=\245\331i\357v\004\235\241B\300\010T\0027\201"
 741      D969EF76 
 741      049DA142 
 741      C0085402 
 741      3781
 742 00c8 87C047D0 		.ascii	"\207\300G\320L\320B\340'h%h#h'\350 \000\3103j\205\253"
 742      4CD042E0 
 742      27682568 
 742      236827E8 
 742      2000C833 
 743 00df C80D808B 		.ascii	"\310\015\200\213L1\203\011\021|E\376\341\352\002\302"
 743      4C318309 
 743      117C45FE 
 743      E1EA02C2 
 744 00ef 779C9FF5 		.ascii	"w\234\237\365\026\231[X,0\235)\322\2549\342\327.pUD"
 744      16995B58 
 744      2C309D29 
 744      D2AC39E2 
 744      D72E7055 
 745 0104 3769013C 		.ascii	"7i\001<:cx\037\261\204\020\332\2513\025\037\340\025"
 745      3A63781F 
 745      B18410DA 
 745      A933151F 
 745      E015
 746 0116 D9B61058 		.ascii	"\331\266\020X\3638f=4\263H\020\261\".?U\336U-\353L4"
 746      F338663D 
 746      34B34810 
 746      B1222E3F 
 746      55DE552D 
 747 012d B6243FBF 		.ascii	"\266$?\277^\036l\322\276\377\221\256\313P\305\307\226"
 747      5E1E6CD2 
ARM GAS  /tmp/ccsnxS0s.s 			page 18


 747      BEFF91AE 
 747      CB50C5C7 
 747      96
 748 013e BA20144F 		.ascii	"\272 \024O\313\265\270]_\213f\307rO\004\01575\365\324"
 748      CBB5B85D 
 748      5F8B66C7 
 748      724F040D 
 748      3735F5D4 
 749 0152 CCC239B4 		.ascii	"\314\3029\264\031jq$<\333\222\354sK\366\221]\326\337"
 749      196A7124 
 749      3CDB92EC 
 749      734BF691 
 749      5DD6DF
 750 0165 A8CF454B 		.ascii	"\250\317EK\271\336\347L\275Ot,\265$h\21244Q8\217E\246"
 750      B9DEE74C 
 750      BD4F742C 
 750      B524688A 
 750      34345138 
 751 017c 14CD7F02 		.ascii	"\024\315\177\002)\233K\201\325\2343\375\245I\027<\233"
 751      299B4B81 
 751      D59C33FD 
 751      A549173C 
 751      9B
 752 018d D3D6464E 		.ascii	"\323\326FN_Y%\311\351\031\351\264Tw\312\034K\275\371"
 752      5F5925C9 
 752      E919E9B4 
 752      5477CA1C 
 752      4BBDF9
 753 01a0 C7A92A92 		.ascii	"\307\251*\222kN\015\330\314\351\333\252S\325\346\264"
 753      6B4E0DD8 
 753      CCE9DBAA 
 753      53D5E6B4 
 754 01b0 AD91D3E5 		.ascii	"\255\221\323\345\015N\347\026\344'\371\270\374\323#"
 754      0D4EE716 
 754      E427F9B8 
 754      FCD323
 755 01bf 36B57CF5 		.ascii	"6\265|\365\243\017\357\231\366\277\264\024Y\273\265"
 755      A30FEF99 
 755      F6BFB414 
 755      59BBB5
 756 01ce A75CB5DD 		.ascii	"\247\\\265\335\345B^\036\263v\227\330\252n,#\276\257"
 756      E5425E1E 
 756      B37697D8 
 756      AA6E2C23 
 756      BEAF
 757 01e0 BA5A1115 		.ascii	"\272Z\021\025\030\235\017\265\266:\204\206\325\226\262"
 757      189D0FB5 
 757      B63A8486 
 757      D596B2
 758 01ef BEA70DD4 		.ascii	"\276\247\015\324OU\252\340H#\257\027\350\004\203U\234"
 758      4F55AAE0 
 758      4823AF17 
 758      E8048355 
 758      9C
 759 0200 D8016751 		.ascii	"\330\001gQ\321Y\323\024\271\327\231GN\277\363\331\247"
 759      D159D314 
 759      B9D79947 
ARM GAS  /tmp/ccsnxS0s.s 			page 19


 759      4EBFF3D9 
 759      A7
 760 0211 9839B586 		.ascii	"\2309\265\206\343\345\337\007\345\211\226gh\236\032"
 760      E3E5DF07 
 760      E5899667 
 760      689E1A
 761 0220 E30685FD 		.ascii	"\343\006\205\375\332Pz8\241\235H\306\323\251\201L&~"
 761      DA507A38 
 761      A19D48C6 
 761      D3A9814C 
 761      267E
 762 0232 5C8B2763 		.ascii	"\\\213'c\331D&\253\035\030J\036K\036\216h\203\211\341"
 762      D94426AB 
 762      1D184A1E 
 762      4B1E8E68 
 762      8389E1
 763 0245 74468B44 		.ascii	"tF\213D\373\272\273\264\376h@\016\302\235\241ns\324"
 763      FBBABBB4 
 763      FE68400E 
 763      C29DA16E 
 763      73D4
 764 0257 19EA8DF5 		.ascii	"\031\352\215\365\036\3559\024\010\367D\303\221\300\221"
 764      1EED3914 
 764      08F744C3 
 764      91C091
 765 0266 C87E0805 		.ascii	"\310~\010\005\203\232y\013\336\320@J;\231>\225\255*"
 765      839A790B 
 765      DED0404A 
 765      3B993E95 
 765      AD2A
 766 0278 58F49111 		.ascii	"X\364\221\021\232\211\245R\203\3018\374\005\216\276"
 766      9A89A552 
 766      83C138FC 
 766      058EBE
 767 0287 93EE     		.ascii	"\223\356"
 768              		.text
 769              		.section	.gnu.lto_stm32_clock_init.330.9f97ad05748cea15,"e",%progbits
 770 0000 789C8D95 		.ascii	"x\234\215\225[h\024W\030\307\317w\316\334vw\366j\014"
 770      5B681457 
 770      18C7CF77 
 770      CEDC7677 
 770      F66A0C
 771 0013 7DB52FE2 		.ascii	"}\265/\342C2Q_|\324\212y\252\010&\355S!\330\030M 6b"
 771      4332515F 
 771      7CD48A79 
 771      AA0826ED 
 771      5321D818 
 772 002b F2E09BA3 		.ascii	"\362\340\233\2435Z\366%\273\011\251\327\250]\266e}I"
 772      355AF625 
 772      BB09A9D7 
 772      A85DB665 
 772      7D49
 773 003d 51682BD4 		.ascii	"Qh+\324`\274\320\013\221\335&*A\274\304k1J$J\213W\320"
 773      60BCD00B 
 773      91DD262A 
 773      41BCC46B 
 773      314A244A 
ARM GAS  /tmp/ccsnxS0s.s 			page 20


 774 0054 EFCC9933 		.ascii	"\357\314\23133\273\270YC\370sf\346\377]\316\357;9Y\255"
 774      33BBB859 
 774      43F87366 
 774      E6FF5DCE 
 774      EF3B3959 
 775 0069 13D24F08 		.ascii	"\023\322O\010\371\012\010\201\024\201\301l\232\022\333"
 775      F90A0881 
 775      1481C16C 
 775      9A12DB
 776 0078 B657EB14 		.ascii	"\266W\353\024\206\262\351\231\321\323\012\374\002\316"
 776      86B2E999 
 776      D1D30AFC 
 776      02CE
 777 0086 0B464F66 		.ascii	"\013FOfN\303\324\374\353U\312\336llt\240_W\2220t*!\354"
 777      4EC3D4FC 
 777      EB55CADE 
 777      6C6C74A0 
 777      5F579230 
 778 009e 0A0C67D3 		.ascii	"\012\014g\323oF\251t\253\264 \335\373\\w\002\206\245"
 778      6F46A974 
 778      ABB420DD 
 778      FB5C7702 
 778      86A5
 779 00b0 5B8303D9 		.ascii	"[\203\003\331\364\304\031\317\255\323\343\322}0s\017"
 779      F4C419CF 
 779      ADD3E3D2 
 779      7D30730F 
 780 00c0 1C7B1C0E 		.ascii	"\034{\034\016H\273\001\207\006s\247\012K\245=D\217I"
 780      48BB0187 
 780      0673A70A 
 780      4BA53D44 
 780      8F49
 781 00d2 FB61698F 		.ascii	"\373ai\217\241g\237\333{\030\216\240\277\350\371#tD"
 781      A1679FDB 
 781      7B188EA0 
 781      BFE8F923 
 781      7444
 782 00e4 FA8F4A7F 		.ascii	"\372\217J\177\024=\322o\302\356l\372\305\330\247\322"
 782      143DD26F 
 782      C2EE6CFA 
 782      C5D8A7D2 
 783 00f4 0F641765 		.ascii	"\017d\027eIEMhz\334\010\305\302\221\250\011\2734F\374"
 783      49454D68 
 783      7ADC08C5 
 783      C291A809 
 783      BB3446FC 
 784 0108 1F35B0D6 		.ascii	"\0375\260\326\003\353P`\035\011\254\207\3302\314\374"
 784      03EB5060 
 784      1D09AC87 
 784      D832CCFC 
 785 0118 F2C727FF 		.ascii	"\362\307'\377\334\370\304.\214C\036\223\035\363\023"
 785      DCF8C42E 
 785      8C431E93 
 785      1DF313
 786 0127 6AF209C7 		.ascii	"j\362\011\307@~\236R\307\355\267\357\006l{\356>\334"
 786      407E9E52 
 786      C7EDB7EF 
ARM GAS  /tmp/ccsnxS0s.s 			page 21


 786      066C7BEE 
 786      3EDC
 787 0139 5EBA0448 		.ascii	"^\272\004H\236\001\345\302\270(\\T.\032\027\235\213"
 787      9E01E5C2 
 787      B8285C54 
 787      2E1A179D 
 787      8B
 788 014a C125C425 		.ascii	"\301%\304%\314%\302\305\344\022\345\022\343\022\347"
 788      CC25C2C5 
 788      E412E512 
 788      E312E7
 789 0159 92E092E4 		.ascii	"\222\340\222\344\222\342\262\210K\035\227\305\\\352"
 789      92E2B288 
 789      4B1D97C5 
 789      5CEA
 790 0167 B91032C0 		.ascii	"\271\0202\300\310\374\353\302*\260\307\011\3110\352"
 790      C8FCEBC2 
 790      2AB0C709 
 790      C930EA
 791 0176 AC77E3FA 		.ascii	"\254w\343\3721\330\367\256M\000y\012\027\316\316Fs\014"
 791      31D8F7AE 
 791      4D00790A 
 791      17CECE46 
 791      730C
 792 0188 8E321864 		.ascii	"\2162\030dyF\201x+\373\304w\266\202O?q\220F\2361\370"
 792      79468178 
 792      2BFBC477 
 792      B6824F3F 
 792      7190469E 
 793 019e 0DE05720 		.ascii	"\015\340W MK\362L\20130\342\354\362)|;\270\037r\214"
 793      4D4BF24C 
 793      813330E2 
 793      ECF2297C 
 793      3BB81F72 
 794 01b3 E6441C80 		.ascii	"\346D\034\200\223u>\015UC\177\027\241\030\343\3641="
 794      93753E0D 
 794      55437F17 
 794      A118E3F4 
 794      313D
 795 01c5 C1496518 		.ascii	"\301Ie\030C\257\255\360\366\200\277\276>!?\233\242\315"
 795      43AFADF0 
 795      F680BFBE 
 795      3E213F9B 
 795      A2CD
 796 01d7 788EB10F 		.ascii	"x\216\261\017\345\374\301yT`\314\357\350\373\375\017"
 796      E5FCC179 
 796      5460CCEF 
 796      E8FBFD0F 
 797 01e7 B11F0503 		.ascii	"\261\037\005\003DK\224\314\302\336G\027\267\340;\361"
 797      444B94CC 
 797      C2DE4717 
 797      B7E03BF1 
 798 01f7 428C6A80 		.ascii	"B\214j\200%\263\375\323\177\362\347\014S\312\340\334"
 798      25B3FDD3 
 798      7FF2E70C 
 798      53CAE0DC 
 799 0207 08C051AB 		.ascii	"\010\300Q\253\356\344|\260$B\320\320,\012\274\252I\341"
ARM GAS  /tmp/ccsnxS0s.s 			page 22


 799      EEE47CB0 
 799      2442D0D0 
 799      2C0ABCAA 
 799      49E1
 800 0219 92A4A039 		.ascii	"\222\244\2409\005o\211\202\317\037\305dD\201}`\223\177"
 800      056F8982 
 800      CF1FC564 
 800      44817D60 
 800      937F
 801 022b 601476CF 		.ascii	"`\024v\317\213( Z\235q\371\251\345\374\236\271\374f"
 801      8B28205A 
 801      9D71F9A9 
 801      E5FC9EB9 
 801      FC66
 802 023d 5C7E2791 		.ascii	"\\~'\221\237\276\020\277\277Ej\261\2319\344g`\200\330"
 802      9FBE10BF 
 802      BF456AB1 
 802      9939E467 
 802      6080D8
 803 0250 8DC9F9CD 		.ascii	"\215\311\371\315r~\006\214\203\313.\341\263\323\312"
 803      727E068C 
 803      83CB2EE1 
 803      B3D3CA
 804 025f D8658B3E 		.ascii	"\330e\213>\273P\325\375_\2568@a4\213j\270\213Z\360J"
 804      BB50D5FD 
 804      5FAE3840 
 804      61348B6A 
 804      B88B5AF0 
 805 0274 125ED8A9 		.ascii	"\022^\330\2518T\024\010\364r\004\303E\352~\366\217P"
 805      38541408 
 805      F47204C3 
 805      45EA7EF6 
 805      8F50
 806 0286 64210493 		.ascii	"d!\004\223\225G\310\304\000\331\224\341\035\"\323\207"
 806      9547C8C4 
 806      00D994E1 
 806      1D22D387 
 807 0296 10F72118 		.ascii	"\020\367!\030e\020\306$\204X\216E\253\356\343\252\317"
 807      6510C624 
 807      84588E45 
 807      ABEEE3AA 
 807      CF
 808 02a7 DC81C0CD 		.ascii	"\334\201\300\315\262\336\177\244\026\205i\021\215aN"
 808      B2DE7FA4 
 808      16856911 
 808      8D614E
 809 02b6 C9738192 		.ascii	"\311s\201\222\361\252A\327+\270'\320,K\342\036k\224"
 809      F1AA41D7 
 809      2BB827D0 
 809      2C4BE21E 
 809      6B94
 810 02c8 BC29C127 		.ascii	"\274)\301'\234\222\223.\370P9\370+.\370\311\000\370"
 810      9C92932E 
 810      F85039F8 
 810      2B2EF8C9 
 810      00F8
 811 02da E442E06F 		.ascii	"\344B\340oW\202Oa\200\327U\302#\237\362\311\307|\362"
ARM GAS  /tmp/ccsnxS0s.s 			page 23


 811      57824F61 
 811      80D755C2 
 811      239FF2C9 
 811      C77CF2
 812 02ed E132F2B7 		.ascii	"\3412\362\267\212\037\365\227t7\370\227d\377\365\277"
 812      8A1FF597 
 812      7437F897 
 812      64FFF5BF 
 813 02fd 7B764B22 		.ascii	"{vK\"\270\020w\357A\325\273\021U\274E\0037b\301\314"
 813      B81077EF 
 813      41D5BB11 
 813      55BC4503 
 813      3762C1CC 
 814 0311 330D1E02 		.ascii	"3\015\036\002<\010$\375\027\223R\2314\345d<R\362\247"
 814      3C0824FD 
 814      17935299 
 814      34E5643C 
 814      52F2A7
 815 0324 B2A82AD7 		.ascii	"\262\250*\327\331\212\203P\207f8W\363\022y\"O@\235S"
 815      D98A8350 
 815      87663857 
 815      F3127922 
 815      4F409D53 
 816 0338 6BA424C6 		.ascii	"k\244$\306\021)\037\307\361\022u?\373W\301\342\205\306"
 816      11291FC7 
 816      F112753F 
 816      FB57C1E2 
 816      85C6
 817 034a 31577915 		.ascii	"1Wy\025\324c\000\340=#\257\201z1\033\303\235E\324\237"
 817      D46300E0 
 817      3D23AF81 
 817      7A311BC3 
 817      9D45D49F 
 818 035e 85E9CDE2 		.ascii	"\205\351\315\3429\354\2713\266\301u\200\367o\210\220"
 818      39ECB933 
 818      B6C17580 
 818      F76F8890 
 819 036e 8D5667CF 		.ascii	"\215Vg\317\266\016\353\233\256\366\236\356M\275\275"
 819      B60EEB9B 
 819      AEF69EEE 
 819      4DBDBD
 820 037d ED5BADF6 		.ascii	"\355[\255\366\256\266\276\216\336>kmg\327\327]\033Z"
 820      AEB6BE8E 
 820      DE3E6B6D 
 820      67D7D75D 
 820      1B5A
 821 038f ACCD1DDB 		.ascii	"\254\315\035\333zz\255\226\326\365+WX\033[\033\234E"
 821      7A7AAD96 
 821      D6F52B57 
 821      581B5B1B 
 821      9C45
 822 03a1 F3F2A695 		.ascii	"\363\362\246\225b\265\274i]\333\272/\327|\336\320\274"
 822      62B5BC69 
 822      5DDBBA2F 
 822      D77CDED0 
 822      BC
 823 03b2 A6B5B9A5 		.ascii	"\246\265\271\245\341\213\226\317HSc\243%~1\256sS\267"
ARM GAS  /tmp/ccsnxS0s.s 			page 24


 823      E18B96CF 
 823      485363A3 
 823      257E31AE 
 823      7353B7
 824 03c5 B5BD6747 		.ascii	"\265\275gG\237\314\340\206\357\334\311\277\264uwonl"
 824      9FCCE086 
 824      EFDCC9BF 
 824      B475776F 
 824      6E6C
 825 03d7 27EF012D 		.ascii	"'\357\001-\222\271\340"
 825      92B9E0
 826              		.text
 827              		.section	.gnu.lto_.symbol_nodes.9f97ad05748cea15,"e",%progbits
 828 0000 789C9BC4 		.ascii	"x\234\233\304\000\004L'\231\352\031\032\200\200\205"
 828      00044C27 
 828      99EA191A 
 828      808085
 829 000f 71C23906 		.ascii	"q\3029\006\206z\006\206]\015\215\214\014\214\014`\311"
 829      867A0686 
 829      5D0D8D8C 
 829      0C8C0C60 
 829      C9
 830 0020 534CF58C 		.ascii	"SL\365\214\037~\255\260\300\"\307z\234\211\241\321\011"
 830      1F7EADB0 
 830      C022C77A 
 830      9C89A1D1 
 830      09
 831 0031 C8603CC3 		.ascii	"\310`<\303T\317\364\037\012\344\301*\031@&\202\2241"
 831      54CFF41F 
 831      0AE4C12A 
 831      19402682 
 831      9431
 832 0043 9E66AA67 		.ascii	"\236f\252g\306!\307\314\300\002\261\267E\214\231\201"
 832      C621C7CC 
 832      C002B1B7 
 832      458C9981 
 833 0053 19C23C22 		.ascii	"\031\302<\"\306\000\0005n.\333"
 833      C6000035 
 833      6E2EDB
 834              		.text
 835              		.section	.gnu.lto_.refs.9f97ad05748cea15,"e",%progbits
 836 0000 789C6364 		.ascii	"x\234cd\000\002\000\000\012\000\002"
 836      00020000 
 836      0A0002
 837              		.text
 838              		.section	.gnu.lto_.decls.9f97ad05748cea15,"e",%progbits
 839 0000 789C9D56 		.ascii	"x\234\235VkpS\307\025\336\263{-]_?\007\233&\223\231"
 839      6B7053C7 
 839      15DEB37B 
 839      2D5D5F3F 
 839      079B2693 
 840 0015 321A4A07 		.ascii	"2\032J\007\377\261\205\344\016\204\376\262,\333$\003"
 840      FFB185E4 
 840      0E84FEB2 
 840      2CDB2403 
 841 0025 01CF9593 		.ascii	"\001\317\225\223L\372\3078\272J\254\301\262\250\255"
 841      4CFAC738 
ARM GAS  /tmp/ccsnxS0s.s 			page 25


 841      BA4AACC1 
 841      B2A8AD
 842 0034 64CC8FCE 		.ascii	"d\314\217\316,/\033lL]\322\004\227\000\343\314\264\235"
 842      2C2F1B6C 
 842      4C5DD204 
 842      9700E3CC 
 842      B49D
 843 0046 4E1A3230 		.ascii	"N\03220I['\306\240\030\002\342i\207<j\022\010\257\004"
 843      495B27C6 
 843      A01802E2 
 843      69873C6A 
 843      1208AF04 
 844 005a 44701D07 		.ascii	"Dp\035\007\\jHc\367\354\275W\272\222E'i\327>\373\322"
 844      5C6A4863 
 844      F7ECBD57 
 844      BA924527 
 844      69D73EFB 
 845 006f 77BEEFEC 		.ascii	"w\276\357\354\356\331\225\312r\010\351\245\204\304\011"
 845      EED995CA 
 845      7208E9A5 
 845      84C409
 846 007e 21335818 		.ascii	"!3X\030\266\037\020\253Hh\007\321\016\241E\321\206\320"
 846      B61F10AB 
 846      486807D1 
 846      0EA145D1 
 846      86D0
 847 0090 00ED1449 		.ascii	"\000\355\024I/\353p2\033\333F\264\205h_\241\335D;\213"
 847      2FEB7032 
 847      1BDB46B4 
 847      85685FA1 
 847      DD443B8B 
 848 00a4 F60DDA04 		.ascii	"\366\015\332\004\332m\264\001\223\363\032\332e\264\353"
 848      DA6DB401 
 848      93F31ADA 
 848      65B4EB
 849 00b3 6863293A 		.ascii	"hc):\223\246F\224d\226_\241\206\375\277h\314\303\317"
 849      93A64694 
 849      64965FA1 
 849      86FDBF68 
 849      CCC3CF
 850 00c6 7E8C26E2 		.ascii	"~\214&\342\277\204v\005-\037\214X\017=\200\353UF\377"
 850      BF847605 
 850      2D1F8C58 
 850      0F3D80EB 
 850      5546FF
 851 00d9 7C6DE062 		.ascii	"|m\340b\356\227@\250\220\327\000`t1V\012\371\005#\305"
 851      EE9740A8 
 851      90D70060 
 851      7431560A 
 851      F90523C5 
 852 00ed 9C726AD3 		.ascii	"\234rj\323\030U\230\3024%\006\363J&Y\205LK\012\024\371"
 852      185598C2 
 852      342506F3 
 852      4A265985 
 852      4C4B0A14 
 853 0102 4F47A050 		.ascii	"OG\240P\311\222)\215\3335\245\344>\274A\373l\216\012"
 853      C992298D 
ARM GAS  /tmp/ccsnxS0s.s 			page 26


 853      DB35A5E4 
 853      3EBC41FB 
 853      6C8E0A
 854 0115 2E69DBE6 		.ascii	".i\333\346\306\355\234\366\254,.\257\300:n\217\201\206"
 854      C6ED9CF6 
 854      AC2C2EAF 
 854      C03A6E8F 
 854      8186
 855 0127 5EB5925C 		.ascii	"^\265\222\\\210\275\270]\231d}\3356\355\014\335\262"
 855      88BDB85D 
 855      99647DDD 
 855      36ED0CDD 
 855      B2
 856 0138 1062A068 		.ascii	"\020b\240h\356b\316y\205,\317+\030bC\254\206\020Y\336"
 856      EE62CE79 
 856      852CCF2B 
 856      186243AC 
 856      861059DE 
 857 014c FFE65C25 		.ascii	"\377\346\\%n/@\212\022\315Q\2509\012b\220\245iJq\011"
 857      6E2F408A 
 857      12CD51A8 
 857      390A6290 
 857      A5694A71 
 858 0161 C12034B7 		.ascii	"\301 4\267\273\202*\310,\3111p3\310u\363+\267\036R\262"
 858      BB822AC8 
 858      2CC93170 
 858      33C875F3 
 858      2BB71E52 
 859 0176 94EC798E 		.ascii	"\224\354y\216\022B4RC\221\227\315$\012\330QS\263\206"
 859      12423452 
 859      439197CD 
 859      240AD851 
 859      53B386
 860 0189 00250A75 		.ascii	"\000%\012uS\266<\216{H\251\203\020.\311\271\271\300"
 860      53B63C8E 
 860      7B48A983 
 860      102EC9B9 
 860      B9C0
 861 019b B1C9AE5F 		.ascii	"\261\311\256_\256\325\272\025\022\267S\374\250X\002"
 861      AED5BA15 
 861      12B753FC 
 861      A85802
 862 01aa 4EC1F254 		.ascii	"N\301\362Tl\004\200\0021\376D\005f\005b\010F\346$T\364"
 862      6C048002 
 862      31FE4405 
 862      66056208 
 862      46E62454 
 863 01bf 799125D4 		.ascii	"y\221%\324D\013\2101\233l\314\276\000P\223\207\232\007"
 863      440B8831 
 863      9B6CCCBE 
 863      00509387 
 863      9A07
 864 01d1 03868F29 		.ascii	"\003\206\217)\"\352\024\362$\004LH\202\307\3601\001"
 864      22EA14F2 
 864      24044C48 
 864      82C7F031 
 864      01
ARM GAS  /tmp/ccsnxS0s.s 			page 27


 865 01e2 495FB32B 		.ascii	"I_\263+4t0M\365\321\375\322\002\267(I\2226\021\022\201"
 865      3474304D 
 865      F5D1FDD2 
 865      02B72849 
 865      92361112 
 866 01f7 44DADCDB 		.ascii	"D\332\334\3336y\"\377:n\033\037-\200\271=\025\004\330"
 866      367922FF 
 866      3A6E1B1F 
 866      2D80B93D 
 866      1504D8
 867 020a 23842D24 		.ascii	"#\204-$N\256\227\253k\010\374\315\000\257\316\331\301"
 867      4EAE97AB 
 867      6B08FCCD 
 867      00AFCED9 
 867      C1
 868 021b 600E50AC 		.ascii	"`\016P\254\213\241\020];\006\266\237R\036B\320\030\347"
 868      8BA1105D 
 868      3B06B69F 
 868      521E42D0 
 868      18E7
 869 022d C5D008EF 		.ascii	"\305\320\010\357\002\274#T\007P0\254\223w\234\332\360"
 869      02BC2354 
 869      075030AC 
 869      93779CDA 
 869      F0
 870 023e F0FCDE5E 		.ascii	"\360\374\336^>u\376\370\361\215?\271\332\317\371f\204"
 870      3E75FEF8 
 870      F18D3FB9 
 870      DACFF966 
 870      84
 871 024f CB02027F 		.ascii	"\313\002\002\177\005\350\327\211\261G\340/\000o\303"
 871      05E8D789 
 871      B147E02F 
 871      006FC3
 872 025e EA69894D 		.ascii	"\352i\211M\201p\034<4|.Ox\356\277\270\271\203\027n@"
 872      81701C3C 
 872      347C2E4F 
 872      78EEBFB8 
 872      B983176E 
 873 0273 2F49380D 		.ascii	"/I8\015&\235\006\223Nw%\266\225\012\247\201\235\303"
 873      269D0693 
 873      4E7725B6 
 873      950AA781 
 873      9DC3
 874 0285 B7B2E7F7 		.ascii	"\267\262\347\367r>un\307\256\255\266\335|\210\012\237"
 874      723E756E 
 874      C7AEADB6 
 874      DD7C880A 
 874      9F
 875 0296 C3499FC3 		.ascii	"\303I\237\303z\303\216\352\350\330\207\355\007l\002"
 875      7AC38EEA 
 875      E8D887ED 
 875      076C02
 876 02a5 DDDFFFCA 		.ascii	"\335\337\377\312\273\256\004\370\275$\370=\275\301\305"
 876      BBAE04F8 
 876      BD24F83D 
 876      BDC1C5
ARM GAS  /tmp/ccsnxS0s.s 			page 28


 877 02b4 2ED473A7 		.ascii	".\324s\247@\357\0216C\211\276\015\222\276\015\016$\032"
 877      40EF1136 
 877      4389BE0D 
 877      92BE0D0E 
 877      241A
 878 02c6 7BFFE6E9 		.ascii	"{\377\346\351<%\312\371\004\217n\312&p\034\340\030\006"
 878      3C25CAF9 
 878      048F6ECA 
 878      26701CE0 
 878      1806
 879 02d8 F73E20BE 		.ascii	"\367> \276\037\340(\300\021@p\014\200\037}}>\333\302"
 879      1FE028C0 
 879      1140700C 
 879      801F7D7D 
 879      3EDBC2
 880 02eb 84FA863F 		.ascii	"\204\372\206?\366\016\345\374t\264\207O\355\335>\374"
 880      F60EE5FC 
 880      74B4874F 
 880      EDDD3EFC 
 881 02fb B3DD3C2A 		.ascii	"\263\335<*\011\300I\241n\022\0201:\001\253\307%]\317"
 881      09C049A1 
 881      6E121031 
 881      3A01ABC7 
 881      255DCF
 882 030e C17A75C7 		.ascii	"\301zu\307\366\350\215\021Y\271\374}js\340a\266\207"
 882      F6E88D11 
 882      59B9FC7D 
 882      6A73E061 
 882      B687
 883 0320 11F60766 		.ascii	"\021\366\007f\204[\310\366\341\350ms$\263A\034\035C"
 883      845BC8F6 
 883      E1E86D73 
 883      24B3411C 
 883      1D43
 884 0332 3B89366C 		.ascii	";\2116l\316\226\350K\212RvN(\375h\327\300\320K\366\005"
 884      CE96E84B 
 884      8A52764E 
 884      28FD68D7 
 884      C0D04BF6 
 885 0347 462942BB 		.ascii	"F)B\273\202\033{ao\367[\013\2066\362X\024\340,\300\031"
 885      821B7B61 
 885      6FF75B0B 
 885      8636F258 
 885      14E02CC0 
 886 035c 802FAC78 		.ascii	"\200/\254xO\213\312E\020\267\277\363\255\265&\344\303"
 886      4F8BCA45 
 886      10B7BFF3 
 886      ADB526E4 
 886      C3
 887 036d 34C83951 		.ascii	"4\3109Q\035\007\035\363\335\201\004\346|\032\306\231"
 887      1D071DF3 
 887      DD8104E6 
 887      7C1AC699 
 888 037d 64D99264 		.ascii	"d\331\222d\371$\015\361q\012\313t\222e4\203\305\204"
 888      F9240DF1 
 888      710ACB74 
 888      92653483 
ARM GAS  /tmp/ccsnxS0s.s 			page 29


 888      C584
 889 038f CC24217F 		.ascii	"\314$!\177\317\2441\224\266&\225>\312\214\327E0\375"
 889      CFA43194 
 889      B626953E 
 889      CA8CD745 
 889      30FD
 890 03a1 36713C23 		.ascii	"6q<#\002\237\001|*\346\276\320O\352\022\300\025\200"
 890      029F017C 
 890      2AE6BED0 
 890      4FEA12C0 
 890      1580
 891 03b3 AB009701 		.ascii	"\253\000\227\001\256\001|\016\360%\300u\200\213\000"
 891      AE017C0E 
 891      F025C075 
 891      808B00
 892 03c2 3744FA08 		.ascii	"7D\372\010\352\256$\365\007i\324\303\226\372\266$d$"
 892      EAAE24F5 
 892      0769D4C3 
 892      96FAB624 
 892      6424
 893 03d4 13622E62 		.ascii	"\023b.b{\022s!s\323\021\303\266J\"=\372_\377x\212\026"
 893      7B127321 
 893      73D311C3 
 893      B64A223D 
 893      FA5FFF78 
 894 03ea CD8E17E2 		.ascii	"\315\216\027\342\360\003#F\212\315\355ot\331r\365|\356"
 894      F0032346 
 894      8ACDED6F 
 894      74D972F5 
 894      7CEE
 895 03fc 1B92E0A6 		.ascii	"\033\222\340\246\245\365\025\350\027\002s\004q\266\337"
 895      A5F515E8 
 895      17027304 
 895      71B6DF
 896 040b 1FE43BF3 		.ascii	"\037\344;\36315Dt\267R\317r\374Ag9v %\376\361\214s\262"
 896      31354474 
 896      B752CF72 
 896      FC416739 
 896      762025FE 
 897 0423 22BE05C6 		.ascii	"\"\276\005\306\301\214\353\361\216\001\374C\304\305"
 897      C18CEBF1 
 897      8E01FC43 
 897      C4C5
 898 0431 5ED69717 		.ascii	"^\326\227\027\037\231\356\204\242\331`\370\032f\301"
 898      1F99EE84 
 898      A2D960F8 
 898      1A66C1
 899 0440 113ADD79 		.ascii	"\021:\335ys$\317Z\306\204%\371\015\350\200\223\027\366"
 899      7324CF5A 
 899      C68425F9 
 899      0DE88093 
 899      17F6
 900 0452 7F2B5B80 		.ascii	"\177+[\200\001\013p[|\363\276&\221\371=\275\342~\216"
 900      010B705B 
 900      7CF3BE26 
 900      91F93DBD 
 900      E27E8E
ARM GAS  /tmp/ccsnxS0s.s 			page 30


 901 0465 FF1CEF27 		.ascii	"\377\034\357'>A\353u\320\035\363\205\200I\321O<B\355"
 901      3E41EB75 
 901      D01DF385 
 901      8049D14F 
 901      3C42ED
 902 0478 59FA151A 		.ascii	"Y\372\025\032!\354\240d\334\246\030a\030!;j\016\243"
 902      21ECA064 
 902      DCA61861 
 902      18213B6A 
 902      0EA3
 903 048a 849D958C 		.ascii	"\204\235\225\214\335\343\224}d\316\3321\216w>\351\036"
 903      DDE3947D 
 903      64CEDA31 
 903      8E773EE9 
 903      1E
 904 049b CC51B879 		.ascii	"\314Q\270y\243q2\021\306\014\262;a\032\020\263c\372"
 904      A3713211 
 904      C60CB23B 
 904      611A10B3 
 904      63FA
 905 04ad 5857EE1C 		.ascii	"XW\356\034c\335}\342\213\021\376\015\306\321s\252\003"
 905      63DD7DE2 
 905      8B11FE0D 
 905      C6D173AA 
 905      03
 906 04be 09FB1CC5 		.ascii	"\011\373\034\305\256\241\335@\233@\273\203v\027m\032"
 906      AEA1DD40 
 906      9B40BB83 
 906      76176D1A 
 907 04ce 6D639621 		.ascii	"mc\226!7j\036_\026\353\310\302-p\354\351;r)\257hAz\261"
 907      376A1E5F 
 907      16EBC8C2 
 907      2D70ECE9 
 907      3B7229AF 
 908 04e6 76B79302 		.ascii	"v\267\223\002\276\254\004\266Q\261\267\333)\274L\341"
 908      BEAC04B6 
 908      51B1B7DB 
 908      29BC4CE1 
 909 04f6 D714BA29 		.ascii	"\327\024\272)\374\216\302o(\364P\330E\241\227\302N\012"
 909      FC8EC26F 
 909      28F450D8 
 909      45A197C2 
 909      4E0A
 910 0508 AF50F82D 		.ascii	"\257P\370-\205\227(\274Ja\0075r\037\237\213\223\373"
 910      859728BC 
 910      4A610735 
 910      721F9F8B 
 910      93FB
 911 051a 14DCBC4D 		.ascii	"\024\334\274M\271\342\3407S\301\364\240K|\270\033\037"
 911      B9E2E037 
 911      53C1F4A0 
 911      4B7CB81B 
 911      1F
 912 052b 7903B425 		.ascii	"y\003\264%\015d\345\317\011\013\322\236\311c`\316X\230"
 912      0D64E5CF 
 912      090BD29E 
 912      C96360CE 
ARM GAS  /tmp/ccsnxS0s.s 			page 31


 912      5898
 913 053d 8D699894 		.ascii	"\215i\230\224\273v\332\302lJ\303\244>M\027-PW\032\350"
 913      BB76DAC2 
 913      6C4AC3A4 
 913      3E4D172D 
 913      50571AE8 
 914 0551 9F29A0CF 		.ascii	"\237)\240\317,\320\024\244\202\376e\202Dj}\332\335\221"
 914      2CD014A4 
 914      82FE6582 
 914      446A7DDA 
 914      DD91
 915 0563 DFB35E7F 		.ascii	"\337\263^\177\375\357e\202\364\220&b\373:u\014\022u"
 915      FDEF6582 
 915      F4902662 
 915      FB3A750C 
 915      1275
 916 0575 64ACDE14 		.ascii	"d\254\336\024;o\211}\233\306s\037\222\027hb\264{\231"
 916      3B6F897D 
 916      9BC6731F 
 916      92176862 
 916      B47B99
 917 0588 E0C15F3B 		.ascii	"\340\301_;\337\351\230D\216\234\266\242\236\030\266"
 917      DFE99844 
 917      8E9CB6A2 
 917      9E18B6
 918 0597 C4D6A789 		.ascii	"\304\326\247\211\245\274\336\247,\261\363\220\261G\006"
 918      A5BCDEA7 
 918      2CB1F390 
 918      B14706
 919 05a6 E6AC85D9 		.ascii	"\346\254\205\331\220\271\327f\324\027,\320]\310\330"
 919      90B9D766 
 919      D4172CD0 
 919      5DC8D8
 920 05b5 4717615D 		.ascii	"G\027a]\"\015\351m~\177\237\\4;\357`7\375\3772\017\031"
 920      220DE96D 
 920      7E7F9F5C 
 920      343BEF60 
 920      37FDFF32 
 921 05cb BFBE73AF 		.ascii	"\277\276s\257/\337\272\333{,\345\275\002\301\\\213\211"
 921      2FDFBADB 
 921      7B2CE5BD 
 921      02C15C8B 
 921      89
 922 05dc DCD0127A 		.ascii	"\334\320\022zqIi\210(\376pK$\320V\032*'\271\215\015"
 922      71496988 
 922      28FE704B 
 922      24D0561A 
 922      2A27B98D 
 923 05f1 4DF54D4D 		.ascii	"M\365MMZ}\2609\030q\226\225\231\377\341V'~\340\\\213"
 923      5A7DB039 
 923      18719695 
 923      99FFE156 
 923      277EE05C 
 924 0606 B856A7AF 		.ascii	"\270V\247\257\356\211r\267Q\327\270\332\332\234\246"
 924      EE8972B7 
 924      51D7B8DA 
 924      DA9CA6
ARM GAS  /tmp/ccsnxS0s.s 			page 32


 925 0615 4B995F5E 		.ascii	"K\231_^\266\362I\207\327\265\204\024%\247\312\226>\272"
 925      B6F24987 
 925      D7B58414 
 925      25A7CA96 
 925      3EBA
 926 0627 E4D1254B 		.ascii	"\344\321%K\227.&\252\2631\034\0128\233\203\376pSCk\253"
 926      972E26AA 
 926      B3311C0A 
 926      389B83FE 
 926      7053436B 
 927 063c FF79A73F 		.ascii	"\377y\247?X\037\011\264F\234\336\306\340\263\301U>\247"
 927      581F09B4 
 927      469CDEC6 
 927      E0B3C155 
 927      3EA7
 928 064e 16088513 		.ascii	"\026\010\205\023\354j]\251)\260\250\334\350\271\026"
 928      EC6A5DA9 
 928      29B0A8DC 
 928      E8B916
 929 065d 55D7573F 		.ascii	"U\327W?\345YQZ\343\251\253\361\225>\351\253$\213\376"
 929      E559515A 
 929      E3A9ABF1 
 929      953EE9AB 
 929      248BFE
 930 0670 C7F84861 		.ascii	"\307\370Hak$T\356\256\3677\205\375k\364\025\332\203"
 930      6B2454EE 
 930      AEF73785 
 930      FD6BF415 
 930      DA83
 931 0682 2DBF7C1C 		.ascii	"-\277|\034[\367\017c2\334\203\255-e\215\304\256\205"
 931      5BF70F63 
 931      32DC83AD 
 931      2D658DC4 
 931      AE85
 932 0694 1ABED775 		.ascii	"\032\276\327u\305\212*g\325\023\236\027]\246+\372\240"
 932      C58A2A67 
 932      D5139E17 
 932      5DA62BFA 
 932      A0
 933 06a5 ABFC42B0 		.ascii	"\253\374B\2609\202\243H\201o]k$\020\362\206[\002^\021"
 933      3982A348 
 933      816F5D6B 
 933      2410F286 
 933      5B025E11 
 934 06b9 935459E5 		.ascii	"\223TY\345U\355\236\332JW\365J\275uck\363<V\211\215"
 934      55ED9EDA 
 934      4A57F54A 
 934      BD75636B 
 934      F33C5689 
 935 06ce 2CA6555F 		.ascii	",\246U_\235\336q\213\016\363>\256J\336\232e*\365b\337"
 935      9DDE718B 
 935      0EF33EAE 
 935      4ADE9A65 
 935      2AF562DF 
 936 06e2 A7A645E2 		.ascii	"\247\246E\342\017\207B\341fg\240-\202\241\314^\302s"
 936      0F8742E1 
 936      6667A02D 
ARM GAS  /tmp/ccsnxS0s.s 			page 33


 936      82A1CC5E 
 936      C273
 937 06f4 B8AB6DCF 		.ascii	"\270\253m\317c$9\252\327[_\267nm\240*\360\\N\355\323"
 937      632439AA 
 937      D75B5FB7 
 937      6E6DA02A 
 937      F05C4EED 
 938 0709 6AA2FF48 		.ascii	"j\242\377H\"\015\236m\360\257yam\275\026\0165\004\233"
 938      220D9E6D 
 938      F0AF7961 
 938      6DBD160E 
 938      35049B
 939 071c F52D635E 		.ascii	"\365-c^\325\315P,[\255\366U\253OUW\271\263\226W?\223"
 939      D5CD502C 
 939      5BADF655 
 939      AB4F5557 
 939      B9B39657 
 940 0732 3276494F 		.ascii	"2vIO\253\265*[U\251\312\211)\352Q\251O\265\257\252\255"
 940      ABB52A5B 
 940      55A9CA89 
 940      29EA51A9 
 940      4FB5AFAA 
 941 0747 13504954 		.ascii	"\023PIT\314\203A{Tw^\315\012\217\357\261\204\356\177"
 941      CC83417B 
 941      54775ECD 
 941      0A8FEFB1 
 941      84EE7F
 942 075a 00249FF8 		.ascii	"\000$\237\370\366"
 942      F6
 943              		.text
 944              		.section	.gnu.lto_.symtab.9f97ad05748cea15,"e",%progbits
 945 0000 68616C5F 		.ascii	"hal_lld_init\000"
 945      6C6C645F 
 945      696E6974 
 945      00
 946 000d 00       		.ascii	"\000"
 947 000e 00       		.ascii	"\000"
 948 000f 00       		.ascii	"\000"
 949 0010 00000000 		.ascii	"\000\000\000\000\000\000\000\000"
 949      00000000 
 950 0018 BC000000 		.ascii	"\274\000\000\000"
 951 001c 73746D33 		.ascii	"stm32_clock_init\000"
 951      325F636C 
 951      6F636B5F 
 951      696E6974 
 951      00
 952 002d 00       		.ascii	"\000"
 953 002e 00       		.ascii	"\000"
 954 002f 00       		.ascii	"\000"
 955 0030 00000000 		.ascii	"\000\000\000\000\000\000\000\000"
 955      00000000 
 956 0038 BE000000 		.ascii	"\276\000\000\000"
 957 003c 53797374 		.ascii	"SystemCoreClock\000"
 957      656D436F 
 957      7265436C 
 957      6F636B00 
 958 004c 00       		.ascii	"\000"
ARM GAS  /tmp/ccsnxS0s.s 			page 34


 959 004d 00       		.ascii	"\000"
 960 004e 00       		.ascii	"\000"
 961 004f 00000000 		.ascii	"\000\000\000\000\000\000\000\000"
 961      00000000 
 962 0057 CB000000 		.ascii	"\313\000\000\000"
 963 005b 69727149 		.ascii	"irqInit\000"
 963      6E697400 
 964 0063 00       		.ascii	"\000"
 965 0064 02       		.ascii	"\002"
 966 0065 00       		.ascii	"\000"
 967 0066 00000000 		.ascii	"\000\000\000\000\000\000\000\000"
 967      00000000 
 968 006e C0000000 		.ascii	"\300\000\000\000"
 969 0072 646D6149 		.ascii	"dmaInit\000"
 969      6E697400 
 970 007a 00       		.ascii	"\000"
 971 007b 02       		.ascii	"\002"
 972 007c 00       		.ascii	"\000"
 973 007d 00000000 		.ascii	"\000\000\000\000\000\000\000\000"
 973      00000000 
 974 0085 C2000000 		.ascii	"\302\000\000\000"
 975              		.text
 976              		.section	.gnu.lto_.ext_symtab.9f97ad05748cea15,"e",%progbits
 977 0000 01       		.ascii	"\001"
 978 0001 01       		.ascii	"\001"
 979 0002 00       		.ascii	"\000"
 980 0003 01       		.ascii	"\001"
 981 0004 00       		.ascii	"\000"
 982 0005 02       		.ascii	"\002"
 983 0006 00       		.ascii	"\000"
 984 0007 01       		.ascii	"\001"
 985 0008 00       		.ascii	"\000"
 986 0009 01       		.ascii	"\001"
 987 000a 00       		.ascii	"\000"
 988              		.text
 989              		.section	.gnu.lto_.opts,"e",%progbits
 990 0000 272D666E 		.ascii	"'-fno-openmp' '-fno-openacc' '-fno-pie' '-fcf-prote"
 990      6F2D6F70 
 990      656E6D70 
 990      2720272D 
 990      666E6F2D 
 991 0033 6374696F 		.ascii	"ction=none' '-g' '-mcpu=cortex-m3' '-mthumb' '-mflo"
 991      6E3D6E6F 
 991      6E652720 
 991      272D6727 
 991      20272D6D 
 992 0066 61742D61 		.ascii	"at-abi=soft' '-mlibarch=armv7-m' '-march=armv7-m' '"
 992      62693D73 
 992      6F667427 
 992      20272D6D 
 992      6C696261 
 993 0099 2D4F3227 		.ascii	"-O2' '-fomit-frame-pointer' '-falign-functions=16' "
 993      20272D66 
 993      6F6D6974 
 993      2D667261 
 993      6D652D70 
 994 00cc 272D6666 		.ascii	"'-ffunction-sections' '-fdata-sections' '-fno-commo"
ARM GAS  /tmp/ccsnxS0s.s 			page 35


 994      756E6374 
 994      696F6E2D 
 994      73656374 
 994      696F6E73 
 995 00ff 6E272027 		.ascii	"n' '-flto' '-Xassembler' '-alms=./build/lst/hal_lld"
 995      2D666C74 
 995      6F272027 
 995      2D586173 
 995      73656D62 
 996 0132 2E6C7374 		.ascii	".lst'\000"
 996      2700
 997              		.text
 998              		.comm	__gnu_lto_slim,1,1
 999              		.ident	"GCC: (15:10.3-2021.07-4) 10.3.1 20210621 (release)"
ARM GAS  /tmp/ccsnxS0s.s 			page 36


DEFINED SYMBOLS
                            *ABS*:0000000000000000 hal_lld.c
     /tmp/ccsnxS0s.s:21     .gnu.debuglto_.debug_info:0000000000000000 hal_lld.c.98787996
                            *COM*:0000000000000001 __gnu_lto_slim

NO UNDEFINED SYMBOLS
