ARM GAS  /tmp/cc6dxnkx.s 			page 1


   1              		.cpu cortex-m3
   2              		.eabi_attribute 20, 1
   3              		.eabi_attribute 21, 1
   4              		.eabi_attribute 23, 3
   5              		.eabi_attribute 24, 1
   6              		.eabi_attribute 25, 1
   7              		.eabi_attribute 26, 1
   8              		.eabi_attribute 30, 2
   9              		.eabi_attribute 34, 1
  10              		.eabi_attribute 18, 4
  11              		.file	"hal_pal.c"
  12              		.file 1 "/usr/lib/gcc/arm-none-eabi/10.3.1/include/stdint.h"
  13              		.file 2 "../../../os/common/ext/ST/STM32F1xx/stm32f103xg.h"
  14              		.file 3 "../../../os/hal/ports/STM32/LLD/GPIOv1/hal_pal_lld.h"
  15              		.file 4 "../../../os/hal/include/hal_pal.h"
  16              		.file 5 "../../../os/hal/src/hal_pal.c"
  17              		.section	.gnu.debuglto_.debug_info,"e",%progbits
  18              	.Ldebug_info0:
  19              		.hidden	hal_pal.c.c771ff4d
  20              		.weak	hal_pal.c.c771ff4d
  21              	hal_pal.c.c771ff4d:
  22 0000 50020000 		.4byte	0x250
  23 0004 0400     		.2byte	0x4
  24 0006 00000000 		.4byte	.Ldebug_abbrev0
  25 000a 04       		.byte	0x4
  26 000b 01       		.uleb128 0x1
  27 000c 0B010000 		.4byte	.LASF29
  28 0010 0C       		.byte	0xc
  29 0011 EE010000 		.4byte	.LASF30
  30 0015 B9000000 		.4byte	.LASF31
  31 0019 00000000 		.4byte	.Ldebug_line0
  32 001d 02       		.uleb128 0x2
  33 001e 04       		.byte	0x4
  34 001f 05       		.byte	0x5
  35 0020 696E7400 		.ascii	"int\000"
  36 0024 03       		.uleb128 0x3
  37 0025 04       		.byte	0x4
  38 0026 07       		.byte	0x7
  39 0027 95000000 		.4byte	.LASF0
  40 002b 03       		.uleb128 0x3
  41 002c 08       		.byte	0x8
  42 002d 05       		.byte	0x5
  43 002e CF010000 		.4byte	.LASF1
  44 0032 03       		.uleb128 0x3
  45 0033 08       		.byte	0x8
  46 0034 04       		.byte	0x4
  47 0035 33020000 		.4byte	.LASF2
  48 0039 03       		.uleb128 0x3
  49 003a 01       		.byte	0x1
  50 003b 06       		.byte	0x6
  51 003c 3F020000 		.4byte	.LASF3
  52 0040 03       		.uleb128 0x3
  53 0041 02       		.byte	0x2
  54 0042 05       		.byte	0x5
  55 0043 0C020000 		.4byte	.LASF4
  56 0047 03       		.uleb128 0x3
  57 0048 04       		.byte	0x4
ARM GAS  /tmp/cc6dxnkx.s 			page 2


  58 0049 05       		.byte	0x5
  59 004a 2A020000 		.4byte	.LASF5
  60 004e 03       		.uleb128 0x3
  61 004f 01       		.byte	0x1
  62 0050 08       		.byte	0x8
  63 0051 57000000 		.4byte	.LASF6
  64 0055 03       		.uleb128 0x3
  65 0056 02       		.byte	0x2
  66 0057 07       		.byte	0x7
  67 0058 77000000 		.4byte	.LASF7
  68 005c 04       		.uleb128 0x4
  69 005d 21020000 		.4byte	.LASF10
  70 0061 01       		.byte	0x1
  71 0062 34       		.byte	0x34
  72 0063 19       		.byte	0x19
  73 0064 6D000000 		.4byte	0x6d
  74 0068 05       		.uleb128 0x5
  75 0069 5C000000 		.4byte	0x5c
  76 006d 03       		.uleb128 0x3
  77 006e 04       		.byte	0x4
  78 006f 07       		.byte	0x7
  79 0070 65000000 		.4byte	.LASF8
  80 0074 03       		.uleb128 0x3
  81 0075 08       		.byte	0x8
  82 0076 07       		.byte	0x7
  83 0077 51020000 		.4byte	.LASF9
  84 007b 04       		.uleb128 0x4
  85 007c 05000000 		.4byte	.LASF11
  86 0080 01       		.byte	0x1
  87 0081 4B       		.byte	0x4b
  88 0082 1D       		.byte	0x1d
  89 0083 24000000 		.4byte	0x24
  90 0087 03       		.uleb128 0x3
  91 0088 01       		.byte	0x1
  92 0089 08       		.byte	0x8
  93 008a AF000000 		.4byte	.LASF12
  94 008e 06       		.uleb128 0x6
  95 008f 87000000 		.4byte	0x87
  96 0093 07       		.uleb128 0x7
  97 0094 1C       		.byte	0x1c
  98 0095 02       		.byte	0x2
  99 0096 F901     		.2byte	0x1f9
 100 0098 09       		.byte	0x9
 101 0099 00010000 		.4byte	0x100
 102 009d 08       		.uleb128 0x8
 103 009e 43524C00 		.ascii	"CRL\000"
 104 00a2 02       		.byte	0x2
 105 00a3 FB01     		.2byte	0x1fb
 106 00a5 11       		.byte	0x11
 107 00a6 68000000 		.4byte	0x68
 108 00aa 00       		.byte	0
 109 00ab 08       		.uleb128 0x8
 110 00ac 43524800 		.ascii	"CRH\000"
 111 00b0 02       		.byte	0x2
 112 00b1 FC01     		.2byte	0x1fc
 113 00b3 11       		.byte	0x11
 114 00b4 68000000 		.4byte	0x68
ARM GAS  /tmp/cc6dxnkx.s 			page 3


 115 00b8 04       		.byte	0x4
 116 00b9 08       		.uleb128 0x8
 117 00ba 49445200 		.ascii	"IDR\000"
 118 00be 02       		.byte	0x2
 119 00bf FD01     		.2byte	0x1fd
 120 00c1 11       		.byte	0x11
 121 00c2 68000000 		.4byte	0x68
 122 00c6 08       		.byte	0x8
 123 00c7 08       		.uleb128 0x8
 124 00c8 4F445200 		.ascii	"ODR\000"
 125 00cc 02       		.byte	0x2
 126 00cd FE01     		.2byte	0x1fe
 127 00cf 11       		.byte	0x11
 128 00d0 68000000 		.4byte	0x68
 129 00d4 0C       		.byte	0xc
 130 00d5 09       		.uleb128 0x9
 131 00d6 12000000 		.4byte	.LASF13
 132 00da 02       		.byte	0x2
 133 00db FF01     		.2byte	0x1ff
 134 00dd 11       		.byte	0x11
 135 00de 68000000 		.4byte	0x68
 136 00e2 10       		.byte	0x10
 137 00e3 08       		.uleb128 0x8
 138 00e4 42525200 		.ascii	"BRR\000"
 139 00e8 02       		.byte	0x2
 140 00e9 0002     		.2byte	0x200
 141 00eb 11       		.byte	0x11
 142 00ec 68000000 		.4byte	0x68
 143 00f0 14       		.byte	0x14
 144 00f1 09       		.uleb128 0x9
 145 00f2 00000000 		.4byte	.LASF14
 146 00f6 02       		.byte	0x2
 147 00f7 0102     		.2byte	0x201
 148 00f9 11       		.byte	0x11
 149 00fa 68000000 		.4byte	0x68
 150 00fe 18       		.byte	0x18
 151 00ff 00       		.byte	0
 152 0100 0A       		.uleb128 0xa
 153 0101 A2000000 		.4byte	.LASF15
 154 0105 02       		.byte	0x2
 155 0106 0202     		.2byte	0x202
 156 0108 03       		.byte	0x3
 157 0109 93000000 		.4byte	0x93
 158 010d 03       		.uleb128 0x3
 159 010e 01       		.byte	0x1
 160 010f 02       		.byte	0x2
 161 0110 4B020000 		.4byte	.LASF16
 162 0114 04       		.uleb128 0x4
 163 0115 38000000 		.4byte	.LASF17
 164 0119 03       		.byte	0x3
 165 011a 92       		.byte	0x92
 166 011b 12       		.byte	0x12
 167 011c 5C000000 		.4byte	0x5c
 168 0120 04       		.uleb128 0x4
 169 0121 4E000000 		.4byte	.LASF18
 170 0125 03       		.byte	0x3
 171 0126 97       		.byte	0x97
ARM GAS  /tmp/cc6dxnkx.s 			page 4


 172 0127 12       		.byte	0x12
 173 0128 5C000000 		.4byte	0x5c
 174 012c 04       		.uleb128 0x4
 175 012d 16020000 		.4byte	.LASF19
 176 0131 03       		.byte	0x3
 177 0132 A9       		.byte	0xa9
 178 0133 18       		.byte	0x18
 179 0134 38010000 		.4byte	0x138
 180 0138 0B       		.uleb128 0xb
 181 0139 04       		.byte	0x4
 182 013a 00010000 		.4byte	0x100
 183 013e 0C       		.uleb128 0xc
 184 013f 0C       		.byte	0xc
 185 0140 04       		.byte	0x4
 186 0141 B7       		.byte	0xb7
 187 0142 09       		.byte	0x9
 188 0143 6F010000 		.4byte	0x16f
 189 0147 0D       		.uleb128 0xd
 190 0148 31000000 		.4byte	.LASF20
 191 014c 04       		.byte	0x4
 192 014d BB       		.byte	0xbb
 193 014e 19       		.byte	0x19
 194 014f 2C010000 		.4byte	0x12c
 195 0153 00       		.byte	0
 196 0154 0D       		.uleb128 0xd
 197 0155 DD010000 		.4byte	.LASF21
 198 0159 04       		.byte	0x4
 199 015a C1       		.byte	0xc1
 200 015b 19       		.byte	0x19
 201 015c 14010000 		.4byte	0x114
 202 0160 04       		.byte	0x4
 203 0161 0D       		.uleb128 0xd
 204 0162 E7010000 		.4byte	.LASF22
 205 0166 04       		.byte	0x4
 206 0167 C5       		.byte	0xc5
 207 0168 19       		.byte	0x19
 208 0169 7B000000 		.4byte	0x7b
 209 016d 08       		.byte	0x8
 210 016e 00       		.byte	0
 211 016f 04       		.uleb128 0x4
 212 0170 68020000 		.4byte	.LASF23
 213 0174 04       		.byte	0x4
 214 0175 C6       		.byte	0xc6
 215 0176 03       		.byte	0x3
 216 0177 3E010000 		.4byte	0x13e
 217 017b 06       		.uleb128 0x6
 218 017c 6F010000 		.4byte	0x16f
 219 0180 0E       		.uleb128 0xe
 220 0181 23000000 		.4byte	.LASF25
 221 0185 05       		.byte	0x5
 222 0186 71       		.byte	0x71
 223 0187 06       		.byte	0x6
 224 0188 AE010000 		.4byte	0x1ae
 225 018c 0F       		.uleb128 0xf
 226 018d 62757300 		.ascii	"bus\000"
 227 0191 05       		.byte	0x5
 228 0192 71       		.byte	0x71
ARM GAS  /tmp/cc6dxnkx.s 			page 5


 229 0193 21       		.byte	0x21
 230 0194 AE010000 		.4byte	0x1ae
 231 0198 10       		.uleb128 0x10
 232 0199 B4000000 		.4byte	.LASF24
 233 019d 05       		.byte	0x5
 234 019e 71       		.byte	0x71
 235 019f 2F       		.byte	0x2f
 236 01a0 20010000 		.4byte	0x120
 237 01a4 11       		.uleb128 0x11
 238 01a5 45000000 		.4byte	.LASF28
 239 01a9 C4010000 		.4byte	0x1c4
 240 01ad 00       		.byte	0
 241 01ae 0B       		.uleb128 0xb
 242 01af 04       		.byte	0x4
 243 01b0 7B010000 		.4byte	0x17b
 244 01b4 12       		.uleb128 0x12
 245 01b5 8E000000 		.4byte	0x8e
 246 01b9 C4010000 		.4byte	0x1c4
 247 01bd 13       		.uleb128 0x13
 248 01be 24000000 		.4byte	0x24
 249 01c2 0D       		.byte	0xd
 250 01c3 00       		.byte	0
 251 01c4 06       		.uleb128 0x6
 252 01c5 B4010000 		.4byte	0x1b4
 253 01c9 0E       		.uleb128 0xe
 254 01ca 17000000 		.4byte	.LASF26
 255 01ce 05       		.byte	0x5
 256 01cf 5A       		.byte	0x5a
 257 01d0 06       		.byte	0x6
 258 01d1 03020000 		.4byte	0x203
 259 01d5 0F       		.uleb128 0xf
 260 01d6 62757300 		.ascii	"bus\000"
 261 01da 05       		.byte	0x5
 262 01db 5A       		.byte	0x5a
 263 01dc 1F       		.byte	0x1f
 264 01dd AE010000 		.4byte	0x1ae
 265 01e1 10       		.uleb128 0x10
 266 01e2 E2010000 		.4byte	.LASF27
 267 01e6 05       		.byte	0x5
 268 01e7 5A       		.byte	0x5a
 269 01e8 31       		.byte	0x31
 270 01e9 14010000 		.4byte	0x114
 271 01ed 11       		.uleb128 0x11
 272 01ee 45000000 		.4byte	.LASF28
 273 01f2 13020000 		.4byte	0x213
 274 01f6 14       		.uleb128 0x14
 275 01f7 15       		.uleb128 0x15
 276 01f8 7700     		.ascii	"w\000"
 277 01fa 05       		.byte	0x5
 278 01fb 5E       		.byte	0x5e
 279 01fc 03       		.byte	0x3
 280 01fd 5C000000 		.4byte	0x5c
 281 0201 00       		.byte	0
 282 0202 00       		.byte	0
 283 0203 12       		.uleb128 0x12
 284 0204 8E000000 		.4byte	0x8e
 285 0208 13020000 		.4byte	0x213
ARM GAS  /tmp/cc6dxnkx.s 			page 6


 286 020c 13       		.uleb128 0x13
 287 020d 24000000 		.4byte	0x24
 288 0211 0B       		.byte	0xb
 289 0212 00       		.byte	0
 290 0213 06       		.uleb128 0x6
 291 0214 03020000 		.4byte	0x203
 292 0218 16       		.uleb128 0x16
 293 0219 8A000000 		.4byte	.LASF32
 294 021d 05       		.byte	0x5
 295 021e 41       		.byte	0x41
 296 021f 0E       		.byte	0xe
 297 0220 14010000 		.4byte	0x114
 298 0224 3E020000 		.4byte	0x23e
 299 0228 0F       		.uleb128 0xf
 300 0229 62757300 		.ascii	"bus\000"
 301 022d 05       		.byte	0x5
 302 022e 41       		.byte	0x41
 303 022f 26       		.byte	0x26
 304 0230 AE010000 		.4byte	0x1ae
 305 0234 11       		.uleb128 0x11
 306 0235 45000000 		.4byte	.LASF28
 307 0239 4E020000 		.4byte	0x24e
 308 023d 00       		.byte	0
 309 023e 12       		.uleb128 0x12
 310 023f 8E000000 		.4byte	0x8e
 311 0243 4E020000 		.4byte	0x24e
 312 0247 13       		.uleb128 0x13
 313 0248 24000000 		.4byte	0x24
 314 024c 0A       		.byte	0xa
 315 024d 00       		.byte	0
 316 024e 06       		.uleb128 0x6
 317 024f 3E020000 		.4byte	0x23e
 318 0253 00       		.byte	0
 319              		.section	.gnu.debuglto_.debug_abbrev,"e",%progbits
 320              	.Ldebug_abbrev0:
 321 0000 01       		.uleb128 0x1
 322 0001 11       		.uleb128 0x11
 323 0002 01       		.byte	0x1
 324 0003 25       		.uleb128 0x25
 325 0004 0E       		.uleb128 0xe
 326 0005 13       		.uleb128 0x13
 327 0006 0B       		.uleb128 0xb
 328 0007 03       		.uleb128 0x3
 329 0008 0E       		.uleb128 0xe
 330 0009 1B       		.uleb128 0x1b
 331 000a 0E       		.uleb128 0xe
 332 000b 10       		.uleb128 0x10
 333 000c 17       		.uleb128 0x17
 334 000d 00       		.byte	0
 335 000e 00       		.byte	0
 336 000f 02       		.uleb128 0x2
 337 0010 24       		.uleb128 0x24
 338 0011 00       		.byte	0
 339 0012 0B       		.uleb128 0xb
 340 0013 0B       		.uleb128 0xb
 341 0014 3E       		.uleb128 0x3e
 342 0015 0B       		.uleb128 0xb
ARM GAS  /tmp/cc6dxnkx.s 			page 7


 343 0016 03       		.uleb128 0x3
 344 0017 08       		.uleb128 0x8
 345 0018 00       		.byte	0
 346 0019 00       		.byte	0
 347 001a 03       		.uleb128 0x3
 348 001b 24       		.uleb128 0x24
 349 001c 00       		.byte	0
 350 001d 0B       		.uleb128 0xb
 351 001e 0B       		.uleb128 0xb
 352 001f 3E       		.uleb128 0x3e
 353 0020 0B       		.uleb128 0xb
 354 0021 03       		.uleb128 0x3
 355 0022 0E       		.uleb128 0xe
 356 0023 00       		.byte	0
 357 0024 00       		.byte	0
 358 0025 04       		.uleb128 0x4
 359 0026 16       		.uleb128 0x16
 360 0027 00       		.byte	0
 361 0028 03       		.uleb128 0x3
 362 0029 0E       		.uleb128 0xe
 363 002a 3A       		.uleb128 0x3a
 364 002b 0B       		.uleb128 0xb
 365 002c 3B       		.uleb128 0x3b
 366 002d 0B       		.uleb128 0xb
 367 002e 39       		.uleb128 0x39
 368 002f 0B       		.uleb128 0xb
 369 0030 49       		.uleb128 0x49
 370 0031 13       		.uleb128 0x13
 371 0032 00       		.byte	0
 372 0033 00       		.byte	0
 373 0034 05       		.uleb128 0x5
 374 0035 35       		.uleb128 0x35
 375 0036 00       		.byte	0
 376 0037 49       		.uleb128 0x49
 377 0038 13       		.uleb128 0x13
 378 0039 00       		.byte	0
 379 003a 00       		.byte	0
 380 003b 06       		.uleb128 0x6
 381 003c 26       		.uleb128 0x26
 382 003d 00       		.byte	0
 383 003e 49       		.uleb128 0x49
 384 003f 13       		.uleb128 0x13
 385 0040 00       		.byte	0
 386 0041 00       		.byte	0
 387 0042 07       		.uleb128 0x7
 388 0043 13       		.uleb128 0x13
 389 0044 01       		.byte	0x1
 390 0045 0B       		.uleb128 0xb
 391 0046 0B       		.uleb128 0xb
 392 0047 3A       		.uleb128 0x3a
 393 0048 0B       		.uleb128 0xb
 394 0049 3B       		.uleb128 0x3b
 395 004a 05       		.uleb128 0x5
 396 004b 39       		.uleb128 0x39
 397 004c 0B       		.uleb128 0xb
 398 004d 01       		.uleb128 0x1
 399 004e 13       		.uleb128 0x13
ARM GAS  /tmp/cc6dxnkx.s 			page 8


 400 004f 00       		.byte	0
 401 0050 00       		.byte	0
 402 0051 08       		.uleb128 0x8
 403 0052 0D       		.uleb128 0xd
 404 0053 00       		.byte	0
 405 0054 03       		.uleb128 0x3
 406 0055 08       		.uleb128 0x8
 407 0056 3A       		.uleb128 0x3a
 408 0057 0B       		.uleb128 0xb
 409 0058 3B       		.uleb128 0x3b
 410 0059 05       		.uleb128 0x5
 411 005a 39       		.uleb128 0x39
 412 005b 0B       		.uleb128 0xb
 413 005c 49       		.uleb128 0x49
 414 005d 13       		.uleb128 0x13
 415 005e 38       		.uleb128 0x38
 416 005f 0B       		.uleb128 0xb
 417 0060 00       		.byte	0
 418 0061 00       		.byte	0
 419 0062 09       		.uleb128 0x9
 420 0063 0D       		.uleb128 0xd
 421 0064 00       		.byte	0
 422 0065 03       		.uleb128 0x3
 423 0066 0E       		.uleb128 0xe
 424 0067 3A       		.uleb128 0x3a
 425 0068 0B       		.uleb128 0xb
 426 0069 3B       		.uleb128 0x3b
 427 006a 05       		.uleb128 0x5
 428 006b 39       		.uleb128 0x39
 429 006c 0B       		.uleb128 0xb
 430 006d 49       		.uleb128 0x49
 431 006e 13       		.uleb128 0x13
 432 006f 38       		.uleb128 0x38
 433 0070 0B       		.uleb128 0xb
 434 0071 00       		.byte	0
 435 0072 00       		.byte	0
 436 0073 0A       		.uleb128 0xa
 437 0074 16       		.uleb128 0x16
 438 0075 00       		.byte	0
 439 0076 03       		.uleb128 0x3
 440 0077 0E       		.uleb128 0xe
 441 0078 3A       		.uleb128 0x3a
 442 0079 0B       		.uleb128 0xb
 443 007a 3B       		.uleb128 0x3b
 444 007b 05       		.uleb128 0x5
 445 007c 39       		.uleb128 0x39
 446 007d 0B       		.uleb128 0xb
 447 007e 49       		.uleb128 0x49
 448 007f 13       		.uleb128 0x13
 449 0080 00       		.byte	0
 450 0081 00       		.byte	0
 451 0082 0B       		.uleb128 0xb
 452 0083 0F       		.uleb128 0xf
 453 0084 00       		.byte	0
 454 0085 0B       		.uleb128 0xb
 455 0086 0B       		.uleb128 0xb
 456 0087 49       		.uleb128 0x49
ARM GAS  /tmp/cc6dxnkx.s 			page 9


 457 0088 13       		.uleb128 0x13
 458 0089 00       		.byte	0
 459 008a 00       		.byte	0
 460 008b 0C       		.uleb128 0xc
 461 008c 13       		.uleb128 0x13
 462 008d 01       		.byte	0x1
 463 008e 0B       		.uleb128 0xb
 464 008f 0B       		.uleb128 0xb
 465 0090 3A       		.uleb128 0x3a
 466 0091 0B       		.uleb128 0xb
 467 0092 3B       		.uleb128 0x3b
 468 0093 0B       		.uleb128 0xb
 469 0094 39       		.uleb128 0x39
 470 0095 0B       		.uleb128 0xb
 471 0096 01       		.uleb128 0x1
 472 0097 13       		.uleb128 0x13
 473 0098 00       		.byte	0
 474 0099 00       		.byte	0
 475 009a 0D       		.uleb128 0xd
 476 009b 0D       		.uleb128 0xd
 477 009c 00       		.byte	0
 478 009d 03       		.uleb128 0x3
 479 009e 0E       		.uleb128 0xe
 480 009f 3A       		.uleb128 0x3a
 481 00a0 0B       		.uleb128 0xb
 482 00a1 3B       		.uleb128 0x3b
 483 00a2 0B       		.uleb128 0xb
 484 00a3 39       		.uleb128 0x39
 485 00a4 0B       		.uleb128 0xb
 486 00a5 49       		.uleb128 0x49
 487 00a6 13       		.uleb128 0x13
 488 00a7 38       		.uleb128 0x38
 489 00a8 0B       		.uleb128 0xb
 490 00a9 00       		.byte	0
 491 00aa 00       		.byte	0
 492 00ab 0E       		.uleb128 0xe
 493 00ac 2E       		.uleb128 0x2e
 494 00ad 01       		.byte	0x1
 495 00ae 3F       		.uleb128 0x3f
 496 00af 19       		.uleb128 0x19
 497 00b0 03       		.uleb128 0x3
 498 00b1 0E       		.uleb128 0xe
 499 00b2 3A       		.uleb128 0x3a
 500 00b3 0B       		.uleb128 0xb
 501 00b4 3B       		.uleb128 0x3b
 502 00b5 0B       		.uleb128 0xb
 503 00b6 39       		.uleb128 0x39
 504 00b7 0B       		.uleb128 0xb
 505 00b8 27       		.uleb128 0x27
 506 00b9 19       		.uleb128 0x19
 507 00ba 01       		.uleb128 0x1
 508 00bb 13       		.uleb128 0x13
 509 00bc 00       		.byte	0
 510 00bd 00       		.byte	0
 511 00be 0F       		.uleb128 0xf
 512 00bf 05       		.uleb128 0x5
 513 00c0 00       		.byte	0
ARM GAS  /tmp/cc6dxnkx.s 			page 10


 514 00c1 03       		.uleb128 0x3
 515 00c2 08       		.uleb128 0x8
 516 00c3 3A       		.uleb128 0x3a
 517 00c4 0B       		.uleb128 0xb
 518 00c5 3B       		.uleb128 0x3b
 519 00c6 0B       		.uleb128 0xb
 520 00c7 39       		.uleb128 0x39
 521 00c8 0B       		.uleb128 0xb
 522 00c9 49       		.uleb128 0x49
 523 00ca 13       		.uleb128 0x13
 524 00cb 00       		.byte	0
 525 00cc 00       		.byte	0
 526 00cd 10       		.uleb128 0x10
 527 00ce 05       		.uleb128 0x5
 528 00cf 00       		.byte	0
 529 00d0 03       		.uleb128 0x3
 530 00d1 0E       		.uleb128 0xe
 531 00d2 3A       		.uleb128 0x3a
 532 00d3 0B       		.uleb128 0xb
 533 00d4 3B       		.uleb128 0x3b
 534 00d5 0B       		.uleb128 0xb
 535 00d6 39       		.uleb128 0x39
 536 00d7 0B       		.uleb128 0xb
 537 00d8 49       		.uleb128 0x49
 538 00d9 13       		.uleb128 0x13
 539 00da 00       		.byte	0
 540 00db 00       		.byte	0
 541 00dc 11       		.uleb128 0x11
 542 00dd 34       		.uleb128 0x34
 543 00de 00       		.byte	0
 544 00df 03       		.uleb128 0x3
 545 00e0 0E       		.uleb128 0xe
 546 00e1 49       		.uleb128 0x49
 547 00e2 13       		.uleb128 0x13
 548 00e3 34       		.uleb128 0x34
 549 00e4 19       		.uleb128 0x19
 550 00e5 00       		.byte	0
 551 00e6 00       		.byte	0
 552 00e7 12       		.uleb128 0x12
 553 00e8 01       		.uleb128 0x1
 554 00e9 01       		.byte	0x1
 555 00ea 49       		.uleb128 0x49
 556 00eb 13       		.uleb128 0x13
 557 00ec 01       		.uleb128 0x1
 558 00ed 13       		.uleb128 0x13
 559 00ee 00       		.byte	0
 560 00ef 00       		.byte	0
 561 00f0 13       		.uleb128 0x13
 562 00f1 21       		.uleb128 0x21
 563 00f2 00       		.byte	0
 564 00f3 49       		.uleb128 0x49
 565 00f4 13       		.uleb128 0x13
 566 00f5 2F       		.uleb128 0x2f
 567 00f6 0B       		.uleb128 0xb
 568 00f7 00       		.byte	0
 569 00f8 00       		.byte	0
 570 00f9 14       		.uleb128 0x14
ARM GAS  /tmp/cc6dxnkx.s 			page 11


 571 00fa 0B       		.uleb128 0xb
 572 00fb 01       		.byte	0x1
 573 00fc 00       		.byte	0
 574 00fd 00       		.byte	0
 575 00fe 15       		.uleb128 0x15
 576 00ff 34       		.uleb128 0x34
 577 0100 00       		.byte	0
 578 0101 03       		.uleb128 0x3
 579 0102 08       		.uleb128 0x8
 580 0103 3A       		.uleb128 0x3a
 581 0104 0B       		.uleb128 0xb
 582 0105 3B       		.uleb128 0x3b
 583 0106 0B       		.uleb128 0xb
 584 0107 39       		.uleb128 0x39
 585 0108 0B       		.uleb128 0xb
 586 0109 49       		.uleb128 0x49
 587 010a 13       		.uleb128 0x13
 588 010b 00       		.byte	0
 589 010c 00       		.byte	0
 590 010d 16       		.uleb128 0x16
 591 010e 2E       		.uleb128 0x2e
 592 010f 01       		.byte	0x1
 593 0110 3F       		.uleb128 0x3f
 594 0111 19       		.uleb128 0x19
 595 0112 03       		.uleb128 0x3
 596 0113 0E       		.uleb128 0xe
 597 0114 3A       		.uleb128 0x3a
 598 0115 0B       		.uleb128 0xb
 599 0116 3B       		.uleb128 0x3b
 600 0117 0B       		.uleb128 0xb
 601 0118 39       		.uleb128 0x39
 602 0119 0B       		.uleb128 0xb
 603 011a 27       		.uleb128 0x27
 604 011b 19       		.uleb128 0x19
 605 011c 49       		.uleb128 0x49
 606 011d 13       		.uleb128 0x13
 607 011e 01       		.uleb128 0x1
 608 011f 13       		.uleb128 0x13
 609 0120 00       		.byte	0
 610 0121 00       		.byte	0
 611 0122 00       		.byte	0
 612              		.section	.gnu.debuglto_.debug_line,"e",%progbits
 613              	.Ldebug_line0:
 614 0000 03010000 		.4byte	.LELT0-.LSLT0
 615              	.LSLT0:
 616 0004 0400     		.2byte	0x4
 617 0006 FD000000 		.4byte	.LELTP0-.LASLTP0
 618              	.LASLTP0:
 619 000a 01       		.byte	0x1
 620 000b 01       		.byte	0x1
 621 000c 01       		.byte	0x1
 622 000d F6       		.byte	0xf6
 623 000e F2       		.byte	0xf2
 624 000f 0D       		.byte	0xd
 625 0010 00       		.byte	0
 626 0011 01       		.byte	0x1
 627 0012 01       		.byte	0x1
ARM GAS  /tmp/cc6dxnkx.s 			page 12


 628 0013 01       		.byte	0x1
 629 0014 01       		.byte	0x1
 630 0015 00       		.byte	0
 631 0016 00       		.byte	0
 632 0017 00       		.byte	0
 633 0018 01       		.byte	0x1
 634 0019 00       		.byte	0
 635 001a 00       		.byte	0
 636 001b 01       		.byte	0x1
 637 001c 2E2E2F2E 		.ascii	"../../../os/common/ext/ST/STM32F1xx"
 637      2E2F2E2E 
 637      2F6F732F 
 637      636F6D6D 
 637      6F6E2F65 
 638 003f 00       		.byte	0
 639 0040 2E2E2F2E 		.ascii	"../../../os/hal/include"
 639      2E2F2E2E 
 639      2F6F732F 
 639      68616C2F 
 639      696E636C 
 640 0057 00       		.byte	0
 641 0058 2E2E2F2E 		.ascii	"../../../os/hal/ports/STM32/LLD/GPIOv1"
 641      2E2F2E2E 
 641      2F6F732F 
 641      68616C2F 
 641      706F7274 
 642 007e 00       		.byte	0
 643 007f 2E2E2F2E 		.ascii	"../../../os/hal/src"
 643      2E2F2E2E 
 643      2F6F732F 
 643      68616C2F 
 643      737263
 644 0092 00       		.byte	0
 645 0093 2F757372 		.ascii	"/usr/lib/gcc/arm-none-eabi/10.3.1/include"
 645      2F6C6962 
 645      2F676363 
 645      2F61726D 
 645      2D6E6F6E 
 646 00bc 00       		.byte	0
 647 00bd 00       		.byte	0
 648 00be 73746469 		.ascii	"stdint.h\000"
 648      6E742E68 
 648      00
 649 00c7 05       		.uleb128 0x5
 650 00c8 00       		.uleb128 0
 651 00c9 00       		.uleb128 0
 652 00ca 73746D33 		.ascii	"stm32f103xg.h\000"
 652      32663130 
 652      3378672E 
 652      6800
 653 00d8 01       		.uleb128 0x1
 654 00d9 00       		.uleb128 0
 655 00da 00       		.uleb128 0
 656 00db 68616C5F 		.ascii	"hal_pal_lld.h\000"
 656      70616C5F 
 656      6C6C642E 
 656      6800
ARM GAS  /tmp/cc6dxnkx.s 			page 13


 657 00e9 03       		.uleb128 0x3
 658 00ea 00       		.uleb128 0
 659 00eb 00       		.uleb128 0
 660 00ec 68616C5F 		.ascii	"hal_pal.h\000"
 660      70616C2E 
 660      6800
 661 00f6 02       		.uleb128 0x2
 662 00f7 00       		.uleb128 0
 663 00f8 00       		.uleb128 0
 664 00f9 68616C5F 		.ascii	"hal_pal.c\000"
 664      70616C2E 
 664      6300
 665 0103 04       		.uleb128 0x4
 666 0104 00       		.uleb128 0
 667 0105 00       		.uleb128 0
 668 0106 00       		.byte	0
 669              	.LELTP0:
 670              	.LELT0:
 671              		.section	.gnu.debuglto_.debug_str,"eMS",%progbits,1
 672              	.LASF14:
 673 0000 4C434B52 		.ascii	"LCKR\000"
 673      00
 674              	.LASF11:
 675 0005 75696E74 		.ascii	"uint_fast8_t\000"
 675      5F666173 
 675      74385F74 
 675      00
 676              	.LASF13:
 677 0012 42535252 		.ascii	"BSRR\000"
 677      00
 678              	.LASF26:
 679 0017 70616C57 		.ascii	"palWriteBus\000"
 679      72697465 
 679      42757300 
 680              	.LASF25:
 681 0023 70616C53 		.ascii	"palSetBusMode\000"
 681      65744275 
 681      734D6F64 
 681      6500
 682              	.LASF20:
 683 0031 706F7274 		.ascii	"portid\000"
 683      696400
 684              	.LASF17:
 685 0038 696F706F 		.ascii	"ioportmask_t\000"
 685      72746D61 
 685      736B5F74 
 685      00
 686              	.LASF28:
 687 0045 5F5F6675 		.ascii	"__func__\000"
 687      6E635F5F 
 687      00
 688              	.LASF18:
 689 004e 696F6D6F 		.ascii	"iomode_t\000"
 689      64655F74 
 689      00
 690              	.LASF6:
 691 0057 756E7369 		.ascii	"unsigned char\000"
ARM GAS  /tmp/cc6dxnkx.s 			page 14


 691      676E6564 
 691      20636861 
 691      7200
 692              	.LASF8:
 693 0065 6C6F6E67 		.ascii	"long unsigned int\000"
 693      20756E73 
 693      69676E65 
 693      6420696E 
 693      7400
 694              	.LASF7:
 695 0077 73686F72 		.ascii	"short unsigned int\000"
 695      7420756E 
 695      7369676E 
 695      65642069 
 695      6E7400
 696              	.LASF32:
 697 008a 70616C52 		.ascii	"palReadBus\000"
 697      65616442 
 697      757300
 698              	.LASF0:
 699 0095 756E7369 		.ascii	"unsigned int\000"
 699      676E6564 
 699      20696E74 
 699      00
 700              	.LASF15:
 701 00a2 4750494F 		.ascii	"GPIO_TypeDef\000"
 701      5F547970 
 701      65446566 
 701      00
 702              	.LASF12:
 703 00af 63686172 		.ascii	"char\000"
 703      00
 704              	.LASF24:
 705 00b4 6D6F6465 		.ascii	"mode\000"
 705      00
 706              	.LASF31:
 707 00b9 2F686F6D 		.ascii	"/home/nicolasscg/ci_test/ChibiOS/demos/STM32/RT-STM"
 707      652F6E69 
 707      636F6C61 
 707      73736367 
 707      2F63695F 
 708 00ec 33324631 		.ascii	"32F103-STM3210E_EVAL-FATFS-USB\000"
 708      30332D53 
 708      544D3332 
 708      3130455F 
 708      4556414C 
 709              	.LASF29:
 710 010b 474E5520 		.ascii	"GNU C17 10.3.1 20210621 (release) -mcpu=cortex-m3 -"
 710      43313720 
 710      31302E33 
 710      2E312032 
 710      30323130 
 711 013e 6D746875 		.ascii	"mthumb -mfloat-abi=soft -march=armv7-m -ggdb -O2 -f"
 711      6D62202D 
 711      6D666C6F 
 711      61742D61 
 711      62693D73 
ARM GAS  /tmp/cc6dxnkx.s 			page 15


 712 0171 6F6D6974 		.ascii	"omit-frame-pointer -falign-functions=16 -ffunction-"
 712      2D667261 
 712      6D652D70 
 712      6F696E74 
 712      6572202D 
 713 01a4 73656374 		.ascii	"sections -fdata-sections -fno-common -flto\000"
 713      696F6E73 
 713      202D6664 
 713      6174612D 
 713      73656374 
 714              	.LASF1:
 715 01cf 6C6F6E67 		.ascii	"long long int\000"
 715      206C6F6E 
 715      6720696E 
 715      7400
 716              	.LASF21:
 717 01dd 6D61736B 		.ascii	"mask\000"
 717      00
 718              	.LASF27:
 719 01e2 62697473 		.ascii	"bits\000"
 719      00
 720              	.LASF22:
 721 01e7 6F666673 		.ascii	"offset\000"
 721      657400
 722              	.LASF30:
 723 01ee 2E2E2F2E 		.ascii	"../../../os/hal/src/hal_pal.c\000"
 723      2E2F2E2E 
 723      2F6F732F 
 723      68616C2F 
 723      7372632F 
 724              	.LASF4:
 725 020c 73686F72 		.ascii	"short int\000"
 725      7420696E 
 725      7400
 726              	.LASF19:
 727 0216 696F706F 		.ascii	"ioportid_t\000"
 727      72746964 
 727      5F7400
 728              	.LASF10:
 729 0221 75696E74 		.ascii	"uint32_t\000"
 729      33325F74 
 729      00
 730              	.LASF5:
 731 022a 6C6F6E67 		.ascii	"long int\000"
 731      20696E74 
 731      00
 732              	.LASF2:
 733 0233 6C6F6E67 		.ascii	"long double\000"
 733      20646F75 
 733      626C6500 
 734              	.LASF3:
 735 023f 7369676E 		.ascii	"signed char\000"
 735      65642063 
 735      68617200 
 736              	.LASF16:
 737 024b 5F426F6F 		.ascii	"_Bool\000"
 737      6C00
ARM GAS  /tmp/cc6dxnkx.s 			page 16


 738              	.LASF9:
 739 0251 6C6F6E67 		.ascii	"long long unsigned int\000"
 739      206C6F6E 
 739      6720756E 
 739      7369676E 
 739      65642069 
 740              	.LASF23:
 741 0268 494F4275 		.ascii	"IOBus\000"
 741      7300
 742              		.text
 743              		.section	.gnu.lto_.profile.d1a159e334b04536,"e",%progbits
 744 0000 789C6362 		.ascii	"x\234cb\000\001\000\000\022\000\003"
 744      00010000 
 744      120003
 745              		.text
 746              		.section	.gnu.lto_.icf.d1a159e334b04536,"e",%progbits
 747 0000 789C1361 		.ascii	"x\234\023a@\000f\206\256\371\233\267\2631n\273\326z"
 747      40006686 
 747      AEF99BB7 
 747      B3316EBB 
 747      D67A
 748 0012 8B97E9EA 		.ascii	"\213\227\351\352\357\256N.\006\000Z1\010\231"
 748      EFAE4E2E 
 748      06005A31 
 748      0899
 749              		.text
 750              		.section	.gnu.lto_.ipa_sra.d1a159e334b04536,"e",%progbits
 751 0000 789C858C 		.ascii	"x\234\205\214\261\015\000 \020\002\341\301\304\251\235"
 751      B10D0020 
 751      1002E1C1 
 751      C4A99D
 752 000f 8641F56D 		.ascii	"\206A\365m,\2459\022.,\274\010T\204\2100\243\212\344"
 752      2CA53912 
 752      2E2CBC08 
 752      54848830 
 752      A38AE4
 753 0022 2E8EC634 		.ascii	".\216\3064\001\213\3651\372\207\365\261FK<\363\301\255"
 753      018BF531 
 753      FA87F5B1 
 753      464B3CF3 
 753      C1AD
 754 0034 CD0DEFFF 		.ascii	"\315\015\357\377\014\352"
 754      0CEA
 755              		.text
 756              		.section	.gnu.lto_.inline.d1a159e334b04536,"e",%progbits
 757 0000 789CAD51 		.ascii	"x\234\255Q\273\015\302@\014}\376(\272(\200RRPd\024&"
 757      BB0DC240 
 757      0C7DFE28 
 757      BA288052 
 757      52506414 
 758 0015 60081285 		.ascii	"`\010\022\205-\020l\300\010\024\014@\317r\370\214.\326"
 758      2D106CC0 
 758      08140C40 
 758      CF72F88C 
 758      2ED6
 759 0027 21D16137 		.ascii	"!\321a7\317\357l\275g\337\213\260\204\000\355\305\202"
 759      CFEF6CBD 
ARM GAS  /tmp/cc6dxnkx.s 			page 17


 759      67DF8BB0 
 759      8400EDC5 
 759      82
 760 0038 6712D043 		.ascii	"g\022\320C\234\311@!{\007\014\031\220\232\334$\023\340"
 760      9CC94021 
 760      7B070C19 
 760      909ADC24 
 760      13E0
 761 004a 80270683 		.ascii	"\200'\006\203\034\036\031\272`h\260)\330\024l\037l\237"
 761      1C1E19BA 
 761      6068B029 
 761      D8146C1F 
 761      6C9F
 762 005c 95B0B1E2 		.ascii	"\225\260\261\342.3)\231X\003\204he\303\215u\354\243"
 762      2E332999 
 762      58038468 
 762      65C38D75 
 762      ECA3
 763 006e 6365A370 		.ascii	"ce\243p\277\244\365\323\212UeB|\241\321L\224\325v\361"
 763      BFA4F5D3 
 763      8A556542 
 763      7CA1D14C 
 763      94D576F1 
 764 0082 3EC4BCD9 		.ascii	">\304\274\3310\215\316\212'\237\276nT\273l\201\253\265"
 764      308DCE8A 
 764      279FBE6E 
 764      54BB6C81 
 764      ABB5
 765 0094 9DFF7CA3 		.ascii	"\235\377|\243\262\336\3264u\235\277\354v\310\2117\252"
 765      B2DED634 
 765      759DBFEC 
 765      76C88937 
 765      AA
 766 00a5 B657D8   		.ascii	"\266W\330"
 767              		.text
 768              		.section	.gnu.lto_.jmpfuncs.d1a159e334b04536,"e",%progbits
 769 0000 789C8B60 		.ascii	"x\234\213`@\000f\006FF\306\372%\314\354\214L\214\214"
 769      40006606 
 769      4646C6FA 
 769      25CCEC8C 
 769      4C8C8C
 770 0013 CC200610 		.ascii	"\314 \006\020\2631\3018\214K\2309\330\030\030\030\017"
 770      B331C138 
 770      8C4B9839 
 770      D8181818 
 770      0F
 771 0024 B0303200 		.ascii	"\26002\000\361\177 \340g@\347\263\3241b(\001\000Q\277"
 771      F17F20E0 
 771      6740E7B3 
 771      D4316228 
 771      010051BF 
 772 0038 171E     		.ascii	"\027\036"
 773              		.text
 774              		.section	.gnu.lto_.pureconst.d1a159e334b04536,"e",%progbits
 775 0000 789CE362 		.ascii	"x\234\343b```f\230\305\3028\213\205i&\013\000\011\370"
 775      60606066 
 775      98C5C238 
ARM GAS  /tmp/cc6dxnkx.s 			page 18


 775      8B856926 
 775      0B0009F8 
 776 0014 01EA     		.ascii	"\001\352"
 777              		.text
 778              		.section	.gnu.lto_.lto.d1a159e334b04536,"e",%progbits
 779 0000 09000400 		.ascii	"\011\000\004\000\001\000\000\000"
 779      01000000 
 780              		.text
 781              		.section	.gnu.lto_palReadBus.327.d1a159e334b04536,"e",%progbits
 782 0000 789C7590 		.ascii	"x\234u\220Mh\023A\024\307\337\177\337\356f\243\366\344"
 782      4D681341 
 782      14C7DF7F 
 782      DFEE66A3 
 782      F6E4
 783 0012 5D8A82E2 		.ascii	"]\212\202\342!\231\304\012\365h\225\006\017\212\320"
 783      2199C40A 
 783      F5689506 
 783      0F8AD0
 784 0021 44AF21DD 		.ascii	"D\257!\335\246&\220\032qS\350\255\323\324\017h\241_"
 784      A626901A 
 784      7153E8AD 
 784      D3D40F68 
 784      A15F
 785 0033 828AA8E0 		.ascii	"\202\212\250\340\022EO\"T\254Z%\366\340Q\244w/\005/"
 785      12454F22 
 785      54AC5A25 
 785      F6E051A4 
 785      772F052F 
 786 0047 0A153C79 		.ascii	"\012\025<y(\350\233I\277<\024f\336\274\377\314\3777"
 786      28E89B49 
 786      BF3C1466 
 786      DEBCFFCC 
 786      FF37
 787 0059 F3DEAC82 		.ascii	"\363\336\254\202h\232\210\216\312\004\023\026\346\247"
 787      689A888E 
 787      CA041316 
 787      E6A7
 788 0067 1CD25A9F 		.ascii	"\034\322Z\237N8\230\230\237\372u\177\321\305[\330\015"
 788      4E389898 
 788      9FFA757F 
 788      D1C55BD8 
 788      0D
 789 0078 D0B88371 		.ascii	"\320\270\203q\334\341\207\214\005n\211\331\335\314\200"
 789      DCE1878C 
 789      056E89D9 
 789      DDCC80
 790 0087 EEE36DAD 		.ascii	"\356\343m\255\377<\3759\367\352\324\247\311\233\347"
 790      FF3CFD39 
 790      F7EAD4A7 
 790      C99BE7
 791 0096 5AECD063 		.ascii	"Z\354\320c1\274\006\026\345\001\"1r\203\216\211\351"
 791      31BC0616 
 791      E5012231 
 791      72838E89 
 791      E9
 792 00a7 EB9725AD 		.ascii	"\353\227%\255\223\324b\306\033\354\362\310\306\330s"
 792      93D462C6 
ARM GAS  /tmp/cc6dxnkx.s 			page 19


 792      1BECF2C8 
 792      C6D873
 793 00b6 97C82743 		.ascii	"\227\310'C\232jd\276\\\365\332z\343\357\254\326\337"
 793      9A6A64BE 
 793      5CF5DA7A 
 793      E3EFACD6 
 793      DF
 794 00c7 BE63E648 		.ascii	"\276c\346H\322\001\226\244J\271\336\225\340z\022<_\202"
 794      D20196A4 
 794      4AB9DE95 
 794      E07A123C 
 794      5F82
 795 00d9 9F305960 		.ascii	"\2370Y`\002\321,\233\006\264\013\335&\232c\247#&D\374"
 795      02D12C9B 
 795      06B40BDD 
 795      269A63A7 
 795      232644FC 
 796 00ed 805EBBF7 		.ascii	"\200^\273\367\031f=\274\035\326\036\370\264\216\346"
 796      19663DBC 
 796      1DD61EF8 
 796      B48EE6
 797 00fc F28BAE98 		.ascii	"\362\213\256\230\267\032b\230\212\237\231\276\203\026"
 797      B71A6298 
 797      8A9F99BE 
 797      8316
 798 010a 276276F0 		.ascii	"'bv\360\016\224\271ae\200\367xdK\\\307\312r2fo\223J"
 798      0E94B961 
 798      6580F778 
 798      644B5CC7 
 798      CA723266 
 799 0121 FE47ED93 		.ascii	"\376G\355\223\353\360A\250'V\356\307G\241`\251\246\241"
 799      EBF041A8 
 799      2756EEC7 
 799      47A160A9 
 799      A6A1
 800 0133 FCBD5F38 		.ascii	"\374\275_8\200\266x\035\353\235\334\270\205\330\030"
 800      80B6781D 
 800      EB9DDCB8 
 800      85D818
 801 0142 3C41B6D8 		.ascii	"<A\266\330`o\266\013+\302r\207\275{[X\266x@\277\321"
 801      606FB60B 
 801      2BC27287 
 801      BD7B5B58 
 801      B67840BF 
 802 0157 EC8EED89 		.ascii	"\354\216\355\211|\021v\276\210h@U\352#eu\265\032\326"
 802      7C1176BE 
 802      88684055 
 802      EA236575 
 802      B51AD6
 803 016a 6BA5280A 		.ascii	"k\245(\012\257\250\260Zl\224\243\206:[\251\016V/\346"
 803      AFA8B05A 
 803      6C94A386 
 803      3A5BA90E 
 803      562FE6
 804 017d D55079A4 		.ascii	"\325Py\244\036\251|\341B\317\0115PH\331$\227\315\364"
 804      1EA97CE1 
 804      42CF0935 
ARM GAS  /tmp/cc6dxnkx.s 			page 20


 804      5048D924 
 804      97CDF4
 805 0190 74B26CA6 		.ascii	"t\262l\246\277\330\177\271\357|*\327W\310\345S\227\362"
 805      BFD87FB9 
 805      EF7C2AD7 
 805      57C8E553 
 805      97F2
 806 01a2 67E8503A 		.ascii	"g\350P:\255:C\270J\251\246\242\353\241Y\213\327J\265"
 806      AD3A43B8 
 806      4AA9A6A2 
 806      EBA1598B 
 806      D74AB5
 807 01b5 74483C38 		.ascii	"tH<8\032\035\334\226\351\260\2677;<|r\210\376\001b\355"
 807      1A1DDC96 
 807      E9B0B737 
 807      3B3C7C72 
 807      88FE0162 
 808 01ca B3B5     		.ascii	"\263\265"
 809              		.text
 810              		.section	.gnu.lto_palWriteBus.328.d1a159e334b04536,"e",%progbits
 811 0000 789C7552 		.ascii	"x\234uRMh\023A\024~\337\316&\233M\223T\360\"\010R\024"
 811      4D681341 
 811      147EDFCE 
 811      269B4D93 
 811      54F02208 
 812 0016 110FC9A6 		.ascii	"\021\017\311\246V\350\325*\315I\021\232\350\265$ik\002"
 812      56E8D52A 
 812      CD49119A 
 812      E8B52469 
 812      6B02
 813 0028 A9296EC4 		.ascii	"\251)n\304\334:\255\242P\204\332\010\305C\025\015Q\274"
 813      DC3AADA2 
 813      5084DA08 
 813      C543150D 
 813      51BC
 814 003a 79D2B65A 		.ascii	"y\322\266Z\333PP{\024A\274j=\251\320\026\017V\245P\337"
 814      DB50507B 
 814      1441BC6A 
 814      3DA9D016 
 814      0F56A550 
 815 004f CCAED11E 		.ascii	"\314\256\321\036\272\354\274y\337\233\367\275\277\231"
 815      BAECBC79 
 815      DF9BF7BD 
 815      BF99
 816 005d 7983A846 		.ascii	"y\203\250FD\207xA\020jS\023\006I)OX\006\306\246&l\274"
 816      44877841 
 816      106A5313 
 816      0649294F 
 816      5806C6A6 
 817 0074 8046A051 		.ascii	"\200F\240Q\003\243\270-\2162\374\371\360\333\375\331"
 817      03A3B82D 
 817      8E32FCF9 
 817      F0DBFDD9 
 818 0084 7DF27113 		.ascii	"}\362q\023\015At\217\227\376f\004j\242!\000\323\327"
 818      0D41748F 
 818      97FE6604 
 818      6AA22100 
ARM GAS  /tmp/cc6dxnkx.s 			page 21


 818      D3D7
 819 0096 0C74B026 		.ascii	"\014t\260&*t\244)\345\333\2459)mj\010\201Y0\007\317"
 819      2A74A429 
 819      E5DBA539 
 819      296D6A08 
 819      81593007 
 820 00ab 80A72065 		.ascii	"\200\247 e\250\276\027\312\357&<\307/\276\243\211\371"
 820      A8BE17CA 
 820      EF263CC7 
 820      2FBEA389 
 820      F9
 821 00bc 9D8E66F5 		.ascii	"\235\216f\365\023\347\012\372)\2418SPi\0173mc\361\363"
 821      13E70AFA 
 821      29A13853 
 821      50690F33 
 821      6D63F1F3 
 822 00d0 C88A341B 		.ascii	"\310\2124\033\"\200\205\377iD\325M\021$\274\004q3T\375"
 822      228085FF 
 822      6944D54D 
 822      1124BC04 
 822      713354FD 
 823 00e4 21D80886 		.ascii	"!\330\010\206O\336\005\232rk{R\312\017\373\327\267\326"
 823      4FDE059A 
 823      726B7B52 
 823      CA0FFBD7 
 823      B7D6
 824 00f6 43ED06F0 		.ascii	"C\355\006\360\034&0\207\200r\017r\306\240\245DH\011"
 824      1C263087 
 824      80720F72 
 824      C6A0A544 
 824      4809
 825 0108 55911556 		.ascii	"U\221\025V\242M\301\210\022Q%b,BD\223B\315M\232\220"
 825      A24DC188 
 825      12512562 
 825      2C424493 
 825      42CD4D9A 
 826 011d 4DA25BC2 		.ascii	"M\242[\302\360\300\030\203\257\220\253\277^C\355\007"
 826      F0C01883 
 826      AF90ABBF 
 826      5E43ED07 
 827 012d 5B62752B 		.ascii	"[bu+\205E\320\032\306\357\334@]\004\353\302P`\301\256"
 827      8545D01A 
 827      C6EFDC40 
 827      5D04EBC2 
 827      5060C1AE 
 828 0141 0BCB1F9F 		.ascii	"\013\313\037\237\320\275=R\027\020j\010>0\261\004J^"
 828      D0BD3D52 
 828      17106A08 
 828      3E30B104 
 828      4A5E
 829 0153 D3308C26 		.ascii	"\3230\214&\356\352\311\257\341\352\264\012\021\322Q"
 829      EEEAC9AF 
 829      E1EAB40A 
 829      11D251
 830 0162 ACBF51EC 		.ascii	"\254\277Q\354\335\271mXf.<\356\314u\346\206\331_\245"
 830      DDB96D58 
 830      662E3CEE 
ARM GAS  /tmp/cc6dxnkx.s 			page 22


 830      CC75E686 
 830      D95FA5
 831 0175 B4B047D9 		.ascii	"\264\260G\331~+[\233\016\031n\305\217p\211^|\357<\252"
 831      7E2B5B9B 
 831      0E196EC5 
 831      8F70895E 
 831      7CEF3CAA 
 832 0189 4DB6C235 		.ascii	"M\266\3025u\036\320\224(77\336\301\343c\203\327\254"
 832      751ED094 
 832      283737DE 
 832      C1E36383 
 832      D7AC
 833 019b 5F4F6CF7 		.ascii	"_Ol\367z\"x\305\365\030\272\236\345i\333o?\272\243\375"
 833      7A2278C5 
 833      F518BA9E 
 833      E569DB6F 
 833      3FBAA3FD 
 834 01af 1847C01B 		.ascii	"\030G\300\033\246<\320\260\035+L\341\376\3754\365\315"
 834      A63CD0B0 
 834      1D2B4CE1 
 834      FEFD34F5 
 834      CD
 835 01c0 80BADDEF 		.ascii	"\200\272\335\357\030\377\270\235\322\257qR\340\337}"
 835      18FFB89D 
 835      D2AF7152 
 835      E0DF7D
 836 01cf 10F53985 		.ascii	"\020\3659\205\362\360\240s\261\230/\227\262\256\233"
 836      F2F0A073 
 836      B1982F97 
 836      B2AE9B
 837 01de BFE0E48B 		.ascii	"\277\340\344\213\375\225A\267\342\234*\024s\305\263"
 837      FD9541B7 
 837      E29C2A14 
 837      73C5B3
 838 01ed 69676070 		.ascii	"ig`p\270\354:\351\314\231\256cN_&\256\225Tg\262\313"
 838      B8EC3AE9 
 838      CC99AE63 
 838      4E5F26AE 
 838      955467B2 
 839 0202 D33A93BD 		.ascii	"\323:\223\275\375\275\347{N\307S=\231T:~.}\222\016$"
 839      FDBDE77B 
 839      4EC7533D 
 839      99543A7E 
 839      2E7D920E 
 840 0217 128EF733 		.ascii	"\022\216\3673\257\220-9\356\245\274\332\373G\262\245"
 840      AF902D39 
 840      EEA5BCDA 
 840      FB47B2A5 
 841 0227 449E44EE 		.ascii	"D\236D\356\262\273\267\005\023\371\356\356\316\241\241"
 841      B2BBB705 
 841      13F9EEEE 
 841      CEA1A1
 842 0236 E30364E6 		.ascii	"\343\003d\346\212\025\027W\376\000\351\334\366\037"
 842      8A151757 
 842      FE00E9DC 
 842      F61F
 843              		.text
ARM GAS  /tmp/cc6dxnkx.s 			page 23


 844              		.section	.gnu.lto_palSetBusMode.329.d1a159e334b04536,"e",%progbits
 845 0000 789C7591 		.ascii	"x\234u\221?h\023q\024\307\337\367\336\345.Wur\351$\305"
 845      3F681371 
 845      14C7DFF7 
 845      DEE52E57 
 845      7572E924 
 846 0015 0ED221F9 		.ascii	"\016\322!\371%V\350j\225\246KEhb\327\220^R\023H\214"
 846      2556E86A 
 846      95A64B45 
 846      6862D790 
 846      5E521348 
 847 002a 7811BAF5 		.ascii	"x\021\272\365\327Z:\224B\332\2728h\207p\212\233\223"
 847      D75A3A94 
 847      42DABA38 
 847      6887708A 
 847      9B93
 848 003c FD5F8C93 		.ascii	"\375_\214\223\272\211\213 \210\322\301A\261\210\223"
 848      BA898B20 
 848      88D2C141 
 848      B18893
 849 004b 88A0EF77 		.ascii	"\210\240\357w\211-\035z\334\357\375\336\367w\237w\357"
 849      892D1D7A 
 849      DCEFFDDE 
 849      F7779F77 
 849      EF
 850 005c 7DEF5E83 		.ascii	"}\357^\203h\231\210\372e\201\011\253+\213\026i\255/"
 850      689988FA 
 850      658109AB 
 850      2B8B1669 
 850      AD2F
 851 006e BB166657 		.ascii	"\273\026fW\026=\354 R\240\031\0133\270\317\003\"\177"
 851      163DEC20 
 851      52A0190B 
 851      33B8CF03 
 851      227F
 852 0080 3DFEB6BC 		.ascii	"=\376\266\274\327\253\237\266\0212\321\232\254\350z"
 852      D7AB9FB6 
 852      1132D19A 
 852      ACE87A
 853 008f C858E590 		.ascii	"\310X\345\220\001\273\233Y\350\223\214\033t\241\255"
 853      01BB9B59 
 853      E8938C1B 
 853      74A1AD
 854 009e F5DB379B 		.ascii	"\365\3337\233Z{\0242c\003R\203u\340\271t\227\203\351"
 854      5A7B1432 
 854      63035283 
 854      75E0B974 
 854      9783E9
 855 00b1 2536DC12 		.ascii	"%6\334\022:\340\247.hc\3538hO?\220^\316\377\226rF\317"
 855      3AE0A72E 
 855      6863EB38 
 855      684F3F90 
 855      5ECEFF96 
 856 00c8 DEC5DAFA 		.ascii	"\336\305\332\372\317\337\246\326\337\277\340\240\337"
 856      CFDFA6D6 
 856      DFBFE0A0 
 856      DF
ARM GAS  /tmp/cc6dxnkx.s 			page 24


 857 00d5 B3804DC8 		.ascii	"\263\200M\310\010\333\210IA\314\221\340\270\022\334"
 857      08DB8849 
 857      41CC91E0 
 857      B812DC
 858 00e4 B8C9889A 		.ascii	"\270\311\210\232l\334i\033\272-\306\331\352\210Y\021"
 858      6CDC691B 
 858      BA2DC6D9 
 858      EA885911 
 859 00f4 5FA1F7DF 		.ascii	"_\241\367\337\277\202\331\317\037\206\375\017.\035`"
 859      BF82D9CF 
 859      1F86FD0F 
 859      2E1D60
 860 0103 6ED76B71 		.ascii	"n\327kq\254k\212a\214>1\237%\036r\274%.wA\251\371Hz"
 860      AC6B8A61 
 860      8C3E319F 
 860      251E72BC 
 860      252E7741 
 861 011b D8C3A368 		.ascii	"\330\303\243h\270n\225s2\333\203\027\302\342\210uOf"
 861      B86E9573 
 861      32DB8317 
 861      C2E28875 
 861      4F66
 862 012d 4FE1A5B0 		.ascii	"O\341\245\260V\304\336\373\275\200\226\001\034)\241"
 862      56C4DEFB 
 862      BD809601 
 862      1C29A1
 863 013c 1F58E8A3 		.ascii	"\037X\350\243yX!\237^3/\223A\243\2072\351\031\372\211"
 863      7958219F 
 863      5E332F93 
 863      41A38732 
 863      E919FA89 
 864 0150 B9CF1F47 		.ascii	"\271\317\037G\243\237\323d\034\031'\032W\345z\255\244"
 864      A39FD364 
 864      1C19271A 
 864      57E57AAD 
 864      A4
 865 0161 6E55FC7A 		.ascii	"nU\374z\265\020\004\376M\345W\362\215R\320PW\313\225"
 865      B51004FE 
 865      4DE557F2 
 865      8D52D050 
 865      57CB95
 866 0174 C9CAF5AC 		.ascii	"\311\312\365\254*\226j\365@es\327\006/\252\361\\\"J"
 866      2A966AF5 
 866      406573D7 
 866      062FAAF1 
 866      5C224A
 867 0187 32E9D460 		.ascii	"2\351\324`'K\247F\362#\023\303c\211\314p.\223M\334\310"
 867      274BA746 
 867      F22313C3 
 867      6389CC70 
 867      2E934DDC 
 868 019c 5EA173C9 		.ascii	"^\241s\311\244\352\334RW.TUp\3077{\376v\241\232\364"
 868      A4EADC52 
 868      572E5455 
 868      70C7377B 
 868      FE76A19A 
 869 01b1 8927EF06 		.ascii	"\211'\357\006g\017e\322\037\032JOM]*\222]\253\027K\377"
ARM GAS  /tmp/cc6dxnkx.s 			page 25


 869      670F65D2 
 869      1F1A4A4F 
 869      4D5D2A92 
 869      5DAB174B 
 870 01c6 007990B1 		.ascii	"\000y\220\261~"
 870      7E
 871              		.text
 872              		.section	.gnu.lto_.symbol_nodes.d1a159e334b04536,"e",%progbits
 873 0000 789C6B60 		.ascii	"x\234k`\000\002\246\343L\365\014\015@\300\3028\341\034"
 873      0002A6E3 
 873      4CF50C0D 
 873      40C0C238 
 873      E11C
 874 0012 03433D03 		.ascii	"\003C=\003\303\256\206FF\006F\006\260\344\011\246zF"
 874      C3AE8646 
 874      46064606 
 874      B0E409A6 
 874      7A46
 875 0024 9C922799 		.ascii	"\234\222'\231\352\231pI2\236a\252g\376\017\005\362`"
 875      EA997049 
 875      329E61AA 
 875      67FE0F05 
 875      F260
 876 0036 050C206B 		.ascii	"\005\014 k@\262\314L\314\020mK\330\030\000\334,$A"
 876      40B2CC4C 
 876      CC106D4B 
 876      D81800DC 
 876      2C2441
 877              		.text
 878              		.section	.gnu.lto_.refs.d1a159e334b04536,"e",%progbits
 879 0000 789C6364 		.ascii	"x\234cd\000\002\000\000\012\000\002"
 879      00020000 
 879      0A0002
 880              		.text
 881              		.section	.gnu.lto_.decls.d1a159e334b04536,"e",%progbits
 882 0000 789C7D56 		.ascii	"x\234}VkP\023W\024\276\347\336%Y\226@\030\301\261?Z"
 882      6B501357 
 882      14BEE7DE 
 882      25599640 
 882      18C1B13F 
 883 0015 87713A23 		.ascii	"\207q:#\376\200H\250\265\177:\305\027\255\225\026'h"
 883      FE8048A8 
 883      B57F3AC5 
 883      17AD9516 
 883      2768
 884 0027 3BB63F32 		.ascii	";\266?24\033$Sb(\211\016\375\267>(\342\243\265u\254"
 884      341B2453 
 884      6228890E 
 884      FDB73E28 
 884      E2A3B575 
 885 003c D807A3A3 		.ascii	"\330\007\243\243\355\330\2470c\253\365\201\021P\343"
 885      EDD8A730 
 885      63ABF581 
 885      1150E3
 886 004b 036BD122 		.ascii	"\003k\321\"\026\305\267\202X\305\372\002\237=ww\223"
 886      16C5B782 
 886      58C5FA02 
ARM GAS  /tmp/cc6dxnkx.s 			page 26


 886      9F3D7777 
 886      93
 887 005c 0D09B870 		.ascii	"\015\011\270p\356\336\334\375\316\367\235{\366\334{"
 887      EEDEDCFD 
 887      CEF79D7B 
 887      F6DC7B
 888 006b 77824488 		.ascii	"w\202D\210H\011\331\004\204<\305K \204\374\205\226\210"
 888      4809D904 
 888      843CC54B 
 888      2084FC85 
 888      9688
 889 007d 761CED04 		.ascii	"v\034\355\004Z;\332I\264N\264\323hg\320n\242\335\"\332"
 889      5A3BDA49 
 889      B44EB4D3 
 889      6867D06E 
 889      A2DD22DA 
 890 0091 C57D1EA1 		.ascii	"\305}\036\241\001r\230\320,@\342\256\001\034K\301\373"
 890      017298D0 
 890      2C40E2AE 
 890      011C4BC1 
 890      FB
 891 00a2 08B4F428 		.ascii	"\010\264\364(\2166\264\261hs\320n\350\232\311\240\305"
 891      8E36B4B1 
 891      6873D06E 
 891      E89AC9A0 
 891      C5
 892 00b3 D0A86BB6 		.ascii	"\320\250k\266\353\032\327\320\216\240\365\242]\347z"
 892      EB1AD7D0 
 892      8EA0F5A2 
 892      5DE77A
 893 00c2 BA6EECC5 		.ascii	"\272n\354\305p>\251x/\215\322\273\251k\246\200\241\327"
 893      703EA978 
 893      2F8DD2BB 
 893      A96BA680 
 893      A1D7
 894 00d4 A66BB6EB 		.ascii	"\246k\266\353:\261\332\202\256\323\253k\207tM\030b~"
 894      3AB1DA82 
 894      AED3AB6B 
 894      87744D18 
 894      627E
 895 00e6 C9549B5F 		.ascii	"\311T\233_\254\346\255a\346\030\326\264\"W\022\032\323"
 895      ACE6AD61 
 895      E618D6B4 
 895      2257121A 
 895      D3
 896 00f7 35C27A48 		.ascii	"5\302zH7l.q~6E\275\026\215 \260UC\214K\372\202\301\010"
 896      376C2E71 
 896      7E3645BD 
 896      168D20B0 
 896      55438C4B 
 897 010f 10B04D87 		.ascii	"\020\260M\207\014\265\377\234\332\246\262W\011v\306"
 897      0CB5FF9C 
 897      DAA6B257 
 897      0976C6
 898 011e 027FBD56 		.ascii	"\002\177\275V\265G\330$\3625\243\237\004\257\036\023"
 898      B547D824 
 898      F235A39F 
ARM GAS  /tmp/cc6dxnkx.s 			page 27


 898      04AF1E13 
 899 012e A5738AD2 		.ascii	"\245s\212\322\247\004\227$\022\330\006\360;\020\330"
 899      A7049724 
 899      12D806F0 
 899      3B10D8
 900 013d 0D08F90D 		.ascii	"\015\010\371\015`\027\300N`o\022\225Ed\205\204\025\021"
 900      6017C04E 
 900      606F1295 
 900      45648584 
 900      1511
 901 014f F62E61EF 		.ascii	"\366.a\357k#\317\253J\347\2009\221+uMk\363\317\364E"
 901      6B23CFAB 
 901      4AE78039 
 901      912B754D 
 901      6BF3CFF4 
 902 0164 ED4A3BAF 		.ascii	"\355J;\257(\375\353\016\334\277\360\332\332\252je\325"
 902      28FDEB0E 
 902      DCBFF0DA 
 902      DAAA6A65 
 902      D5
 903 0175 42068D00 		.ascii	"B\006\215\000{\000\376\004]\202\300\037\274\311!\010"
 903      7B00FE04 
 903      5D82C01F 
 903      BCC92108 
 904 0185 ACAF6928 		.ascii	"\254\257i(\017\005\201C\016\014\202l7 O>\253VR\227X"
 904      0F058143 
 904      0E0C826C 
 904      37204F3E 
 904      AB565297 
 905 019a 3866EF20 		.ascii	"8f\357 L\2207\333@\005=2@\315\203@6\003\363\330\300"
 905      4C9037DB 
 905      40053D32 
 905      40CD8340 
 905      3603F3D8 
 906 01af 34C51369 		.ascii	"4\305\023ib\017\015LK\034\217\006Y\032\011yG\374\254"
 906      620F0D4C 
 906      4B1C8F06 
 906      591A0979 
 906      47FCAC
 907 01c2 500ADFCC 		.ascii	"P\012\337\314\022E\011\012\004\366\003\354\343\203\010"
 907      1245090A 
 907      04F603EC 
 907      E38308
 908 01d1 C28CB602 		.ascii	"\302\214\266\002\034\0068\002p\010 \004p\024\340 \177"
 908      1C063802 
 908      70082004 
 908      7014E020 
 908      7F
 909 01e2 79EC1AF0 		.ascii	"y\354\032\360\327quyW\2035-\326\027\216\301\263\275"
 909      D7717579 
 909      5783352D 
 909      D6178EC1 
 909      B3BD
 910 01f4 D1B3F7D1 		.ascii	"\321\263\367\321\236N\253%\310_\344\372&\001\3762\""
 910      9E4EAB25 
 910      C85FE4FA 
 910      2601FE32 
ARM GAS  /tmp/cc6dxnkx.s 			page 28


 910      22
 911 0205 6AE39E1C 		.ascii	"j\343\236\034\322\267\356\333\015\026\025\022\034\016"
 911      D2B7EEDB 
 911      0D161512 
 911      1C0E
 912 0213 72B9A1AF 		.ascii	"r\271\241\257M4X\332\014\310\011^\240\367U\320^\245"
 912      4D3458DA 
 912      0CC8095E 
 912      A0F755D0 
 912      5EA5
 913 0225 B1314552 		.ascii	"\2611ERy\242k\346\357\350\232AX\355\256\320Y\301\340"
 913      79A26BE6 
 913      EFE89A41 
 913      58EDAED0 
 913      59C1E0
 914 0238 1A1BA13A 		.ascii	"\032\033\241:\211\015\026\316\234H5\316\301j\\B9\365"
 914      890D16CE 
 914      9C4835CE 
 914      C16A5C42 
 914      39F5
 915 024a 8EEAAE3A 		.ascii	"\216\352\256:S<\365?\200\030\244>\005\320\301\251\373"
 915      533CF53F 
 915      8018A43E 
 915      05D0C1A9 
 915      FB
 916 025b 9B076E47 		.ascii	"\233\007nGMvN\204\3724\250\3118\326\265\341\260U\245"
 916      4D764E84 
 916      FA34A8C9 
 916      38D6B5E1 
 916      B055A5
 917 026e 51868D90 		.ascii	"Q\206\215\220}N\011\373RU\355\254j\370\024\322\264\345"
 917      7D4E09FB 
 917      5255EDAC 
 917      6AF814D2 
 917      B4E5
 918 0280 14D49612 		.ascii	"\024\324\226\022\0265O\211\312VW\3372\2204\3501\177"
 918      16354F89 
 918      CA5657DF 
 918      329034E8 
 918      317F
 919 0292 21518063 		.ascii	"!Q\200c\233.\375\231`\204s\336\310\332\005\236\265o"
 919      9B2EFD99 
 919      608473DE 
 919      C8DA059E 
 919      B56F
 920 02a4 5591EFB7 		.ascii	"U\221\357\267n\371\012\206\000\301EPa\352\202\262h\013"
 920      6EF90A86 
 920      00C14550 
 920      61EA82B2 
 920      680B
 921 02b6 8AB0CDAA 		.ascii	"\212\260\315\252\317\361\037\366\264&\306\317#&\035"
 921      CFF11FF6 
 921      B426C6CF 
 921      23261D
 922 02c5 E2FDCB0B 		.ascii	"\342\375\313\013\217\3204\\uF\341\\\001\270\314\003"
 922      8FD0345C 
 922      7546E15C 
ARM GAS  /tmp/cc6dxnkx.s 			page 29


 922      01B8CC03 
 923 02d5 E851CBE6 		.ascii	"\350Q\313\346\032\300u\200^\036.\222\3657\256~\370]"
 923      1AC07580 
 923      5E1E2E92 
 923      F537AE7E 
 923      F85D
 924 02e7 CA374869 		.ascii	"\3127Hi\201K\000g\201\243\006W8\242\352WVk\213\240\033"
 924      814B0067 
 924      81A30657 
 924      38A2EA57 
 924      566B8BA0 
 925 02fc E0EA2088 		.ascii	"\340\352 \210\276P8\246F\307\234\001\350\212\243\301"
 925      BE5038A6 
 925      46C79C01 
 925      E88AA3C1 
 926 030c 55C0DAD4 		.ascii	"U\300\332\324y4\366\374\262FR\313:\030\025\035\374\013"
 926      7934F6FC 
 926      B24652CB 
 926      3A18151D 
 926      FC0B
 927 031e F1F1213A 		.ascii	"\361\361!:\264\361\306\321d#S7\014\326\233<\235\035"
 927      B4F1C6D1 
 927      64235337 
 927      0CD69B3C 
 927      9D1D
 928 0330 2AE583D5 		.ascii	"*\345\203\325\333\316Z\342S\323\027S\204?]\334y\306"
 928      DBCE5AE2 
 928      53D31753 
 928      843F5DDC 
 928      79C6
 929 0342 825A7C2F 		.ascii	"\202Z|/\025d\300\204\275\214\215D\336c$]\241\0125\311"
 929      1564C084 
 929      BD8C8D44 
 929      DE63245D 
 929      A10A35C9 
 930 0356 8C4A4C62 		.ascii	"\214JLb\262\024\202\321\231wX\236H3\255\222\270\271"
 930      B21482D1 
 930      9977589E 
 930      4833AD92 
 930      B8B9
 931 0368 1952A504 		.ascii	"\031R\245\004\221\322n\263,e>\200\237\351zSF\236\"\310"
 931      91D26EB3 
 931      2C653E80 
 931      9FE97A53 
 931      469E22C8 
 932 037c 2B46769B 		.ascii	"+Fv\233\025\272\352\355\364\334<l\273\315!\220\321k"
 932      15BAEAED 
 932      F4DC3C6C 
 932      BBCD2190 
 932      D16B
 933 038e A620A662 		.ascii	"\246 \246b\257\333,\335a\353W\232\344V\272t,\256OI\266"
 933      AFDB2CDD 
 933      61EB579A 
 933      E456BA74 
 933      2CAE4F49 
 934 03a3 A7E3A4F3 		.ascii	"\247\343\244\363Dq\264\265\2115\261|<g\305\372_GJ\335"
 934      4471B4B5 
ARM GAS  /tmp/cc6dxnkx.s 			page 30


 934      8935B17C 
 934      3C67C5FA 
 934      5F474ADD 
 935 03b7 662B5264 		.ascii	"f+Rd\312\031\251r\2065\004\011\262,\245g\022\014B\266"
 935      CA19A972 
 935      86350409 
 935      B22CA567 
 935      120C42B6 
 936 03cb DBF3A884 		.ascii	"\333\363\250\204\314\202\030\002;\003\213]9\337;JJ\220"
 936      CC821802 
 936      3B038B5D 
 936      39DF3B4A 
 936      4A90
 937 03dd 12476764 		.ascii	"\022Ggd\022\"\223|\212\274\354i\370\0023j\312\306O\200"
 937      1222937C 
 937      8ABCEC69 
 937      F802336A 
 937      CAC64F80 
 938 03f1 4C89DA29 		.ascii	"L\211\332)\233\321m\306\363\203f\020\242\010\242\305"
 938      9BD16DC6 
 938      F3836610 
 938      A208A2C5 
 939 0401 020ADE12 		.ascii	"\002\012\336\022\2353\344\231v\211t\233)>J\027@\241"
 939      9D33E499 
 939      7689749B 
 939      293E4A17 
 939      40A1
 940 0413 60784A26 		.ascii	"`xJ&<\323\016\3421\244\375\361\006\364\206\237u\240"
 940      3CD30EE2 
 940      31A4FDF1 
 940      06F4869F 
 940      75A0
 941 0425 7F1B8465 		.ascii	"\177\033\204e\324q\276\022\250\216\346\020m4r\323\373"
 941      D471BE12 
 941      A88EE610 
 941      6D3472D3 
 941      FB
 942 0436 1C40751E 		.ascii	"\034@u\036\252\037_\240\371\350\"\274\215\"\217@@\207"
 942      AA1F5FA0 
 942      F9E822BC 
 942      8D228F40 
 942      4087
 943 0448 8479341F 		.ascii	"\204y4\037\035\020\361\325\273\\C\005\323h\037\325o"
 943      1D10F1D5 
 943      BB5C4305 
 943      D3681FD5 
 943      6F
 944 0459 50E00625 		.ascii	"P\340\006%\211\320\206C\"\332\017\254\233\201\025w\016"
 944      89D08643 
 944      22DA0FAC 
 944      9B811577 
 944      0E
 945 046a A65CC1BC 		.ascii	"\246\\\301\274)[\177\355J\202\221\253\362\010\260\201"
 945      295B7FED 
 945      4A8291AB 
 945      F208B081 
 946 047a 61778BBB 		.ascii	"aw\213\273\306fp\351\374S\305\242>\016\206w\013\254"
ARM GAS  /tmp/cc6dxnkx.s 			page 31


 946      C66670E9 
 946      FC53C5A2 
 946      3E0E8677 
 946      0BAC
 947 048c F328C0F1 		.ascii	"\363(\300\361\256\226\016\311(\357{Fy\337\327v\257\243"
 947      AE960EC9 
 947      28EF7B46 
 947      79DFD776 
 947      AFA3
 948 049e A73B3B53 		.ascii	"\247;;S\370\207\007\016\200O\335\027\250\272/\244\342"
 948      F887070E 
 948      804FDD17 
 948      A8BA2FA4 
 948      E2
 949 04af C3B38B7B 		.ascii	"\303\263\213{z\205Q\310~]Q\322\371\272{\000\300?\254"
 949      7A8551C8 
 949      7E5D51D2 
 949      F9BA7B00 
 949      C03FAC
 950 04c2 E021CEA7 		.ascii	"\340!\316\247_#\370\261\243\275F\034S[\253\364\327~"
 950      5F23F8B1 
 950      A3BD461C 
 950      535BABF4 
 950      D77E
 951 04d4 55D36CC6 		.ascii	"U\323l\306\225\276\010\035\004\204\300\035=\016\202"
 951      95BE081D 
 951      0484C01D 
 951      3D0E82
 952 04e3 3D02B701 		.ascii	"=\002\267\001\376\203q\265\002\333\310\270\337\215\213"
 952      FE8371B5 
 952      02DBC8B8 
 952      DF8D8B
 953 04f2 5B0F49AA 		.ascii	"[\017I\2520\362\372\370\316\027<\325\226\024\216\344"
 953      30F2FAF8 
 953      CE173CD5 
 953      96148EE4 
 954 0502 095F4FB7 		.ascii	"\011_O\267\033\352B4\"_\032QW0\353O5\365\023\267/\365"
 954      1BEA4234 
 954      225F1A51 
 954      5730EB4F 
 954      35F513B7 
 955 0518 A470F5BE 		.ascii	"\244p\365\276\035\315\037m\346\365\317+\355qD\370qD"
 955      1DCD1F6D 
 955      E6F5CF2B 
 955      ED7144F8 
 955      7144
 956 052a F820635B 		.ascii	"\370 c[T\341{u\373\3335\341[\232\360\226\013m\035\226"
 956      54E17B75 
 956      FBDB35E1 
 956      5B9AF096 
 956      0B6D1D96 
 957 053e B0F0628A 		.ascii	"\260\360b\212#\315\177_\355H\030B\270\012\205\361\354"
 957      23CD7F5F 
 957      ED481842 
 957      B80A85F1 
 957      EC
 958 054f E02C17BE 		.ascii	"\340,\027\276\330\377\251\304\205\353{\026\343\266\244"
ARM GAS  /tmp/cc6dxnkx.s 			page 32


 958      D8FFA9C4 
 958      85EB7B16 
 958      E3B6A4
 959 055e CDB98AC2 		.ascii	"\315\271\212\302\"\032\226^D\303\322\012c\273\207\226"
 959      221A965E 
 959      44C3D20A 
 959      63BB8796 
 960 056e DEDEDED8 		.ascii	"\336\336\336\330,\204\223\260\224K?\251\336\262J\013"
 960      2C8493B0 
 960      944B3FA9 
 960      DEB24A0B 
 961 057e 0677CB1A 		.ascii	"\006w\313\032>\362\333\332\025\313\254C\004\263\034"
 961      3EF2DBDA 
 961      15CBAC43 
 961      04B31C
 962 058d F99769C1 		.ascii	"\371\227i\301\334]\367\250%iL-\356\266\355u\017V\232"
 962      DC5DF7A8 
 962      25694C2D 
 962      EEB6ED75 
 962      0F569A
 963 05a0 BE519A28 		.ascii	"\276Q\232(>\206\352H,\325T/\265\003\365\233\367&\016"
 963      3E86EA48 
 963      2CD5542F 
 963      B503F59B 
 963      F7260E
 964 05b3 712CF383 		.ascii	"q,\363\203!r0_\337\327s$9~\273\333\035\263\335U\265"
 964      2172305F 
 964      DFD77324 
 964      397EBBDB 
 964      1DB3DD55 
 965 05c8 B6F4479D 		.ascii	"\266\364G\235D(\030\256\255\317\270\334\013\331\331"
 965      442818AE 
 965      ADCFB8DC 
 965      0BD9D9
 966 05d7 36EDDFE7 		.ascii	"6\355\337\347\267\225\026\227\331\374\025.~w\226\027"
 966      B7951697 
 966      D9FC152E 
 966      7E779617 
 967 05e7 9765BBC4 		.ascii	"\227e\273\304\327\337\236\2351%g\"I\213\014e\273&N\314"
 967      D7DF9E9D 
 967      31256722 
 967      498B0C65 
 967      BB264ECC 
 968 05fb 29297949 		.ascii	"))yI&l\262\303!\316\367\314\013\344\332\235\001ar\221"
 968      266CB2C3 
 968      21CEF7CC 
 968      0BE4DA9D 
 968      01617291 
 969 060f C3C10AA7 		.ascii	"\303\301\012\247:\330t\264)\2167\320\012\204\202)3\034"
 969      3AD874B4 
 969      298E37D0 
 969      0A848229 
 969      331C
 970 0621 0E5BA9CF 		.ascii	"\016[\251\317\353\266\315\363\270|e\305~\277k\256\315"
 970      EBB6CDF3 
 970      B87C65C5 
 970      7EBF6BAE 
ARM GAS  /tmp/cc6dxnkx.s 			page 33


 970      CD
 971 0632 E57106DC 		.ascii	"\345q\006\334\376\200mJ\251\347\003Oa\221Mv{Q\274h\326"
 971      FE806D4A 
 971      A9E7034F 
 971      61914D76 
 971      7B51BC68 
 972 0647 5BB9769B 		.ascii	"[\271v\233cV\226\332\311\317\031\237\253\365r\306Os"
 972      635696DA 
 972      C9CF199F 
 972      ABF572C6 
 972      4F73
 973 0659 4E7B6752 		.ascii	"N{gRAV\376\244Y\371EY\263\213&\023{t\320.\237\327\353"
 973      4156FEA4 
 973      59F94559 
 973      B38B2613 
 973      7B74D02E 
 974 0670 9B677357 		.ascii	"\233gsW\006\220\302\246;WV\332\374\001o\256\275\004"
 974      0690C2A6 
 974      3B5756DA 
 974      FC016FAE 
 974      BD04
 975 0682 692AE766 		.ascii	"i*\347f\227\022\313\3533\247\027:g}\\\356\236\352.\261"
 975      9712CBEB 
 975      33A7173A 
 975      677D5CEE 
 975      9EEA2EB1 
 976 0696 787CE5BE 		.ascii	"x|\345\276\212\200\267\330\377\2413`\341Sp\226\024\373"
 976      8A80B7D8 
 976      FFA13360 
 976      E1537096 
 976      14FB
 977 06a8 03AFE034 		.ascii	"\003\257\3404\370\230\211?\364\310\222\206\362\310\316"
 977      F898893F 
 977      F4C89286 
 977      F2C8CE
 978 06b7 80C95752 		.ascii	"\200\311WR\342w\007\306\304&\3133\317U6_vG\022VJ\022"
 978      E27707C6 
 978      C426CB33 
 978      CF55365F 
 978      76471256 
 979 06cd A6174E9E 		.ascii	"\246\027N\236\357\027=>\257Ov;\003,\347e\"\026Wx\027"
 979      EF173D3E 
 979      AF4F763B 
 979      032CE765 
 979      22165778 
 980 06e2 4CCCF212 		.ascii	"L\314\362\022\311\205t\356\312,o.\221\020\355p\027\313"
 980      C98574EE 
 980      CA2C6F2E 
 980      9110ED70 
 980      17CB
 981 06f4 881DFDCC 		.ascii	"\210\035\375\3147@\222\360\366n\205'\340Fh2\366\213"
 981      374092F0 
 981      F66E8527 
 981      E0466832 
 981      F68B
 982 0706 DC01ECBD 		.ascii	"\334\001\354\275\205\354#9\302YV&;1\264\271\025\276"
 982      85EC2339 
ARM GAS  /tmp/cc6dxnkx.s 			page 34


 982      C2595626 
 982      3B31B4B9 
 982      15BE
 983 0718 F9E55C73 		.ascii	"\371\345\\sB,\035\237C8\273\005\005Sm<\021\013r\302"
 983      422C1D9F 
 983      4338BB05 
 983      05536D3C 
 983      110B72C2 
 984 072c 0ADC1FC3 		.ascii	"\012\334\037\303\376\037\010a\303\237"
 984      FE1F0861 
 984      C39F
 985              		.text
 986              		.section	.gnu.lto_.symtab.d1a159e334b04536,"e",%progbits
 987 0000 70616C52 		.ascii	"palReadBus\000"
 987      65616442 
 987      757300
 988 000b 00       		.ascii	"\000"
 989 000c 00       		.ascii	"\000"
 990 000d 00       		.ascii	"\000"
 991 000e 00000000 		.ascii	"\000\000\000\000\000\000\000\000"
 991      00000000 
 992 0016 FC000000 		.ascii	"\374\000\000\000"
 993 001a 70616C57 		.ascii	"palWriteBus\000"
 993      72697465 
 993      42757300 
 994 0026 00       		.ascii	"\000"
 995 0027 00       		.ascii	"\000"
 996 0028 00       		.ascii	"\000"
 997 0029 00000000 		.ascii	"\000\000\000\000\000\000\000\000"
 997      00000000 
 998 0031 01010000 		.ascii	"\001\001\000\000"
 999 0035 70616C53 		.ascii	"palSetBusMode\000"
 999      65744275 
 999      734D6F64 
 999      6500
 1000 0043 00       		.ascii	"\000"
 1001 0044 00       		.ascii	"\000"
 1002 0045 00       		.ascii	"\000"
 1003 0046 00000000 		.ascii	"\000\000\000\000\000\000\000\000"
 1003      00000000 
 1004 004e 06010000 		.ascii	"\006\001\000\000"
 1005 0052 5F70616C 		.ascii	"_pal_lld_setgroupmode\000"
 1005      5F6C6C64 
 1005      5F736574 
 1005      67726F75 
 1005      706D6F64 
 1006 0068 00       		.ascii	"\000"
 1007 0069 02       		.ascii	"\002"
 1008 006a 00       		.ascii	"\000"
 1009 006b 00000000 		.ascii	"\000\000\000\000\000\000\000\000"
 1009      00000000 
 1010 0073 0C010000 		.ascii	"\014\001\000\000"
 1011              		.text
 1012              		.section	.gnu.lto_.ext_symtab.d1a159e334b04536,"e",%progbits
 1013 0000 01       		.ascii	"\001"
 1014 0001 01       		.ascii	"\001"
 1015 0002 00       		.ascii	"\000"
ARM GAS  /tmp/cc6dxnkx.s 			page 35


 1016 0003 01       		.ascii	"\001"
 1017 0004 00       		.ascii	"\000"
 1018 0005 01       		.ascii	"\001"
 1019 0006 00       		.ascii	"\000"
 1020 0007 01       		.ascii	"\001"
 1021 0008 00       		.ascii	"\000"
 1022              		.text
 1023              		.section	.gnu.lto_.opts,"e",%progbits
 1024 0000 272D666E 		.ascii	"'-fno-openmp' '-fno-openacc' '-fno-pie' '-fcf-prote"
 1024      6F2D6F70 
 1024      656E6D70 
 1024      2720272D 
 1024      666E6F2D 
 1025 0033 6374696F 		.ascii	"ction=none' '-g' '-mcpu=cortex-m3' '-mthumb' '-mflo"
 1025      6E3D6E6F 
 1025      6E652720 
 1025      272D6727 
 1025      20272D6D 
 1026 0066 61742D61 		.ascii	"at-abi=soft' '-mlibarch=armv7-m' '-march=armv7-m' '"
 1026      62693D73 
 1026      6F667427 
 1026      20272D6D 
 1026      6C696261 
 1027 0099 2D4F3227 		.ascii	"-O2' '-fomit-frame-pointer' '-falign-functions=16' "
 1027      20272D66 
 1027      6F6D6974 
 1027      2D667261 
 1027      6D652D70 
 1028 00cc 272D6666 		.ascii	"'-ffunction-sections' '-fdata-sections' '-fno-commo"
 1028      756E6374 
 1028      696F6E2D 
 1028      73656374 
 1028      696F6E73 
 1029 00ff 6E272027 		.ascii	"n' '-flto' '-Xassembler' '-alms=./build/lst/hal_pal"
 1029      2D666C74 
 1029      6F272027 
 1029      2D586173 
 1029      73656D62 
 1030 0132 2E6C7374 		.ascii	".lst'\000"
 1030      2700
 1031              		.text
 1032              		.comm	__gnu_lto_slim,1,1
 1033              		.ident	"GCC: (15:10.3-2021.07-4) 10.3.1 20210621 (release)"
ARM GAS  /tmp/cc6dxnkx.s 			page 36


DEFINED SYMBOLS
                            *ABS*:0000000000000000 hal_pal.c
     /tmp/cc6dxnkx.s:21     .gnu.debuglto_.debug_info:0000000000000000 hal_pal.c.c771ff4d
                            *COM*:0000000000000001 __gnu_lto_slim

NO UNDEFINED SYMBOLS
