ARM GAS  /tmp/ccRhPMez.s 			page 1


   1              		.cpu cortex-m3
   2              		.eabi_attribute 20, 1
   3              		.eabi_attribute 21, 1
   4              		.eabi_attribute 23, 3
   5              		.eabi_attribute 24, 1
   6              		.eabi_attribute 25, 1
   7              		.eabi_attribute 26, 1
   8              		.eabi_attribute 30, 2
   9              		.eabi_attribute 34, 1
  10              		.eabi_attribute 18, 4
  11              		.file	"hal_pal_lld.c"
  12              		.file 1 "/usr/lib/gcc/arm-none-eabi/10.3.1/include/stdint.h"
  13              		.file 2 "../../../os/common/ext/ST/STM32F1xx/stm32f103xg.h"
  14              		.file 3 "../../../os/hal/ports/STM32/LLD/GPIOv1/hal_pal_lld.h"
  15              		.file 4 "../../../os/hal/ports/STM32/LLD/GPIOv1/hal_pal_lld.c"
  16              		.section	.gnu.debuglto_.debug_info,"e",%progbits
  17              	.Ldebug_info0:
  18              		.hidden	hal_pal_lld.c.8a78d511
  19              		.weak	hal_pal_lld.c.8a78d511
  20              	hal_pal_lld.c.8a78d511:
  21 0000 46030000 		.4byte	0x346
  22 0004 0400     		.2byte	0x4
  23 0006 00000000 		.4byte	.Ldebug_abbrev0
  24 000a 04       		.byte	0x4
  25 000b 01       		.uleb128 0x1
  26 000c B2010000 		.4byte	.LASF44
  27 0010 0C       		.byte	0xc
  28 0011 A8000000 		.4byte	.LASF45
  29 0015 4E010000 		.4byte	.LASF46
  30 0019 00000000 		.4byte	.Ldebug_line0
  31 001d 02       		.uleb128 0x2
  32 001e 04       		.byte	0x4
  33 001f 05       		.byte	0x5
  34 0020 696E7400 		.ascii	"int\000"
  35 0024 03       		.uleb128 0x3
  36 0025 04       		.byte	0x4
  37 0026 07       		.byte	0x7
  38 0027 34000000 		.4byte	.LASF0
  39 002b 03       		.uleb128 0x3
  40 002c 08       		.byte	0x8
  41 002d 05       		.byte	0x5
  42 002e 00000000 		.4byte	.LASF1
  43 0032 03       		.uleb128 0x3
  44 0033 08       		.byte	0x8
  45 0034 04       		.byte	0x4
  46 0035 BC020000 		.4byte	.LASF2
  47 0039 03       		.uleb128 0x3
  48 003a 01       		.byte	0x1
  49 003b 06       		.byte	0x6
  50 003c C8020000 		.4byte	.LASF3
  51 0040 03       		.uleb128 0x3
  52 0041 02       		.byte	0x2
  53 0042 05       		.byte	0x5
  54 0043 82020000 		.4byte	.LASF4
  55 0047 03       		.uleb128 0x3
  56 0048 04       		.byte	0x4
  57 0049 05       		.byte	0x5
ARM GAS  /tmp/ccRhPMez.s 			page 2


  58 004a B3020000 		.4byte	.LASF5
  59 004e 04       		.uleb128 0x4
  60 004f 41010000 		.4byte	.LASF8
  61 0053 01       		.byte	0x1
  62 0054 2E       		.byte	0x2e
  63 0055 18       		.byte	0x18
  64 0056 5F000000 		.4byte	0x5f
  65 005a 05       		.uleb128 0x5
  66 005b 4E000000 		.4byte	0x4e
  67 005f 03       		.uleb128 0x3
  68 0060 01       		.byte	0x1
  69 0061 08       		.byte	0x8
  70 0062 67000000 		.4byte	.LASF6
  71 0066 03       		.uleb128 0x3
  72 0067 02       		.byte	0x2
  73 0068 07       		.byte	0x7
  74 0069 DD000000 		.4byte	.LASF7
  75 006d 04       		.uleb128 0x4
  76 006e AA020000 		.4byte	.LASF9
  77 0072 01       		.byte	0x1
  78 0073 34       		.byte	0x34
  79 0074 19       		.byte	0x19
  80 0075 7E000000 		.4byte	0x7e
  81 0079 06       		.uleb128 0x6
  82 007a 6D000000 		.4byte	0x6d
  83 007e 03       		.uleb128 0x3
  84 007f 04       		.byte	0x4
  85 0080 07       		.byte	0x7
  86 0081 96000000 		.4byte	.LASF10
  87 0085 03       		.uleb128 0x3
  88 0086 08       		.byte	0x8
  89 0087 07       		.byte	0x7
  90 0088 E1020000 		.4byte	.LASF11
  91 008c 03       		.uleb128 0x3
  92 008d 01       		.byte	0x1
  93 008e 08       		.byte	0x8
  94 008f 3C010000 		.4byte	.LASF12
  95 0093 07       		.uleb128 0x7
  96 0094 1C       		.byte	0x1c
  97 0095 02       		.byte	0x2
  98 0096 F901     		.2byte	0x1f9
  99 0098 09       		.byte	0x9
 100 0099 00010000 		.4byte	0x100
 101 009d 08       		.uleb128 0x8
 102 009e 43524C00 		.ascii	"CRL\000"
 103 00a2 02       		.byte	0x2
 104 00a3 FB01     		.2byte	0x1fb
 105 00a5 11       		.byte	0x11
 106 00a6 79000000 		.4byte	0x79
 107 00aa 00       		.byte	0
 108 00ab 08       		.uleb128 0x8
 109 00ac 43524800 		.ascii	"CRH\000"
 110 00b0 02       		.byte	0x2
 111 00b1 FC01     		.2byte	0x1fc
 112 00b3 11       		.byte	0x11
 113 00b4 79000000 		.4byte	0x79
 114 00b8 04       		.byte	0x4
ARM GAS  /tmp/ccRhPMez.s 			page 3


 115 00b9 08       		.uleb128 0x8
 116 00ba 49445200 		.ascii	"IDR\000"
 117 00be 02       		.byte	0x2
 118 00bf FD01     		.2byte	0x1fd
 119 00c1 11       		.byte	0x11
 120 00c2 79000000 		.4byte	0x79
 121 00c6 08       		.byte	0x8
 122 00c7 08       		.uleb128 0x8
 123 00c8 4F445200 		.ascii	"ODR\000"
 124 00cc 02       		.byte	0x2
 125 00cd FE01     		.2byte	0x1fe
 126 00cf 11       		.byte	0x11
 127 00d0 79000000 		.4byte	0x79
 128 00d4 0C       		.byte	0xc
 129 00d5 09       		.uleb128 0x9
 130 00d6 28000000 		.4byte	.LASF13
 131 00da 02       		.byte	0x2
 132 00db FF01     		.2byte	0x1ff
 133 00dd 11       		.byte	0x11
 134 00de 79000000 		.4byte	0x79
 135 00e2 10       		.byte	0x10
 136 00e3 08       		.uleb128 0x8
 137 00e4 42525200 		.ascii	"BRR\000"
 138 00e8 02       		.byte	0x2
 139 00e9 0002     		.2byte	0x200
 140 00eb 11       		.byte	0x11
 141 00ec 79000000 		.4byte	0x79
 142 00f0 14       		.byte	0x14
 143 00f1 09       		.uleb128 0x9
 144 00f2 F8020000 		.4byte	.LASF14
 145 00f6 02       		.byte	0x2
 146 00f7 0102     		.2byte	0x201
 147 00f9 11       		.byte	0x11
 148 00fa 79000000 		.4byte	0x79
 149 00fe 18       		.byte	0x18
 150 00ff 00       		.byte	0
 151 0100 0A       		.uleb128 0xa
 152 0101 F0000000 		.4byte	.LASF15
 153 0105 02       		.byte	0x2
 154 0106 0202     		.2byte	0x202
 155 0108 03       		.byte	0x3
 156 0109 93000000 		.4byte	0x93
 157 010d 07       		.uleb128 0x7
 158 010e 28       		.byte	0x28
 159 010f 02       		.byte	0x2
 160 0110 3B02     		.2byte	0x23b
 161 0112 09       		.byte	0x9
 162 0113 A3010000 		.4byte	0x1a3
 163 0117 08       		.uleb128 0x8
 164 0118 435200   		.ascii	"CR\000"
 165 011b 02       		.byte	0x2
 166 011c 3D02     		.2byte	0x23d
 167 011e 11       		.byte	0x11
 168 011f 79000000 		.4byte	0x79
 169 0123 00       		.byte	0
 170 0124 09       		.uleb128 0x9
 171 0125 A0010000 		.4byte	.LASF16
ARM GAS  /tmp/ccRhPMez.s 			page 4


 172 0129 02       		.byte	0x2
 173 012a 3E02     		.2byte	0x23e
 174 012c 11       		.byte	0x11
 175 012d 79000000 		.4byte	0x79
 176 0131 04       		.byte	0x4
 177 0132 08       		.uleb128 0x8
 178 0133 43495200 		.ascii	"CIR\000"
 179 0137 02       		.byte	0x2
 180 0138 3F02     		.2byte	0x23f
 181 013a 11       		.byte	0x11
 182 013b 79000000 		.4byte	0x79
 183 013f 08       		.byte	0x8
 184 0140 09       		.uleb128 0x9
 185 0141 16010000 		.4byte	.LASF17
 186 0145 02       		.byte	0x2
 187 0146 4002     		.2byte	0x240
 188 0148 11       		.byte	0x11
 189 0149 79000000 		.4byte	0x79
 190 014d 0C       		.byte	0xc
 191 014e 09       		.uleb128 0x9
 192 014f 57000000 		.4byte	.LASF18
 193 0153 02       		.byte	0x2
 194 0154 4102     		.2byte	0x241
 195 0156 11       		.byte	0x11
 196 0157 79000000 		.4byte	0x79
 197 015b 10       		.byte	0x10
 198 015c 09       		.uleb128 0x9
 199 015d 2D000000 		.4byte	.LASF19
 200 0161 02       		.byte	0x2
 201 0162 4202     		.2byte	0x242
 202 0164 11       		.byte	0x11
 203 0165 79000000 		.4byte	0x79
 204 0169 14       		.byte	0x14
 205 016a 09       		.uleb128 0x9
 206 016b A5010000 		.4byte	.LASF20
 207 016f 02       		.byte	0x2
 208 0170 4302     		.2byte	0x243
 209 0172 11       		.byte	0x11
 210 0173 79000000 		.4byte	0x79
 211 0177 18       		.byte	0x18
 212 0178 09       		.uleb128 0x9
 213 0179 0E010000 		.4byte	.LASF21
 214 017d 02       		.byte	0x2
 215 017e 4402     		.2byte	0x244
 216 0180 11       		.byte	0x11
 217 0181 79000000 		.4byte	0x79
 218 0185 1C       		.byte	0x1c
 219 0186 09       		.uleb128 0x9
 220 0187 0E000000 		.4byte	.LASF22
 221 018b 02       		.byte	0x2
 222 018c 4502     		.2byte	0x245
 223 018e 11       		.byte	0x11
 224 018f 79000000 		.4byte	0x79
 225 0193 20       		.byte	0x20
 226 0194 08       		.uleb128 0x8
 227 0195 43535200 		.ascii	"CSR\000"
 228 0199 02       		.byte	0x2
ARM GAS  /tmp/ccRhPMez.s 			page 5


 229 019a 4602     		.2byte	0x246
 230 019c 11       		.byte	0x11
 231 019d 79000000 		.4byte	0x79
 232 01a1 24       		.byte	0x24
 233 01a2 00       		.byte	0
 234 01a3 0A       		.uleb128 0xa
 235 01a4 9E020000 		.4byte	.LASF23
 236 01a8 02       		.byte	0x2
 237 01a9 4902     		.2byte	0x249
 238 01ab 03       		.byte	0x3
 239 01ac 0D010000 		.4byte	0x10d
 240 01b0 03       		.uleb128 0x3
 241 01b1 01       		.byte	0x1
 242 01b2 02       		.byte	0x2
 243 01b3 DB020000 		.4byte	.LASF24
 244 01b7 0B       		.uleb128 0xb
 245 01b8 0C       		.byte	0xc
 246 01b9 03       		.byte	0x3
 247 01ba 68       		.byte	0x68
 248 01bb 09       		.byte	0x9
 249 01bc E8010000 		.4byte	0x1e8
 250 01c0 0C       		.uleb128 0xc
 251 01c1 6F647200 		.ascii	"odr\000"
 252 01c5 03       		.byte	0x3
 253 01c6 6A       		.byte	0x6a
 254 01c7 11       		.byte	0x11
 255 01c8 6D000000 		.4byte	0x6d
 256 01cc 00       		.byte	0
 257 01cd 0C       		.uleb128 0xc
 258 01ce 63726C00 		.ascii	"crl\000"
 259 01d2 03       		.byte	0x3
 260 01d3 6C       		.byte	0x6c
 261 01d4 11       		.byte	0x11
 262 01d5 6D000000 		.4byte	0x6d
 263 01d9 04       		.byte	0x4
 264 01da 0C       		.uleb128 0xc
 265 01db 63726800 		.ascii	"crh\000"
 266 01df 03       		.byte	0x3
 267 01e0 6E       		.byte	0x6e
 268 01e1 11       		.byte	0x11
 269 01e2 6D000000 		.4byte	0x6d
 270 01e6 08       		.byte	0x8
 271 01e7 00       		.byte	0
 272 01e8 04       		.uleb128 0x4
 273 01e9 75000000 		.4byte	.LASF25
 274 01ed 03       		.byte	0x3
 275 01ee 6F       		.byte	0x6f
 276 01ef 03       		.byte	0x3
 277 01f0 B7010000 		.4byte	0x1b7
 278 01f4 0B       		.uleb128 0xb
 279 01f5 54       		.byte	0x54
 280 01f6 03       		.byte	0x3
 281 01f7 78       		.byte	0x78
 282 01f8 09       		.byte	0x9
 283 01f9 59020000 		.4byte	0x259
 284 01fd 0D       		.uleb128 0xd
 285 01fe 88000000 		.4byte	.LASF26
ARM GAS  /tmp/ccRhPMez.s 			page 6


 286 0202 03       		.byte	0x3
 287 0203 7A       		.byte	0x7a
 288 0204 19       		.byte	0x19
 289 0205 E8010000 		.4byte	0x1e8
 290 0209 00       		.byte	0
 291 020a 0D       		.uleb128 0xd
 292 020b 35010000 		.4byte	.LASF27
 293 020f 03       		.byte	0x3
 294 0210 7C       		.byte	0x7c
 295 0211 19       		.byte	0x19
 296 0212 E8010000 		.4byte	0x1e8
 297 0216 0C       		.byte	0xc
 298 0217 0D       		.uleb128 0xd
 299 0218 8C020000 		.4byte	.LASF28
 300 021c 03       		.byte	0x3
 301 021d 7E       		.byte	0x7e
 302 021e 19       		.byte	0x19
 303 021f E8010000 		.4byte	0x1e8
 304 0223 18       		.byte	0x18
 305 0224 0D       		.uleb128 0xd
 306 0225 13000000 		.4byte	.LASF29
 307 0229 03       		.byte	0x3
 308 022a 80       		.byte	0x80
 309 022b 19       		.byte	0x19
 310 022c E8010000 		.4byte	0x1e8
 311 0230 24       		.byte	0x24
 312 0231 0D       		.uleb128 0xd
 313 0232 60000000 		.4byte	.LASF30
 314 0236 03       		.byte	0x3
 315 0237 83       		.byte	0x83
 316 0238 19       		.byte	0x19
 317 0239 E8010000 		.4byte	0x1e8
 318 023d 30       		.byte	0x30
 319 023e 0D       		.uleb128 0xd
 320 023f D4020000 		.4byte	.LASF31
 321 0243 03       		.byte	0x3
 322 0244 86       		.byte	0x86
 323 0245 19       		.byte	0x19
 324 0246 E8010000 		.4byte	0x1e8
 325 024a 3C       		.byte	0x3c
 326 024b 0D       		.uleb128 0xd
 327 024c 7B020000 		.4byte	.LASF32
 328 0250 03       		.byte	0x3
 329 0251 89       		.byte	0x89
 330 0252 19       		.byte	0x19
 331 0253 E8010000 		.4byte	0x1e8
 332 0257 48       		.byte	0x48
 333 0258 00       		.byte	0
 334 0259 04       		.uleb128 0x4
 335 025a 04010000 		.4byte	.LASF33
 336 025e 03       		.byte	0x3
 337 025f 8D       		.byte	0x8d
 338 0260 03       		.byte	0x3
 339 0261 F4010000 		.4byte	0x1f4
 340 0265 05       		.uleb128 0x5
 341 0266 59020000 		.4byte	0x259
 342 026a 04       		.uleb128 0x4
ARM GAS  /tmp/ccRhPMez.s 			page 7


 343 026b 41000000 		.4byte	.LASF34
 344 026f 03       		.byte	0x3
 345 0270 92       		.byte	0x92
 346 0271 12       		.byte	0x12
 347 0272 6D000000 		.4byte	0x6d
 348 0276 04       		.uleb128 0x4
 349 0277 4E000000 		.4byte	.LASF35
 350 027b 03       		.byte	0x3
 351 027c 97       		.byte	0x97
 352 027d 12       		.byte	0x12
 353 027e 6D000000 		.4byte	0x6d
 354 0282 04       		.uleb128 0x4
 355 0283 93020000 		.4byte	.LASF36
 356 0287 03       		.byte	0x3
 357 0288 A9       		.byte	0xa9
 358 0289 18       		.byte	0x18
 359 028a 8E020000 		.4byte	0x28e
 360 028e 0E       		.uleb128 0xe
 361 028f 04       		.byte	0x4
 362 0290 00010000 		.4byte	0x100
 363 0294 0F       		.uleb128 0xf
 364 0295 1F010000 		.4byte	.LASF41
 365 0299 04       		.byte	0x4
 366 029a 91       		.byte	0x91
 367 029b 06       		.byte	0x6
 368 029c 15030000 		.4byte	0x315
 369 02a0 10       		.uleb128 0x10
 370 02a1 76020000 		.4byte	.LASF37
 371 02a5 04       		.byte	0x4
 372 02a6 91       		.byte	0x91
 373 02a7 27       		.byte	0x27
 374 02a8 82020000 		.4byte	0x282
 375 02ac 10       		.uleb128 0x10
 376 02ad AD010000 		.4byte	.LASF38
 377 02b1 04       		.byte	0x4
 378 02b2 92       		.byte	0x92
 379 02b3 29       		.byte	0x29
 380 02b4 6A020000 		.4byte	0x26a
 381 02b8 10       		.uleb128 0x10
 382 02b9 49010000 		.4byte	.LASF39
 383 02bd 04       		.byte	0x4
 384 02be 93       		.byte	0x93
 385 02bf 25       		.byte	0x25
 386 02c0 76020000 		.4byte	0x276
 387 02c4 11       		.uleb128 0x11
 388 02c5 8F000000 		.4byte	.LASF40
 389 02c9 04       		.byte	0x4
 390 02ca 94       		.byte	0x94
 391 02cb 18       		.byte	0x18
 392 02cc 25030000 		.4byte	0x325
 393 02d0 12       		.uleb128 0x12
 394 02d1 6D6800   		.ascii	"mh\000"
 395 02d4 04       		.byte	0x4
 396 02d5 A8       		.byte	0xa8
 397 02d6 0C       		.byte	0xc
 398 02d7 6D000000 		.4byte	0x6d
 399 02db 12       		.uleb128 0x12
ARM GAS  /tmp/ccRhPMez.s 			page 8


 400 02dc 6D6C00   		.ascii	"ml\000"
 401 02df 04       		.byte	0x4
 402 02e0 A8       		.byte	0xa8
 403 02e1 10       		.byte	0x10
 404 02e2 6D000000 		.4byte	0x6d
 405 02e6 12       		.uleb128 0x12
 406 02e7 63726800 		.ascii	"crh\000"
 407 02eb 04       		.byte	0x4
 408 02ec A8       		.byte	0xa8
 409 02ed 14       		.byte	0x14
 410 02ee 6D000000 		.4byte	0x6d
 411 02f2 12       		.uleb128 0x12
 412 02f3 63726C00 		.ascii	"crl\000"
 413 02f7 04       		.byte	0x4
 414 02f8 A8       		.byte	0xa8
 415 02f9 19       		.byte	0x19
 416 02fa 6D000000 		.4byte	0x6d
 417 02fe 12       		.uleb128 0x12
 418 02ff 63666700 		.ascii	"cfg\000"
 419 0303 04       		.byte	0x4
 420 0304 A8       		.byte	0xa8
 421 0305 1E       		.byte	0x1e
 422 0306 6D000000 		.4byte	0x6d
 423 030a 12       		.uleb128 0x12
 424 030b 6900     		.ascii	"i\000"
 425 030d 04       		.byte	0x4
 426 030e A9       		.byte	0xa9
 427 030f 0C       		.byte	0xc
 428 0310 24000000 		.4byte	0x24
 429 0314 00       		.byte	0
 430 0315 13       		.uleb128 0x13
 431 0316 5A000000 		.4byte	0x5a
 432 031a 25030000 		.4byte	0x325
 433 031e 14       		.uleb128 0x14
 434 031f 24000000 		.4byte	0x24
 435 0323 11       		.byte	0x11
 436 0324 00       		.byte	0
 437 0325 05       		.uleb128 0x5
 438 0326 15030000 		.4byte	0x315
 439 032a 0F       		.uleb128 0xf
 440 032b 1A000000 		.4byte	.LASF42
 441 032f 04       		.byte	0x4
 442 0330 53       		.byte	0x53
 443 0331 06       		.byte	0x6
 444 0332 43030000 		.4byte	0x343
 445 0336 10       		.uleb128 0x10
 446 0337 FD000000 		.4byte	.LASF43
 447 033b 04       		.byte	0x4
 448 033c 53       		.byte	0x53
 449 033d 25       		.byte	0x25
 450 033e 43030000 		.4byte	0x343
 451 0342 00       		.byte	0
 452 0343 0E       		.uleb128 0xe
 453 0344 04       		.byte	0x4
 454 0345 65020000 		.4byte	0x265
 455 0349 00       		.byte	0
 456              		.section	.gnu.debuglto_.debug_abbrev,"e",%progbits
ARM GAS  /tmp/ccRhPMez.s 			page 9


 457              	.Ldebug_abbrev0:
 458 0000 01       		.uleb128 0x1
 459 0001 11       		.uleb128 0x11
 460 0002 01       		.byte	0x1
 461 0003 25       		.uleb128 0x25
 462 0004 0E       		.uleb128 0xe
 463 0005 13       		.uleb128 0x13
 464 0006 0B       		.uleb128 0xb
 465 0007 03       		.uleb128 0x3
 466 0008 0E       		.uleb128 0xe
 467 0009 1B       		.uleb128 0x1b
 468 000a 0E       		.uleb128 0xe
 469 000b 10       		.uleb128 0x10
 470 000c 17       		.uleb128 0x17
 471 000d 00       		.byte	0
 472 000e 00       		.byte	0
 473 000f 02       		.uleb128 0x2
 474 0010 24       		.uleb128 0x24
 475 0011 00       		.byte	0
 476 0012 0B       		.uleb128 0xb
 477 0013 0B       		.uleb128 0xb
 478 0014 3E       		.uleb128 0x3e
 479 0015 0B       		.uleb128 0xb
 480 0016 03       		.uleb128 0x3
 481 0017 08       		.uleb128 0x8
 482 0018 00       		.byte	0
 483 0019 00       		.byte	0
 484 001a 03       		.uleb128 0x3
 485 001b 24       		.uleb128 0x24
 486 001c 00       		.byte	0
 487 001d 0B       		.uleb128 0xb
 488 001e 0B       		.uleb128 0xb
 489 001f 3E       		.uleb128 0x3e
 490 0020 0B       		.uleb128 0xb
 491 0021 03       		.uleb128 0x3
 492 0022 0E       		.uleb128 0xe
 493 0023 00       		.byte	0
 494 0024 00       		.byte	0
 495 0025 04       		.uleb128 0x4
 496 0026 16       		.uleb128 0x16
 497 0027 00       		.byte	0
 498 0028 03       		.uleb128 0x3
 499 0029 0E       		.uleb128 0xe
 500 002a 3A       		.uleb128 0x3a
 501 002b 0B       		.uleb128 0xb
 502 002c 3B       		.uleb128 0x3b
 503 002d 0B       		.uleb128 0xb
 504 002e 39       		.uleb128 0x39
 505 002f 0B       		.uleb128 0xb
 506 0030 49       		.uleb128 0x49
 507 0031 13       		.uleb128 0x13
 508 0032 00       		.byte	0
 509 0033 00       		.byte	0
 510 0034 05       		.uleb128 0x5
 511 0035 26       		.uleb128 0x26
 512 0036 00       		.byte	0
 513 0037 49       		.uleb128 0x49
ARM GAS  /tmp/ccRhPMez.s 			page 10


 514 0038 13       		.uleb128 0x13
 515 0039 00       		.byte	0
 516 003a 00       		.byte	0
 517 003b 06       		.uleb128 0x6
 518 003c 35       		.uleb128 0x35
 519 003d 00       		.byte	0
 520 003e 49       		.uleb128 0x49
 521 003f 13       		.uleb128 0x13
 522 0040 00       		.byte	0
 523 0041 00       		.byte	0
 524 0042 07       		.uleb128 0x7
 525 0043 13       		.uleb128 0x13
 526 0044 01       		.byte	0x1
 527 0045 0B       		.uleb128 0xb
 528 0046 0B       		.uleb128 0xb
 529 0047 3A       		.uleb128 0x3a
 530 0048 0B       		.uleb128 0xb
 531 0049 3B       		.uleb128 0x3b
 532 004a 05       		.uleb128 0x5
 533 004b 39       		.uleb128 0x39
 534 004c 0B       		.uleb128 0xb
 535 004d 01       		.uleb128 0x1
 536 004e 13       		.uleb128 0x13
 537 004f 00       		.byte	0
 538 0050 00       		.byte	0
 539 0051 08       		.uleb128 0x8
 540 0052 0D       		.uleb128 0xd
 541 0053 00       		.byte	0
 542 0054 03       		.uleb128 0x3
 543 0055 08       		.uleb128 0x8
 544 0056 3A       		.uleb128 0x3a
 545 0057 0B       		.uleb128 0xb
 546 0058 3B       		.uleb128 0x3b
 547 0059 05       		.uleb128 0x5
 548 005a 39       		.uleb128 0x39
 549 005b 0B       		.uleb128 0xb
 550 005c 49       		.uleb128 0x49
 551 005d 13       		.uleb128 0x13
 552 005e 38       		.uleb128 0x38
 553 005f 0B       		.uleb128 0xb
 554 0060 00       		.byte	0
 555 0061 00       		.byte	0
 556 0062 09       		.uleb128 0x9
 557 0063 0D       		.uleb128 0xd
 558 0064 00       		.byte	0
 559 0065 03       		.uleb128 0x3
 560 0066 0E       		.uleb128 0xe
 561 0067 3A       		.uleb128 0x3a
 562 0068 0B       		.uleb128 0xb
 563 0069 3B       		.uleb128 0x3b
 564 006a 05       		.uleb128 0x5
 565 006b 39       		.uleb128 0x39
 566 006c 0B       		.uleb128 0xb
 567 006d 49       		.uleb128 0x49
 568 006e 13       		.uleb128 0x13
 569 006f 38       		.uleb128 0x38
 570 0070 0B       		.uleb128 0xb
ARM GAS  /tmp/ccRhPMez.s 			page 11


 571 0071 00       		.byte	0
 572 0072 00       		.byte	0
 573 0073 0A       		.uleb128 0xa
 574 0074 16       		.uleb128 0x16
 575 0075 00       		.byte	0
 576 0076 03       		.uleb128 0x3
 577 0077 0E       		.uleb128 0xe
 578 0078 3A       		.uleb128 0x3a
 579 0079 0B       		.uleb128 0xb
 580 007a 3B       		.uleb128 0x3b
 581 007b 05       		.uleb128 0x5
 582 007c 39       		.uleb128 0x39
 583 007d 0B       		.uleb128 0xb
 584 007e 49       		.uleb128 0x49
 585 007f 13       		.uleb128 0x13
 586 0080 00       		.byte	0
 587 0081 00       		.byte	0
 588 0082 0B       		.uleb128 0xb
 589 0083 13       		.uleb128 0x13
 590 0084 01       		.byte	0x1
 591 0085 0B       		.uleb128 0xb
 592 0086 0B       		.uleb128 0xb
 593 0087 3A       		.uleb128 0x3a
 594 0088 0B       		.uleb128 0xb
 595 0089 3B       		.uleb128 0x3b
 596 008a 0B       		.uleb128 0xb
 597 008b 39       		.uleb128 0x39
 598 008c 0B       		.uleb128 0xb
 599 008d 01       		.uleb128 0x1
 600 008e 13       		.uleb128 0x13
 601 008f 00       		.byte	0
 602 0090 00       		.byte	0
 603 0091 0C       		.uleb128 0xc
 604 0092 0D       		.uleb128 0xd
 605 0093 00       		.byte	0
 606 0094 03       		.uleb128 0x3
 607 0095 08       		.uleb128 0x8
 608 0096 3A       		.uleb128 0x3a
 609 0097 0B       		.uleb128 0xb
 610 0098 3B       		.uleb128 0x3b
 611 0099 0B       		.uleb128 0xb
 612 009a 39       		.uleb128 0x39
 613 009b 0B       		.uleb128 0xb
 614 009c 49       		.uleb128 0x49
 615 009d 13       		.uleb128 0x13
 616 009e 38       		.uleb128 0x38
 617 009f 0B       		.uleb128 0xb
 618 00a0 00       		.byte	0
 619 00a1 00       		.byte	0
 620 00a2 0D       		.uleb128 0xd
 621 00a3 0D       		.uleb128 0xd
 622 00a4 00       		.byte	0
 623 00a5 03       		.uleb128 0x3
 624 00a6 0E       		.uleb128 0xe
 625 00a7 3A       		.uleb128 0x3a
 626 00a8 0B       		.uleb128 0xb
 627 00a9 3B       		.uleb128 0x3b
ARM GAS  /tmp/ccRhPMez.s 			page 12


 628 00aa 0B       		.uleb128 0xb
 629 00ab 39       		.uleb128 0x39
 630 00ac 0B       		.uleb128 0xb
 631 00ad 49       		.uleb128 0x49
 632 00ae 13       		.uleb128 0x13
 633 00af 38       		.uleb128 0x38
 634 00b0 0B       		.uleb128 0xb
 635 00b1 00       		.byte	0
 636 00b2 00       		.byte	0
 637 00b3 0E       		.uleb128 0xe
 638 00b4 0F       		.uleb128 0xf
 639 00b5 00       		.byte	0
 640 00b6 0B       		.uleb128 0xb
 641 00b7 0B       		.uleb128 0xb
 642 00b8 49       		.uleb128 0x49
 643 00b9 13       		.uleb128 0x13
 644 00ba 00       		.byte	0
 645 00bb 00       		.byte	0
 646 00bc 0F       		.uleb128 0xf
 647 00bd 2E       		.uleb128 0x2e
 648 00be 01       		.byte	0x1
 649 00bf 3F       		.uleb128 0x3f
 650 00c0 19       		.uleb128 0x19
 651 00c1 03       		.uleb128 0x3
 652 00c2 0E       		.uleb128 0xe
 653 00c3 3A       		.uleb128 0x3a
 654 00c4 0B       		.uleb128 0xb
 655 00c5 3B       		.uleb128 0x3b
 656 00c6 0B       		.uleb128 0xb
 657 00c7 39       		.uleb128 0x39
 658 00c8 0B       		.uleb128 0xb
 659 00c9 27       		.uleb128 0x27
 660 00ca 19       		.uleb128 0x19
 661 00cb 01       		.uleb128 0x1
 662 00cc 13       		.uleb128 0x13
 663 00cd 00       		.byte	0
 664 00ce 00       		.byte	0
 665 00cf 10       		.uleb128 0x10
 666 00d0 05       		.uleb128 0x5
 667 00d1 00       		.byte	0
 668 00d2 03       		.uleb128 0x3
 669 00d3 0E       		.uleb128 0xe
 670 00d4 3A       		.uleb128 0x3a
 671 00d5 0B       		.uleb128 0xb
 672 00d6 3B       		.uleb128 0x3b
 673 00d7 0B       		.uleb128 0xb
 674 00d8 39       		.uleb128 0x39
 675 00d9 0B       		.uleb128 0xb
 676 00da 49       		.uleb128 0x49
 677 00db 13       		.uleb128 0x13
 678 00dc 00       		.byte	0
 679 00dd 00       		.byte	0
 680 00de 11       		.uleb128 0x11
 681 00df 34       		.uleb128 0x34
 682 00e0 00       		.byte	0
 683 00e1 03       		.uleb128 0x3
 684 00e2 0E       		.uleb128 0xe
ARM GAS  /tmp/ccRhPMez.s 			page 13


 685 00e3 3A       		.uleb128 0x3a
 686 00e4 0B       		.uleb128 0xb
 687 00e5 3B       		.uleb128 0x3b
 688 00e6 0B       		.uleb128 0xb
 689 00e7 39       		.uleb128 0x39
 690 00e8 0B       		.uleb128 0xb
 691 00e9 49       		.uleb128 0x49
 692 00ea 13       		.uleb128 0x13
 693 00eb 00       		.byte	0
 694 00ec 00       		.byte	0
 695 00ed 12       		.uleb128 0x12
 696 00ee 34       		.uleb128 0x34
 697 00ef 00       		.byte	0
 698 00f0 03       		.uleb128 0x3
 699 00f1 08       		.uleb128 0x8
 700 00f2 3A       		.uleb128 0x3a
 701 00f3 0B       		.uleb128 0xb
 702 00f4 3B       		.uleb128 0x3b
 703 00f5 0B       		.uleb128 0xb
 704 00f6 39       		.uleb128 0x39
 705 00f7 0B       		.uleb128 0xb
 706 00f8 49       		.uleb128 0x49
 707 00f9 13       		.uleb128 0x13
 708 00fa 00       		.byte	0
 709 00fb 00       		.byte	0
 710 00fc 13       		.uleb128 0x13
 711 00fd 01       		.uleb128 0x1
 712 00fe 01       		.byte	0x1
 713 00ff 49       		.uleb128 0x49
 714 0100 13       		.uleb128 0x13
 715 0101 01       		.uleb128 0x1
 716 0102 13       		.uleb128 0x13
 717 0103 00       		.byte	0
 718 0104 00       		.byte	0
 719 0105 14       		.uleb128 0x14
 720 0106 21       		.uleb128 0x21
 721 0107 00       		.byte	0
 722 0108 49       		.uleb128 0x49
 723 0109 13       		.uleb128 0x13
 724 010a 2F       		.uleb128 0x2f
 725 010b 0B       		.uleb128 0xb
 726 010c 00       		.byte	0
 727 010d 00       		.byte	0
 728 010e 00       		.byte	0
 729              		.section	.gnu.debuglto_.debug_line,"e",%progbits
 730              	.Ldebug_line0:
 731 0000 CE000000 		.4byte	.LELT0-.LSLT0
 732              	.LSLT0:
 733 0004 0400     		.2byte	0x4
 734 0006 C8000000 		.4byte	.LELTP0-.LASLTP0
 735              	.LASLTP0:
 736 000a 01       		.byte	0x1
 737 000b 01       		.byte	0x1
 738 000c 01       		.byte	0x1
 739 000d F6       		.byte	0xf6
 740 000e F2       		.byte	0xf2
 741 000f 0D       		.byte	0xd
ARM GAS  /tmp/ccRhPMez.s 			page 14


 742 0010 00       		.byte	0
 743 0011 01       		.byte	0x1
 744 0012 01       		.byte	0x1
 745 0013 01       		.byte	0x1
 746 0014 01       		.byte	0x1
 747 0015 00       		.byte	0
 748 0016 00       		.byte	0
 749 0017 00       		.byte	0
 750 0018 01       		.byte	0x1
 751 0019 00       		.byte	0
 752 001a 00       		.byte	0
 753 001b 01       		.byte	0x1
 754 001c 2E2E2F2E 		.ascii	"../../../os/common/ext/ST/STM32F1xx"
 754      2E2F2E2E 
 754      2F6F732F 
 754      636F6D6D 
 754      6F6E2F65 
 755 003f 00       		.byte	0
 756 0040 2E2E2F2E 		.ascii	"../../../os/hal/ports/STM32/LLD/GPIOv1"
 756      2E2F2E2E 
 756      2F6F732F 
 756      68616C2F 
 756      706F7274 
 757 0066 00       		.byte	0
 758 0067 2F757372 		.ascii	"/usr/lib/gcc/arm-none-eabi/10.3.1/include"
 758      2F6C6962 
 758      2F676363 
 758      2F61726D 
 758      2D6E6F6E 
 759 0090 00       		.byte	0
 760 0091 00       		.byte	0
 761 0092 73746469 		.ascii	"stdint.h\000"
 761      6E742E68 
 761      00
 762 009b 03       		.uleb128 0x3
 763 009c 00       		.uleb128 0
 764 009d 00       		.uleb128 0
 765 009e 73746D33 		.ascii	"stm32f103xg.h\000"
 765      32663130 
 765      3378672E 
 765      6800
 766 00ac 01       		.uleb128 0x1
 767 00ad 00       		.uleb128 0
 768 00ae 00       		.uleb128 0
 769 00af 68616C5F 		.ascii	"hal_pal_lld.h\000"
 769      70616C5F 
 769      6C6C642E 
 769      6800
 770 00bd 02       		.uleb128 0x2
 771 00be 00       		.uleb128 0
 772 00bf 00       		.uleb128 0
 773 00c0 68616C5F 		.ascii	"hal_pal_lld.c\000"
 773      70616C5F 
 773      6C6C642E 
 773      6300
 774 00ce 02       		.uleb128 0x2
 775 00cf 00       		.uleb128 0
ARM GAS  /tmp/ccRhPMez.s 			page 15


 776 00d0 00       		.uleb128 0
 777 00d1 00       		.byte	0
 778              	.LELTP0:
 779              	.LELT0:
 780              		.section	.gnu.debuglto_.debug_str,"eMS",%progbits,1
 781              	.LASF1:
 782 0000 6C6F6E67 		.ascii	"long long int\000"
 782      206C6F6E 
 782      6720696E 
 782      7400
 783              	.LASF22:
 784 000e 42444352 		.ascii	"BDCR\000"
 784      00
 785              	.LASF29:
 786 0013 50444461 		.ascii	"PDData\000"
 786      746100
 787              	.LASF42:
 788 001a 5F70616C 		.ascii	"_pal_lld_init\000"
 788      5F6C6C64 
 788      5F696E69 
 788      7400
 789              	.LASF13:
 790 0028 42535252 		.ascii	"BSRR\000"
 790      00
 791              	.LASF19:
 792 002d 41484245 		.ascii	"AHBENR\000"
 792      4E5200
 793              	.LASF0:
 794 0034 756E7369 		.ascii	"unsigned int\000"
 794      676E6564 
 794      20696E74 
 794      00
 795              	.LASF34:
 796 0041 696F706F 		.ascii	"ioportmask_t\000"
 796      72746D61 
 796      736B5F74 
 796      00
 797              	.LASF35:
 798 004e 696F6D6F 		.ascii	"iomode_t\000"
 798      64655F74 
 798      00
 799              	.LASF18:
 800 0057 41504231 		.ascii	"APB1RSTR\000"
 800      52535452 
 800      00
 801              	.LASF30:
 802 0060 50454461 		.ascii	"PEData\000"
 802      746100
 803              	.LASF6:
 804 0067 756E7369 		.ascii	"unsigned char\000"
 804      676E6564 
 804      20636861 
 804      7200
 805              	.LASF25:
 806 0075 73746D33 		.ascii	"stm32_gpio_setup_t\000"
 806      325F6770 
 806      696F5F73 
ARM GAS  /tmp/ccRhPMez.s 			page 16


 806      65747570 
 806      5F7400
 807              	.LASF26:
 808 0088 50414461 		.ascii	"PAData\000"
 808      746100
 809              	.LASF40:
 810 008f 63666774 		.ascii	"cfgtab\000"
 810      616200
 811              	.LASF10:
 812 0096 6C6F6E67 		.ascii	"long unsigned int\000"
 812      20756E73 
 812      69676E65 
 812      6420696E 
 812      7400
 813              	.LASF45:
 814 00a8 2E2E2F2E 		.ascii	"../../../os/hal/ports/STM32/LLD/GPIOv1/hal_pal_lld."
 814      2E2F2E2E 
 814      2F6F732F 
 814      68616C2F 
 814      706F7274 
 815 00db 6300     		.ascii	"c\000"
 816              	.LASF7:
 817 00dd 73686F72 		.ascii	"short unsigned int\000"
 817      7420756E 
 817      7369676E 
 817      65642069 
 817      6E7400
 818              	.LASF15:
 819 00f0 4750494F 		.ascii	"GPIO_TypeDef\000"
 819      5F547970 
 819      65446566 
 819      00
 820              	.LASF43:
 821 00fd 636F6E66 		.ascii	"config\000"
 821      696700
 822              	.LASF33:
 823 0104 50414C43 		.ascii	"PALConfig\000"
 823      6F6E6669 
 823      6700
 824              	.LASF21:
 825 010e 41504231 		.ascii	"APB1ENR\000"
 825      454E5200 
 826              	.LASF17:
 827 0116 41504232 		.ascii	"APB2RSTR\000"
 827      52535452 
 827      00
 828              	.LASF41:
 829 011f 5F70616C 		.ascii	"_pal_lld_setgroupmode\000"
 829      5F6C6C64 
 829      5F736574 
 829      67726F75 
 829      706D6F64 
 830              	.LASF27:
 831 0135 50424461 		.ascii	"PBData\000"
 831      746100
 832              	.LASF12:
 833 013c 63686172 		.ascii	"char\000"
ARM GAS  /tmp/ccRhPMez.s 			page 17


 833      00
 834              	.LASF8:
 835 0141 75696E74 		.ascii	"uint8_t\000"
 835      385F7400 
 836              	.LASF39:
 837 0149 6D6F6465 		.ascii	"mode\000"
 837      00
 838              	.LASF46:
 839 014e 2F686F6D 		.ascii	"/home/nicolasscg/ci_test/ChibiOS/demos/STM32/RT-STM"
 839      652F6E69 
 839      636F6C61 
 839      73736367 
 839      2F63695F 
 840 0181 33324631 		.ascii	"32F103-STM3210E_EVAL-FATFS-USB\000"
 840      30332D53 
 840      544D3332 
 840      3130455F 
 840      4556414C 
 841              	.LASF16:
 842 01a0 43464752 		.ascii	"CFGR\000"
 842      00
 843              	.LASF20:
 844 01a5 41504232 		.ascii	"APB2ENR\000"
 844      454E5200 
 845              	.LASF38:
 846 01ad 6D61736B 		.ascii	"mask\000"
 846      00
 847              	.LASF44:
 848 01b2 474E5520 		.ascii	"GNU C17 10.3.1 20210621 (release) -mcpu=cortex-m3 -"
 848      43313720 
 848      31302E33 
 848      2E312032 
 848      30323130 
 849 01e5 6D746875 		.ascii	"mthumb -mfloat-abi=soft -march=armv7-m -ggdb -O2 -f"
 849      6D62202D 
 849      6D666C6F 
 849      61742D61 
 849      62693D73 
 850 0218 6F6D6974 		.ascii	"omit-frame-pointer -falign-functions=16 -ffunction-"
 850      2D667261 
 850      6D652D70 
 850      6F696E74 
 850      6572202D 
 851 024b 73656374 		.ascii	"sections -fdata-sections -fno-common -flto\000"
 851      696F6E73 
 851      202D6664 
 851      6174612D 
 851      73656374 
 852              	.LASF37:
 853 0276 706F7274 		.ascii	"port\000"
 853      00
 854              	.LASF32:
 855 027b 50474461 		.ascii	"PGData\000"
 855      746100
 856              	.LASF4:
 857 0282 73686F72 		.ascii	"short int\000"
 857      7420696E 
ARM GAS  /tmp/ccRhPMez.s 			page 18


 857      7400
 858              	.LASF28:
 859 028c 50434461 		.ascii	"PCData\000"
 859      746100
 860              	.LASF36:
 861 0293 696F706F 		.ascii	"ioportid_t\000"
 861      72746964 
 861      5F7400
 862              	.LASF23:
 863 029e 5243435F 		.ascii	"RCC_TypeDef\000"
 863      54797065 
 863      44656600 
 864              	.LASF9:
 865 02aa 75696E74 		.ascii	"uint32_t\000"
 865      33325F74 
 865      00
 866              	.LASF5:
 867 02b3 6C6F6E67 		.ascii	"long int\000"
 867      20696E74 
 867      00
 868              	.LASF2:
 869 02bc 6C6F6E67 		.ascii	"long double\000"
 869      20646F75 
 869      626C6500 
 870              	.LASF3:
 871 02c8 7369676E 		.ascii	"signed char\000"
 871      65642063 
 871      68617200 
 872              	.LASF31:
 873 02d4 50464461 		.ascii	"PFData\000"
 873      746100
 874              	.LASF24:
 875 02db 5F426F6F 		.ascii	"_Bool\000"
 875      6C00
 876              	.LASF11:
 877 02e1 6C6F6E67 		.ascii	"long long unsigned int\000"
 877      206C6F6E 
 877      6720756E 
 877      7369676E 
 877      65642069 
 878              	.LASF14:
 879 02f8 4C434B52 		.ascii	"LCKR\000"
 879      00
 880              		.text
 881              		.section	.gnu.lto_.profile.9a9895eb371c3e7,"e",%progbits
 882 0000 789C6362 		.ascii	"x\234cb\000\001\000\000\022\000\003"
 882      00010000 
 882      120003
 883              		.text
 884              		.section	.gnu.lto_.icf.9a9895eb371c3e7,"e",%progbits
 885 0000 789C1361 		.ascii	"x\234\023a@\000f\206\223\263\316v\3631~}2\261\237\213"
 885      40006686 
 885      93B3CE76 
 885      F3317E7D 
 885      32B19F8B 
 886 0014 69F9B329 		.ascii	"i\371\263)K8\031\000^\013\010\265"
 886      4B381900 
ARM GAS  /tmp/ccRhPMez.s 			page 19


 886      5E0B08B5 
 887              		.text
 888              		.section	.gnu.lto_.ipa_sra.9a9895eb371c3e7,"e",%progbits
 889 0000 789C4DCF 		.ascii	"x\234M\317\241\022@P\024E\321s\275\033\004A`F\020\004"
 889      A1124050 
 889      1445D173 
 889      BD1B0441 
 889      60461004 
 890 0014 41784110 		.ascii	"AxA\020\004A\020\004\301G\276_\362?\314\230=\234\264"
 890      04411004 
 890      C147BE5F 
 890      F23FCC98 
 890      3D9CB4
 891 0027 E2D997BE 		.ascii	"\342\331\227\276e\262:\005\245`r{\341 \007\005(A\005"
 891      65B23A05 
 891      A560727B 
 891      E1200705 
 891      284105
 892 003a 1AD0820E 		.ascii	"\032\320\202\016\364`\000\021\214`\0023X\300\0126\260"
 892      F4600011 
 892      8C600233 
 892      58C00A36 
 892      B0
 893 004b 83039C6E 		.ascii	"\203\003\234nz~[\370\025\311t\003\241\277 $"
 893      7A7E5BF8 
 893      15C97403 
 893      A1BF2024 
 894              		.text
 895              		.section	.gnu.lto_.inline.9a9895eb371c3e7,"e",%progbits
 896 0000 789C5592 		.ascii	"x\234U\222\277J\003A\020\207ggW9\254\256\261\277\306"
 896      BF4A0341 
 896      10876767 
 896      5739ACAE 
 896      B1BFC6
 897 0013 CEC63CC1 		.ascii	"\316\306<\301\275\211\301D\224T\372\006\003\226B\010"
 897      BD89C144 
 897      9454FA06 
 897      03964208 
 898 0023 C1073834 		.ascii	"\301\00784\217`a\241pmH\225\312\306\"\202\350\023\330"
 898      8F6061A1 
 898      706D4895 
 898      CAC62282 
 898      E813D8
 899 0036 3B7B71E7 		.ascii	";{q\347\317\302\035\277\375\216=\276Y~\213\010\262\020"
 899      CFC21DBF 
 899      FD8E3DBE 
 899      597E8B08 
 899      B210
 900 0048 E08C78C5 		.ascii	"\340\214x\305\353p\014a\305_\362\307}hKhJ\030\227\320"
 900      EB700C61 
 900      C55FF2C7 
 900      7D684B68 
 900      4A1897D0 
 901 005c 85924852 		.ascii	"\205\222HR\257\014K\332\011\353\224I\352%Q\024&\251"
 901      AF0C4BDA 
 901      09EB9449 
 901      EA255114 
ARM GAS  /tmp/ccRhPMez.s 			page 20


 901      26A9
 902 006e 93B45396 		.ascii	"\223\264S\226\344\204\244^\331\201\234Hp:\342\261\026"
 902      E484A45E 
 902      D9819C48 
 902      703AE2B1 
 902      16
 903 007f F10AE030 		.ascii	"\361\012\3400\017\210S\344a\303\020/\020\222dHJ+\245"
 903      0F8853E4 
 903      61C3102F 
 903      10926448 
 903      4A2BA5
 904 0092 95D25A69 		.ascii	"\225\322Zi\255\264Q\332(m\225\266J)(\346\013S\216\206"
 904      ADB451DA 
 904      286D95B6 
 904      4A2928E6 
 904      0B538E86 
 905 00a6 1B3B327A 		.ascii	"\033;2zd\374\310\010\2221$\243H\306\221\214$\031K2\232"
 905      64FCC808 
 905      923124A3 
 905      48C6918C 
 905      24194B32 
 906 00bb 643D9DA8 		.ascii	"d=\235\2503u\252\316\325\311:[\247\353|\235\2603v\312"
 906      3375AACE 
 906      D5C93A5B 
 906      A7EB7C9D 
 906      B03376CA 
 907 00cf CED9497B 		.ascii	"\316\331I{k\257\355\275\275x\256&\0048\371\271\377~"
 907      6BAFEDBD 
 907      BD78AE26 
 907      0438F9B9 
 907      FF7E
 908 00e1 C2594878 		.ascii	"\302YHx\263\212\270\214\374\012\334\033\274\315\341"
 908      B38AB88C 
 908      FC0ADC1B 
 908      BCCDE1
 909 00f0 994B6B38 		.ascii	"\231Kk8\327\013\271U\371`5\372z\277[\342\014\340h\370"
 909      D70BB955 
 909      F96035FA 
 909      7ABF5BE2 
 909      0CE068F8 
 910 0104 E365EED4 		.ascii	"\343e\356\324P\2578\345\026\244\307\317\337-N*hx\326"
 910      50AF38E5 
 910      16A4C7CF 
 910      DF2D4E2A 
 910      6878D6
 911 0117 97F97A13 		.ascii	"\227\371z\023\317k\276\202\374\310\226w\020^\337\036"
 911      CF6BBE82 
 911      FCC89677 
 911      105EDF1E 
 912 0127 3E709CF6 		.ascii	">p\234\3665\374\337p\017y\375\0015\320\312\223"
 912      35FCDF70 
 912      0F79FD01 
 912      35D0CA93 
 913              		.text
 914              		.section	.gnu.lto_.jmpfuncs.9a9895eb371c3e7,"e",%progbits
 915 0000 789C9361 		.ascii	"x\234\223a@\000&\006FF\306\372%\314\314\214\314@\006"
 915      40002606 
ARM GAS  /tmp/ccRhPMez.s 			page 21


 915      4646C6FA 
 915      25CCCC8C 
 915      CC4006
 916 0013 3B90C502 		.ascii	";\220\305\002\304\254@\314\304\000\000=0\004\326"
 916      C4AC40CC 
 916      C400003D 
 916      3004D6
 917              		.text
 918              		.section	.gnu.lto_.pureconst.9a9895eb371c3e7,"e",%progbits
 919 0000 789C6367 		.ascii	"x\234cg```b\230\305\3028\213\005\000\004\263\001G"
 919      60606062 
 919      98C5C238 
 919      8B050004 
 919      B30147
 920              		.text
 921              		.section	.gnu.lto_.lto.9a9895eb371c3e7,"e",%progbits
 922 0000 09000400 		.ascii	"\011\000\004\000\001\000\000\000"
 922      01000000 
 923              		.text
 924              		.section	.gnu.lto__pal_lld_init.327.9a9895eb371c3e7,"e",%progbits
 925 0000 789C8D97 		.ascii	"x\234\215\227[lTE\030\307\347;s\366\276\275_\326\300"
 925      5B6C5445 
 925      18C7E73B 
 925      73F6BEBD 
 925      5FD6C0
 926 0013 03A831C4 		.ascii	"\003\2501\304\207\366t!D\036E\245\006RRC\253\257M\331"
 926      87F67421 
 926      441E45A5 
 926      06525243 
 926      ABAF4DD9 
 927 0027 56BA4961 		.ascii	"V\272Ia\211mxe\312EK1\266[\242\201p+\353B\266\301h\011"
 927      896D7865 
 927      CA454B31 
 927      B65BA281 
 927      702BEB42 
 928 003f 2914A861 		.ascii	")\024\250a\361\0224^\002\032T\342\0155\020\024m@R\205"
 928      F112345E 
 928      021A54E2 
 928      0D351014 
 928      6D405285 
 929 0053 08EA7CB3 		.ascii	"\010\352|\263;0;\353\236q\263\347\2373\323\363\315\357"
 929      3B303BEB 
 929      9E71B3E7 
 929      9F33D3F3 
 929      CDEF
 930 0065 7F7E7D69 		.ascii	"\177~}i[\303\204\214\023B\036\346\027P\002\243\311!"
 930      5BC3848C 
 930      13421EE6 
 930      175002A3 
 930      C921
 931 0077 8B30C61E 		.ascii	"\2130\306\036\367Y0\220\034\012\300\011\020+ \033-\330"
 931      F7593090 
 931      1C0AC009 
 931      102B201B 
 931      2DD8
 932 0089 083BE8A3 		.ascii	"\010;\350\243|y\353\340\265\211\311\007X&\013iJ\310"
 932      7C79EBE0 
ARM GAS  /tmp/ccRhPMez.s 			page 22


 932      B589C907 
 932      58260B69 
 932      4AC8
 933 009b 3E7E89CF 		.ascii	">~\211\317\036\012\2434M\001\354\374\235\005\363\371"
 933      1E0AA334 
 933      4D01ECFC 
 933      9D05F3F9 
 934 00ab 1DDD0E64 		.ascii	"\035\335\016dA\226\261s\237L1\026 iJ\3418\360!8\006"
 934      4196B173 
 934      9F4C3116 
 934      20694AE1 
 934      38F02138 
 935 00c0 30090437 		.ascii	"0\011\0047F\341\230\227\020\257<\213o\222\267>\363d"
 935      46E19897 
 935      10AF3C8B 
 935      6F92B73E 
 935      F364
 936 00d2 D99D7F86 		.ascii	"\331\235\177\206\031\373\3552\014>\022\005\376\234m"
 936      19FBED32 
 936      0C3E1205 
 936      FE9C6D
 937 00e1 61500C1B 		.ascii	"aP\014\033\303\203\341\305\360a\3701\020`\0071B\030"
 937      C383E1C5 
 937      F061F831 
 937      10600731 
 937      4218
 938 00f3 618C328C 		.ascii	"a\2142\214r\214\012\214J\214*\214j\214\032\214Z\214"
 938      728C0A8C 
 938      4A8C2A8C 
 938      6A8C1A8C 
 938      5A8C
 939 0105 3A8C7A8C 		.ascii	":\214z\214\010\306\034\214\271\000S\274\3170E+\314\006"
 939      08C61C8C 
 939      B90053BC 
 939      CF30452B 
 939      CC06
 940 0117 96256484 		.ascii	"\226%d\204Z\271\305\000_\374\002\354\307\344Y 3\360"
 940      5AB9C500 
 940      5FFC02EC 
 940      C7E45920 
 940      33F0
 941 0129 CE742045 		.ascii	"\316t E!\377\356\036 \367\356\330\330 C'\207\320\245"
 941      21FFEE1E 
 941      20F7EED8 
 941      D8204327 
 941      87D0A5
 942 013c 3F4DBD70 		.ascii	"?M\275p\012\340$\220\246\007\323\324\007\323\260W\274"
 942      0AE02490 
 942      A607D3D4 
 942      07D3B057 
 942      BC
 943 014d F50C6C1E 		.ascii	"\365\014l\036}\011R\324J\345\346l\270K\361\324\353C"
 943      7D0952D4 
 943      4AE5E66C 
 943      B84BF1D4 
 943      EB43
 944 015f 5072F674 		.ascii	"Pr\366tn\226\017a\217\207d\2119\3775p@,}p&\317\343\003"
ARM GAS  /tmp/ccRhPMez.s 			page 23


 944      6E960F61 
 944      8F876489 
 944      39FF3570 
 944      402C7D70 
 945 0177 A95D20FA 		.ascii	"\251] \372\357\026\3757M\217\317KQ\232\257M\305\013"
 945      EF16FD37 
 945      4D8FCF4B 
 945      519AAF4D 
 945      C50B
 946 0189 88533291 		.ascii	"\210S2\2214\365\247\350\\xW\3545m\021'\005\340=~\022"
 946      34F5A7E8 
 946      5C7857EC 
 946      356D1127 
 946      05E03D7E 
 947 019e 7783EBCC 		.ascii	"w\203\353\314\2744\015\302\373|\303\022\257\302[\317"
 947      BC340DC2 
 947      FB7CC312 
 947      AFC25BCF 
 948 01ae 4A15A17B 		.ascii	"J\025\241{*B\300F\266\334W\221\011\247i\030>\0008\253"
 948      2A42C046 
 948      B6DC5791 
 948      09A76918 
 948      3E0038AB 
 949 01c2 D4FB909F 		.ascii	"\324\373\220\237A\361\225\250\250\266W\251f\233\012"
 949      41F195A8 
 949      A8B657A9 
 949      669B0A
 950 01d1 7DA417FA 		.ascii	"}\244\027\372\230o\330\005\205J\203?\345\317z\020l\013"
 950      986FD805 
 950      854A833F 
 950      E5CF7A10 
 950      6C0B
 951 01e3 F07E05EC 		.ascii	"\360~\005\3541\201\317\351\340\363|\303\373?\301\237"
 951      3181CFE9 
 951      E0F37CC3 
 951      FB3FC19F 
 952 01f3 F3677D08 		.ascii	"\363g}\010\366\010\360\021\005\3545\201/\360Y\277\012"
 952      F608F011 
 952      05EC3581 
 952      2FF059BF 
 952      0A
 953 0204 FEA2C4AF 		.ascii	"\376\242\304\257\200\355,\022\377Ua\215\213R\274W\324"
 953      80ED2C12 
 953      FF55618D 
 953      8B52BC57 
 953      D4
 954 0215 38AAD4F0 		.ascii	"8\252\324\360\231j|\255\327\370\306M\274\006\376N\212"
 954      996A7CAD 
 954      D7F8C64D 
 954      BC06FE4E 
 954      8A
 955 0226 F709F0A4 		.ascii	"\367\011\360\244\002\366\233\300\227t\360\017n\3425"
 955      02F69BC0 
 955      9774F00F 
 955      6EE235
 956 0235 F04F52BC 		.ascii	"\360OR\274_\200\217+\340\200\011|\231\317\006T\360\225"
 956      5F808F2B 
ARM GAS  /tmp/ccRhPMez.s 			page 24


 956      E080097C 
 956      99CF0654 
 956      F095
 957 0247 52E2C78A 		.ascii	"R\342\307\212\304_-\254\361\263\024\037\0205N(5\202"
 957      C45F2DAC 
 957      F1B3141F 
 957      10354E28 
 957      3582
 958 0259 A61AD7F4 		.ascii	"\246\032\327\364\032\277\272\211\327\3003R|P\200O)\340"
 958      1ABFBA89 
 958      D7C03352 
 958      7C50804F 
 958      29E0
 959 026b 90097C5D 		.ascii	"\220\011|]\007\337p\023\257\201oJ\361!\001~[\001\207"
 959      07DF7013 
 959      AF816F4A 
 959      F121017E 
 959      5B0187
 960 027e 4DE0593E 		.ascii	"M\340Y>\033T\301\177\224\022\237)\022\177\253\260\306"
 960      1B54C17F 
 960      94129F29 
 960      127FABB0 
 960      C6
 961 028f 6D293E2C 		.ascii	"m)>,j\234Vj\224\231j\374\245\327\270\343&^\003\377-"
 961      6A9C566A 
 961      94996AFC 
 961      A5D7B8E3 
 961      265E03FF 
 962 02a4 C59709F0 		.ascii	"\305\227\011\360y\005\\n\0023K\003\017X.\3425\360f+"
 962      79055C6E 
 962      02334B03 
 962      0F582EE2 
 962      35F0662B 
 963 02b8 2FBE5C80 		.ascii	"/\276\\\200/(\340\012\023x+\237\015\251\340\027\255"
 963      2F28E00A 
 963      13782B9F 
 963      0DA9E017 
 963      AD
 964 02c9 12E2278A 		.ascii	"\022\342'\212\304\017Z\0055\266Yy\361\025\242\306\227"
 964      C40F5A05 
 964      35B65979 
 964      F115A2C6 
 964      97
 965 02da 4A8D4A53 		.ascii	"J\215JS\215\355z\215\227-\027\361\032\370\025+/\276"
 965      8DED7A8D 
 965      972D17F1 
 965      1AF8152B 
 965      2FBE
 966 02ec 52802F2A 		.ascii	"R\200/*\340*\023xD\007'\335\304k\340\035R|\225\000\177"
 966      E02A1378 
 966      440727DD 
 966      C46BE01D 
 966      527C9500 
 967 0301 AB80AB4D 		.ascii	"\253\200\253M\340W\371lX\005\277VJ\374T\221\370\235"
 967      E057F96C 
 967      5805BF56 
 967      4AFC5491 
ARM GAS  /tmp/ccRhPMez.s 			page 25


 967      F89D
 968 0313 85357649 		.ascii	"\2055vI\361\325\242\306\367J\215\032S\215\335z\215="
 968      F1D5A2C6 
 968      F74A8D1A 
 968      538DDD7A 
 968      8D3D
 969 0325 6EE235F0 		.ascii	"n\3425\360>)\276F\200o(\340Z\023xL\007\037p\023\257"
 969      3E29BE46 
 969      806F28E0 
 969      5A13784C 
 969      071F7013 
 970 033a 815F97E2 		.ascii	"\201_\227\342k\005xV\001\327\231\300\007\371l\231\012"
 970      6B057856 
 970      01D799C0 
 970      07F96C99 
 970      0A
 971 034b 3E544A7C 		.ascii	">TJ|\266H|\246\260\306\270\024_'j\374\251\324\2507\325"
 971      B6487CA6 
 971      B0C6B814 
 971      5F276AFC 
 971      A9D4A837 
 972 0360 38ACD778 		.ascii	"8\254\327x\303M\274\006~S\212\257\027\340\333\0128b"
 972      C34DBC06 
 972      7E538AAF 
 972      17E0DB0A 
 972      3862
 973 0372 024FE8E0 		.ascii	"\002O\350\340#n\3425\360Q)>B~\207M\227\222+\304\377"
 973      236EE235 
 973      F051293E 
 973      427E874D 
 973      97922BC4 
 974 0387 08C314EE 		.ascii	"\010\303\024\356\377\035M\310*\247'\261\266\333Y\027"
 974      FF1D4DC8 
 974      2AA727B1 
 974      B6DB5917 
 975 0397 8F257A3B 		.ascii	"\217%z;\373\372bk\234X\274\243\277\273\257\337y\262"
 975      FBFA626B 
 975      9C58BCA3 
 975      BFBBAFDF 
 975      79B2
 976 03a9 27BE3ADE 		.ascii	"'\276:\336\332\346tu\257M\3649m\355+\027-tV\2657\210"
 976      DAE67475 
 976      AF4DF439 
 976      6DED2B17 
 976      2D7456B5 
 977 03bf 9BE668D3 		.ascii	"\233\346h\323\242\334]\264iY\307\262\347\226\26644/"
 977      A2DC5DB4 
 977      6959C7B2 
 977      E796B634 
 977      342F
 978 03d1 6D6F6E6B 		.ascii	"monkx\266\355\011\262\270\261\321\311}\371\\Og\257\263"
 978      78B6ED09 
 978      B2B8B1D1 
 978      C97DF95C 
 978      4F67AFB3 
 979 03e5 3EF142BF 		.ascii	">\361B\277<\241\245\345)\347\351g\226\267n\210\342\217"
 979      3CA1A5E5 
ARM GAS  /tmp/ccRhPMez.s 			page 26


 979      29E7E967 
 979      96B76E88 
 979      E28F
 980 03f7 3AD6F3AB 		.ascii	":\326\363\253\267\267\2531F\274\261\304\272\347\343"
 980      B7B7AB31 
 980      46BCB1C4 
 980      BAE7E3
 981 0406 6B2205BB 		.ascii	"k\"\005\273\215K:\037[\322\2658\032%\377\002\333i\333"
 981      8D4B3A1F 
 981      5BD2B538 
 981      1A25FF02 
 981      DB69DB
 982 0419 57       		.ascii	"W"
 983              		.text
 984              		.section	.gnu.lto__pal_lld_setgroupmode.328.9a9895eb371c3e7,"e",%progbits
 985 0000 789C8D55 		.ascii	"x\234\215U}PTU\024\277\347\335\267\337\273o\371\310"
 985      7D505455 
 985      14BFE7DD 
 985      B7DFBB6F 
 985      F9C8
 986 0012 60F20B45 		.ascii	"`\362\013E\344\303dE\307\221\177\232\321J\233f,\033"
 986      E4C36445 
 986      C7917F9A 
 986      D14A9B66 
 986      2C1B
 987 0024 B1FE4504 		.ascii	"\261\376E\004\022&\020G\234\376\365\211\01030#\013\226"
 987      12261047 
 987      9CFEF589 
 987      08333023 
 987      0B96
 988 0036 5384642F 		.ascii	"S\204d/h0\255\034\246\014\025q\003\021\213R\324!3E\224"
 988      6830AD1C 
 988      A60C1571 
 988      03118B52 
 988      D4213345 
 989 004b CA813EFC 		.ascii	"\312\201>\374j\232jS\353\234{\037ow\031\307\211a\357"
 989      6A9A6A53 
 989      EB9C7B1F 
 989      6F7719C7 
 989      8961EF
 990 005e 3BEF9CDF 		.ascii	";\357\234\3379\347w\3569\367\276\365.\306\372\031c\361"
 990      39E777EE 
 990      39F7BEF5 
 990      2EC6FA19 
 990      63F1
 991 0070 C018C431 		.ascii	"\300\030\3041hj\254S\230\256\353\313\035\212\262\243"
 991      686AAC53 
 991      98AEEBCB 
 991      1D8AB2A3 
 992 0080 B15E812F 		.ascii	"\261^\201/\341\327\367\257OS\253\033\2657\256\264f\251"
 992      E1D7F7AF 
 992      4F53AB1B 
 992      B537AEB4 
 992      66A9
 993 0092 1CF634BA 		.ascii	"\034\3664\272\205]Uv6z\204\255\306\264\331\3206\351"
 993      855D5576 
 993      367A84AD 
ARM GAS  /tmp/ccRhPMez.s 			page 27


 993      C6B4D9D0 
 993      36E9
 994 00a4 6D87D626 		.ascii	"m\207\326&\343\316\304O*\006\020\012\207\362V\260\223"
 994      E3CEC44F 
 994      2A06100A 
 994      87F256B0 
 994      93
 995 00b5 C414F5ED 		.ascii	"\304\024\365\355\340\230\024\234\320\334dH\263\213\304"
 995      E098149C 
 995      D0DC6448 
 995      B38BC4
 996 00c4 39D2D7AD 		.ascii	"9\322\327\255\274\023\354\234#\035S\324\226I\264\007"
 996      BC13EC9C 
 996      231D53D4 
 996      9649B407 
 997 00d4 F64EA2BD 		.ascii	"\366N\242\275$\232h\037f\372@\2525\245VRn\276u'W}\027"
 997      249A681F 
 997      66FA40AA 
 997      35A55652 
 997      6EBE7527 
 998 00eb 1D6F0477 		.ascii	"\035o\004w9T?lo\254\273\330\245\010\014\260m\012Wmv"
 998      39543F6C 
 998      6FACBBD8 
 998      A5080CB0 
 998      6D0A576D 
 999 0100 87D3E5F6 		.ascii	"\207\323\345\366x}\232\037\266)\032\203\220\012\316"
 999      787D9A1F 
 999      B6291A83 
 999      900ACE
 1000 010f C8C2E4DF 		.ascii	"\310\302\344\337n\236\211>\177\265\377\022\034N\326"
 1000      6E9E893E 
 1000      7FB5FF12 
 1000      1C4ED6
 1001 011e 3B42D0C6 		.ascii	";B\320\306\031k\345\246\261\205C\023o\343\000\252))"
 1001      196BE5A6 
 1001      B1854313 
 1001      6FE300AA 
 1001      2929
 1002 0130 908212AF 		.ascii	"\220\202\022\257\007\226\036\322\365\241\263]\272\356"
 1002      07961ED2 
 1002      F5A1B35D 
 1002      BAEE
 1003 013e 626D9CC3 		.ascii	"bm\234\303\347\200Np\030\3403\334dT\004a\237\215\220"
 1003      E7804E70 
 1003      18E033DC 
 1003      64540461 
 1003      9F8D90
 1004 0151 1D1279FB 		.ascii	"\035\022y\373\303\366=Z\020\203\253p$\026\251\006\341"
 1004      C3F63D5A 
 1004      1083AB70 
 1004      2416A906 
 1004      E1
 1005 0162 A0407E64 		.ascii	"\240@~d\"\017\264\357\026H\033\034\213E\332\202\320"
 1005      220FB4EF 
 1005      16481B1C 
 1005      8B45DA82 
 1005      D0
ARM GAS  /tmp/ccRhPMez.s 			page 28


 1006 0173 65139C78 		.ascii	"e\023\234x'\320#\215\340\227v\326j\301\355\3166n\207"
 1006      27D0238D 
 1006      E09776D6 
 1006      6AC1EDCE 
 1006      366E87
 1007 0186 E3D178C6 		.ascii	"\343\321x\306\202Pg'\360\247\021\360w\375\015\022\354"
 1007      82506727 
 1007      F0A711F0 
 1007      77FD0D12 
 1007      EC
 1008 0197 801353C1 		.ascii	"\200\023S\301\017\004\213.\013<t\204\212K!\354\027S"
 1008      0F048B2E 
 1008      0B3C7484 
 1008      8A4B21EC 
 1008      1753
 1009 01a9 B17705B6 		.ascii	"\261w\005\266;\202=ha\373\246bo\010l(\202\355\260\260"
 1009      3B823D68 
 1009      61FBA662 
 1009      6F086C28 
 1009      82EDB0B0 
 1010 01bd FD53B197 		.ascii	"\375S\261\227\005\266/\202m\261\260\003S\261C6;\203"
 1010      05B62F82 
 1010      6DB1B003 
 1010      53B14336 
 1010      3B83
 1011 01cf D300A700 		.ascii	"\323\000\247\000N\002\364\002\204\000z\300\354\035b"
 1011      4E02F402 
 1011      84007AC0 
 1011      EC1D62
 1012 01de 1C1DFC21 		.ascii	"\034\035\374!\366O\316\333B\372\275\177\033t}4\353\362"
 1012      F64FCEDB 
 1012      42FABD7F 
 1012      1B747D34 
 1012      EBF2
 1013 01f0 9531D793 		.ascii	"\2251\327\223\200;\353TpqqZTZl\264\330iq\320\342\244"
 1013      803BEB54 
 1013      7071715A 
 1013      545A6CB4 
 1013      D86971D0 
 1014 0206 85DAEC72 		.ascii	"\205\332\354r38\012\036\012\353\245\305\3070\272F\213"
 1014      33380A1E 
 1014      0AEBA5C5 
 1014      C730BA46 
 1014      8B
 1015 0217 9F619238 		.ascii	"\237a\2228Z\342\031\346J\240%\221a\276i\000\335\220"
 1015      5AE219E6 
 1015      4AA02591 
 1015      61BE6900 
 1015      DD90
 1016 0229 04D005C9 		.ascii	"\004\320\005\311\200\276\323q\012a\006\371\316$\267"
 1016      80BED371 
 1016      0A6106F9 
 1016      CE24B7
 1017 0238 59E4319B 		.ascii	"Y\3441\233\300s\3515\225\014\363\3505\215\014\363IJ"
 1017      C073E935 
 1017      950CF3E8 
 1017      358D0CF3 
ARM GAS  /tmp/ccRhPMez.s 			page 29


 1017      494A
 1018 024a 274306BD 		.ascii	"'C\006\275f\2225\213\030,\240\310\2145pv\250\346N.\350"
 1018      6692358B 
 1018      182CA0C8 
 1018      8C357076 
 1018      A8E64E2E 
 1019 025f 21DC0FAE 		.ascii	"!\334\017\256\010y;\312?\203>v\351+\020\317C\036\361"
 1019      08793BCA 
 1019      3F833E76 
 1019      E92B10CF 
 1019      431EF1
 1020 0272 E8948FC3 		.ascii	"\350\224\217\303\0366\001\325\343}O\030|\032\215\263"
 1020      1E3601D5 
 1020      E37D4F18 
 1020      7C1A8DB3 
 1021 0282 0DE4A407 		.ascii	"\015\344\244\0079o\0378\220hy\037\031T\330M\350m\336"
 1021      396F1F38 
 1021      9068791F 
 1021      1954D84D 
 1021      E86DDE
 1022 0295 FF9839F7 		.ascii	"\377\2309\367\\\264D\034\301qo\033w\033<\011\006\201"
 1022      5CB4441C 
 1022      C1716F1B 
 1022      771B3C09 
 1022      0681
 1023 02a7 2D7A4FD7 		.ascii	"-zO\327q\232<\3605\354\245H\006O\026\321\324\372\023"
 1023      719A3CF0 
 1023      35ECA548 
 1023      064F16D1 
 1023      D4FA13
 1024 02ba FD6956B4 		.ascii	"\375iV\264c\365^\231v\223\225V5\323\332jn]\367Z\300"
 1024      63F55E99 
 1024      76939556 
 1024      35D3DA6A 
 1024      6E5DF75A 
 1025 02cf E366DA09 		.ascii	"\343f\332\011\377#\223\235\305d\020If\217)\374\004\""
 1025      FF23939D 
 1025      C5641049 
 1025      668F29FC 
 1025      0422
 1026 02e1 6F42D5D0 		.ascii	"oB\325\320\204\337\340`\262\367\012\366\325`G\021\247"
 1026      84DFE060 
 1026      B2F70AF6 
 1026      D5604711 
 1026      A7
 1027 02f2 4296A2B6 		.ascii	"B\226\242\266q\037\234\0078\007lq\265\210\254\301\005"
 1027      711F9C07 
 1027      38076C71 
 1027      B588ACC1 
 1027      05
 1028 0303 4086C40C 		.ascii	"@\206\304\014#\334\253}\312\340\3231\010\206\255J\301"
 1028      23DCAB7D 
 1028      CAE0D331 
 1028      0886AD4A 
 1028      C1
 1029 0314 B6E19BC8 		.ascii	"\266\341\233\310pnP\250\366\345cw(:^7\342=\217\346l"
 1029      706E50A8 
ARM GAS  /tmp/ccRhPMez.s 			page 30


 1029      F6E56377 
 1029      283A5E37 
 1029      E23D8FE6 
 1030 0329 58DA96D1 		.ascii	"X\332\226\321\330\231\262\217\246pX\266\343\202\351"
 1030      D899B28F 
 1030      A67058B6 
 1030      E382E9
 1031 0338 BB141B48 		.ascii	"\273\024\033H\276v9\314\334q\356\357]\003\334*bXl\304"
 1031      BE7639CC 
 1031      DC71EEEF 
 1031      5D03DC2A 
 1031      62586CC4 
 1032 034c 8E704D3F 		.ascii	"\216pM?f\235kp\215\260~\3345A\345\024)\005\356b4.\325"
 1032      669D6B70 
 1032      8DB07EDC 
 1032      3541E514 
 1032      2905EE62 
 1033 0363 C0422F9A 		.ascii	"\300B/\232tO\223BN\302$\346\033T\3153x\202\205\351%"
 1033      744F9342 
 1033      4EC224E6 
 1033      1B54CD33 
 1033      788285E9 
 1034 0378 85C05C8E 		.ascii	"\205\300\\\216\306\244\031<\316\302\234$\205\300\214"
 1034      C6A4193C 
 1034      CEC29C24 
 1034      85C08C
 1035 0387 48CC9EDA 		.ascii	"H\314\236\332\373\250R\014\356&N.\320A\366v\003*\245"
 1035      FBA8520C 
 1035      EE264E2E 
 1035      D041F676 
 1035      032AA5
 1036 039a 8699BD75 		.ascii	"\206\231\275u\216w\017\374\000VM\243\203\234\374\233"
 1036      8E770FFC 
 1036      00564DA3 
 1036      839CFC9B 
 1037 03aa 6A87D13F 		.ascii	"j\207\321?\035+\220h\177\244\246t\341\346\212u\373}"
 1037      1D2B9068 
 1037      7FA4A674 
 1037      E1E68A75 
 1037      FB7D
 1038 03bc D26D0411 		.ascii	"\322m\004\021\363EG\346E\350\317\027.\356\350\335\253"
 1038      F34547E6 
 1038      45E8CF17 
 1038      2EEEE8DD 
 1038      AB
 1039 03cd 5ACE8429 		.ascii	"Z\316\204)\036eE\304\365\211@\177\014\272\361\253\021"
 1039      1E6545C4 
 1039      F589407F 
 1039      0CBAF1AB 
 1039      11
 1040 03de 2981474A 		.ascii	")\201GJ\320\025\253\006\016\227D\001a\360!!\347\203"
 1040      D015AB06 
 1040      0E974401 
 1040      61F02121 
 1040      E783
 1041 03f0 911264EA 		.ascii	"\221\022d\352\372xd}\030\3421\263\363\314H\021fu\265"
 1041      FA78647D 
ARM GAS  /tmp/ccRhPMez.s 			page 31


 1041      18E231B3 
 1041      F3CC4811 
 1041      6675B5
 1042 0403 8E96615E 		.ascii	"\216\226a^O,\325?\243+\314\304\375\207\357\243\272\221"
 1042      4F2CD53F 
 1042      A32BCCC4 
 1042      FD87EFA3 
 1042      BA91
 1043 0415 29A87A63 		.ascii	")\250zc]\376\211\256.CT\227\026\331\370\014\341\342"
 1043      5DFE89AE 
 1043      2E435497 
 1043      16D9F80C 
 1043      E1E2
 1044 0427 B3AA5364 		.ascii	"\263\252Sdud\362\213\352(\256<\331\367\255\352\3025"
 1044      7564F28B 
 1044      EA28AE3C 
 1044      D9F7ADEA 
 1044      C235
 1045 0439 943E0BAB 		.ascii	"\224>\013\253\303{B\204:J\357r\374\352\223\010\322R"
 1045      C37B4284 
 1045      3A4AEF72 
 1045      FCEA9308 
 1045      D252
 1046 044b 731F1BB8 		.ascii	"s\037\033\270\300\340\211r\006M\226=\210[@\245{\220"
 1046      C0E08972 
 1046      064D963D 
 1046      885B40A5 
 1046      7B90
 1047 045d ADA76714 		.ascii	"\255\247g\024KO\365\366P\351x\226\322<W\251\364\014"
 1047      4B4FF5F6 
 1047      50E97896 
 1047      D23C57A9 
 1047      F40C
 1048 046f EF5551BA 		.ascii	"\357UQ\272\206\207SW\211\024HR\344\234(H\321\346'\010"
 1048      86875357 
 1048      89144852 
 1048      E49C2848 
 1048      D1E62708 
 1049 0483 8988C659 		.ascii	"\211\210\306Ym\320,\312^!\021-\267y*\032\200\330c\023"
 1049      6DD02CCA 
 1049      5E21112D 
 1049      B7792A1A 
 1049      80D86313 
 1050 0497 26FA348B 		.ascii	"&\3724\213\226S6\002\317\177\262]\305\343\236\345\273"
 1050      96533602 
 1050      CF7FB25D 
 1050      C5E39EE5 
 1050      BB
 1051 04a8 393AEE44 		.ascii	"9:\356D`\030\274x\240\354\273F\222\261|\237\212\030"
 1051      6018BC78 
 1051      A0ECBB46 
 1051      92B17C9F 
 1051      8A18
 1052 04ba 8DDE8FA6 		.ascii	"\215\336\217\246\242\015\333-4q\244iN\023\032\277\320"
 1052      A20DDB2D 
 1052      3471A469 
 1052      4E131ABF 
ARM GAS  /tmp/ccRhPMez.s 			page 32


 1052      D0
 1053 04cb 2490262C 		.ascii	"$\220&,5\361B\223\010\337\202\275uD\304\304\322}a\033"
 1053      35F14293 
 1053      08DF82BD 
 1053      7544C4C4 
 1053      D27D611B 
 1054 04df 56E68FB9 		.ascii	"V\346\217\271N\032\317\320\246\366v\357\177\334\340"
 1054      4E1ACFD0 
 1054      A6F676EF 
 1054      7FDCE0
 1055 04ee EAE4ADE4 		.ascii	"\352\344\255\344|\310\245t\025/%E\334\0348_\3038\\6"
 1055      7CC8A574 
 1055      152F2545 
 1055      DC1C385F 
 1055      C3385C36 
 1056 0502 7430F80C 		.ascii	"t0\370\014\331\336~\024\355B7\213\302\335\256\373\015"
 1056      D9DE7E14 
 1056      ED42378B 
 1056      C2DDAEFB 
 1056      0D
 1057 0513 AC2B8E3F 		.ascii	"\254+\216?$\3325\031\015\235\004\213\335Q,\034\217b"
 1057      24DA3519 
 1057      0D9D048B 
 1057      DD512C1C 
 1057      8F62
 1058 0525 31867E3C 		.ascii	"1\206~<\232\205\023\035\014>3\302\302%t\263\377\027"
 1058      9A85131D 
 1058      0C3E33C2 
 1058      C22574B3 
 1058      FF17
 1059 0537 8B1F6534 		.ascii	"\213\037e4tbw\241\352\332\233/\312\206\314\300\016j"
 1059      746277A1 
 1059      EADA9B2F 
 1059      CA86CCC0 
 1059      0E6A
 1060 0549 B47F33B1 		.ascii	"\264\1773\261\251\032>ga\233\3519\033\033\257\321w\011"
 1060      A91A3E67 
 1060      619BE939 
 1060      1B1BAFD1 
 1060      7709
 1061 055b ACEF1263 		.ascii	"\254\357\022ck\003%\025\345\305\201M\245\205\025e\005"
 1061      6B032515 
 1061      E5C5814D 
 1061      A5851565 
 1061      05
 1062 056c 9595851B 		.ascii	"\225\225\205\033\003\205\245\371[\213+\267\006\236)"
 1062      0385A5F9 
 1062      5B8B2BB7 
 1062      069E29
 1063 057b 29DD50BA 		.ascii	")\335P\272&/PT\\^Q\031\310[\367\302\222\305\201\265"
 1063      262F5054 
 1063      5C5E5119 
 1063      C85BF7C2 
 1063      92C581B5 
 1064 058f EB160A61 		.ascii	"\353\026\012aU\316\242%R\312Y\2642\177\345++V/\\\265"
 1064      55CEA225 
 1064      52CA59B4 
ARM GAS  /tmp/ccRhPMez.s 			page 33


 1064      327FE52B 
 1064      2B562F5C 
 1065 05a4 62DDAABC 		.ascii	"b\335\252\274\205/\347=\315\226fg\007\344?\372\225\024"
 1065      852FE73D 
 1065      CD966667 
 1065      07E43FFA 
 1065      9514
 1066 05b6 94053657 		.ascii	"\224\0056Wl\331:\031a\365\352g\003\317\275\364\374\232"
 1066      6CD93A19 
 1066      61F5EA67 
 1066      03CFBDF4 
 1066      FC9A
 1067 05c8 D773C894 		.ascii	"\327s\310\224\277\031\177eeE\331\205L%TR\214.;\267`"
 1067      BF197F65 
 1067      6545D985 
 1067      4C255452 
 1067      8C2E3BB7 
 1068 05dd 596ED1D2 		.ascii	"Yn\321\322\234\034\246\226\027T\276\246\226W\024\025"
 1068      9C1CA696 
 1068      1754BEA6 
 1068      96571415 
 1069 05ed 43292F7C 		.ascii	"C)/|u#/\334R\206\277\022\245\274L)/\371\017\215-e\252"
 1069      75232FDC 
 1069      5286BF12 
 1069      A5BC4C29 
 1069      2FF90F8D 
 1070              		.text
 1071              		.section	.gnu.lto_.symbol_nodes.9a9895eb371c3e7,"e",%progbits
 1072 0000 789C7361 		.ascii	"x\234sa\000\002\246\343L\365\014\015@\300\3028\341\034"
 1072      0002A6E3 
 1072      4CF50C0D 
 1072      40C0C238 
 1072      E11C
 1073 0012 03433D03 		.ascii	"\003C=\003\303\256\206FF\006F\006\260\344\011\246z\306"
 1073      C3AE8646 
 1073      46064606 
 1073      B0E409A6 
 1073      7AC6
 1074 0024 0D6D1F2D 		.ascii	"\015m\037-\260\310\261\236dbhpb``f\000\000u1\020\011"
 1074      B0C8B19E 
 1074      64626870 
 1074      62606066 
 1074      00007531 
 1075              		.text
 1076              		.section	.gnu.lto_.refs.9a9895eb371c3e7,"e",%progbits
 1077 0000 789C6367 		.ascii	"x\234cg```dd`\342e`\000\000\000\224\000\031"
 1077      60606064 
 1077      6460E265 
 1077      60000000 
 1077      940019
 1078              		.text
 1079              		.section	.gnu.lto_.decls.9a9895eb371c3e7,"e",%progbits
 1080 0000 789C9D56 		.ascii	"x\234\235V{TT\307\031\237o\346\356\356\345\262\270\024"
 1080      7B5454C7 
 1080      199F6FE6 
 1080      EEEEE5B2 
 1080      B814
ARM GAS  /tmp/ccRhPMez.s 			page 34


 1081 0012 B0F69C5A 		.ascii	"\260\366\234Z\017\315\241G\376\321\225\245\211\236\323"
 1081      0FCDA147 
 1081      FED195A5 
 1081      899ED3
 1082 0021 C7011631 		.ascii	"\307\001\0261\236\020\345,\246\247\315?[\302\"l+.\225"
 1082      9E10E52C 
 1082      A6A7CD3F 
 1082      5BC2226C 
 1082      2B2E95
 1083 0034 35C7FC77 		.ascii	"5\307\374w} V\020\361\021_1\210\215\306g\025_\304\007"
 1083      7D205610 
 1083      F1115F31 
 1083      888DC667 
 1083      155FC407 
 1084 0048 315BF081 		.ascii	"1[\360\201U+$\306\372\304'J\252Ih\202\306\007\301~3"
 1084      552B24C6 
 1084      FAC4274A 
 1084      AA496882 
 1084      C607C17E 
 1085 005d F7EEBDBB 		.ascii	"\367\356\275\273\254zz2\360\2733w\356\357\373\315\367"
 1085      AC7A7A32 
 1085      F0BB3377 
 1085      EEEFFBCD 
 1085      F7
 1086 006e 7D333B33 		.ascii	"}3;3\235\011\204l\241\204\024\000!O\2610BH'\302\212"
 1086      9D09846C 
 1086      A1841400 
 1086      214FB130 
 1086      424827C2 
 1087 0083 38846841 		.ascii	"8\204hA\034F\334B\364#\006\210V\320\204\304\241M2\002"
 1087      1C46DC42 
 1087      F4230688 
 1087      56D084C4 
 1087      A14D3202 
 1088 0097 FFC94B40 		.ascii	"\377\311K@\242J2\022P\232\224!\222\020)\272\306H\304"
 1088      A24A3212 
 1088      509A9421 
 1088      921029BA 
 1088      C648C4
 1089 00aa AF91FB2B 		.ascii	"\257\221\373+\304\035l\337D\374\006\264\261\036#\036"
 1089      C41D6CDF 
 1089      44FC06B4 
 1089      B11E231E 
 1090 00ba 218620C6 		.ascii	"!\206 \306b\337e\254O\"\276A\234@|\2138\205\270\217"
 1090      62DF65AC 
 1090      4F22BE41 
 1090      9C407C8B 
 1090      3885B88F 
 1091 00ce B884B88E 		.ascii	"\270\204\270\216\270\212\350B\\D\\#\232/q\203|\341e"
 1091      B88AE842 
 1091      5C445C23 
 1091      9A2F7183 
 1091      7CE165
 1092 00e1 24FA9338 		.ascii	"$\372\2238\310\237p<<\276? \216!\206\353>r?\270\177"
 1092      C89F703C 
 1092      3CBE3F20 
 1092      8E2186EB 
ARM GAS  /tmp/ccRhPMez.s 			page 35


 1092      3E723FB8 
 1093 00f6 BF45AD11 		.ascii	"\277E\255\021\210\237!\336\304w\011\321\213x\240\373"
 1093      889F21DE 
 1093      C47709D1 
 1093      8B78A0FB 
 1094 0106 735F1FF3 		.ascii	"s_\037\363yyX\312`$\360\304:D\2130J\234\252(7~J\240"
 1094      797958CA 
 1094      6024F0C4 
 1094      3A448B30 
 1094      4A9CAA28 
 1095 011e 596367C5 		.ascii	"Ycg\305\263\337sf\022H\370L\201\324\367\030\355\353"
 1095      B3DF7366 
 1095      1248F84C 
 1095      81D4F718 
 1095      EDEB
 1096 0130 FF743753 		.ascii	"\377t7SB\252\332\033\012\315\213#p\020\340\000\020\330"
 1096      42AADA1B 
 1096      0ACD8B23 
 1096      7010E000 
 1096      10D8
 1097 0142 0FA8F211 		.ascii	"\017\250\362\021\300>\200\275\200\264U-\355W%;\247\251"
 1097      C03E80BD 
 1097      80B4552D 
 1097      ED57253B 
 1097      A7A9
 1098 0154 8DAD127E 		.ascii	"\215\255\022~\323x\004Z\360\301\212\010R\036/\373\350"
 1098      D378045A 
 1098      F0C18A08 
 1098      521E2FFB 
 1098      E8
 1099 0165 AA5D28A9 		.ascii	"\252](\251\221J\037G*\211\301\3335\037\354\302\207k"
 1099      914A1F47 
 1099      2A89C1DB 
 1099      351FECC2 
 1099      876B
 1100 0177 DACB38F6 		.ascii	"\332\3138\366'\255!\263\277p\261{G\2778\225\020+\026"
 1100      27AD21B3 
 1100      BF70B17B 
 1100      47BF3895 
 1100      102B16
 1101 018a E5169B49 		.ascii	"\345\026\233I\330;H\2267\325\327^\260\246%\247\245!"
 1101      D83B4896 
 1101      37D5D75E 
 1101      B0A625A7 
 1101      A521
 1102 019c FFE193EA 		.ascii	"\377\341\223\352\263mc\227TU\253\365\263\031\034\003"
 1102      B36D6397 
 1102      5455ABF5 
 1102      B3191C03 
 1103 01ac 6807F827 		.ascii	"h\007\370'\030\356\036\341\217\014\202y\231\247\252"
 1103      18EE1EE1 
 1103      8F0C8279 
 1103      99A7AA
 1104 01bb 2189C03F 		.ascii	"!\211\300?\000B\274\0179\250{\022\340\024\300\011\236"
 1104      0042BC0F 
 1104      39A87B12 
 1104      E014C009 
ARM GAS  /tmp/ccRhPMez.s 			page 36


 1104      9E
 1105 01cc 2ED46ABA 		.ascii	".\324j\2728\267ZM\234g\3472\307\243d\234B\205S.\233"
 1105      38B75A4D 
 1105      9C67E732 
 1105      C7A3649C 
 1105      4285532E 
 1106 01e1 94A33194 		.ascii	"\224\2431\224\2038\021\363)\217\347\270\272\346\002"
 1106      833811F3 
 1106      298FE7B8 
 1106      BAE602
 1107 01f0 240F1E16 		.ascii	"$\017\036\026NC\354\300\"\015c\330j\252\265RY\243\336"
 1107      4E43ECC0 
 1107      220D63D8 
 1107      6AAAB552 
 1107      59A3DE
 1108 0203 FA09DB44 		.ascii	"\372\011\333D\011\333\201\330\247\367\234%\"\207\215"
 1108      09DB81D8 
 1108      A7F79C25 
 1108      22878D
 1109 0212 16D6C247 		.ascii	"\026\326\302GI\274\274\276\361\374\220\2644\236\212"
 1109      49BCBCBE 
 1109      F1FC90B4 
 1109      349E8A
 1110 0221 B4341CAC 		.ascii	"\2644\034\254\267n\343$\236\206\177\001\264\001\\\001"
 1110      B76EE324 
 1110      9E867F01 
 1110      B4015C01 
 1111 0231 23DA56D0 		.ascii	"#\332V\320\274CNS\377\007\252\210\000I\237G\221\216"
 1111      BC434E53 
 1111      FF07AA88 
 1111      00499F47 
 1111      918E
 1112 0243 44901E9B 		.ascii	"D\220\036\233\244sQ$\347\240|\236\007\3707\357\277\""
 1112      A4735124 
 1112      E7A07C9E 
 1112      07F837EF 
 1112      BF22
 1113 0255 C2BA0C70 		.ascii	"\302\272\014p\011\340:\300U\200.\200\213\000\327x\210"
 1113      09E03AC0 
 1113      55802E80 
 1113      8B00D778 
 1113      88
 1114 0266 5CB166A3 		.ascii	"\\\261f\243\241\330\021\245x\306\230\242\246\005&\347"
 1114      A1D811A5 
 1114      78C698A2 
 1114      A60526E7 
 1115 0276 D3284E67 		.ascii	"\323(Ng\204k\253M\322\205(\322'\246\320\200\351\376"
 1115      846BAB4D 
 1115      D28528D2 
 1115      27A6D080 
 1115      E9FE
 1116 0288 D928CE67 		.ascii	"\331(\316g\032\207\265\211Yz\332\265\372\312\0201K\241"
 1116      1A87B589 
 1116      597ADAB5 
 1116      FACA1031 
 1116      4BA1
 1117 029a 8860E006 		.ascii	"\210`\340\006\2748\034\264\2549?\320\026g\376>n\232"
ARM GAS  /tmp/ccRhPMez.s 			page 37


 1117      BC381CB4 
 1117      AC393FD0 
 1117      1667FE3E 
 1117      6E9A
 1118 02ac EBE016E8 		.ascii	"\353\340\026\350S\232\310N\213A\346\207\356t\310\312"
 1118      539AC84E 
 1118      8B41E687 
 1118      EE74C8CA 
 1119 02bc B5172FED 		.ascii	"\265\027/\355N\234\345s\210\213\210.\304\015}\306\207"
 1119      4E9CE573 
 1119      888B882E 
 1119      C40D7DC6 
 1119      87
 1120 02cd 6B3F1A60 		.ascii	"k?\032`\267\305\204\277{\272m;M\323J\362u\\\375\315"
 1120      B7C584BF 
 1120      7BBA6D3B 
 1120      4DD34AF2 
 1120      755CFDCD 
 1121 02e1 2B9FEE54 		.ascii	"+\237\356T\326\242\260\035\356\000\364\000|gz\322\255"
 1121      D6A2B01D 
 1121      EE00F400 
 1121      7C677AD2 
 1121      AD
 1122 02f2 C58AB4A6 		.ascii	"\305\212\264\246\277\356\252h\017\001\247|\035E\371"
 1122      BFEEAA68 
 1122      0F01A77C 
 1122      1D45F9
 1123 0301 CCA40C2C 		.ascii	"\314\244\014,\326\0266r\276\210\342\204\227\005'\365"
 1123      D6163672 
 1123      BE88E284 
 1123      970527F5 
 1124 0311 9BA4BB51 		.ascii	"\233\244\273Q$\247\311\371\336\344\374'VH\033\354\211"
 1124      24A7C9F9 
 1124      DEE4FC27 
 1124      56481BEC 
 1124      89
 1125 0322 C9B917A3 		.ascii	"\311\271\027\243\243Q\026\030.\337\216\215J[\012\372"
 1125      A3511618 
 1125      2EDF8E8D 
 1125      4A5B0AFA 
 1126 0332 12FC0AE0 		.ascii	"\022\374\012\340K\336\371\235\230\263\373\000\337\002"
 1126      4BDEF99D 
 1126      98B3FB00 
 1126      DF02
 1127 0340 F4017C03 		.ascii	"\364\001|\003\320\013\360\000\340\277|\316X\003\343"
 1127      D00BF000 
 1127      E0BF7CCE 
 1127      5803E3
 1128 034f 9371A7A6 		.ascii	"\223q\247\246k\227#y\260-<\204\027[\243\345\335\376"
 1128      6B972379 
 1128      B02D3C84 
 1128      175BA3E5 
 1128      DDFE
 1129 0361 4F2E39CC 		.ascii	"O.9\314\031\177dz\364\230[\022\266M\014p\342t\365\261"
 1129      197F647A 
 1129      F4985B12 
 1129      B64D0C70 
ARM GAS  /tmp/ccRhPMez.s 			page 38


 1129      E274F5B1 
 1130 0375 21CFA0C1 		.ascii	"!\317\240\301\023\010\023\233\005\261\243k\375IG\354"
 1130      1308139B 
 1130      05B1A36B 
 1130      FD4947EC 
 1131 0385 8EF7FDA0 		.ascii	"\216\367\375\240\215x\333\315CW\354\0303?\030%\037\000"
 1131      8D78DBCD 
 1131      4357EC18 
 1131      333F1825 
 1131      1F00
 1132 0397 9C7F051F 		.ascii	"\234\177\005\037\012y\223\221\024\225\252\324\352cT"
 1132      0A799391 
 1132      1495AAD4 
 1132      EA6354
 1133 03a6 610AF329 		.ascii	"a\012\363)\3550\"\275\217e\3114\335\241\310\233\333"
 1133      ED3022BD 
 1133      8F65C934 
 1133      DDA1C89B 
 1133      DB
 1134 03b7 2051B1C8 		.ascii	" Q\261\310\224\366\330|J\372c\330N\033\255\251Y\252"
 1134      94F6D87C 
 1134      4AFA63D8 
 1134      4E1BADA9 
 1134      59AA
 1135 03c9 E4AB1DDA 		.ascii	"\344\253\035\332cSi\375\244\224\314,|\366\330\332\301"
 1135      635369FD 
 1135      A494CC2C 
 1135      7CF6D8DA 
 1135      C1
 1136 03da 87560592 		.ascii	"\207V\005\222\234\210\255\036\233\322\307\032\027Y}"
 1136      9C88AD1E 
 1136      9BD2C71A 
 1136      17597D
 1137 03e9 A7E98291 		.ascii	"\247\351\202\221\270\223*>W\012\346*K\226G8ZY+\313#"
 1137      B8932A3E 
 1137      570AE62A 
 1137      4B964738 
 1137      5A592BCB 
 1138 03fe 44969B76 		.ascii	"D\226\233v\014Uzl\016\224H\367\245&\372R\035\355`\361"
 1138      0C557A6C 
 1138      0E9448F7 
 1138      A526FA52 
 1138      1DED60F1 
 1139 0412 F9949474 		.ascii	"\371\224\224t\202N\370\\\256,\252\240\262$\267\203\213"
 1139      824EF85C 
 1139      AE2CAAA0 
 1139      B224B783 
 1139      8B
 1140 0423 81DDA55E 		.ascii	"\201\335\245^\277;L\261(q#R\323\011\361\221<\212\272"
 1140      BF3B4CB1 
 1140      28712352 
 1140      D309F191 
 1140      3C8ABA
 1141 0436 EC69B880 		.ascii	"\354i\270\200\015\307\364\231\257\000\351\012uQ\366"
 1141      0DC7F499 
 1141      AF00E90A 
 1141      7551F6
ARM GAS  /tmp/ccRhPMez.s 			page 39


 1142 0445 5A8F0D2F 		.ascii	"Z\217\015/\0034\025\367\016I\266\333A\305*\316\373\232"
 1142      033415F7 
 1142      0E49B6DB 
 1142      41C52ACE 
 1142      FB9A
 1143 0457 AFC0A590 		.ascii	"\257\300\245\220\036\033\305O)\022\250\024LK\305J\000"
 1143      1E1BC54F 
 1143      2912A814 
 1143      4C4BC54A 
 1143      00
 1144 0468 6A1C9842 		.ascii	"j\034\230B\361\307\037\240?\200\277\352\027\221\360"
 1144      F1C71FA0 
 1144      3F80BFEA 
 1144      1791F0
 1145 0477 30A29F1F 		.ascii	"0\242\237\037\262Tgs\212\326kTz\233\023\250\256C\365"
 1145      B2546773 
 1145      8AD66B54 
 1145      7A9B13A8 
 1145      AE43F5
 1146 048a F317341B 		.ascii	"\363\0274\033}\020\376\214\0207(\240S\302:\232\215N"
 1146      7D10FE8C 
 1146      103728A0 
 1146      53C23A9A 
 1146      8D4E
 1147 049c 306CF526 		.ascii	"0l\365&\037C\220i\244\215\260\213r\334\224$\206l\330"
 1147      1F439069 
 1147      A48DB08B 
 1147      72DC9424 
 1147      866CD8
 1148 04af 25A2BDE0 		.ascii	"%\242\275\340\272yT\333wb\310m\314\233\332\322\262\331"
 1148      BA7954DB 
 1148      7762C86D 
 1148      CC9BDAD2 
 1148      B2D9
 1149 04c1 0143EBB3 		.ascii	"\001C\353\263\010\260Kb\345]\252\332U'\316&,!\335\227"
 1149      08B04B62 
 1149      E55DAADA 
 1149      5527CE26 
 1149      2C21DD97 
 1150 04d5 39942F4D 		.ascii	"9\224/Ma\371u[\337\203x\3619\244\177\346\033b\004\241"
 1150      61F9755B 
 1150      DF8378F1 
 1150      39A47FE6 
 1150      1B6204A1 
 1151 04e9 EB7CFF91 		.ascii	"\353|\377\221xs\211\317\245\306/a\036\025\204\015+\232"
 1151      787389CF 
 1151      A5C62F61 
 1151      1E15840D 
 1151      2B9A
 1152 04fb D726F01B 		.ascii	"\327&\360\033\015v@@\354cT\354c\211\370\261}\311\374"
 1152      0D764040 
 1152      EC6354EC 
 1152      6389F8B1 
 1152      7DC9FC
 1153 050e 06C73054 		.ascii	"\006\3070T\277\247\252)P\006\325\024\360\310$\260\000"
 1153      BFA7AA29 
 1153      5006D514 
ARM GAS  /tmp/ccRhPMez.s 			page 40


 1153      F0C824B0 
 1153      00
 1154 051f C3AED2EC 		.ascii	"\303\256\322\354\347,:\332\221\360\322\252U\352\303"
 1154      E72C3ADA 
 1154      91F0D2AA 
 1154      55EAC3
 1155 052e DDEBB6B5 		.ascii	"\335\353\266\265\001nos\220/!\005f\353n\020l\021\261"
 1155      016E6F73 
 1155      902F2105 
 1155      66EB6E10 
 1155      6C11B1
 1156 0541 00206BAB 		.ascii	"\000 k\253\225\255\223\270\335\203\206c\347\0241\356"
 1156      95AD93B8 
 1156      DD838663 
 1156      E71431EE 
 1157 0551 61800076 		.ascii	"a\200\000v\354?w\270M\022\035\003\2706\350sb_d\206\326"
 1157      EC3F77B8 
 1157      4D121D03 
 1157      B836E873 
 1157      625F6486 
 1158 0566 D074E451 		.ascii	"\320t\344Q|\324g\2765D\020:6\334:c1c\2573c_\254\371"
 1158      7CD467BE 
 1158      3544103A 
 1158      36DC3A63 
 1158      3163AF33 
 1159 057e FEE1DE9D 		.ascii	"\376\341\336\235k\340\031\004\376\373\327)\003\325;"
 1159      6BE01904 
 1159      FEFBD729 
 1159      03D53B
 1160 058d EBEDC2AB 		.ascii	"\353\355\302\253z\012\265\334\253}+k\027>+'K1\306%\232"
 1160      7A0AB5DC 
 1160      AB7D2B6B 
 1160      173E2B27 
 1160      4B31C625 
 1161 05a2 51F7B2DE 		.ascii	"Q\367\262\336\025v\236\223\246-x\327I\324\022\262\224"
 1161      15769E93 
 1161      A62D78D7 
 1161      49D412B2 
 1161      94
 1162 05b3 C2422321 		.ascii	"\302B#!\013\215\204,\267\210\234\377\010\315\016t\267"
 1162      0B8D842C 
 1162      B7889CFF 
 1162      08CD0E74 
 1162      B7
 1163 05c4 9C901455 		.ascii	"\234\220\024U\337e\2603\354\356\273\310v\302r*\230I"
 1163      DF65B033 
 1163      ECEEBBC8 
 1163      76C2722A 
 1163      9849
 1164 05d6 6276EAF9 		.ascii	"bv\352\371um8\012\210\012o\035\"\251\247\216-\302\215"
 1164      756D380A 
 1164      880A6F1D 
 1164      22A9A78E 
 1164      2DC28D
 1165 05e9 0003EA51 		.ascii	"\000\003\352Q[g3\002\2310\206\300\032\212\014\334\245"
 1165      5B673302 
 1165      993086C0 
ARM GAS  /tmp/ccRhPMez.s 			page 41


 1165      1A8A0CDC 
 1165      A5
 1166 05fa 565358C5 		.ascii	"VSX\305\003\250\353\352\334mI\322\266\325?\302{\024"
 1166      03A8EBEA 
 1166      DC6D49D2 
 1166      B6D53FC2 
 1166      7B14
 1167 060c 565258C1 		.ascii	"VRX\301#XK\305P\\\350f\335\316\233b\303\353\011=_\350"
 1167      23584BC5 
 1167      505CE866 
 1167      DDCE9B62 
 1167      C3EB093D 
 1168 0622 4EC3DF1A 		.ascii	"N\303\337\032\230!\364\3763\205\026\177u=\363\347\037"
 1168      9821F4FE 
 1168      3385167F 
 1168      753DF3E7 
 1168      1F
 1169 0633 4B141A28 		.ascii	"K\024\032(\353\220\010\273 \221_,\257W{\267W\341\345"
 1169      EB9008BB 
 1169      20915F2C 
 1169      AF577BB7 
 1169      57E1E5
 1170 0646 47C65E58 		.ascii	"G\306^XOa\231i\332Ha\035\315:ba\327\220\334\215\370"
 1170      4F619969 
 1170      DA48611D 
 1170      CD3A6261 
 1170      D790DC8D 
 1171 065b 12711FD1 		.ascii	"\022q\037\321\217\250\262\020V\207X\212Xi\321\016\335"
 1171      8FA8B210 
 1171      5687588A 
 1171      5869D10E 
 1171      DD
 1172 066c 74918E10 		.ascii	"t\221\216\020ek,8\336\217\327\034j]f\013\037\272\010"
 1172      656B2C38 
 1172      DE8FD71C 
 1172      6A5D660B 
 1172      1FBA08
 1173 067f EDDC5DB4 		.ascii	"\355\334]\264'\255u\256\252\037Q\037Ph6\227B\247y\320"
 1173      27AD75AE 
 1173      AA1F511F 
 1173      50683697 
 1173      42A779D0 
 1174 0693 2DDC133E 		.ascii	"-\334\023>\305>\214\242\204O1q`\032'\335\266(N\304Y"
 1174      C53E8CA2 
 1174      844F3171 
 1174      601A27DD 
 1174      B6284EC4 
 1175 06a8 68A86C8E 		.ascii	"h\250l\216bD\036\315\003\206\312\326\030\025\235\362"
 1175      62441ECD 
 1175      0386CAD6 
 1175      18159DF2 
 1176 06b8 D4A06C89 		.ascii	"\324\240l\211\225\321/\012\306H\233b\375\215\274\367"
 1176      95D12F0A 
 1176      C6489B62 
 1176      FD8DBCF7 
 1177 06c8 FD9DE299 		.ascii	"\375\235\342\231\202}\315|\375\301.\012{(\354\245\260"
 1177      827DCD7C 
ARM GAS  /tmp/ccRhPMez.s 			page 42


 1177      FDC12E0A 
 1177      7B28ECA5 
 1177      B0
 1178 06d9 9BC23E0A 		.ascii	"\233\302>\012M\330Ia?\205\235\024\016\360-\223K\327"
 1178      4DD84961 
 1178      3F859D14 
 1178      0EF02D93 
 1178      4BD7
 1179 06eb 18D21BA3 		.ascii	"\030\322\033\243\244#\356 \265\006eC,E\017\242\316\340"
 1179      A423EE20 
 1179      B5066543 
 1179      2C450FA2 
 1179      CEE0
 1180 06fd EC884D3A 		.ascii	"\354\210M:\277\2007\360I\243\373\267~\376\220&\017\366"
 1180      BF8037F0 
 1180      49A3FBB7 
 1180      7EFE9026 
 1180      0FF6
 1181 070f 170ED2FF 		.ascii	"\027\016\322\377\323c\224\250\232\277\275\306j\376\224"
 1181      D36394A8 
 1181      9ABFBDC6 
 1181      6AFE94
 1182 071e 0F9963B5 		.ascii	"\017\231c\265h\013\361\314\342\206n[\304\365\361\005"
 1182      680BF1CC 
 1182      E2866E5B 
 1182      C4F5F105 
 1183 072e 977C642F 		.ascii	"\227|d/\354~\377x\202)\327`\312\035\346\003\376r\364"
 1183      EC7EFF78 
 1183      8229D760 
 1183      CA1DE603 
 1183      FE72F4
 1184 0741 68A7F61F 		.ascii	"h\247\366\037\250t\226\025MsV\004f\004+\235\205S^\317"
 1184      A8749615 
 1184      4D735604 
 1184      66042B9D 
 1184      85535ECF 
 1185 0755 7439F3F3 		.ascii	"t9\363\363s\235\023\012&N~;\203\177\362V \246M\363\215"
 1185      739D130A 
 1185      264E7E3B 
 1185      837FF256 
 1185      20A64DF3 
 1186 076a 2E96274C 		.ascii	".\226'Lz#\325\2351\226\014\213\352\036=\256h\3548\337"
 1186      7A23D59D 
 1186      31960C8B 
 1186      EA1E3DAE 
 1186      68EC38DF 
 1187 077e CB191944 		.ascii	"\313\031\031D\236\351\237\036\314ty\203\262?P\036\360"
 1187      9EE99F1E 
 1187      CC747983 
 1187      B23F501E 
 1187      F0
 1188 078f 957883D6 		.ascii	"\225x\203\326\202\274\334\242`\021+\2361\215\005|3\260"
 1188      82BCDCA2 
 1188      60112B9E 
 1188      318D057C 
 1188      33B0
 1189 07a1 2EF338CB 		.ascii	".\3638\313\002\345%\316\351\376\342\300\264\242\312"
ARM GAS  /tmp/ccRhPMez.s 			page 43


 1189      02E525CE 
 1189      E9FEE2C0 
 1189      B4A2CA
 1190 07b0 CAE25267 		.ascii	"\312\342Rg\261\337\033,\251\014:\335e\376\267\374\223"
 1190      B1DF1B2C 
 1190      A90C3ADD 
 1190      65FEB7FC 
 1190      93
 1191 07c1 0B9DBE92 		.ascii	"\013\235\276\222\362@\330\027\317\224Q\242\221\2271"
 1191      F240D817 
 1191      CF9451A2 
 1191      919731
 1192 07d0 26536B65 		.ascii	"&Ske\214\031\357\035\377\273\354\374Qy\331S\362\012"
 1192      8C19EF1D 
 1192      FFBBECFC 
 1192      5179D953 
 1192      F20A
 1193 07e2 47BD5198 		.ascii	"G\275Q\230C^\376\001\321\224\221\244\312`9:[Z\341\017"
 1193      435EFE01 
 1193      D19491A4 
 1193      CA60393A 
 1193      5B5AE10F 
 1194 07f6 782B4B82 		.ascii	"x+K\2023+\270\273\343\271\273\326\202\\\255rkU\216V"
 1194      332BB8BB 
 1194      E3B9BBD6 
 1194      825CAD72 
 1194      6B558E56 
 1195 080a 656BD504 		.ascii	"ek\325\004^\305\025d\347\273\003\323\247\372KY\216\307"
 1195      5EC51564 
 1195      E7BB03D3 
 1195      A7FA4B59 
 1195      8EC7
 1196 081c 23E5147A 		.ascii	"#\345\024z<lr\256\207MD\270=\257\"\362\245|\367k\036"
 1196      3C6C72AE 
 1196      874D44B8 
 1196      3DAF22F2 
 1196      A57CF76B 
 1197 0831 57A46BC5 		.ascii	"W\244k\305\201\362\362\300tg\311\254 \372\346\324\343"
 1197      81F2F2C0 
 1197      7467C9AC 
 1197      20FAE6D4 
 1197      E3
 1198 0842 9A35CB29 		.ascii	"\2325\313)\034\231\212\021\316*E\277\354\334[\357\224"
 1198      1C998A11 
 1198      CE2A45BF 
 1198      ECDC5BEF 
 1198      94
 1199 0853 772A4A72 		.ascii	"w*JrK\246*\376\000\017\306\357\363\006\355Z\263\274"
 1199      4BA62AFE 
 1199      000FC6EF 
 1199      F306ED5A 
 1199      B3BC
 1200 0865 A8F2CFDE 		.ascii	"\250\362\317\336 \313x\205\310E3\312\337\036;\252\234"
 1200      20CB7885 
 1200      C84533CA 
 1200      DF1E3BAA 
 1200      9C
ARM GAS  /tmp/ccRhPMez.s 			page 44


 1201 0876 28C5D85F 		.ascii	"(\305\330_2kTy&I\010\007\350\365O\367\007\177Hb\212"
 1201      326B5479 
 1201      26490807 
 1201      E8F54FF7 
 1201      077F4862 
 1202 088b C9504303 		.ascii	"\311PC\003\323R:#0\263\202O\246\215O\3568o0I\242\222"
 1202      D3523A23 
 1202      30B3824F 
 1202      A68D4FEE 
 1202      386F3049 
 1203 08a1 2C136693 		.ascii	",\023f\223\365\022\357\220\213\247\226\006\213\336\032"
 1203      F512EF90 
 1203      8BA79606 
 1203      8BDE1A
 1204 08b0 3DC6AA35 		.ascii	"=\306\2525\244\234\\\267\307\226]\220\2231~\222\250"
 1204      A49C5CB7 
 1204      C7965D90 
 1204      93317E92 
 1204      A8
 1205 08c1 5D585BB3 		.ascii	"]X[\263_\315\301J\346\335\236\302)\242\341\342\015\346"
 1205      5FCDC14A 
 1205      E6DD9EC2 
 1205      29A2E1E2 
 1205      0DE6
 1206 08d3 9EE891DC 		.ascii	"\236\350\221\334y\023<\324\215\355BO\274\307\355\016"
 1206      79133CD4 
 1206      8DED424F 
 1206      BCC7ED0E 
 1207 08e3 87FF3FC4 		.ascii	"\207\377?\304\022\313$"
 1207      12CB24
 1208              		.text
 1209              		.section	.gnu.lto_.symtab.9a9895eb371c3e7,"e",%progbits
 1210 0000 5F70616C 		.ascii	"_pal_lld_init\000"
 1210      5F6C6C64 
 1210      5F696E69 
 1210      7400
 1211 000e 00       		.ascii	"\000"
 1212 000f 00       		.ascii	"\000"
 1213 0010 00       		.ascii	"\000"
 1214 0011 00000000 		.ascii	"\000\000\000\000\000\000\000\000"
 1214      00000000 
 1215 0019 09010000 		.ascii	"\011\001\000\000"
 1216 001d 5F70616C 		.ascii	"_pal_lld_setgroupmode\000"
 1216      5F6C6C64 
 1216      5F736574 
 1216      67726F75 
 1216      706D6F64 
 1217 0033 00       		.ascii	"\000"
 1218 0034 00       		.ascii	"\000"
 1219 0035 00       		.ascii	"\000"
 1220 0036 00000000 		.ascii	"\000\000\000\000\000\000\000\000"
 1220      00000000 
 1221 003e 13010000 		.ascii	"\023\001\000\000"
 1222              		.text
 1223              		.section	.gnu.lto_.ext_symtab.9a9895eb371c3e7,"e",%progbits
 1224 0000 01       		.ascii	"\001"
 1225 0001 01       		.ascii	"\001"
ARM GAS  /tmp/ccRhPMez.s 			page 45


 1226 0002 00       		.ascii	"\000"
 1227 0003 01       		.ascii	"\001"
 1228 0004 00       		.ascii	"\000"
 1229              		.text
 1230              		.section	.gnu.lto_.opts,"e",%progbits
 1231 0000 272D666E 		.ascii	"'-fno-openmp' '-fno-openacc' '-fno-pie' '-fcf-prote"
 1231      6F2D6F70 
 1231      656E6D70 
 1231      2720272D 
 1231      666E6F2D 
 1232 0033 6374696F 		.ascii	"ction=none' '-g' '-mcpu=cortex-m3' '-mthumb' '-mflo"
 1232      6E3D6E6F 
 1232      6E652720 
 1232      272D6727 
 1232      20272D6D 
 1233 0066 61742D61 		.ascii	"at-abi=soft' '-mlibarch=armv7-m' '-march=armv7-m' '"
 1233      62693D73 
 1233      6F667427 
 1233      20272D6D 
 1233      6C696261 
 1234 0099 2D4F3227 		.ascii	"-O2' '-fomit-frame-pointer' '-falign-functions=16' "
 1234      20272D66 
 1234      6F6D6974 
 1234      2D667261 
 1234      6D652D70 
 1235 00cc 272D6666 		.ascii	"'-ffunction-sections' '-fdata-sections' '-fno-commo"
 1235      756E6374 
 1235      696F6E2D 
 1235      73656374 
 1235      696F6E73 
 1236 00ff 6E272027 		.ascii	"n' '-flto' '-Xassembler' '-alms=./build/lst/hal_pal"
 1236      2D666C74 
 1236      6F272027 
 1236      2D586173 
 1236      73656D62 
 1237 0132 5F6C6C64 		.ascii	"_lld.lst'\000"
 1237      2E6C7374 
 1237      2700
 1238              		.text
 1239              		.comm	__gnu_lto_slim,1,1
 1240              		.ident	"GCC: (15:10.3-2021.07-4) 10.3.1 20210621 (release)"
ARM GAS  /tmp/ccRhPMez.s 			page 46


DEFINED SYMBOLS
                            *ABS*:0000000000000000 hal_pal_lld.c
     /tmp/ccRhPMez.s:20     .gnu.debuglto_.debug_info:0000000000000000 hal_pal_lld.c.8a78d511
                            *COM*:0000000000000001 __gnu_lto_slim

NO UNDEFINED SYMBOLS
