ARM GAS  /tmp/cclZSKTA.s 			page 1


   1              		.cpu cortex-m3
   2              		.eabi_attribute 20, 1
   3              		.eabi_attribute 21, 1
   4              		.eabi_attribute 23, 3
   5              		.eabi_attribute 24, 1
   6              		.eabi_attribute 25, 1
   7              		.eabi_attribute 26, 1
   8              		.eabi_attribute 30, 2
   9              		.eabi_attribute 34, 1
  10              		.eabi_attribute 18, 4
  11              		.file	"memstreams.c"
  12              		.file 1 "/usr/lib/gcc/arm-none-eabi/10.3.1/include/stddef.h"
  13              		.file 2 "/usr/lib/gcc/arm-none-eabi/10.3.1/include/stdint.h"
  14              		.file 3 "../../../os/rt/include/chearly.h"
  15              		.file 4 "../../../os/hal/lib/streams/memstreams.h"
  16              		.file 5 "../../../os/hal/lib/streams/memstreams.c"
  17              		.section	.gnu.debuglto_.debug_info,"e",%progbits
  18              	.Ldebug_info0:
  19              		.hidden	memstreams.c.bddb5f2c
  20              		.weak	memstreams.c.bddb5f2c
  21              	memstreams.c.bddb5f2c:
  22 0000 3E030000 		.4byte	0x33e
  23 0004 0400     		.2byte	0x4
  24 0006 00000000 		.4byte	.Ldebug_abbrev0
  25 000a 04       		.byte	0x4
  26 000b 01       		.uleb128 0x1
  27 000c 07000000 		.4byte	.LASF28
  28 0010 0C       		.byte	0xc
  29 0011 F7010000 		.4byte	.LASF29
  30 0015 80010000 		.4byte	.LASF30
  31 0019 00000000 		.4byte	.Ldebug_line0
  32 001d 02       		.uleb128 0x2
  33 001e 04       		.byte	0x4
  34 001f 05       		.byte	0x5
  35 0020 696E7400 		.ascii	"int\000"
  36 0024 03       		.uleb128 0x3
  37 0025 00000000 		.4byte	.LASF11
  38 0029 01       		.byte	0x1
  39 002a D1       		.byte	0xd1
  40 002b 17       		.byte	0x17
  41 002c 30000000 		.4byte	0x30
  42 0030 04       		.uleb128 0x4
  43 0031 04       		.byte	0x4
  44 0032 07       		.byte	0x7
  45 0033 E0000000 		.4byte	.LASF0
  46 0037 04       		.uleb128 0x4
  47 0038 08       		.byte	0x8
  48 0039 05       		.byte	0x5
  49 003a E9010000 		.4byte	.LASF1
  50 003e 04       		.uleb128 0x4
  51 003f 08       		.byte	0x8
  52 0040 04       		.byte	0x4
  53 0041 3A010000 		.4byte	.LASF2
  54 0045 04       		.uleb128 0x4
  55 0046 01       		.byte	0x1
  56 0047 06       		.byte	0x6
  57 0048 FA000000 		.4byte	.LASF3
ARM GAS  /tmp/cclZSKTA.s 			page 2


  58 004c 04       		.uleb128 0x4
  59 004d 01       		.byte	0x1
  60 004e 08       		.byte	0x8
  61 004f 06010000 		.4byte	.LASF4
  62 0053 04       		.uleb128 0x4
  63 0054 02       		.byte	0x2
  64 0055 05       		.byte	0x5
  65 0056 27020000 		.4byte	.LASF5
  66 005a 04       		.uleb128 0x4
  67 005b 02       		.byte	0x2
  68 005c 07       		.byte	0x7
  69 005d 14010000 		.4byte	.LASF6
  70 0061 04       		.uleb128 0x4
  71 0062 04       		.byte	0x4
  72 0063 05       		.byte	0x5
  73 0064 38020000 		.4byte	.LASF7
  74 0068 04       		.uleb128 0x4
  75 0069 04       		.byte	0x4
  76 006a 07       		.byte	0x7
  77 006b 50010000 		.4byte	.LASF8
  78 006f 04       		.uleb128 0x4
  79 0070 08       		.byte	0x8
  80 0071 07       		.byte	0x7
  81 0072 5B020000 		.4byte	.LASF9
  82 0076 05       		.uleb128 0x5
  83 0077 04       		.byte	0x4
  84 0078 04       		.uleb128 0x4
  85 0079 01       		.byte	0x1
  86 007a 08       		.byte	0x8
  87 007b 6D010000 		.4byte	.LASF10
  88 007f 03       		.uleb128 0x3
  89 0080 D9010000 		.4byte	.LASF12
  90 0084 02       		.byte	0x2
  91 0085 28       		.byte	0x28
  92 0086 18       		.byte	0x18
  93 0087 61000000 		.4byte	0x61
  94 008b 03       		.uleb128 0x3
  95 008c 72010000 		.4byte	.LASF13
  96 0090 02       		.byte	0x2
  97 0091 2E       		.byte	0x2e
  98 0092 18       		.byte	0x18
  99 0093 4C000000 		.4byte	0x4c
 100 0097 06       		.uleb128 0x6
 101 0098 8B000000 		.4byte	0x8b
 102 009c 03       		.uleb128 0x3
 103 009d 7A010000 		.4byte	.LASF14
 104 00a1 03       		.byte	0x3
 105 00a2 58       		.byte	0x58
 106 00a3 19       		.byte	0x19
 107 00a4 7F000000 		.4byte	0x7f
 108 00a8 07       		.uleb128 0x7
 109 00a9 04       		.byte	0x4
 110 00aa 8B000000 		.4byte	0x8b
 111 00ae 04       		.uleb128 0x4
 112 00af 01       		.byte	0x1
 113 00b0 02       		.byte	0x2
 114 00b1 55020000 		.4byte	.LASF15
ARM GAS  /tmp/cclZSKTA.s 			page 3


 115 00b5 08       		.uleb128 0x8
 116 00b6 24000000 		.4byte	0x24
 117 00ba CE000000 		.4byte	0xce
 118 00be 09       		.uleb128 0x9
 119 00bf 76000000 		.4byte	0x76
 120 00c3 09       		.uleb128 0x9
 121 00c4 CE000000 		.4byte	0xce
 122 00c8 09       		.uleb128 0x9
 123 00c9 24000000 		.4byte	0x24
 124 00cd 00       		.byte	0
 125 00ce 07       		.uleb128 0x7
 126 00cf 04       		.byte	0x4
 127 00d0 97000000 		.4byte	0x97
 128 00d4 07       		.uleb128 0x7
 129 00d5 04       		.byte	0x4
 130 00d6 B5000000 		.4byte	0xb5
 131 00da 08       		.uleb128 0x8
 132 00db 24000000 		.4byte	0x24
 133 00df F3000000 		.4byte	0xf3
 134 00e3 09       		.uleb128 0x9
 135 00e4 76000000 		.4byte	0x76
 136 00e8 09       		.uleb128 0x9
 137 00e9 A8000000 		.4byte	0xa8
 138 00ed 09       		.uleb128 0x9
 139 00ee 24000000 		.4byte	0x24
 140 00f2 00       		.byte	0
 141 00f3 07       		.uleb128 0x7
 142 00f4 04       		.byte	0x4
 143 00f5 DA000000 		.4byte	0xda
 144 00f9 08       		.uleb128 0x8
 145 00fa 9C000000 		.4byte	0x9c
 146 00fe 0D010000 		.4byte	0x10d
 147 0102 09       		.uleb128 0x9
 148 0103 76000000 		.4byte	0x76
 149 0107 09       		.uleb128 0x9
 150 0108 8B000000 		.4byte	0x8b
 151 010c 00       		.byte	0
 152 010d 07       		.uleb128 0x7
 153 010e 04       		.byte	0x4
 154 010f F9000000 		.4byte	0xf9
 155 0113 08       		.uleb128 0x8
 156 0114 9C000000 		.4byte	0x9c
 157 0118 22010000 		.4byte	0x122
 158 011c 09       		.uleb128 0x9
 159 011d 76000000 		.4byte	0x76
 160 0121 00       		.byte	0
 161 0122 07       		.uleb128 0x7
 162 0123 04       		.byte	0x4
 163 0124 13010000 		.4byte	0x113
 164 0128 0A       		.uleb128 0xa
 165 0129 ED000000 		.4byte	.LASF31
 166 012d 18       		.byte	0x18
 167 012e 04       		.byte	0x4
 168 012f 3D       		.byte	0x3d
 169 0130 08       		.byte	0x8
 170 0131 84010000 		.4byte	0x184
 171 0135 0B       		.uleb128 0xb
ARM GAS  /tmp/cclZSKTA.s 			page 4


 172 0136 D0000000 		.4byte	.LASF16
 173 013a 04       		.byte	0x4
 174 013b 3E       		.byte	0x3e
 175 013c 03       		.byte	0x3
 176 013d 24000000 		.4byte	0x24
 177 0141 00       		.byte	0
 178 0142 0B       		.uleb128 0xb
 179 0143 27010000 		.4byte	.LASF17
 180 0147 04       		.byte	0x4
 181 0148 3E       		.byte	0x3e
 182 0149 03       		.byte	0x3
 183 014a D4000000 		.4byte	0xd4
 184 014e 04       		.byte	0x4
 185 014f 0B       		.uleb128 0xb
 186 0150 46010000 		.4byte	.LASF18
 187 0154 04       		.byte	0x4
 188 0155 3E       		.byte	0x3e
 189 0156 03       		.byte	0x3
 190 0157 F3000000 		.4byte	0xf3
 191 015b 08       		.byte	0x8
 192 015c 0C       		.uleb128 0xc
 193 015d 70757400 		.ascii	"put\000"
 194 0161 04       		.byte	0x4
 195 0162 3E       		.byte	0x3e
 196 0163 03       		.byte	0x3
 197 0164 0D010000 		.4byte	0x10d
 198 0168 0C       		.byte	0xc
 199 0169 0C       		.uleb128 0xc
 200 016a 67657400 		.ascii	"get\000"
 201 016e 04       		.byte	0x4
 202 016f 3E       		.byte	0x3e
 203 0170 03       		.byte	0x3
 204 0171 22010000 		.4byte	0x122
 205 0175 10       		.byte	0x10
 206 0176 0B       		.uleb128 0xb
 207 0177 62010000 		.4byte	.LASF19
 208 017b 04       		.byte	0x4
 209 017c 3E       		.byte	0x3e
 210 017d 03       		.byte	0x3
 211 017e 0D010000 		.4byte	0x10d
 212 0182 14       		.byte	0x14
 213 0183 00       		.byte	0
 214 0184 06       		.uleb128 0x6
 215 0185 28010000 		.4byte	0x128
 216 0189 0D       		.uleb128 0xd
 217 018a 14       		.byte	0x14
 218 018b 04       		.byte	0x4
 219 018c 46       		.byte	0x46
 220 018d 09       		.byte	0x9
 221 018e D4010000 		.4byte	0x1d4
 222 0192 0C       		.uleb128 0xc
 223 0193 766D7400 		.ascii	"vmt\000"
 224 0197 04       		.byte	0x4
 225 0198 48       		.byte	0x48
 226 0199 1E       		.byte	0x1e
 227 019a D4010000 		.4byte	0x1d4
 228 019e 00       		.byte	0
ARM GAS  /tmp/cclZSKTA.s 			page 5


 229 019f 0B       		.uleb128 0xb
 230 01a0 31020000 		.4byte	.LASF20
 231 01a4 04       		.byte	0x4
 232 01a5 49       		.byte	0x49
 233 01a6 03       		.byte	0x3
 234 01a7 A8000000 		.4byte	0xa8
 235 01ab 04       		.byte	0x4
 236 01ac 0B       		.uleb128 0xb
 237 01ad 68010000 		.4byte	.LASF21
 238 01b1 04       		.byte	0x4
 239 01b2 49       		.byte	0x49
 240 01b3 03       		.byte	0x3
 241 01b4 24000000 		.4byte	0x24
 242 01b8 08       		.byte	0x8
 243 01b9 0C       		.uleb128 0xc
 244 01ba 656F7300 		.ascii	"eos\000"
 245 01be 04       		.byte	0x4
 246 01bf 49       		.byte	0x49
 247 01c0 03       		.byte	0x3
 248 01c1 24000000 		.4byte	0x24
 249 01c5 0C       		.byte	0xc
 250 01c6 0B       		.uleb128 0xb
 251 01c7 20020000 		.4byte	.LASF22
 252 01cb 04       		.byte	0x4
 253 01cc 49       		.byte	0x49
 254 01cd 03       		.byte	0x3
 255 01ce 24000000 		.4byte	0x24
 256 01d2 10       		.byte	0x10
 257 01d3 00       		.byte	0
 258 01d4 07       		.uleb128 0x7
 259 01d5 04       		.byte	0x4
 260 01d6 84010000 		.4byte	0x184
 261 01da 03       		.uleb128 0x3
 262 01db 41020000 		.4byte	.LASF23
 263 01df 04       		.byte	0x4
 264 01e0 4A       		.byte	0x4a
 265 01e1 03       		.byte	0x3
 266 01e2 89010000 		.4byte	0x189
 267 01e6 0E       		.uleb128 0xe
 268 01e7 766D7400 		.ascii	"vmt\000"
 269 01eb 05       		.byte	0x5
 270 01ec 64       		.byte	0x64
 271 01ed 22       		.byte	0x22
 272 01ee 84010000 		.4byte	0x184
 273 01f2 0F       		.uleb128 0xf
 274 01f3 2D010000 		.4byte	.LASF32
 275 01f7 05       		.byte	0x5
 276 01f8 74       		.byte	0x74
 277 01f9 06       		.byte	0x6
 278 01fa 2F020000 		.4byte	0x22f
 279 01fe 10       		.uleb128 0x10
 280 01ff 6D737000 		.ascii	"msp\000"
 281 0203 05       		.byte	0x5
 282 0204 74       		.byte	0x74
 283 0205 21       		.byte	0x21
 284 0206 2F020000 		.4byte	0x22f
 285 020a 11       		.uleb128 0x11
ARM GAS  /tmp/cclZSKTA.s 			page 6


 286 020b 31020000 		.4byte	.LASF20
 287 020f 05       		.byte	0x5
 288 0210 74       		.byte	0x74
 289 0211 2F       		.byte	0x2f
 290 0212 A8000000 		.4byte	0xa8
 291 0216 11       		.uleb128 0x11
 292 0217 68010000 		.4byte	.LASF21
 293 021b 05       		.byte	0x5
 294 021c 75       		.byte	0x75
 295 021d 1A       		.byte	0x1a
 296 021e 24000000 		.4byte	0x24
 297 0222 10       		.uleb128 0x10
 298 0223 656F7300 		.ascii	"eos\000"
 299 0227 05       		.byte	0x5
 300 0228 75       		.byte	0x75
 301 0229 27       		.byte	0x27
 302 022a 24000000 		.4byte	0x24
 303 022e 00       		.byte	0
 304 022f 07       		.uleb128 0x7
 305 0230 04       		.byte	0x4
 306 0231 DA010000 		.4byte	0x1da
 307 0235 12       		.uleb128 0x12
 308 0236 4E020000 		.4byte	.LASF24
 309 023a 05       		.byte	0x5
 310 023b 58       		.byte	0x58
 311 023c 0E       		.byte	0xe
 312 023d 9C000000 		.4byte	0x9c
 313 0241 67020000 		.4byte	0x267
 314 0245 10       		.uleb128 0x10
 315 0246 697000   		.ascii	"ip\000"
 316 0249 05       		.byte	0x5
 317 024a 58       		.byte	0x58
 318 024b 1B       		.byte	0x1b
 319 024c 76000000 		.4byte	0x76
 320 0250 10       		.uleb128 0x10
 321 0251 6200     		.ascii	"b\000"
 322 0253 05       		.byte	0x5
 323 0254 58       		.byte	0x58
 324 0255 27       		.byte	0x27
 325 0256 8B000000 		.4byte	0x8b
 326 025a 0E       		.uleb128 0xe
 327 025b 6D737000 		.ascii	"msp\000"
 328 025f 05       		.byte	0x5
 329 0260 5A       		.byte	0x5a
 330 0261 11       		.byte	0x11
 331 0262 2F020000 		.4byte	0x22f
 332 0266 00       		.byte	0
 333 0267 12       		.uleb128 0x12
 334 0268 4B010000 		.4byte	.LASF25
 335 026c 05       		.byte	0x5
 336 026d 4D       		.byte	0x4d
 337 026e 0E       		.byte	0xe
 338 026f 9C000000 		.4byte	0x9c
 339 0273 99020000 		.4byte	0x299
 340 0277 10       		.uleb128 0x10
 341 0278 697000   		.ascii	"ip\000"
 342 027b 05       		.byte	0x5
ARM GAS  /tmp/cclZSKTA.s 			page 7


 343 027c 4D       		.byte	0x4d
 344 027d 19       		.byte	0x19
 345 027e 76000000 		.4byte	0x76
 346 0282 0E       		.uleb128 0xe
 347 0283 6200     		.ascii	"b\000"
 348 0285 05       		.byte	0x5
 349 0286 4E       		.byte	0x4e
 350 0287 0B       		.byte	0xb
 351 0288 8B000000 		.4byte	0x8b
 352 028c 0E       		.uleb128 0xe
 353 028d 6D737000 		.ascii	"msp\000"
 354 0291 05       		.byte	0x5
 355 0292 4F       		.byte	0x4f
 356 0293 11       		.byte	0x11
 357 0294 2F020000 		.4byte	0x22f
 358 0298 00       		.byte	0
 359 0299 12       		.uleb128 0x12
 360 029a CB000000 		.4byte	.LASF26
 361 029e 05       		.byte	0x5
 362 029f 43       		.byte	0x43
 363 02a0 0E       		.byte	0xe
 364 02a1 9C000000 		.4byte	0x9c
 365 02a5 CB020000 		.4byte	0x2cb
 366 02a9 10       		.uleb128 0x10
 367 02aa 697000   		.ascii	"ip\000"
 368 02ad 05       		.byte	0x5
 369 02ae 43       		.byte	0x43
 370 02af 19       		.byte	0x19
 371 02b0 76000000 		.4byte	0x76
 372 02b4 10       		.uleb128 0x10
 373 02b5 6200     		.ascii	"b\000"
 374 02b7 05       		.byte	0x5
 375 02b8 43       		.byte	0x43
 376 02b9 25       		.byte	0x25
 377 02ba 8B000000 		.4byte	0x8b
 378 02be 0E       		.uleb128 0xe
 379 02bf 6D737000 		.ascii	"msp\000"
 380 02c3 05       		.byte	0x5
 381 02c4 44       		.byte	0x44
 382 02c5 11       		.byte	0x11
 383 02c6 2F020000 		.4byte	0x22f
 384 02ca 00       		.byte	0
 385 02cb 12       		.uleb128 0x12
 386 02cc D2010000 		.4byte	.LASF27
 387 02d0 05       		.byte	0x5
 388 02d1 39       		.byte	0x39
 389 02d2 0F       		.byte	0xf
 390 02d3 24000000 		.4byte	0x24
 391 02d7 08030000 		.4byte	0x308
 392 02db 10       		.uleb128 0x10
 393 02dc 697000   		.ascii	"ip\000"
 394 02df 05       		.byte	0x5
 395 02e0 39       		.byte	0x39
 396 02e1 1C       		.byte	0x1c
 397 02e2 76000000 		.4byte	0x76
 398 02e6 10       		.uleb128 0x10
 399 02e7 627000   		.ascii	"bp\000"
ARM GAS  /tmp/cclZSKTA.s 			page 8


 400 02ea 05       		.byte	0x5
 401 02eb 39       		.byte	0x39
 402 02ec 29       		.byte	0x29
 403 02ed A8000000 		.4byte	0xa8
 404 02f1 10       		.uleb128 0x10
 405 02f2 6E00     		.ascii	"n\000"
 406 02f4 05       		.byte	0x5
 407 02f5 39       		.byte	0x39
 408 02f6 34       		.byte	0x34
 409 02f7 24000000 		.4byte	0x24
 410 02fb 0E       		.uleb128 0xe
 411 02fc 6D737000 		.ascii	"msp\000"
 412 0300 05       		.byte	0x5
 413 0301 3A       		.byte	0x3a
 414 0302 11       		.byte	0x11
 415 0303 2F020000 		.4byte	0x22f
 416 0307 00       		.byte	0
 417 0308 13       		.uleb128 0x13
 418 0309 E1010000 		.4byte	.LASF33
 419 030d 05       		.byte	0x5
 420 030e 2F       		.byte	0x2f
 421 030f 0F       		.byte	0xf
 422 0310 24000000 		.4byte	0x24
 423 0314 10       		.uleb128 0x10
 424 0315 697000   		.ascii	"ip\000"
 425 0318 05       		.byte	0x5
 426 0319 2F       		.byte	0x2f
 427 031a 1D       		.byte	0x1d
 428 031b 76000000 		.4byte	0x76
 429 031f 10       		.uleb128 0x10
 430 0320 627000   		.ascii	"bp\000"
 431 0323 05       		.byte	0x5
 432 0324 2F       		.byte	0x2f
 433 0325 30       		.byte	0x30
 434 0326 CE000000 		.4byte	0xce
 435 032a 10       		.uleb128 0x10
 436 032b 6E00     		.ascii	"n\000"
 437 032d 05       		.byte	0x5
 438 032e 2F       		.byte	0x2f
 439 032f 3B       		.byte	0x3b
 440 0330 24000000 		.4byte	0x24
 441 0334 0E       		.uleb128 0xe
 442 0335 6D737000 		.ascii	"msp\000"
 443 0339 05       		.byte	0x5
 444 033a 30       		.byte	0x30
 445 033b 11       		.byte	0x11
 446 033c 2F020000 		.4byte	0x22f
 447 0340 00       		.byte	0
 448 0341 00       		.byte	0
 449              		.section	.gnu.debuglto_.debug_abbrev,"e",%progbits
 450              	.Ldebug_abbrev0:
 451 0000 01       		.uleb128 0x1
 452 0001 11       		.uleb128 0x11
 453 0002 01       		.byte	0x1
 454 0003 25       		.uleb128 0x25
 455 0004 0E       		.uleb128 0xe
 456 0005 13       		.uleb128 0x13
ARM GAS  /tmp/cclZSKTA.s 			page 9


 457 0006 0B       		.uleb128 0xb
 458 0007 03       		.uleb128 0x3
 459 0008 0E       		.uleb128 0xe
 460 0009 1B       		.uleb128 0x1b
 461 000a 0E       		.uleb128 0xe
 462 000b 10       		.uleb128 0x10
 463 000c 17       		.uleb128 0x17
 464 000d 00       		.byte	0
 465 000e 00       		.byte	0
 466 000f 02       		.uleb128 0x2
 467 0010 24       		.uleb128 0x24
 468 0011 00       		.byte	0
 469 0012 0B       		.uleb128 0xb
 470 0013 0B       		.uleb128 0xb
 471 0014 3E       		.uleb128 0x3e
 472 0015 0B       		.uleb128 0xb
 473 0016 03       		.uleb128 0x3
 474 0017 08       		.uleb128 0x8
 475 0018 00       		.byte	0
 476 0019 00       		.byte	0
 477 001a 03       		.uleb128 0x3
 478 001b 16       		.uleb128 0x16
 479 001c 00       		.byte	0
 480 001d 03       		.uleb128 0x3
 481 001e 0E       		.uleb128 0xe
 482 001f 3A       		.uleb128 0x3a
 483 0020 0B       		.uleb128 0xb
 484 0021 3B       		.uleb128 0x3b
 485 0022 0B       		.uleb128 0xb
 486 0023 39       		.uleb128 0x39
 487 0024 0B       		.uleb128 0xb
 488 0025 49       		.uleb128 0x49
 489 0026 13       		.uleb128 0x13
 490 0027 00       		.byte	0
 491 0028 00       		.byte	0
 492 0029 04       		.uleb128 0x4
 493 002a 24       		.uleb128 0x24
 494 002b 00       		.byte	0
 495 002c 0B       		.uleb128 0xb
 496 002d 0B       		.uleb128 0xb
 497 002e 3E       		.uleb128 0x3e
 498 002f 0B       		.uleb128 0xb
 499 0030 03       		.uleb128 0x3
 500 0031 0E       		.uleb128 0xe
 501 0032 00       		.byte	0
 502 0033 00       		.byte	0
 503 0034 05       		.uleb128 0x5
 504 0035 0F       		.uleb128 0xf
 505 0036 00       		.byte	0
 506 0037 0B       		.uleb128 0xb
 507 0038 0B       		.uleb128 0xb
 508 0039 00       		.byte	0
 509 003a 00       		.byte	0
 510 003b 06       		.uleb128 0x6
 511 003c 26       		.uleb128 0x26
 512 003d 00       		.byte	0
 513 003e 49       		.uleb128 0x49
ARM GAS  /tmp/cclZSKTA.s 			page 10


 514 003f 13       		.uleb128 0x13
 515 0040 00       		.byte	0
 516 0041 00       		.byte	0
 517 0042 07       		.uleb128 0x7
 518 0043 0F       		.uleb128 0xf
 519 0044 00       		.byte	0
 520 0045 0B       		.uleb128 0xb
 521 0046 0B       		.uleb128 0xb
 522 0047 49       		.uleb128 0x49
 523 0048 13       		.uleb128 0x13
 524 0049 00       		.byte	0
 525 004a 00       		.byte	0
 526 004b 08       		.uleb128 0x8
 527 004c 15       		.uleb128 0x15
 528 004d 01       		.byte	0x1
 529 004e 27       		.uleb128 0x27
 530 004f 19       		.uleb128 0x19
 531 0050 49       		.uleb128 0x49
 532 0051 13       		.uleb128 0x13
 533 0052 01       		.uleb128 0x1
 534 0053 13       		.uleb128 0x13
 535 0054 00       		.byte	0
 536 0055 00       		.byte	0
 537 0056 09       		.uleb128 0x9
 538 0057 05       		.uleb128 0x5
 539 0058 00       		.byte	0
 540 0059 49       		.uleb128 0x49
 541 005a 13       		.uleb128 0x13
 542 005b 00       		.byte	0
 543 005c 00       		.byte	0
 544 005d 0A       		.uleb128 0xa
 545 005e 13       		.uleb128 0x13
 546 005f 01       		.byte	0x1
 547 0060 03       		.uleb128 0x3
 548 0061 0E       		.uleb128 0xe
 549 0062 0B       		.uleb128 0xb
 550 0063 0B       		.uleb128 0xb
 551 0064 3A       		.uleb128 0x3a
 552 0065 0B       		.uleb128 0xb
 553 0066 3B       		.uleb128 0x3b
 554 0067 0B       		.uleb128 0xb
 555 0068 39       		.uleb128 0x39
 556 0069 0B       		.uleb128 0xb
 557 006a 01       		.uleb128 0x1
 558 006b 13       		.uleb128 0x13
 559 006c 00       		.byte	0
 560 006d 00       		.byte	0
 561 006e 0B       		.uleb128 0xb
 562 006f 0D       		.uleb128 0xd
 563 0070 00       		.byte	0
 564 0071 03       		.uleb128 0x3
 565 0072 0E       		.uleb128 0xe
 566 0073 3A       		.uleb128 0x3a
 567 0074 0B       		.uleb128 0xb
 568 0075 3B       		.uleb128 0x3b
 569 0076 0B       		.uleb128 0xb
 570 0077 39       		.uleb128 0x39
ARM GAS  /tmp/cclZSKTA.s 			page 11


 571 0078 0B       		.uleb128 0xb
 572 0079 49       		.uleb128 0x49
 573 007a 13       		.uleb128 0x13
 574 007b 38       		.uleb128 0x38
 575 007c 0B       		.uleb128 0xb
 576 007d 00       		.byte	0
 577 007e 00       		.byte	0
 578 007f 0C       		.uleb128 0xc
 579 0080 0D       		.uleb128 0xd
 580 0081 00       		.byte	0
 581 0082 03       		.uleb128 0x3
 582 0083 08       		.uleb128 0x8
 583 0084 3A       		.uleb128 0x3a
 584 0085 0B       		.uleb128 0xb
 585 0086 3B       		.uleb128 0x3b
 586 0087 0B       		.uleb128 0xb
 587 0088 39       		.uleb128 0x39
 588 0089 0B       		.uleb128 0xb
 589 008a 49       		.uleb128 0x49
 590 008b 13       		.uleb128 0x13
 591 008c 38       		.uleb128 0x38
 592 008d 0B       		.uleb128 0xb
 593 008e 00       		.byte	0
 594 008f 00       		.byte	0
 595 0090 0D       		.uleb128 0xd
 596 0091 13       		.uleb128 0x13
 597 0092 01       		.byte	0x1
 598 0093 0B       		.uleb128 0xb
 599 0094 0B       		.uleb128 0xb
 600 0095 3A       		.uleb128 0x3a
 601 0096 0B       		.uleb128 0xb
 602 0097 3B       		.uleb128 0x3b
 603 0098 0B       		.uleb128 0xb
 604 0099 39       		.uleb128 0x39
 605 009a 0B       		.uleb128 0xb
 606 009b 01       		.uleb128 0x1
 607 009c 13       		.uleb128 0x13
 608 009d 00       		.byte	0
 609 009e 00       		.byte	0
 610 009f 0E       		.uleb128 0xe
 611 00a0 34       		.uleb128 0x34
 612 00a1 00       		.byte	0
 613 00a2 03       		.uleb128 0x3
 614 00a3 08       		.uleb128 0x8
 615 00a4 3A       		.uleb128 0x3a
 616 00a5 0B       		.uleb128 0xb
 617 00a6 3B       		.uleb128 0x3b
 618 00a7 0B       		.uleb128 0xb
 619 00a8 39       		.uleb128 0x39
 620 00a9 0B       		.uleb128 0xb
 621 00aa 49       		.uleb128 0x49
 622 00ab 13       		.uleb128 0x13
 623 00ac 00       		.byte	0
 624 00ad 00       		.byte	0
 625 00ae 0F       		.uleb128 0xf
 626 00af 2E       		.uleb128 0x2e
 627 00b0 01       		.byte	0x1
ARM GAS  /tmp/cclZSKTA.s 			page 12


 628 00b1 3F       		.uleb128 0x3f
 629 00b2 19       		.uleb128 0x19
 630 00b3 03       		.uleb128 0x3
 631 00b4 0E       		.uleb128 0xe
 632 00b5 3A       		.uleb128 0x3a
 633 00b6 0B       		.uleb128 0xb
 634 00b7 3B       		.uleb128 0x3b
 635 00b8 0B       		.uleb128 0xb
 636 00b9 39       		.uleb128 0x39
 637 00ba 0B       		.uleb128 0xb
 638 00bb 27       		.uleb128 0x27
 639 00bc 19       		.uleb128 0x19
 640 00bd 01       		.uleb128 0x1
 641 00be 13       		.uleb128 0x13
 642 00bf 00       		.byte	0
 643 00c0 00       		.byte	0
 644 00c1 10       		.uleb128 0x10
 645 00c2 05       		.uleb128 0x5
 646 00c3 00       		.byte	0
 647 00c4 03       		.uleb128 0x3
 648 00c5 08       		.uleb128 0x8
 649 00c6 3A       		.uleb128 0x3a
 650 00c7 0B       		.uleb128 0xb
 651 00c8 3B       		.uleb128 0x3b
 652 00c9 0B       		.uleb128 0xb
 653 00ca 39       		.uleb128 0x39
 654 00cb 0B       		.uleb128 0xb
 655 00cc 49       		.uleb128 0x49
 656 00cd 13       		.uleb128 0x13
 657 00ce 00       		.byte	0
 658 00cf 00       		.byte	0
 659 00d0 11       		.uleb128 0x11
 660 00d1 05       		.uleb128 0x5
 661 00d2 00       		.byte	0
 662 00d3 03       		.uleb128 0x3
 663 00d4 0E       		.uleb128 0xe
 664 00d5 3A       		.uleb128 0x3a
 665 00d6 0B       		.uleb128 0xb
 666 00d7 3B       		.uleb128 0x3b
 667 00d8 0B       		.uleb128 0xb
 668 00d9 39       		.uleb128 0x39
 669 00da 0B       		.uleb128 0xb
 670 00db 49       		.uleb128 0x49
 671 00dc 13       		.uleb128 0x13
 672 00dd 00       		.byte	0
 673 00de 00       		.byte	0
 674 00df 12       		.uleb128 0x12
 675 00e0 2E       		.uleb128 0x2e
 676 00e1 01       		.byte	0x1
 677 00e2 03       		.uleb128 0x3
 678 00e3 0E       		.uleb128 0xe
 679 00e4 3A       		.uleb128 0x3a
 680 00e5 0B       		.uleb128 0xb
 681 00e6 3B       		.uleb128 0x3b
 682 00e7 0B       		.uleb128 0xb
 683 00e8 39       		.uleb128 0x39
 684 00e9 0B       		.uleb128 0xb
ARM GAS  /tmp/cclZSKTA.s 			page 13


 685 00ea 27       		.uleb128 0x27
 686 00eb 19       		.uleb128 0x19
 687 00ec 49       		.uleb128 0x49
 688 00ed 13       		.uleb128 0x13
 689 00ee 01       		.uleb128 0x1
 690 00ef 13       		.uleb128 0x13
 691 00f0 00       		.byte	0
 692 00f1 00       		.byte	0
 693 00f2 13       		.uleb128 0x13
 694 00f3 2E       		.uleb128 0x2e
 695 00f4 01       		.byte	0x1
 696 00f5 03       		.uleb128 0x3
 697 00f6 0E       		.uleb128 0xe
 698 00f7 3A       		.uleb128 0x3a
 699 00f8 0B       		.uleb128 0xb
 700 00f9 3B       		.uleb128 0x3b
 701 00fa 0B       		.uleb128 0xb
 702 00fb 39       		.uleb128 0x39
 703 00fc 0B       		.uleb128 0xb
 704 00fd 27       		.uleb128 0x27
 705 00fe 19       		.uleb128 0x19
 706 00ff 49       		.uleb128 0x49
 707 0100 13       		.uleb128 0x13
 708 0101 00       		.byte	0
 709 0102 00       		.byte	0
 710 0103 00       		.byte	0
 711              		.section	.gnu.debuglto_.debug_line,"e",%progbits
 712              	.Ldebug_line0:
 713 0000 BC000000 		.4byte	.LELT0-.LSLT0
 714              	.LSLT0:
 715 0004 0400     		.2byte	0x4
 716 0006 B6000000 		.4byte	.LELTP0-.LASLTP0
 717              	.LASLTP0:
 718 000a 01       		.byte	0x1
 719 000b 01       		.byte	0x1
 720 000c 01       		.byte	0x1
 721 000d F6       		.byte	0xf6
 722 000e F2       		.byte	0xf2
 723 000f 0D       		.byte	0xd
 724 0010 00       		.byte	0
 725 0011 01       		.byte	0x1
 726 0012 01       		.byte	0x1
 727 0013 01       		.byte	0x1
 728 0014 01       		.byte	0x1
 729 0015 00       		.byte	0
 730 0016 00       		.byte	0
 731 0017 00       		.byte	0
 732 0018 01       		.byte	0x1
 733 0019 00       		.byte	0
 734 001a 00       		.byte	0
 735 001b 01       		.byte	0x1
 736 001c 2E2E2F2E 		.ascii	"../../../os/hal/lib/streams"
 736      2E2F2E2E 
 736      2F6F732F 
 736      68616C2F 
 736      6C69622F 
 737 0037 00       		.byte	0
ARM GAS  /tmp/cclZSKTA.s 			page 14


 738 0038 2E2E2F2E 		.ascii	"../../../os/rt/include"
 738      2E2F2E2E 
 738      2F6F732F 
 738      72742F69 
 738      6E636C75 
 739 004e 00       		.byte	0
 740 004f 2F757372 		.ascii	"/usr/lib/gcc/arm-none-eabi/10.3.1/include"
 740      2F6C6962 
 740      2F676363 
 740      2F61726D 
 740      2D6E6F6E 
 741 0078 00       		.byte	0
 742 0079 00       		.byte	0
 743 007a 73746464 		.ascii	"stddef.h\000"
 743      65662E68 
 743      00
 744 0083 03       		.uleb128 0x3
 745 0084 00       		.uleb128 0
 746 0085 00       		.uleb128 0
 747 0086 73746469 		.ascii	"stdint.h\000"
 747      6E742E68 
 747      00
 748 008f 03       		.uleb128 0x3
 749 0090 00       		.uleb128 0
 750 0091 00       		.uleb128 0
 751 0092 63686561 		.ascii	"chearly.h\000"
 751      726C792E 
 751      6800
 752 009c 02       		.uleb128 0x2
 753 009d 00       		.uleb128 0
 754 009e 00       		.uleb128 0
 755 009f 6D656D73 		.ascii	"memstreams.h\000"
 755      74726561 
 755      6D732E68 
 755      00
 756 00ac 01       		.uleb128 0x1
 757 00ad 00       		.uleb128 0
 758 00ae 00       		.uleb128 0
 759 00af 6D656D73 		.ascii	"memstreams.c\000"
 759      74726561 
 759      6D732E63 
 759      00
 760 00bc 01       		.uleb128 0x1
 761 00bd 00       		.uleb128 0
 762 00be 00       		.uleb128 0
 763 00bf 00       		.byte	0
 764              	.LELTP0:
 765              	.LELT0:
 766              		.section	.gnu.debuglto_.debug_str,"eMS",%progbits,1
 767              	.LASF11:
 768 0000 73697A65 		.ascii	"size_t\000"
 768      5F7400
 769              	.LASF28:
 770 0007 474E5520 		.ascii	"GNU C17 10.3.1 20210621 (release) -mcpu=cortex-m3 -"
 770      43313720 
 770      31302E33 
 770      2E312032 
ARM GAS  /tmp/cclZSKTA.s 			page 15


 770      30323130 
 771 003a 6D746875 		.ascii	"mthumb -mfloat-abi=soft -march=armv7-m -ggdb -O2 -f"
 771      6D62202D 
 771      6D666C6F 
 771      61742D61 
 771      62693D73 
 772 006d 6F6D6974 		.ascii	"omit-frame-pointer -falign-functions=16 -ffunction-"
 772      2D667261 
 772      6D652D70 
 772      6F696E74 
 772      6572202D 
 773 00a0 73656374 		.ascii	"sections -fdata-sections -fno-common -flto\000"
 773      696F6E73 
 773      202D6664 
 773      6174612D 
 773      73656374 
 774              	.LASF26:
 775 00cb 5F707574 		.ascii	"_put\000"
 775      00
 776              	.LASF16:
 777 00d0 696E7374 		.ascii	"instance_offset\000"
 777      616E6365 
 777      5F6F6666 
 777      73657400 
 778              	.LASF0:
 779 00e0 756E7369 		.ascii	"unsigned int\000"
 779      676E6564 
 779      20696E74 
 779      00
 780              	.LASF31:
 781 00ed 4D656D53 		.ascii	"MemStreamVMT\000"
 781      74726561 
 781      6D564D54 
 781      00
 782              	.LASF3:
 783 00fa 7369676E 		.ascii	"signed char\000"
 783      65642063 
 783      68617200 
 784              	.LASF4:
 785 0106 756E7369 		.ascii	"unsigned char\000"
 785      676E6564 
 785      20636861 
 785      7200
 786              	.LASF6:
 787 0114 73686F72 		.ascii	"short unsigned int\000"
 787      7420756E 
 787      7369676E 
 787      65642069 
 787      6E7400
 788              	.LASF17:
 789 0127 77726974 		.ascii	"write\000"
 789      6500
 790              	.LASF32:
 791 012d 6D734F62 		.ascii	"msObjectInit\000"
 791      6A656374 
 791      496E6974 
 791      00
ARM GAS  /tmp/cclZSKTA.s 			page 16


 792              	.LASF2:
 793 013a 6C6F6E67 		.ascii	"long double\000"
 793      20646F75 
 793      626C6500 
 794              	.LASF18:
 795 0146 72656164 		.ascii	"read\000"
 795      00
 796              	.LASF25:
 797 014b 5F676574 		.ascii	"_get\000"
 797      00
 798              	.LASF8:
 799 0150 6C6F6E67 		.ascii	"long unsigned int\000"
 799      20756E73 
 799      69676E65 
 799      6420696E 
 799      7400
 800              	.LASF19:
 801 0162 756E6765 		.ascii	"unget\000"
 801      7400
 802              	.LASF21:
 803 0168 73697A65 		.ascii	"size\000"
 803      00
 804              	.LASF10:
 805 016d 63686172 		.ascii	"char\000"
 805      00
 806              	.LASF13:
 807 0172 75696E74 		.ascii	"uint8_t\000"
 807      385F7400 
 808              	.LASF14:
 809 017a 6D73675F 		.ascii	"msg_t\000"
 809      7400
 810              	.LASF30:
 811 0180 2F686F6D 		.ascii	"/home/nicolasscg/ci_test/ChibiOS/demos/STM32/RT-STM"
 811      652F6E69 
 811      636F6C61 
 811      73736367 
 811      2F63695F 
 812 01b3 33324631 		.ascii	"32F103-STM3210E_EVAL-FATFS-USB\000"
 812      30332D53 
 812      544D3332 
 812      3130455F 
 812      4556414C 
 813              	.LASF27:
 814 01d2 5F726561 		.ascii	"_reads\000"
 814      647300
 815              	.LASF12:
 816 01d9 696E7433 		.ascii	"int32_t\000"
 816      325F7400 
 817              	.LASF33:
 818 01e1 5F777269 		.ascii	"_writes\000"
 818      74657300 
 819              	.LASF1:
 820 01e9 6C6F6E67 		.ascii	"long long int\000"
 820      206C6F6E 
 820      6720696E 
 820      7400
 821              	.LASF29:
ARM GAS  /tmp/cclZSKTA.s 			page 17


 822 01f7 2E2E2F2E 		.ascii	"../../../os/hal/lib/streams/memstreams.c\000"
 822      2E2F2E2E 
 822      2F6F732F 
 822      68616C2F 
 822      6C69622F 
 823              	.LASF22:
 824 0220 6F666673 		.ascii	"offset\000"
 824      657400
 825              	.LASF5:
 826 0227 73686F72 		.ascii	"short int\000"
 826      7420696E 
 826      7400
 827              	.LASF20:
 828 0231 62756666 		.ascii	"buffer\000"
 828      657200
 829              	.LASF7:
 830 0238 6C6F6E67 		.ascii	"long int\000"
 830      20696E74 
 830      00
 831              	.LASF23:
 832 0241 4D656D6F 		.ascii	"MemoryStream\000"
 832      72795374 
 832      7265616D 
 832      00
 833              	.LASF24:
 834 024e 5F756E67 		.ascii	"_unget\000"
 834      657400
 835              	.LASF15:
 836 0255 5F426F6F 		.ascii	"_Bool\000"
 836      6C00
 837              	.LASF9:
 838 025b 6C6F6E67 		.ascii	"long long unsigned int\000"
 838      206C6F6E 
 838      6720756E 
 838      7369676E 
 838      65642069 
 839              		.text
 840              		.section	.gnu.lto_.profile.b58a39bc0c94fff0,"e",%progbits
 841 0000 789C6362 		.ascii	"x\234cb\000\001\000\000\022\000\003"
 841      00010000 
 841      120003
 842              		.text
 843              		.section	.gnu.lto_.icf.b58a39bc0c94fff0,"e",%progbits
 844 0000 789CD366 		.ascii	"x\234\323f@\000v\206\216G\213>\2620\366\266\034{\317"
 844      40007686 
 844      8E478B3E 
 844      B230F6B6 
 844      1C7BCF
 845 0013 C374697B 		.ascii	"\303ti{\3579.\346\033\253\236\247\261\034\374\361h\011"
 845      EF392EE6 
 845      1BAB9EA7 
 845      B11CFCF1 
 845      6809
 846 0025 1BEBCCFD 		.ascii	"\033\353\314\375\233\3170\261\275\231\360h\027\013\003"
 846      9BCF30B1 
 846      BD99F068 
 846      170B03
ARM GAS  /tmp/cclZSKTA.s 			page 18


 847 0034 00CF2515 		.ascii	"\000\317%\025\022"
 847      12
 848              		.text
 849              		.section	.gnu.lto_.ipa_sra.b58a39bc0c94fff0,"e",%progbits
 850 0000 789CCB63 		.ascii	"x\234\313c@\0006\006&\030\223\231\221\021L1!D\230\231"
 850      40003606 
 850      26189399 
 850      91114C31 
 850      21449899 
 851 0014 C1340703 		.ascii	"\3014\007\003;\204\313\330\310\003\221a\004\252adA\223"
 851      3B84CBD8 
 851      C8039161 
 851      04AA6164 
 851      4193
 852 0026 054B8054 		.ascii	"\005K\200T\200eYY\030\320\000#\003\000~\315\001\353"
 852      80655959 
 852      18D00023 
 852      03007ECD 
 852      01EB
 853              		.text
 854              		.section	.gnu.lto_.inline.b58a39bc0c94fff0,"e",%progbits
 855 0000 789CCD92 		.ascii	"x\234\315\222\257N\003A\020\207\177;\263-\033\256MN"
 855      AF4E0341 
 855      10877F3B 
 855      B32D1BAE 
 855      4D4E
 856 0012 56204EF2 		.ascii	"V N\362\030<\001\206\027h\357Z\320\274\000\271&\204"
 856      183C0186 
 856      1768EF5A 
 856      D0BC00B9 
 856      2684
 857 0024 044142F1 		.ascii	"\004AB\361\020D\011\002\203 H(\301a\020$\004G\352\260"
 857      10440902 
 857      83204828 
 857      C1611024 
 857      0447EAB0 
 858 0038 3508A085 		.ascii	"5\010\240\205\271\241w{\374\021\3241g\276\235\335\271"
 858      B9A1777B 
 858      FC11D431 
 858      67BE9DDD 
 858      B9
 859 0049 F96EF656 		.ascii	"\371n\366V\030ET\201\372\366\321\353\204V\015\303\364"
 859      18455481 
 859      FAF6D1EB 
 859      84560DC3 
 859      F4
 860 005a 65879730 		.ascii	"e\207\2270\205\246\202\001G\230\257\366n\236\307\324"
 860      85A68201 
 860      4798AFF6 
 860      6E9EC7D4 
 861 006a 06DCE9F5 		.ascii	"\006\334\351\365\361;\265\011\004\223JPL\260\005\303"
 861      F13BB509 
 861      04934A50 
 861      4CB005C3 
 862 007a FAACF359 		.ascii	"\372\254\363Y\007\253\324F\015\346j\347`\314-BH9#\004"
 862      07ABD446 
 862      0DE66AE7 
ARM GAS  /tmp/cclZSKTA.s 			page 19


 862      60CC2D42 
 862      48392304 
 863 008e 29C56888 		.ascii	")\305h\210\223Am\377\254\367XRj\346J\251)9\261:%\300"
 863      93416DFF 
 863      ACF75852 
 863      6AE64AA9 
 863      2939B13A 
 864 00a4 DCC3F0EE 		.ascii	"\334\303\360\356\362\257N<\334\272\235H\325lN\204`\263"
 864      F2AF4E3C 
 864      DCBA9D48 
 864      D56C4E84 
 864      60B3
 865 00b6 7B72A14E 		.ascii	"{r\241N\353}\246=\026\037S\010}W\003\272\362\356\015"
 865      EB7DA63D 
 865      161F5308 
 865      7D5703BA 
 865      F2EE0D
 866 00c9 99EF678F 		.ascii	"\231\357g\217/j\"Q\021\034Hk'M\316\357_8\266p\242\251"
 866      2F6A2251 
 866      111C486B 
 866      274DCEEF 
 866      5F38B670 
 867 00df DCB26ACF 		.ascii	"\334\262j\317\243\247\364\215\022\213r>\314>k\272\222"
 867      A3A7F48D 
 867      128B723E 
 867      CC3E6BBA 
 867      92
 868 00f0 85AF6E58 		.ascii	"\205\257nX\221d\204Y\017^3\366\227\301\221\022\274e"
 868      91648459 
 868      0F5E33F6 
 868      97C19112 
 868      BC65
 869 0102 900F004E 		.ascii	"\220\017\000N\313f\276TRJd\2009-\370\223\221?\031\025"
 869      CB66BE54 
 869      524A6480 
 869      392DF893 
 869      913F1915 
 870 0116 FB8BD2DE 		.ascii	"\373\213\322\336\3263\325\335\345\354\261?\214K\177"
 870      D633D5DD 
 870      E5ECB13F 
 870      8C4B7F
 871 0125 DF7F14AE 		.ascii	"\337\177\024\256h\353\001wd\236\371%\"\0208\244Nf#\361"
 871      68EB0177 
 871      649EF925 
 871      221038A4 
 871      4E6623F1 
 872 0139 016970C1 		.ascii	"\001ip\301\337"
 872      DF
 873              		.text
 874              		.section	.gnu.lto_.jmpfuncs.b58a39bc0c94fff0,"e",%progbits
 875 0000 789C854E 		.ascii	"x\234\205NA\012\2000\014K\326n\036\367c\367\231=\304"
 875      410A8030 
 875      0C4BD66E 
 875      1EF763F7 
 875      993DC4
 876 0013 9BCF72E9 		.ascii	"\233\317r\351\020\034\010\032\0104i\033r\342AA\"\255"
 876      101C081A 
ARM GAS  /tmp/cclZSKTA.s 			page 20


 876      0834691B 
 876      72E24141 
 876      22AD
 877 0025 750B3A85 		.ascii	"u\013:\205\230\323j\232\311\335B\261[\254Q|'\301\303"
 877      98D36A9A 
 877      C9DD42B1 
 877      5BAC517C 
 877      27C1C3
 878 0038 09F112AA 		.ascii	"\011\361\022\252\242\276\265\257)y\246\274N\376S\363"
 878      A2BEB5AF 
 878      2979A6BC 
 878      4EFE53F3 
 879 0048 AC58F55E 		.ascii	"\254X\365^\332]&\210\001\362\2104\031"
 879      DA5D2688 
 879      01F28834 
 879      19
 880              		.text
 881              		.section	.gnu.lto_.pureconst.b58a39bc0c94fff0,"e",%progbits
 882 0000 789C1366 		.ascii	"x\234\023f```c\230\305\3028\213\205i\026\013\363,\026"
 882      60606063 
 882      98C5C238 
 882      8B856916 
 882      0BF32C16 
 883 0014 96592CAC 		.ascii	"\226Y,\254\263X\000%\275\003\335"
 883      B3580025 
 883      BD03DD
 884              		.text
 885              		.section	.gnu.lto_.lto.b58a39bc0c94fff0,"e",%progbits
 886 0000 09000400 		.ascii	"\011\000\004\000\001\000\000\000"
 886      01000000 
 887              		.text
 888              		.section	.gnu.lto__writes.327.b58a39bc0c94fff0,"e",%progbits
 889 0000 789C7D92 		.ascii	"x\234}\222Ah\023A\024\206\337?\263\331Ml\2437\275\012"
 889      41681341 
 889      1486DF3F 
 889      B3D94D6C 
 889      A337BD0A 
 890 0014 52A48766 		.ascii	"R\244\207f\323\226\336\255\322\236,BS\275\226$\215&"
 890      D396DEAD 
 890      D29E2C42 
 890      53BD9624 
 890      8D26
 891 0026 90B4C1ED 		.ascii	"\220\264\301\355=\323(9\344R[\275\0101\326\020\213\365"
 891      3DD32839 
 891      E4525BBD 
 891      0831D610 
 891      8BF5
 892 0038 2248C5AA 		.ascii	"\"H\305\252\255FD(\202\240\005\017\012\"\010b\265 \241"
 892      AD464428 
 892      82A0050F 
 892      0A220862 
 892      B520A1
 893 004b 201514EA 		.ascii	" \025\024\352\233\331@[\260\302\356\354{o\2767\377?"
 893      9BD9405B 
 893      B0C2EEEC 
 893      7B6FBE37 
 893      FF3F
ARM GAS  /tmp/cclZSKTA.s 			page 21


 894 005d 33DB1444 		.ascii	"3\333\024D\267\210\250\203_H\302\354LY\220R\352\204"
 894      B788A883 
 894      5F48C2EC 
 894      4C599052 
 894      EA84
 895 006f 23303553 		.ascii	"#05S\336\232?\206g09\250 P\300UY\221\230\225uf\255V"
 895      DE9A3F86 
 895      673039A8 
 895      2050C055 
 895      59919895 
 896 0087 041CED6C 		.ascii	"\004\034\355l(\365\353\366Fs\303\251\334iXu)\250\312"
 896      28F5EBF6 
 896      4673C3A9 
 896      DC695875 
 896      29A8CA
 897 009a C0036011 		.ascii	"\300\003`\021\27401(\013t\234\2417+KJ\205\250.%\036"
 897      BC303128 
 897      0B749CA1 
 897      372B4B4A 
 897      85A82E25 
 898 00af 6217C385 		.ascii	"b\027\303\205\"\256\331\032\274\016\237\\o\221\026\036"
 898      22AED91A 
 898      BC0E9F5C 
 898      6F91161E 
 899 00bf ED25AD22 		.ascii	"\355%\255\"n\032\262\322\"\177\267H\201'{IQ\304]\333"
 899      6E1AB2D2 
 899      227FB748 
 899      81277B49 
 899      51C45DDB 
 900 00d3 97AF427F 		.ascii	"\227\257B\177:\030o\256\257\345W\025\233\014`\005{l"
 900      3A186FAE 
 900      AFE55715 
 900      9B0C6005 
 900      7B6C
 901 00e5 16B168DB 		.ascii	"\026\261h\333\204\247\320\356\365\201\360{o-\320P\177"
 901      84A7D0EE 
 901      F581F07B 
 901      6F2DD050 
 901      7F
 902 00f6 B6A795DA 		.ascii	"\266\247\225\332\376\202\257\237\002\207\300\353\332"
 902      FE82AF9F 
 902      0287C0EB 
 902      DA
 903 0103 420F520F 		.ascii	"B\017R\017\026a\031\001\216\034[\017\216\256\005\365"
 903      16611901 
 903      8E1C5B0F 
 903      8EAE05F5 
 904 0113 100296D0 		.ascii	"\020\002\226\320\006\236m\007\036\363R\323R\037\254"
 904      069E6D07 
 904      1EF352D3 
 904      521FAC
 905 0122 B2A01A44 		.ascii	"\262\240\032DW\244\360\223)N\276C}~\033\346Oq.\306\352"
 905      57A4F093 
 905      294EBE43 
 905      7D7E1BE6 
 905      4F712EC6 
 906 0137 351932A5 		.ascii	"5\0312\245wa\372\201\342\362B\270&\321:\352\200\331"
ARM GAS  /tmp/cclZSKTA.s 			page 22


 906      7761FA81 
 906      E2F242B8 
 906      26D13AEA 
 906      80D9
 907 0149 C5BCBE91 		.ascii	"\305\274\276\221`]\006\231D\003\024\365S\201\347\270"
 907      605D0699 
 907      440314F5 
 907      5381E7B8 
 908 0159 618C9BB6 		.ascii	"a\214\233\266#5)\376\007\277`\030\006\276T-\275\026"
 908      233529FE 
 908      07BF6018 
 908      06BE542D 
 908      BD16
 909 016b 35295987 		.ascii	"5)Y\207{ta\263$\250&-Skc3\202\267\301\271\261\365~\210"
 909      7B7461B3 
 909      24A8262D 
 909      536B6333 
 909      82B7C1B9 
 910 0183 7F0923F1 		.ascii	"\177\011#\361\355`M\006\366\227p\360\222%\204/q\277"
 910      ED604D06 
 910      F69770F0 
 910      9225842F 
 910      71BF
 911 0195 F493256C 		.ascii	"\364\223%ln\320\022M\224\346\034\272\014Q\227\241\252"
 911      6ED0124D 
 911      94E61CBA 
 911      0C5197A1 
 911      AA
 912 01a6 7661A6DA 		.ascii	"va\246\332Y\242.\017\030\225\017\276\304\002K8\377\222"
 912      59A22E0F 
 912      18950FBE 
 912      C4024B38 
 912      FF92
 913 01b8 30D7BDBA 		.ascii	"0\327\275\272\263\205J\211\015\006\215gGw6\313\330\267"
 913      B3854A89 
 913      0D068D67 
 913      477736CB 
 913      D8B7
 914 01ca ED95DFC6 		.ascii	"\355\225\337\306\274\221\372\030\246M>\372>\275A\322"
 914      BC91FA18 
 914      A64D3EFA 
 914      3EBD41D2 
 915 01da F7849D7B 		.ascii	"\367\204\235{\"\032v\323\023\271\224;\236INd\343\236"
 915      221A76D3 
 915      13B9943B 
 915      9E494E64 
 915      E39E
 916 01ec 97BCE026 		.ascii	"\227\274\340&3\243\223)o\322=\225\316$2gb\356X*7\341"
 916      33A39329 
 916      6FD23D95 
 916      CE243267 
 916      62EE582A 
 917 0202 B9B191A1 		.ascii	"\271\261\221\241\336\036wx\244\313\004\203\335\321^"
 917      DE1E7778 
 917      A4CB0483 
 917      DDD15E
 918 0211 3FEA8E0E 		.ascii	"?\352\216\016\214\016\234\353?\3355\330?2\030\353:\033"
ARM GAS  /tmp/cclZSKTA.s 			page 23


 918      8C0E9CEB 
 918      3FDD35D8 
 918      3F3218EB 
 918      3A1B
 919 0223 3B499D91 		.ascii	";I\235\221\210\353?\334\227\216g\335l&\341z\223\027"
 919      88EB3FDC 
 919      978E67DD 
 919      6C26E17A 
 919      9317
 920 0235 53F19CE7 		.ascii	"S\361\234\347\346R\271V\030I\222\310\344\017\357.D\022"
 920      E652B956 
 920      184992C8 
 920      E40FEF2E 
 920      4412
 921 0247 636389BE 		.ascii	"cc\211\276\363=<\223\310c\\\346\274\374_>\275\017H"
 921      F33D3C93 
 921      C8635CE6 
 921      BCFC5F3E 
 921      BD0F48
 922              		.text
 923              		.section	.gnu.lto__reads.328.b58a39bc0c94fff0,"e",%progbits
 924 0000 789C7D92 		.ascii	"x\234}\222Mh\023A\024\307\337\177f7\233\320\226^\244"
 924      4D681341 
 924      14C7DF7F 
 924      66379BD0 
 924      965EA4
 925 0013 672F2A3D 		.ascii	"g/*=$\333\017z\267Js\262\010M\365Z\2224\332@\323\006"
 925      24DB0F7A 
 925      B74A73B2 
 925      084DF55A 
 925      9234DA40 
 926 0029 B7F74CA3 		.ascii	"\267\367L\243\344\320K\277.\0121\324%\212\236\004\251"
 926      E4D04BBF 
 926      2E0A31D4 
 926      258A9E04 
 926      A9
 927 003a 58B56A44 		.ascii	"X\265jD\252\305\213R\360 \336<\024\374@\333\202h\375"
 927      AAC58B52 
 927      F020DE3C 
 927      14FC40DB 
 927      8268FD
 928 004d 7E33BBD0 		.ascii	"~3\273\320\026\254\260;;\363\346\367\346\377\177\363"
 928      16ACB03B 
 928      3BF3E6F7 
 928      E6FF7FF3 
 929 005d 7653105D 		.ascii	"vS\020]!\242\303\374B\022\346f\247\004)\245\216:\002"
 929      21A2C3FC 
 929      4212E666 
 929      A70429A5 
 929      8E3A02
 930 0070 93B353CF 		.ascii	"\223\263S\317..Zx\004\023\000\225\004J\230\227U\211"
 930      2E2E5A78 
 930      04130095 
 930      044A9897 
 930      5589
 931 0082 395967D8 		.ascii	"9Yg\330\012g\300\301\366\206R\337\256~\230\371\354T"
 931      0A67C0C1 
ARM GAS  /tmp/cclZSKTA.s 			page 24


 931      F68652DF 
 931      AE7E98F9 
 931      EC54
 932 0094 AF37ACBA 		.ascii	"\2577\254\272\024Tc\3406\260\010>\231\030\224%:\302"
 932      145463E0 
 932      36B0083E 
 932      99189425 
 932      3AC2
 933 00a6 D0CBE525 		.ascii	"\320\313\345%\245bT\227\022w\260\213\341@\031ol\015"
 933      A5625497 
 933      1277B08B 
 933      E140196F 
 933      6C0D
 934 00b8 5E4240BE 		.ascii	"^B@\276\016I\013w\367\222V\031\353\206\254\206\344\307"
 934      0E490B77 
 934      F7925619 
 934      EB86AC86 
 934      E4C7
 935 00ca 9014B8BF 		.ascii	"\220\024\270\277\227\024el\332\201|\015\372s\210\361"
 935      9714656C 
 935      DA817C0D 
 935      FA7388F1 
 936 00da 8DEF6BC5 		.ascii	"\215\357k\305U\305&m<\300\036\233e\374\260#\204\207"
 936      55C5266D 
 936      3CC01E9B 
 936      65FCB023 
 936      8487
 937 00ec D0EEF58D 		.ascii	"\320\356\365\215\360{s\315n\250\237\177\246\225z\361"
 937      F07B73CD 
 937      6EA89F7F 
 937      A6957AF1 
 938 00fc 15EBF3C9 		.ascii	"\025\353\363\311V\360\271\021\241\007\251\007\213\260"
 938      56F0B911 
 938      A107A907 
 938      8BB0
 939 010a 0C5BBB8A 		.ascii	"\014[\273\212\350\301\321\261\250\036b\300\022\232\300"
 939      E8C1D1B1 
 939      A81E62C0 
 939      129AC0
 940 0119 BBCDC03D 		.ascii	"\273\315\300=>jZ\352\233U\026T\203hF\212`1\311\213\367"
 940      3E6A5AEA 
 940      9B551654 
 940      8368468A 
 940      6031C98B 
 941 012e 506FBFB4 		.ascii	"Po\277\264\360\247\274\220bu_\306Lh\273\205>\241\274"
 941      F0A7BC90 
 941      62755FC6 
 941      4C68BB85 
 941      3EA1BC
 942 0141 7CA3C597 		.ascii	"|\243\305\227\010\257\3326U\\\323\035\211\326\245\303"
 942      08AFDA36 
 942      555CD31D 
 942      89D6A5C3 
 943 0151 241AA08E 		.ascii	"$\032\240\216`)\360\030\227\215q\235\366\256\315\227"
 943      6029F018 
 943      978D719D 
 943      F6AECD97 
ARM GAS  /tmp/cclZSKTA.s 			page 25


 944 0161 E27FF013 		.ascii	"\342\177\360\023\206a\340\363\265\312\212\360\245d\035"
 944      8661E0F3 
 944      B5CA8AF0 
 944      A5641D
 945 0170 CED181AD 		.ascii	"\316\321\201\255\212 _Z&\326\304f\004\227\301kc\353"
 945      8A205F5A 
 945      26D6C466 
 945      0497C16B 
 945      63EB
 946 0182 573FFF12 		.ascii	"W?\377\022\201\304\001_\332\373KXXa\011\021H\334\252"
 946      81C4015F 
 946      DAFB4B58 
 946      58610911 
 946      48DCAA
 947 0195 BCE2B322 		.ascii	"\274\342\263\"\234\240%6PYp\350\002D]Fk\332\205/\233"
 947      9CA02536 
 947      505970E8 
 947      02445D46 
 947      6BDA852F 
 948 01aa CD2EB725 		.ascii	"\315.\267%(\376w(\321\352K\347_\022\246\335\253;%T+"
 948      28FE7728 
 948      D1EA4BE7 
 948      5F12A6DD 
 948      AB3B2554 
 949 01bf 6C306A3C 		.ascii	"l0j<;:sc\012\373\246=\017\322\2307R\263OA[|\367=\272"
 949      3B3A7363 
 949      0AFBA63D 
 949      0FD29837 
 949      52B34F41 
 950 01d8 42D28DC2 		.ascii	"B\322\215\302N\243\210\006\334\221\361B\316\035\313"
 950      4EA38806 
 950      DC91F142 
 950      CE1DCB
 951 01e7 67C747D3 		.ascii	"g\307G\323\236\227=\353f\363C\0239o\302=>\222\317\344"
 951      9E973DEB 
 951      66F34313 
 951      396FC23D 
 951      3E92CFE4 
 952 01fb 4FA6DCE1 		.ascii	"O\246\334\341\\a\334sS\203\375\335]\356\300`\334L\222"
 952      5C61DC73 
 952      5383FDDD 
 952      5DEEC060 
 952      DC4C92
 953 020e 9D1DDDC1 		.ascii	"\235\035\335\301\254\263\243o\250\357t\357\211x\262"
 953      ACB3A36F 
 953      A8EF74EF 
 953      8978B2
 954 021d 7730998A 		.ascii	"w0\231\212\237J\035\243\366D\302\015\036\316\033I\217"
 954      9F4A1DA3 
 954      F644C20D 
 954      1ECE1B49 
 954      8F
 955 022e BAA3F98C 		.ascii	"\272\243\371\214\353M\234\313\245\013\236[\310\025\302"
 955      EB4D9CCB 
 955      A50B9E5B 
 955      C815C2
 956 023d 69224B22 		.ascii	"i\"K\"_l\333\035Hd\206\2073=g\272x'S\304\230,x\305\277"
ARM GAS  /tmp/cclZSKTA.s 			page 26


 956      5F6CDB1D 
 956      48648687 
 956      333D67BA 
 956      782753C4 
 957 0256 8E2F1173 		.ascii	"\216/\021s"
 958              		.text
 959              		.section	.gnu.lto__put.329.b58a39bc0c94fff0,"e",%progbits
 960 0000 789C7D52 		.ascii	"x\234}RMHTQ\024>\337\275\357\315\017\326,+ZD\233\010"
 960      4D485451 
 960      143EDFBD 
 960      EFCD0FD6 
 960      2C2B5A44 
 961 0016 21E78D5A 		.ascii	"!\347\215Z\320.-\224\026E\340X[q\306\251\031p\032\351"
 961      D02E2D94 
 961      1645E058 
 961      5B71C6A9 
 961      19701AE9 
 962 002a B9CEEB68 		.ascii	"\271\316\353h.\246B\307\332X:\304k\212\334T\232\222"
 962      2EA642C7 
 962      DA583AC4 
 962      6B8ADC54 
 962      9A92
 963 003c 96992219 		.ascii	"\226\231\"\031\004B\330\"wQ\213\320\202\220V\021\366"
 963      0442D822 
 963      77518BD0 
 963      82905611 
 963      F6
 964 004d 73EE7B93 		.ascii	"s\356{\223\032d0\357\3169\367}\177\367\334\267,\210"
 964      1A6430EF 
 964      CE39F77D 
 964      7FF7DCB7 
 964      2C88
 965 005f 0A4454C7 		.ascii	"\012DT\307\017LB\177>'H)U\343\027\242;\177Y\340\031"
 965      0F4C427F 
 965      3E274829 
 965      55E317A2 
 965      3B7F59E0 
 966 0074 EE150E18 		.ascii	"\356\025\016\030]\371\320\322\3737G\014\211\353\371"
 966      5DF9D0D2 
 966      FB37470C 
 966      89EBF9
 967 0083 DCDB8183 		.ascii	"\334\333\201\203.\302@\347:\032\324!\244\201\016\\\223"
 967      2EC240E7 
 967      3A1AD421 
 967      A4810E5C 
 967      93
 968 0094 8312FDB2 		.ascii	"\203\022\375\262(\011F\251\002\366\2263\350\333\235"
 968      280946A9 
 968      02F69633 
 968      E8DB9D
 969 00a3 CF0F470E 		.ascii	"\317\017G\016\317v]:^\224\202\012\014\030\007\306\300"
 969      CF765D3A 
 969      5E94820A 
 969      0C1807C6 
 969      C0
 970 00b4 C6C440D9 		.ascii	"\306\304@\331A\373g\224z=9\241T\220\212R\34216ax#\213"
 970      41FB6794 
ARM GAS  /tmp/cclZSKTA.s 			page 27


 970      7A3D39A1 
 970      54908A52 
 970      E2313661 
 971 00cb 61530307 		.ascii	"aS\003\007\340!\027\306\224\222\374\302\300\244\213"
 971      E02117C6 
 971      9492FCC2 
 971      C0A48B
 972 00da AC4644E3 		.ascii	"\254FD\343\214,\306LO\362&\364\337>\006\257^\271\235"
 972      8C2CC64C 
 972      4FF226F4 
 972      DF3E06AF 
 972      5EB99D
 973 00ed 0BF57506 		.ascii	"\013\365u\006\212\322\304S\374\345\235\305\264\351#"
 973      8AD2C453 
 973      FCE59DC5 
 973      B4E923
 974 00fc 4C4147D2 		.ascii	"LAG\322S\340\347\301\2429\243\326~\365*\365n\327\322"
 974      53E0E7C1 
 974      A239A3D6 
 974      7EF52AF5 
 974      6ED7D2
 975 010f DAC74008 		.ascii	"\332\307@\010,\354\023z\321\216~C/\246n}z\361\363\""
 975      2CEC137A 
 975      D18E7E43 
 975      2FA66E7D 
 975      7AF1F322 
 976 0123 82C004CA 		.ascii	"\202\300\004\312\200',\320+\365T\224\0015C\324'\205"
 976      80272CD0 
 976      2BF55494 
 976      013543D4 
 976      2785
 977 0135 D77472F3 		.ascii	"\327tr\363\011\352\303\300|\220\307\312e\366V\224}\035"
 977      09EAC3C0 
 977      7C90C7CA 
 977      65F65694 
 977      7D1D
 978 0147 1974B787 		.ascii	"\031t\267\207\346A_\220\235\032\336\356H\224Fg\272'"
 978      E6415F90 
 978      9D1ADEEE 
 978      48944667 
 978      BA27
 979 0159 B80BE673 		.ascii	"\270\013\346s\366\000C1\015\212xm\020\3171\344fvi;\035"
 979      F6004331 
 979      0D8A786D 
 979      10CF31E4 
 979      6676693B 
 980 016e 29FE079E 		.ascii	")\376\007\236e\260>\334\012\272\227\347v\263\007\343"
 980      65B03EDC 
 980      0ABA97E7 
 980      76B307E3 
 981 017e 359903CA 		.ascii	"5\231\003\312\331\253\205\037r=\340\310\237$\333\034"
 981      D9AB851F 
 981      723DE0C8 
 981      9F24DB1C 
 982 018e 29B796F4 		.ascii	")\267\226\364c\216%\205\353\3375\332\263 \034i0A\313"
 982      638E2585 
 982      EBDF35DA 
ARM GAS  /tmp/cclZSKTA.s 			page 28


 982      B3201C69 
 982      3041CB
 983 01a1 32FBC6CA 		.ascii	"2\373\306\312\236\322!\370\343p\025\226Q\324\000\003"
 983      9ED221F8 
 983      E3701596 
 983      51D40003 
 984 01b1 2F408E2C 		.ascii	"/@\216,s\255F}\236S\310\221\346\277\234H'\177YJ\316"
 984      73AD467D 
 984      9E53C891 
 984      E6BF9C48 
 984      277F594A 
 985 01c6 36833D1C 		.ascii	"6\203=\034\333\307`-\314#\327\354\325\034\266\244\276"
 985      DBC7602D 
 985      CC23D7EC 
 985      D51CB6A4 
 985      BE
 986 01d7 F2A8CC71 		.ascii	"\362\250\314q\355\306\347\341\036\330\330\270\221\257"
 986      EDC6E7E1 
 986      1ED8D8B8 
 986      91AF
 987 01e5 C8D6F07B 		.ascii	"\310\326\360{?\357\177\207_\313\012\\\024?GV\003|I^"
 987      3FEF7F87 
 987      5FCB0A5C 
 987      143F4756 
 987      037C495E 
 988 01f9 4BF2FEA3 		.ascii	"K\362\376\243$_*6.\225\250\301Jf\322\011\353|*\236i"
 988      245F2A36 
 988      2E95A8C1 
 988      4A66D209 
 988      EB7C2A9E 
 989 020e 6DB6EDF8 		.ascii	"m\266\355\3709+\236jjO\330\355\326\261d*\226:\025\265"
 989      392B9E6A 
 989      6A4FD8ED 
 989      D6B1642A 
 989      963A15B5 
 990 0222 5A12E98C 		.ascii	"Z\022\351\214mE\033OVWY\015\215\025nQ_\031\251\366\252"
 990      6D451B4F 
 990      5657590D 
 990      8D156E51 
 990      5F19A9F6 
 991 0237 CA485D53 		.ascii	"\312H]S\335\231\332\023\025\365\265\215\365\321\212"
 991      DD99DA13 
 991      15F5B58D 
 991      F5D18A
 992 0246 D3D1A354 		.ascii	"\323\321\243T\036\016[\336\217y\311\346V\2535\025\263"
 992      1E0E5BDE 
 992      8F79C9E6 
 992      56AB3515 
 992      B3
 993 0257 ECF60B89 		.ascii	"\354\366\013\211\346\264m\245\023\351R\031\216\223H"
 993      E6B46DA5 
 993      13E95219 
 993      8E9348
 994 0266 B5EDD8BC 		.ascii	"\265\355\330\274\021\216\265\264\304\016\235\255\212"
 994      118EB5B4 
 994      C40E9DAD 
 994      8A
ARM GAS  /tmp/cclZSKTA.s 			page 29


 995 0273 1362326D 		.ascii	"\023b2m\267\375\006\277z\030\212"
 995      B7FD06BF 
 995      7A188A
 996              		.text
 997              		.section	.gnu.lto__get.330.b58a39bc0c94fff0,"e",%progbits
 998 0000 789C7D92 		.ascii	"x\234}\222AHTa\020\307\347\377}o\327]S\217B\235\272"
 998      41485461 
 998      10C7E7FF 
 998      7D6FD75D 
 998      538F429D 
 999 0015 4408EDBE 		.ascii	"D\010\355\276U\013\272\245\205\322\241\010\\\353*\356"
 999      550BBAA5 
 999      85D2A108 
 999      5CEB2AEE 
 1000 0025 BAB50B6E 		.ascii	"\272\265\013nJ\317s~\356\232\301Z\350Z\207\012\335\342"
 1000      4ACF737E 
 1000      EE9AC15A 
 1000      E85A870A 
 1000      DDE2
 1001 0037 B5455D2A 		.ascii	"\265E]**IKM\221\244\243$QQ\004\025\204&\245t)B\251\371"
 1001      2A494B4D 
 1001      91A4A324 
 1001      51510415 
 1001      8426A574 
 1002 004f DEDBD4A0 		.ascii	"\336\333\324\240\202\367\27673\374f\346?\363\275\217"
 1002      82F7BE37 
 1002      33FC66E6 
 1002      3FF3BD8F 
 1003 005f 82284744 		.ascii	"\202(GDu\374\302C\030\310f\004)\245j\212\204\350\316"
 1003      75FCC243 
 1003      18C86604 
 1003      29A56A8A 
 1003      84E8CE
 1004 0072 F60A8CE3 		.ascii	"\366\012\214\343Fn\207\221\316\226\275|7\267\307\220"
 1004      466E8791 
 1004      CE96BD7C 
 1004      37B7C790 
 1005 0082 389FCD2C 		.ascii	"8\237\315,]\332\351\020\006\272\326hP\247\220\006:q"
 1005      5DDAE910 
 1005      06BAD668 
 1005      50A79006 
 1005      3A71
 1006 0094 4E0E4A0C 		.ascii	"N\016J\014\310\274$\030\005\013\330Z\301\320\367k\213"
 1006      C8BC2418 
 1006      050BD85A 
 1006      C1D0F76B 
 1006      8B
 1007 00a5 B3F7764F 		.ascii	"\263\367vO\245O\355\317KA9\006\206\201\373\340\306\304"
 1007      A54FEDCF 
 1007      4B413906 
 1007      8681FBE0 
 1007      C6C4
 1008 00b7 A0ECA4ED 		.ascii	"\240\354\244\355\223J\315\216\216(\345\247\274\224x"
 1008      934ACD8E 
 1008      8E28E5A7 
 1008      BC9478
 1009 00c6 800D0C07 		.ascii	"\200\015\014\007R\370f\270\350E\350\3176\306\227/_\315"
ARM GAS  /tmp/cclZSKTA.s 			page 30


 1009      52F866B8 
 1009      E845E8CF 
 1009      36C6972F 
 1009      5FCD
 1010 00d8 94F577F9 		.ascii	"\224\365w\371\362\334{\024\177\324L\341\214G\303C\353"
 1010      F2DC7B14 
 1010      7FD44CE1 
 1010      8C47C343 
 1010      EB
 1011 00e9 70EE434F 		.ascii	"p\356CO\351\035\305\260\007\217\034\270\032!\027My\274"
 1011      E91DC5B0 
 1011      078F1CB8 
 1011      1A21174D 
 1011      79BC
 1012 00fb 8431E021 		.ascii	"\2041\340!\2640\275\013~8p\373\231gR\255\374\354Sji"
 1012      B430BD0B 
 1012      7E3870FB 
 1012      996752AD 
 1012      FCEC536A 
 1013 0110 F3F89B45 		.ascii	"\363\370\233E_)X\211W\350C\362Qd\350\303\243]/\037\302"
 1013      5F295889 
 1013      57E843F2 
 1013      5164E8C3 
 1013      A35D2F1F 
 1014 0125 078CA058 		.ascii	"\007\214\240XW*\321.Q\237\324\353Q\006\324$Q\277\024"
 1014      572AD12E 
 1014      519FD4EB 
 1014      5106D424 
 1014      51BF14
 1015 0138 AED3C5CE 		.ascii	"\256\323\305\316'\250\367\3433~\336\257cNx\371\223\272"
 1015      27A8F7E3 
 1015      337EDEAF 
 1015      634E78F9 
 1015      93BA
 1016 014a 126605B6 		.ascii	"\022f\005\266\3649\241\271\031\320\027\244\306n\226"
 1016      F439A1B9 
 1016      19D017A4 
 1016      C66E96
 1017 0159 DA128555 		.ascii	"\332\022\205U\032\3160\327\301ex\014\037\243\230\000"
 1017      1ACE30D7 
 1017      C165780C 
 1017      1FA39800 
 1018 0169 855CD78F 		.ascii	"\205\\\327\217\307\030r\324\353\264\205r[\212\377\301"
 1018      C71872D4 
 1018      EBB48572 
 1018      5B8AFFC1 
 1019 0179 530CEB4D 		.ascii	"S\014\353M-\240{~z\013\367\260\265b\322:\345\324\331"
 1019      2DA07B7E 
 1019      7A0BF7B0 
 1019      B562D23A 
 1019      E5D4D9
 1020 018c DCAA5CD3 		.ascii	"\334\252\\\323\371\342\267\2222[\312\177\227,\3024\227"
 1020      F9E2B792 
 1020      325BCA7F 
 1020      972CC234 
 1020      97
 1021 019d 144EFFF4 		.ascii	"\024N\377\364\335\236\317\302\226\006'\350\262\234}"
ARM GAS  /tmp/cclZSKTA.s 			page 31


 1021      DD9ECFC2 
 1021      960627E8 
 1021      B29C7D
 1022 01ac A13760CB 		.ascii	"\2417`\313\342\302\034\374\2778E\346\331\3660\206' "
 1022      E2C21CFC 
 1022      BF3845E6 
 1022      D9F63086 
 1022      2720
 1023 01be 67019B78 		.ascii	"g\001\233xw\2149m_9m\323\203=\253\034bJ\350L?\034-\313"
 1023      778C396D 
 1023      5F396DD3 
 1023      833DAB1C 
 1023      624AE84C 
 1024 01d6 19FC4D08 		.ascii	"\031\374M\010i\340\251;\030\3478e^\273\352WN?\3472%"
 1024      69E0A93B 
 1024      18E73865 
 1024      5EBBEA57 
 1024      4E3FE732 
 1025 01eb BAB81ED1 		.ascii	"\272\270\036\321X\277\212\257H\3250\355\345\370\017"
 1025      58BF8AAF 
 1025      48D530ED 
 1025      E5F80F
 1026 01fa 78751381 		.ascii	"xu\023\201\223\342\326\360\262\217o\207S\344\333\341"
 1026      93E2D6F0 
 1026      B28F6F87 
 1026      53E4DBE1 
 1027 020a 38DF24D6 		.ascii	"8\337$\326o\222\250\301\214\267%c\346\361D\264\255\265"
 1027      6F92A8C1 
 1027      8CB72563 
 1027      E6F144B4 
 1027      ADB5
 1028 021c D9B2A2C7 		.ascii	"\331\262\242\307\314h\242\251#fu\230\373\342\211H\342"
 1028      CC68A2A9 
 1028      23667598 
 1028      FBE28948 
 1028      E2
 1029 022d 50D86C89 		.ascii	"P\330l\211%\333,3\334x\260\272\312lh\0148F}e\250\332"
 1029      25DB2C33 
 1029      DC78B0BA 
 1029      CA6C680C 
 1029      38467D65 
 1030 0243 B52A4375 		.ascii	"\265*CuMuGj\017\004\352k\033\353\303\201\303\341\275"
 1030      4D75476A 
 1030      0F04EA6B 
 1030      1BEBC381 
 1030      C3E1BD
 1031 0256 54110C9A 		.ascii	"T\021\014\232\356\303y\361\346V\2635\0211\255\216\023"
 1031      EEC379F1 
 1031      E656B335 
 1031      1131AD8E 
 1031      13
 1032 0267 B1E6A465 		.ascii	"\261\346\244e&c\311\202\031\214\222H\264\227o\014\004"
 1032      2663C982 
 1032      198C9248 
 1032      B4976F0C 
 1032      04
 1033 0278 232D2D91 		.ascii	"#--\221]G\253\242$\223V;\"\277\000z\224\035\321"
ARM GAS  /tmp/cclZSKTA.s 			page 32


 1033      5D47ABA2 
 1033      2493563B 
 1033      22BF007A 
 1033      941DD1
 1034              		.text
 1035              		.section	.gnu.lto__unget.331.b58a39bc0c94fff0,"e",%progbits
 1036 0000 789C7552 		.ascii	"x\234uRMHTQ\024>\337\275\367\371f\304l\327\2426-\212"
 1036      4D485451 
 1036      143EDFBD 
 1036      F7F966C4 
 1036      6CD7A236 
 1037 0016 70E1BC51 		.ascii	"p\341\274Q\013\332\245\205\322\242\010\034m+\31685\003"
 1037      0BDAA585 
 1037      D2A2081C 
 1037      6D2BCE38 
 1037      3503
 1038 0028 4E4ACF75 		.ascii	"NJ\317u^Gs1-t\314E\226ILS`\233 ,\177+E\264U(-Z\264\010"
 1038      5E477331 
 1038      2D74CC45 
 1038      96494C53 
 1038      609B202C 
 1039 0046 6A215341 		.ascii	"j!SA\014AP\222\330\271\357MjP\217w\317;\347\334\357"
 1039      0C415092 
 1039      D8B9EF4D 
 1039      6A508F77 
 1039      CF3BE7DC 
 1040 005b 3BDFB9E7 		.ascii	";\337\271\347\276!A4AD\215\274`\021F\262\031AZ\353z"
 1040      BE214134 
 1040      41448DBC 
 1040      601146B2 
 1040      19415AEB 
 1041 0070 5B8881EC 		.ascii	"[\210\201\354\015\201\347\2705\326\252\372\263\225\205"
 1041      0D81E7B8 
 1041      35D6AAFA 
 1041      B39585
 1042 007f 8D47A794 		.ascii	"\215G\247\224\304h6\2636~\334C(\364\355\240A\275B*\364"
 1042      C46836B3 
 1042      367EDC43 
 1042      28F4EDA0 
 1042      41BD422A 
 1043 0094 E2A61C97 		.ascii	"\342\246\034\227\030\221yIP%\0178\\\305\240\037\017"
 1043      18917949 
 1043      50250F38 
 1043      5CC5A01F 
 1043      0F
 1044 00a5 BEE8E993 		.ascii	"\276\350\351\223K\375\327\317\346\245\240\011\006<\005"
 1044      4BFDD7CF 
 1044      E6A5A009 
 1044      063C05
 1045 00b4 A6C0C2C4 		.ascii	"\246\300\302\304@\331K\307\026\265^\237\237\321:Hy)"
 1045      40D94BC7 
 1045      16B55E9F 
 1045      9FD13A48 
 1045      7929
 1046 00c6 318D3D18 		.ascii	"1\215=\030N\244\261b*\3121\370\310\265)\255%o(\314z"
 1046      4EA4B162 
 1046      2ACA31F8 
ARM GAS  /tmp/cclZSKTA.s 			page 33


 1046      C8B529AD 
 1046      256F28CC 
 1047 00db C83A840D 		.ascii	"\310:\204\015N\245\261\256\374\222w`>G\031\\\234\273"
 1047      4EA5B1AE 
 1047      FC927760 
 1047      3E47195C 
 1047      9CBB
 1048 00ed 9FA91CEE 		.ascii	"\237\251\034\356\013\344\245\205y\374\245\235\306;U"
 1048      0BE4A585 
 1048      79FCA59D 
 1048      C63B55
 1049 00fc 46588069 		.ascii	"FX\200i\311L\201\327\3437\326\242\376\265=\244\365\332"
 1049      C94C81D7 
 1049      E337D6A2 
 1049      FEB53DA4 
 1049      F5DA
 1050 010e A10FA376 		.ascii	"\241\017\243v\005\270n\2310\306\010\332\312\030\213"
 1050      05B86E99 
 1050      30C608DA 
 1050      CA188B
 1051 011d 8DB08119 		.ascii	"\215\260\201\031\224\003s\314\032\222f\024ZA/\022\015"
 1051      940373CC 
 1051      1A926614 
 1051      5A412F12 
 1051      0D
 1052 012e 4BE1077D 		.ascii	"K\341\007}\034|\206\376\370}5\310\263d7}/\302b9i{\351"
 1052      1C7C86FE 
 1052      F87D35C8 
 1052      B364377D 
 1052      2FC26239 
 1053 0145 9FABA0AF 		.ascii	"\237\253\240\257H/L\356\313I\224\346eym?\004\363\271"
 1053      482F4CEE 
 1053      CB4994E6 
 1053      65796D3F 
 1053      04F3B9
 1054 0158 E10043F1 		.ascii	"\341\000C\361\002\024\366\303 ^\342\256\327\350'\014"
 1054      0214F6C3 
 1054      205EE2AE 
 1054      D7E8270C 
 1055 0168 14960FE6 		.ascii	"\024\226\017\346|N\320;\213\321\225K\317\336n\312\035"
 1055      7C4ED03B 
 1055      8BD1954B 
 1055      CFDE6ECA 
 1055      1D
 1056 0179 DD2D4FA0 		.ascii	"\335-O\240\177|p\2135\305\016z\233\237\375F\271\230"
 1056      7F7C708B 
 1056      35C50E7A 
 1056      9B9FFD46 
 1056      B998
 1057 018b C1BFC4C8 		.ascii	"\301\277\304\310\200\226}%\346y\245\266\377\364Z\221"
 1057      80967D25 
 1057      E679A5B6 
 1057      FFF45A91 
 1058 019b 93F2FF1D 		.ascii	"\223\362\377\035\332Xa\236\351\207u\237\014\276fQ\305"
 1058      DA58619E 
 1058      E987759F 
 1058      0CBE6651 
ARM GAS  /tmp/cclZSKTA.s 			page 34


 1058      C5
 1059 01ac 045385D9 		.ascii	"\004S\205\331\267'\217\224\216\311\377\214W\241\200"
 1059      B7278F94 
 1059      8EC9FF8C 
 1059      57A180
 1060 01bb BC0128BC 		.ascii	"\274\001(\274\002K\225{R#\266w\026\265;\303oH\327\363"
 1060      024B957B 
 1060      5223B677 
 1060      16B53BC3 
 1060      6F48D7F3 
 1061 01cf B6C5F94D 		.ascii	"\266\305\371MX\206/pM\274\237.\006x\254~Hrb6\301\327"
 1061      58862F70 
 1061      4DBC9F2E 
 1061      0678AC7E 
 1061      48726236 
 1062 01e5 80DD6B20 		.ascii	"\200\335k jv\022]\251\270s%\031\353\352lw\335\330e'"
 1062      6A76125D 
 1062      A9B87325 
 1062      19EBEA6C 
 1062      77DDD865 
 1063 01fa 966CEB89 		.ascii	"\226l\353\211\273=\316\231D2\232\274\020q:\342\251."
 1063      BB3DCE99 
 1063      44329ABC 
 1063      10713AE2 
 1063      A92E
 1064 020c D789B49C 		.ascii	"\327\211\264\234\257\253u\232[\252=\247\251&\\\347{"
 1064      AFAB759A 
 1064      5BAA3DA7 
 1064      A9265CE7 
 1064      7B
 1065 021d 35E1C6B6 		.ascii	"5\341\306\266\306\213\015\347\252\233\032Z\232\"\325"
 1065      C68B0DE7 
 1065      AA9B1A5A 
 1065      9A22D5
 1066 022c AD91D354 		.ascii	"\255\221\323T\025\0129\376\313\274D{\247\323\231\214"
 1066      150A39FE 
 1066      CBBC447B 
 1066      A7D3998C 
 1067 023c 3A6ECFD5 		.ascii	":n\317\325x{\312uR\361T\311\015\305H$\273\017\354M\204"
 1067      787BCA75 
 1067      52F154C9 
 1067      0DC54824 
 1067      BB0FEC4D 
 1068 0251 A21D1DD1 		.ascii	"\242\035\035\321\023\227jc\204\250L\271\335\277\001"
 1068      13976A63 
 1068      84A84CB9 
 1068      DDBF01
 1069 0260 F861056D 		.ascii	"\370a\005m"
 1070              		.text
 1071              		.section	.gnu.lto_vmt.332.b58a39bc0c94fff0,"e",%progbits
 1072 0000 789C9BC4 		.ascii	"x\234\233\304\300\300P\307\000\001s\230\031[\030\233"
 1072      C0C050C7 
 1072      00017398 
 1072      195B189B 
 1073 0010 1A1AFE5C 		.ascii	"\032\032\376\\\332\372`\216\220\324\022f\206y\314\010"
 1073      DAFA608E 
 1073      90D41266 
ARM GAS  /tmp/cclZSKTA.s 			page 35


 1073      8679CC08 
 1074 0020 D1176719 		.ascii	"\321\027g\031\22703\316cfD\210\034c\004\253aB\210\330"
 1074      973033CE 
 1074      63664488 
 1074      1C6304AB 
 1074      614288D8 
 1075 0034 2D61669A 		.ascii	"-af\232\307\314\014\027Xa\266\204\231y\0363\013H`\022"
 1075      C7CC0C17 
 1075      5861B684 
 1075      99791E33 
 1075      0B486012 
 1076 0048 F3126616 		.ascii	"\363\022f\026F\006\313\246\216\006\211%\314\254s\231"
 1076      4606CBA6 
 1076      8E068925 
 1076      CCAC7399 
 1077 0058 19187732 		.ascii	"\031\030w2\316efd\334\001$\231\030\267\003If\306m@\222"
 1077      CE656664 
 1077      DC012499 
 1077      18B70349 
 1077      66C66D40 
 1078 006d 85712B90 		.ascii	"\205q+\220de\334\302\310\020\244\237\221\237\233\252"
 1078      6465DCC2 
 1078      C810A49F 
 1078      919F9BAA 
 1079 007d 9F97999C 		.ascii	"\237\227\231\234\237\223X\\\234\234\256\237\234\031"
 1079      9F93585C 
 1079      9C9CAE9F 
 1079      9C19
 1080 008b 5F925A5C 		.ascii	"_\222Z\\\242\357\234\221\231\224\351\037\254\237\222"
 1080      A2EF9C91 
 1080      9994E91F 
 1080      AC9F92
 1081 009a 9A9B5FAC 		.ascii	"\232\233_\254\037\034\342kl\244\037\024\242\013f\270"
 1081      1F1CE26B 
 1081      6CA41F14 
 1081      A20B66B8 
 1082 00aa 191A1843 		.ascii	"\031\032\030CX\206\006\256\361\256a\216>\272n\216!n"
 1082      588606AE 
 1082      F1AE618E 
 1082      3EBA6E8E 
 1082      216E
 1083 00bc C1BAA1C1 		.ascii	"\301\272\241\301N\014\232zz\372\020\004\324\227\221"
 1083      4E0C9A7A 
 1083      7AFA1004 
 1083      D49791
 1084 00cb 98A39F93 		.ascii	"\230\243\237\223\231\244_\\R\224\232\230[\254\237\233"
 1084      99A45F5C 
 1084      52949A98 
 1084      5BAC9F9B 
 1085 00db 9A0B65EA 		.ascii	"\232\013e\352%3\000\000\363aRD"
 1085      25330000 
 1085      F3615244 
 1086              		.text
 1087              		.section	.gnu.lto_msObjectInit.333.b58a39bc0c94fff0,"e",%progbits
 1088 0000 789C8D92 		.ascii	"x\234\215\222\313k\023Q\024\306\3177gf\222\"\350F\304"
 1088      CB6B1351 
 1088      14C6CF37 
ARM GAS  /tmp/cclZSKTA.s 			page 36


 1088      67669222 
 1088      E846C4
 1089 0013 A5D08574 		.ascii	"\245\320\205t\221L\332\342\336*\215\033Eh\242\333\222"
 1089      914CDAE2 
 1089      DE2A8D1B 
 1089      4568A2DB 
 1089      92
 1090 0024 C7C40C64 		.ascii	"\307\304\014d\214t\342\306Mn\233\342\"\013\323VqQT0"
 1090      8C74E2C6 
 1090      4D6E9BE2 
 1090      220BD356 
 1090      71515430 
 1091 0038 8C25AE5C 		.ascii	"\214%\256\\\251\365Q\035\251R\212\210\342?P\021\012"
 1091      A9F5511D 
 1091      A9528A88 
 1091      E23F5011 
 1091      0A
 1092 0049 5551B452 		.ascii	"UQ\264RT\250\217;\017\251E(\035\356\205\357\\\276\337"
 1092      54A88F3B 
 1092      0FA94528 
 1092      1DEE85EF 
 1092      5CBEDF
 1093 005c 3977BE99 		.ascii	"9w\276\231\226Bt\223\210\272\345\006\023\246&\233\012"
 1093      96427493 
 1093      88BAE506 
 1093      13A6269B 
 1093      0A
 1094 006d 09210EC6 		.ascii	"\011!\016\306\024\214N6\273\360\030A\005\252+\250\343"
 1094      148C4E36 
 1094      BBF01841 
 1094      05AA2BA8 
 1094      E3
 1095 007e 22F7C8F2 		.ascii	"\"\367\310\362\373\215\017\336\334^\321\361\3402\321"
 1095      FB8D0FDE 
 1095      DC5ED1F1 
 1095      E032D1
 1096 008d 35B983E7 		.ascii	"5\271\203\347\012c\212]\006\324H)\330'\025\327i\277"
 1096      0A638A5D 
 1096      06D44829 
 1096      D82715D7 
 1096      69BF
 1097 009f 27C4ABC5 		.ascii	"'\304\253\305Y!\272\310e\306]H\006w\200\333 \377\240"
 1097      5921BAC8 
 1097      65C65D48 
 1097      067780DB 
 1097      20FFA0
 1098 00b2 815FEC1B 		.ascii	"\201_\354\033\247\021:\227\"\247\212{\233\235j\003M"
 1098      A7113A97 
 1098      22A78A7B 
 1098      9B9D6A03 
 1098      4D
 1099 00c3 BF395F0F 		.ascii	"\2779_\017\235\237?\316_\3309!o\241\341\301f\247\326"
 1099      9D9F3FCE 
 1099      5FD83921 
 1099      6FA1E1C1 
 1099      66A7D6
 1100 00d6 C0E5C039 		.ascii	"\300\345\3009\023\365|\031\365\3240\367\237\263\255"
ARM GAS  /tmp/cclZSKTA.s 			page 37


 1100      13F57C19 
 1100      F5D430F7 
 1100      9FB3AD
 1101 00e5 12E97F5F 		.ascii	"\022\351\177_D\036\322\255\327\232'\326\177\267\204"
 1101      441ED2AD 
 1101      D79A27D6 
 1101      7FB784
 1102 00f4 585EC67A 		.ascii	"X^\306z\367\016\005\230\205\012\334\207\016<D\034x$"
 1102      F70E0598 
 1102      850ADC87 
 1102      0E3C441C 
 1102      7824
 1103 0106 6D2DF693 		.ascii	"m-\366\223\022*\204G4\301JX\214\312\342=\304\333\245"
 1103      122A8447 
 1103      34C14A58 
 1103      8CCAE23D 
 1103      C4DBA5
 1104 0119 05D0278C 		.ascii	"\005\320'\214]j\376D\024\007\303\217h\306\017\264#K"
 1104      5D6AFE44 
 1104      1407C38F 
 1104      68C60FB4 
 1104      234B
 1105 012b BD2D03F2 		.ascii	"\275-\003\362@)Y\307]\216\341\011\256\362F\214\261\300"
 1105      402959C7 
 1105      5D8EE109 
 1105      AEF2468C 
 1105      B1C0
 1106 013d 3D0E5DCA 		.ascii	"=\016]\312\016S\210\252.\307\361\024\230\007\215\343"
 1106      0E5388AA 
 1106      2EC7F114 
 1106      98078DE3 
 1107 014d BC102BBB 		.ascii	"\274\020+\273}\3433\204#\277\204#\247\337\355\332b\216"
 1107      7DE33384 
 1107      23BF8423 
 1107      A7DFEDDA 
 1107      628E
 1108 015f 8A053947 		.ascii	"\212\0059G\022mV\003\352\353v(\015\213\222R|J\017\250"
 1108      126D5603 
 1108      EAEB7628 
 1108      0D8B9252 
 1108      7C4A0FA8 
 1109 0173 B5ED51CF 		.ascii	"\265\355Q\317%\305>\025\017\250o!\265\272\2625\365B"
 1109      25C53E15 
 1109      0FA86F21 
 1109      B5BAB235 
 1109      F542
 1110 0185 52F29BF8 		.ascii	"R\362\233\3701h\362\246\253\030{\363\343H\360\217\265"
 1110      3168F2A6 
 1110      AB187BF3 
 1110      E348F08F 
 1110      B5
 1111 0196 181B9913 		.ascii	"\030\033\231\023\015\031\345\252m\032\247\255B\265\222"
 1111      0D19E5AA 
 1111      6D1AA7AD 
 1111      42B592
 1112 01a5 739CC229 		.ascii	"s\234\302)\243`\015\327L\247f\034.[y\353x\306(\232v"
 1112      A3600DD7 
ARM GAS  /tmp/cclZSKTA.s 			page 38


 1112      4CA7661C 
 1112      2E5B79EB 
 1112      78C6289A 
 1113 01ba D53132D9 		.ascii	"\32512\331c\375}\306P6\021\210to\252?T\275\251\301\341"
 1113      63FD7DC6 
 1113      50361188 
 1113      746FAA3F 
 1113      54BDA9C1 
 1114 01cf C1930347 		.ascii	"\301\223\003G\023\351\201l:\2238\2219D=\311\244\021"
 1114      13E9816C 
 1114      3A933891 
 1114      39443DC9 
 1114      A411
 1115 01e1 2EC99573 		.ascii	".\311\225s\025\243b\345\015\2476b\346l\307\260M;\222"
 1115      15A362E5 
 1115      0DA73662 
 1115      E66CC7B0 
 1115      4D3B92
 1116 01f4 C902B1ED 		.ascii	"\311\002\261\355\234\331\363\357I2_,\346\017\224\372"
 1116      9CD9F3EF 
 1116      49325F2C 
 1116      E60F94FA 
 1117 0204 0AA4E7CF 		.ascii	"\012\244\347\317\226J\346\210\352X\347L6\253\316\037"
 1117      964AE688 
 1117      EA58E74C 
 1117      36ABCE1F 
 1118 0214 DC74FDD0 		.ascii	"\334t\375\320"
 1119              		.text
 1120              		.section	.gnu.lto_.symbol_nodes.b58a39bc0c94fff0,"e",%progbits
 1121 0000 789CFBC0 		.ascii	"x\234\373\300\000\004L'\231\352\031\032\200\200\205"
 1121      00044C27 
 1121      99EA191A 
 1121      808085
 1122 000f 71C23906 		.ascii	"q\3029\006\206z\006\206\035\013\032\033\015\030\030"
 1122      867A0686 
 1122      1D0B1A1B 
 1122      0D1818
 1123 001e 19C0B2A7 		.ascii	"\031\300\262\247\230\352\031q\313\236f\252g\302-{\202"
 1123      98EA1971 
 1123      CB9E66AA 
 1123      67C22D7B 
 1123      82
 1124 002f A99E19B7 		.ascii	"\251\236\031\267\354q\246z\026\334\262g\231\352YQdw"
 1124      EC71A67A 
 1124      16DCB267 
 1124      99EA5951 
 1124      6477
 1125 0041 35343242 		.ascii	"542B%Y\31701481003\236c\252g\373\017\005\362`\225\014"
 1125      2559CF30 
 1125      31343831 
 1125      3030339E 
 1125      63AA67FB 
 1126 005b 20BF8094 		.ascii	" \277\200\22413\263C\364\267\2603\263\300\231\014\000"
 1126      3133B343 
 1126      F4B7B033 
 1126      B3C0990C 
 1126      00
ARM GAS  /tmp/cclZSKTA.s 			page 39


 1127 006c E66541AC 		.ascii	"\346eA\254"
 1128              		.text
 1129              		.section	.gnu.lto_.refs.b58a39bc0c94fff0,"e",%progbits
 1130 0000 789C05C1 		.ascii	"x\234\005\301\007\001\000\000\010\303\260\256\034\003"
 1130      07010000 
 1130      08C3B0AE 
 1130      1C03
 1131 000e F8F74A72 		.ascii	"\370\367Jr@\306\225Y\333\022\243<\003\360\000C"
 1131      40C69559 
 1131      DB12A33C 
 1131      03F00043 
 1132              		.text
 1133              		.section	.gnu.lto_.decls.b58a39bc0c94fff0,"e",%progbits
 1134 0000 789C9556 		.ascii	"x\234\225V}PT\327\025\277\347\336\375\342\271\021\243"
 1134      7D5054D7 
 1134      15BFE7DE 
 1134      FDE2B911 
 1134      A3
 1135 0011 18D3696B 		.ascii	"\030\323ik\2115\011\375\003W\320&\375\2234\023;\035"
 1135      893509FD 
 1135      0357D026 
 1135      FD933413 
 1135      3B1D
 1136 0023 6B921193 		.ascii	"k\222\021\223\031\323\2312\260o\201u\330\205\262KL\332"
 1136      19D39932 
 1136      B06F8175 
 1136      D885B24B 
 1136      4CDA
 1137 0035 7F9E8AC6 		.ascii	"\177\236\212\306\370\201\033\025\201@\204\250T\243\306"
 1137      F8811B15 
 1137      814084A8 
 1137      54A3C6
 1138 0044 183F5A95 		.ascii	"\030?Z\225F\327\305$\370U\015\212b\374\026\305EP\021"
 1138      46D7C524 
 1138      F8550D8A 
 1138      62FC16C5 
 1138      455011
 1139 0057 113169A0 		.ascii	"\0211i\240\347\336\367\366\275]Xg\354\203\363\336\333"
 1139      E7DEF7F6 
 1139      BD5D5867 
 1139      EC83F3DE 
 1139      DB
 1140 0068 F37EE777 		.ascii	"\363~\347w~\367\334\317?\333\011\271\015\204\\\247\204"
 1140      7EF7DCCF 
 1140      3FDB09B9 
 1140      0D845CA7 
 1140      84
 1141 0079 0CE26523 		.ascii	"\014\342e#\204|\207fEk@\013\242\315F\313C;\200\026B"
 1141      847C8766 
 1141      456B400B 
 1141      A2CD46CB 
 1141      433B8016 
 1142 008e 6B25EAC5 		.ascii	"k%\352\30517\320:\320:\321\356\241=D\003\344{\032\015"
 1142      3137D03A 
 1142      D03AD1EE 
 1142      A13D4403 
 1142      E47B1A0D 
ARM GAS  /tmp/cclZSKTA.s 			page 40


 1143 00a2 FFC90B40 		.ascii	"\377\311\013@b\256\273\370{\004>G\243%i9\362\242xgk"
 1143      62AEBBF8 
 1143      7B043E47 
 1143      A3256939 
 1143      F2A27867 
 1144 00b7 39CFA2BD 		.ascii	"9\317\242\275\210\330T4\206\357\315\232\256\0264\252"
 1144      88D85434 
 1144      86EFCD9A 
 1144      AE1634AA 
 1145 00c7 E5797A08 		.ascii	"\345yz\0107\277\332\320'\305\341\017F\361\017\345\346"
 1145      37BFDAD0 
 1145      27C5E10F 
 1145      46F10FE5 
 1145      E6
 1146 00d8 BCA7A2B8 		.ascii	"\274\247\242\270\357=\206\373\350\020\356\266\250\272"
 1146      EF3D86FB 
 1146      E810EEB6 
 1146      A8BA
 1147 00e6 0CD5CEF3 		.ascii	"\014\325\316\363\016\325\015Z\275\206^\247\036\303\333"
 1147      0ED50D5A 
 1147      BD865EA7 
 1147      1EC3DB
 1148 00f5 AA71C7E3 		.ascii	"\252q\307\343\215\326\314y;\342\360\236\375?\365\322"
 1148      8DD6CC79 
 1148      3BE2F09E 
 1148      FD3FF5D2 
 1149 0105 219C9D71 		.ascii	"!\234\235q8g \310\202\317q\010\030\213\3663\264\237"
 1149      386720C8 
 1149      82CF7108 
 1149      188BF633 
 1149      B49F
 1150 0117 83CAF53C 		.ascii	"\203\312\365<\250\337~\205\317\011h\277F{\016m<\332"
 1150      A8DF7E85 
 1150      CF0968BF 
 1150      467B0E6D 
 1150      3CDA
 1151 0129 4434B3C6 		.ascii	"D4\263\306\331\241\325!2^\206^\014s$\3403?J{\253\246"
 1151      D9A1D521 
 1151      325E865E 
 1151      0C7324E0 
 1151      333F4A7B 
 1152 013f B541D33B 		.ascii	"\265A\323;\011\324|\234\363\264\2469R\353S\232~x\314"
 1152      09D47C9C 
 1152      F3B4A639 
 1152      52EB539A 
 1152      7E78CC
 1153 0152 185CC960 		.ascii	"\030\\\311`6\360\301\236(\336x>\207\"\256k\317\020\370"
 1153      36F0C19E 
 1153      28DE783E 
 1153      8722AE6B 
 1153      CF10F8
 1154 0165 A78A9E3A 		.ascii	"\247\212\236:\202M\347\310\321`\302{\022$W3\272\362"
 1154      824DE7C8 
 1154      D160C27B 
 1154      12245733 
 1154      BAF2
 1155 0177 FEC3268B 		.ascii	"\376\303&\213\024T\224n%X\232@`\037\300^ \260\007\220"
ARM GAS  /tmp/cclZSKTA.s 			page 41


 1155      1454946E 
 1155      25589A40 
 1155      601FC05E 
 1155      20B00790 
 1156 018b E55F00BB 		.ascii	"\345_\000\273\001v\001\202\177\001\203\352\203\260\231"
 1156      01760182 
 1156      7F0183EA 
 1156      83B099
 1157 019a 04C38E7D 		.ascii	"\004\303\216}\263\274\011xXX\011\315c\004\246\300d\002"
 1157      B3BC0978 
 1157      585809CD 
 1157      6304A6C0 
 1157      6402
 1158 01ac FB010118 		.ascii	"\373\001\001\030\364\025\300\277\001A\275\2076l\030"
 1158      F415C0BF 
 1158      0141BD87 
 1158      366C18
 1159 01bb 6117DC75 		.ascii	"a\027\334u!\023\034\000\215\235@\020o\010h+\373\242"
 1159      21131C00 
 1159      8D9D4010 
 1159      6F08682B 
 1159      FBA2
 1160 01cd 2D51B004 		.ascii	"-Q\260\004\037\317r\271\354\320f\311`9h\260\204\200"
 1160      1FCF72B9 
 1160      ECD066C9 
 1160      603968B0 
 1160      8480
 1161 01df A8CD1925 		.ascii	"\250\315\031%\3566\366\016a\177!\314I\330\034\302\274"
 1161      EE36F60E 
 1161      617F21CC 
 1161      49D81CC2 
 1161      BC
 1162 01f0 3CC1CE15 		.ascii	"<\301\316\025\237\367\232\306\250\205\010\212\"\300"
 1162      9FF79AC6 
 1162      A885088A 
 1162      22C0
 1163 01fe 61802380 		.ascii	"a\200#\200\374D(8\330\363\340\240\012\010\306\007\324"
 1163      FC442838 
 1163      D8F3E0A0 
 1163      0A08C607 
 1163      D4
 1164 020f 2FA9D8F6 		.ascii	"/\251\330\366\224\221\375\250\221\375X${\222(f\035\260"
 1164      9491FDA8 
 1164      91FD5824 
 1164      7B922866 
 1164      1DB0
 1165 0221 BF63807D 		.ascii	"\277c\200}\321\300B6f\"\277\220\264\024yM\004\376\003"
 1165      D1C04236 
 1165      6622BF90 
 1165      B414794D 
 1165      04FE03
 1166 0234 709C879C 		.ascii	"p\234\207\234\344\274p\032\240\005\240\031\340;\000"
 1166      E4BC701A 
 1166      A005A019 
 1166      E03B00
 1167 0243 3E4F08B2 		.ascii	">O\010\262\367\227\0379\263\376\205/\367(\312\207\317"
 1167      F7971F39 
ARM GAS  /tmp/cclZSKTA.s 			page 42


 1167      B3FE852F 
 1167      F728CA87 
 1167      CF
 1168 0254 4203C0D7 		.ascii	"B\003\300\327\300\301\221T\207\370m\037p`\240\006\031"
 1168      C0C19154 
 1168      87F86D1F 
 1168      7060A006 
 1168      19
 1169 0265 2D1CF2CD 		.ascii	"-\034\362\315pHZ,\342D\014\242QGtW6\256\030\031\230"
 1169      70485A2C 
 1169      E2440CA2 
 1169      51477457 
 1169      36AE1819 
 1170 027a C7B009D0 		.ascii	"\307\260\011\320\024\203q\350\220\252\266\242\246 `"
 1170      148371E8 
 1170      90AAB6A2 
 1170      A62060
 1171 0289 47C1B7C3 		.ascii	"G\301\267\303\020\250\204\015\002\257\316\351\343?\326"
 1171      10A8840D 
 1171      02AFCEE9 
 1171      E33FD6
 1172 0298 3F356668 		.ascii	"?5fhC\341\014<\256\251\030s&X\276\331lT\364\254\301"
 1172      43E10C3C 
 1172      AEA91873 
 1172      2658BED9 
 1172      6C54F4AC 
 1173 02ad DDAA8E8A 		.ascii	"\335\252\216\212-m\015\027\3557@\314]\223\014\000\255"
 1173      2D6D0D17 
 1173      ED3740CC 
 1173      5D930C00 
 1173      AD
 1174 02be 2FE14D22 		.ascii	"/\341M\"\3570\222\244P\205ZdF%&1Yj\202\361)\275,\303"
 1174      EF3092A4 
 1174      50855A64 
 1174      46252631 
 1174      596A82F1 
 1175 02d6 46531225 		.ascii	"FS\022%\333\246F\030%\231m\224\206\255\262\224\362\003"
 1175      DBA64618 
 1175      25996D94 
 1175      86ADB294 
 1175      F203
 1176 02e8 6CA57596 		.ascii	"l\245u\226\344\014\305$/\033\033\266*4\360z\322\224"
 1176      E40CC524 
 1176      2F1B1BB6 
 1176      2A34F07A 
 1176      D294
 1177 02fa 0CBC87AD 		.ascii	"\014\274\207\255M c\324\233&\333(|\013[\245^V\267\334"
 1177      4D2063D4 
 1177      9B26DB28 
 1177      7C0B5BA5 
 1177      5E56B7DC 
 1178 030e 221FA78B 		.ascii	"\"\037\247\213_\304jHrz\022\266'\303f\033\237\030b!"
 1178      5FC46A48 
 1178      727A12B6 
 1178      27C3661B 
 1178      9F186221 
 1179 0322 368D109B 		.ascii	"6\215\020\233m\373\266\261R\330\232\210\024)r\362(9"
ARM GAS  /tmp/cclZSKTA.s 			page 43


 1179      6DFBB6B1 
 1179      52D89A88 
 1179      142972F2 
 1179      2839
 1180 0334 39B109CC 		.ascii	"9\261\011\314\262,%\245\020\024!\247\247gP\011\231M"
 1180      B22C25A5 
 1180      101421A7 
 1180      A7675009 
 1180      994D
 1181 0346 B6264867 		.ascii	"\266&Hg`OW\256v\216\223\314R\302\370\344\024Bd2\215"
 1181      604F57AE 
 1181      768E93CC 
 1181      52C2F8E4 
 1181      14426432 
 1182 035b 222F1B8C 		.ascii	"\"/\033\214\\`\305\234\262\361\023 E\242\351\224M\017"
 1182      5C60C59C 
 1182      B2F11320 
 1182      45A2E994 
 1182      4D0F
 1183 036d E3E64369 		.ascii	"\343\346Ci2!\212\311f\267\203\202\217\204\254\351\362"
 1183      32218AC9 
 1183      66B78382 
 1183      8F84ACE9 
 1183      F2
 1184 037e 9BE91209 		.ascii	"\233\351\022\011[)~J2\201B\301\210\224,\270\036\324"
 1184      5B297E4A 
 1184      328142C1 
 1184      88942CB8 
 1184      1ED4
 1185 0390 2460C1C5 		.ascii	"$`\301\305\037\277\201v\023\353\004\250\373_$\215\360"
 1185      1FBF8176 
 1185      13EB04A8 
 1185      FB5F248D 
 1185      F0
 1186 03a1 F3114E35 		.ascii	"\363\021N54\207\250^\375\241\275s\000\325x\250\266\304"
 1186      3487A85E 
 1186      FDA1BD73 
 1186      00D578A8 
 1186      B6C4
 1187 03b3 684B8F96 		.ascii	"hK\217\226\204\337\243\310u\010h\220\010\217\032\243"
 1187      84DFA3C8 
 1187      75086890 
 1187      088F1AA3 
 1188 03c3 01F458ED 		.ascii	"\001\364X\355\225\347\020`\032\035#\342b\204\033\224"
 1188      95E71060 
 1188      1A1D23E2 
 1188      62841B94 
 1189 03d3 44A78D48 		.ascii	"D\247\215H\"\352\017\0347\217\226\365\036\036\331\216"
 1189      22EA0F1C 
 1189      378F96F5 
 1189      1E1ED98E 
 1190 03e3 7553EAEA 		.ascii	"uS\352\352\367&\300\330@\006\001\266\201\362O\325=\265"
 1190      F726C0D8 
 1190      400601B6 
 1190      81F24FD5 
 1190      3DB5
 1191 03f5 DBED260E 		.ascii	"\333\355&\016\306E\250\020\035+\312?\332e\026\216<\270"
ARM GAS  /tmp/cclZSKTA.s 			page 44


 1191      C645A810 
 1191      1D2BCA3F 
 1191      DA65168E 
 1191      3CB8
 1192 0407 00621A53 		.ascii	"\000b\032S1\215\371Rb\0215\266\2127\2764\274\307>\023"
 1192      318DF952 
 1192      621135B6 
 1192      8A37BE34 
 1192      BCC73E13 
 1193 041b 2C77CFB4 		.ascii	",w\317\264\204,\2222t\255\274\006\210\303\301~\025\340"
 1193      842C9232 
 1193      74ADBC06 
 1193      88C3C17E 
 1193      15E0
 1194 042d 0A5FB09A 		.ascii	"\012_\260\232\0167\267\3008\204u)J\022\264\001\\\006"
 1194      0E37B7C0 
 1194      38847529 
 1194      4A12B401 
 1194      5C06
 1195 043f B8C4DB70 		.ascii	"\270\304\333p\035\301\027\371F\022\250T\372\367\257"
 1195      1DC117F9 
 1195      4612A854 
 1195      FAF7AF
 1196 044e 5ADA68C5 		.ascii	"Z\332h\305\251:\037\201&\374\004\347\265E\207\340\033"
 1196      A93A1F81 
 1196      26FC04E7 
 1196      B54587E0 
 1196      1B
 1197 045f 81EF01CE 		.ascii	"\201\357\001\316\301\324*3;'Rw\364\227v&jz\271\376\335"
 1197      C1D42A33 
 1197      3B275277 
 1197      F4977626 
 1197      6A7AB9FE 
 1198 0474 E74E3F62 		.ascii	"\347N?b\361r\2041\366\246\226c\373'\013>PF\251\011\302"
 1198      F1728431 
 1198      F6A69663 
 1198      FB270B3E 
 1198      5046A909 
 1199 0489 00ED7A82 		.ascii	"\000\355z\202v=\301M\023\273DU\360\036\003\214jn\351"
 1199      763DC14D 
 1199      13BB4455 
 1199      F01E038C 
 1199      6A6EE9
 1200 049c E05B3A78 		.ascii	"\340[:x\267\211\335P\313y`\357F\223P\323\240\226\363"
 1200      B789DD50 
 1200      CB7960EF 
 1200      469350D3 
 1200      A096F3
 1201 04af 6257C71A 		.ascii	"bW\307\032*\034\270`\334\346E\350n\013\234\265h\202"
 1201      2A1CB860 
 1201      DCE645E8 
 1201      6E0B9CB5 
 1201      6882
 1202 04c1 EF704743 		.ascii	"\357pGC\313\372f\223\256\270\301P\334\215\374w5\305"
 1202      CBFA6693 
 1202      AEB8C150 
 1202      DC8DFC77 
ARM GAS  /tmp/cclZSKTA.s 			page 45


 1202      35C5
 1203 04d3 DD8FF617 		.ascii	"\335\217\366\027m\342\323\017\275\320\245K\350\322%"
 1203      6DE2D30F 
 1203      BDD0A54B 
 1203      E8D225
 1204 04e2 1C35B3AE 		.ascii	"\0345\263\256\370\022\256\255\356;h\023\216\020\300"
 1204      F812AEAD 
 1204      EE3B6813 
 1204      8E10C0
 1205 04f1 7D9E7157 		.ascii	"}\236qWx\351\016\246I\350\345\216UW\033O\304\225\320"
 1205      78E90EA6 
 1205      49E8E58E 
 1205      55571B4F 
 1205      C495D0
 1206 0504 87FC0F22 		.ascii	"\207\374\017\"E\273\214\213\260Y\224\241\017\240G\327"
 1206      45BB8C8B 
 1206      B05994A1 
 1206      0FA047D7 
 1207 0514 D0A36B58 		.ascii	"\320\243kXla\275\3615\334\276\031\352L\2108\036\361"
 1207      6C61BDF1 
 1207      35DCBE19 
 1207      EA4C8838 
 1207      1EF1
 1208 0526 945F7C3C 		.ascii	"\224_|<?`\215\024\346\007\3569\277\360\3132\210\331"
 1208      3F608D14 
 1208      E607EE39 
 1208      BFF0CB32 
 1208      88D9
 1209 0538 9208FCD7 		.ascii	"\222\010\374\327\330o\226\204\266\2547\307\356X\270"
 1209      D86F9684 
 1209      B6AC37C7 
 1209      EE58B8
 1210 0547 9A46012E 		.ascii	"\232F\001.\034\333q:jS\375\311X>\007\324\345s\367G\253"
 1210      1CDB713A 
 1210      6A53FDC9 
 1210      583E07D4 
 1210      E573F747 
 1211 055c 76A87D31 		.ascii	"v\250}1\000\360#O9\260\275\366\012\325\333\235\2577"
 1211      00F0234F 
 1211      39B0BDF6 
 1211      0AD5DB9D 
 1211      AF37
 1212 056e 5BC16937 		.ascii	"[\301i7\250\006\225\336\033\\\2338\241\022{\240\253"
 1212      A80695DE 
 1212      1B5C9B38 
 1212      A1127BA0 
 1212      AB
 1213 057f F1AF6A0F 		.ascii	"\361\257j\017\340R\323\257\267\276_o}\017c\270U\263"
 1213      E052D3AF 
 1213      B7BE5F6F 
 1213      7D0F63B8 
 1213      55B3
 1214 0591 C58C876D 		.ascii	"\305\214\207m\257n?\302\233\007\013p\225`\313\205o]"
 1214      AF6E3FC2 
 1214      9B070B70 
 1214      9560CB85 
 1214      6F5D
ARM GAS  /tmp/cclZSKTA.s 			page 46


 1215 05a3 FDDA665E 		.ascii	"\375\332f^\004X\210\364\2454^\235\216\265\257\353\034"
 1215      045888F4 
 1215      A5345E9D 
 1215      8EB5AFEB 
 1215      1C
 1216 05b4 211C6EF8 		.ascii	"!\034n\370\200#6\366\225^H\320\272j1w\234Y\260\254o"
 1216      802336F6 
 1216      955E48D0 
 1216      BA6A3177 
 1216      9C59B0AC 
 1217 05c9 E473E54C 		.ascii	"\344s\345L\324\371\253\252\216\235j\374\022JX\205\310"
 1217      D4F9ABAA 
 1217      8E9D6AFC 
 1217      124A5885 
 1217      C8
 1218 05da 72AFF6FE 		.ascii	"r\257\366\376?\370\370\202e\024\226\242\267Vx\267Tl"
 1218      3FF8F882 
 1218      651496A2 
 1218      B75678B7 
 1218      546C
 1219 05ec 3829F494 		.ascii	"8)\364\224a\356\345\234\250\367\342O'\215\311\230\247"
 1219      61EEE59C 
 1219      A8F7E24F 
 1219      278DC998 
 1219      A7
 1220 05fd B61D56E0 		.ascii	"\266\035V\340\347\000\332\207T\264\376\324\356;G`B\345"
 1220      E700DA87 
 1220      54B4FED4 
 1220      EE3B4760 
 1220      42E5
 1221 060f 62A57FED 		.ascii	"b\245\177\355\371\003\3515Jh\276b\277\302\020\001\363"
 1221      F903E935 
 1221      4A68BE62 
 1221      BFC21001 
 1221      F3
 1222 0620 A9A8002C 		.ascii	"\251\250\000,B\360|\252\235\264F\303\263b\255\010\002"
 1222      42F07CAA 
 1222      9DB446C3 
 1222      B362AD08 
 1222      02
 1223 0631 FB5AA4DD 		.ascii	"\373Z\244\335Z\275\263\231\032}\0226\372\244\234\327"
 1223      5ABDB399 
 1223      1A7D1236 
 1223      FAA49CD7 
 1224 0641 E5B05A97 		.ascii	"\345\260Z\227\023\217\3260\003t\335\000Up\320q\001\332"
 1224      138FD630 
 1224      0374DD00 
 1224      5570D071 
 1224      01DA
 1225 0653 7963D9AE 		.ascii	"yc\331\256\250\336\3556@U\034\324,@\265M\007\313F\032"
 1225      A8DEED36 
 1225      40551CD4 
 1225      2C40B54D 
 1225      07CB461A 
 1226 0667 A03E0354 		.ascii	"\240>\003T\315A\255\330=a\016\034\371i\317\203;\266"
 1226      CD41ADD8 
 1226      3D610E1C 
ARM GAS  /tmp/cclZSKTA.s 			page 47


 1226      F969CF83 
 1226      3BB6
 1227 0679 8913C571 		.ascii	"\211\023\305q\204\0372\276/\033XdU\370\276^Na5\205:"
 1227      841F32BE 
 1227      2F1B5864 
 1227      55F8BE5E 
 1227      4E613585 
 1228 068e 1AE77460 		.ascii	"\032\347t`\234\037jb\020\352\331\300\330\353WQXI\305"
 1228      9C1F6A62 
 1228      10EAD9C0 
 1228      D8EB5751 
 1228      5849C5
 1229 06a1 71A98E17 		.ascii	"q\251\216\027\011j)\254\243\260\236\302\247\024\326"
 1229      096A29AC 
 1229      A3B09EC2 
 1229      A714D6
 1230 06b0 52D840D5 		.ascii	"R\330@\325\223\215FWAaM\014\335\3603M5\205\217\207e"
 1230      938D4657 
 1230      41614D0C 
 1230      DDF0334D 
 1230      35858F87 
 1231 06c5 8C415451 		.ascii	"\214ATQ\250\034N\222\026\233\346\223\341\355\332'\016"
 1231      A81C4E92 
 1231      169BE693 
 1231      E1EDDA27 
 1231      0E
 1232 06d6 2BC1A30F 		.ascii	"+\301\243\017\036\212\231W\032|\342\006<\277:\300\227"
 1232      1E8A9957 
 1232      1A7CE206 
 1232      3CBF3AC0 
 1232      97
 1233 06e7 EA638DA3 		.ascii	"\352c\215\243\347a\014\324\363\255\234c\325X\302\177"
 1233      E7610CD4 
 1233      F3AD9C63 
 1233      D558C27F 
 1234 06f7 79A7B633 		.ascii	"y\247\2663>\203*\272\217&\032\235\0220$lT\007\331\260"
 1234      3E832ABA 
 1234      8F261A9D 
 1234      1230246C 
 1234      5407D9B0 
 1235 070b 59707F4B 		.ascii	"Yp\177K\365\200ED\004x\304\034=\300-\360\227\016ml\226"
 1235      F5804544 
 1235      0478C41C 
 1235      3DC02DF0 
 1235      970E6D6C 
 1236 0720 04FE330A 		.ascii	"\004\3763\012\233\370X\336USz%* _\017\310\343\203\024"
 1236      9BF858DE 
 1236      55537A25 
 1236      2A205F0F 
 1236      C8E38314 
 1237 0734 01FDDDEB 		.ascii	"\001\375\335\353\037\250![(l\026S\357f\315\201\204\270"
 1237      1FA8215B 
 1237      286C1653 
 1237      EF66CD81 
 1237      84B8
 1238 0746 C3FF73B4 		.ascii	"\303\377s\264\255\252\262\256[\033\277\215\032O\365"
 1238      ADAAB2AE 
ARM GAS  /tmp/cclZSKTA.s 			page 48


 1238      5B1BBF8D 
 1238      1A4FF5
 1239 0755 86F46DBC 		.ascii	"\206\364m\274\006)\223&9\324\377B\237#?\273\300Q\340"
 1239      06299326 
 1239      39D4FF42 
 1239      9F233FBB 
 1239      C051E0
 1240 0768 CE71F8FC 		.ascii	"\316q\370\374\305\256l\217\317\341qy\264\327IN\333\037"
 1240      C5AE6C8F 
 1240      CFE17179 
 1240      B4D7494E 
 1240      DB1F
 1241 077a 5E7F2BF9 		.ascii	"^\177+\371\325\264\227\3113\321\336I9\262\234\363\333"
 1241      D5B497C9 
 1241      33D1DE49 
 1241      39B29CF3 
 1241      DB
 1242 078b DC7427B1 		.ascii	"\334t'\261\370\334\177se\371\255%n\257\377wY~\346*\364"
 1242      F8DC7F73 
 1242      65F9AD25 
 1242      6EAFFF77 
 1242      597EE62A 
 1243 07a0 99B8CB92 		.ascii	"\231\270\313\222S\222\233\353*f\357z\374\366\031.O\246"
 1243      53929BEB 
 1243      2A66EF7A 
 1243      FCF6192E 
 1243      4FA6
 1244 07b2 887C7BC6 		.ascii	"\210|{\306,Kan\256\317\345\237\351\310/\364\270\034"
 1244      2C4B616E 
 1244      AECFE59F 
 1244      E9C82FF4 
 1244      B81C
 1245 07c4 5EB7B3B0 		.ascii	"^\267\263\260 \333\347s\3469\234\356"
 1245      20DBE773 
 1245      E6399CEE 
 1246 07d0 2CBFCBE7 		.ascii	",\277\313\347w\274\232\357\316q\277\221\351\220]\036"
 1246      77BC9AEF 
 1246      CE71BF91 
 1246      E9905D1E 
 1247 07e0 9496396B 		.ascii	"\224\2269k\306\224t\307\314Y\251\342eZ\332\344)\352"
 1247      C69474C7 
 1247      CC59A9E2 
 1247      655ADAE4 
 1247      29EA
 1248 07f2 5BDAE4D7 		.ascii	"[\332\344\327\262^{\373\225?\245N{e\326\264\314\324"
 1248      B25E7BFB 
 1248      953FA54E 
 1248      7B65D6B4 
 1248      CCD4
 1249 0804 B7327F4F 		.ascii	"\2672\177O~\363\204M\312'\\Pa\361\373\252&\226\366\022"
 1249      7EF3844D 
 1249      CA275C50 
 1249      61F1FBAA 
 1249      2696F612 
 1250 0818 B165177B 		.ascii	"\261e\027{\336}9\325C$ga\261\337\365^\252g\0121e\025"
 1250      DE7D39D5 
 1250      43246761 
ARM GAS  /tmp/cclZSKTA.s 			page 49


 1250      B1DFF55E 
 1250      AA670A31 
 1251 082e 95F8CD1E 		.ascii	"\225\370\315\036_^\226\377I\231\235\030\224\347\362"
 1251      5F5E96FF 
 1251      49999D18 
 1251      94E7F2
 1252 083d 5BB24ABC 		.ascii	"[\262J\274\342\201^\331g\315\232[\354\306\226\331=\276"
 1252      E2815ED9 
 1252      67CD9A5B 
 1252      ECC696D9 
 1252      3DBE
 1253 084f 3772E6B8 		.ascii	"7r\346\270\234\376?z\335~\013F9\213\3367\025\270\262"
 1253      9CFE3F7A 
 1253      DD7E0B46 
 1253      398BDE37 
 1253      15B8B2
 1254 0862 73ADDE42 		.ascii	"s\255\336B\177~q\341\\H\263\346z\223}E.'z\274\336\222"
 1254      7F7E71E1 
 1254      5C48B3E6 
 1254      7A937D45 
 1254      2E277ABC 
 1255 0878 82825F3A 		.ascii	"\202\202_:J|\305\016\267\327YP\"c\255\\s\265\274no\036"
 1255      4A7CC50E 
 1255      B7D75950 
 1255      2263AD5C 
 1255      73B5BC6E 
 1256 088e B682610E 		.ascii	"\266\202a\016\206\032M<\215Y$It{}\376l\257\323\225\245"
 1256      861A4D3C 
 1256      8D592449 
 1256      747B7DFE 
 1256      6CAFD395 
 1257 08a3 56D92C84 		.ascii	"V\331,\204\374\017P\371m\371"
 1257      FC0F50F9 
 1257      6DF9
 1258              		.text
 1259              		.section	.gnu.lto_.symtab.b58a39bc0c94fff0,"e",%progbits
 1260 0000 6D734F62 		.ascii	"msObjectInit\000"
 1260      6A656374 
 1260      496E6974 
 1260      00
 1261 000d 00       		.ascii	"\000"
 1262 000e 00       		.ascii	"\000"
 1263 000f 00       		.ascii	"\000"
 1264 0010 00000000 		.ascii	"\000\000\000\000\000\000\000\000"
 1264      00000000 
 1265 0018 01010000 		.ascii	"\001\001\000\000"
 1266              		.text
 1267              		.section	.gnu.lto_.ext_symtab.b58a39bc0c94fff0,"e",%progbits
 1268 0000 01       		.ascii	"\001"
 1269 0001 01       		.ascii	"\001"
 1270 0002 00       		.ascii	"\000"
 1271              		.text
 1272              		.section	.gnu.lto_.opts,"e",%progbits
 1273 0000 272D666E 		.ascii	"'-fno-openmp' '-fno-openacc' '-fno-pie' '-fcf-prote"
 1273      6F2D6F70 
 1273      656E6D70 
 1273      2720272D 
ARM GAS  /tmp/cclZSKTA.s 			page 50


 1273      666E6F2D 
 1274 0033 6374696F 		.ascii	"ction=none' '-g' '-mcpu=cortex-m3' '-mthumb' '-mflo"
 1274      6E3D6E6F 
 1274      6E652720 
 1274      272D6727 
 1274      20272D6D 
 1275 0066 61742D61 		.ascii	"at-abi=soft' '-mlibarch=armv7-m' '-march=armv7-m' '"
 1275      62693D73 
 1275      6F667427 
 1275      20272D6D 
 1275      6C696261 
 1276 0099 2D4F3227 		.ascii	"-O2' '-fomit-frame-pointer' '-falign-functions=16' "
 1276      20272D66 
 1276      6F6D6974 
 1276      2D667261 
 1276      6D652D70 
 1277 00cc 272D6666 		.ascii	"'-ffunction-sections' '-fdata-sections' '-fno-commo"
 1277      756E6374 
 1277      696F6E2D 
 1277      73656374 
 1277      696F6E73 
 1278 00ff 6E272027 		.ascii	"n' '-flto' '-Xassembler' '-alms=./build/lst/memstre"
 1278      2D666C74 
 1278      6F272027 
 1278      2D586173 
 1278      73656D62 
 1279 0132 616D732E 		.ascii	"ams.lst'\000"
 1279      6C737427 
 1279      00
 1280              		.text
 1281              		.comm	__gnu_lto_slim,1,1
 1282              		.ident	"GCC: (15:10.3-2021.07-4) 10.3.1 20210621 (release)"
ARM GAS  /tmp/cclZSKTA.s 			page 51


DEFINED SYMBOLS
                            *ABS*:0000000000000000 memstreams.c
     /tmp/cclZSKTA.s:21     .gnu.debuglto_.debug_info:0000000000000000 memstreams.c.bddb5f2c
                            *COM*:0000000000000001 __gnu_lto_slim

NO UNDEFINED SYMBOLS
