ARM GAS  /tmp/ccy1cc99.s 			page 1


   1              		.cpu cortex-m3
   2              		.eabi_attribute 20, 1
   3              		.eabi_attribute 21, 1
   4              		.eabi_attribute 23, 3
   5              		.eabi_attribute 24, 1
   6              		.eabi_attribute 25, 1
   7              		.eabi_attribute 26, 1
   8              		.eabi_attribute 30, 2
   9              		.eabi_attribute 34, 1
  10              		.eabi_attribute 18, 4
  11              		.file	"nullstreams.c"
  12              		.file 1 "/usr/lib/gcc/arm-none-eabi/10.3.1/include/stddef.h"
  13              		.file 2 "/usr/lib/gcc/arm-none-eabi/10.3.1/include/stdint.h"
  14              		.file 3 "../../../os/rt/include/chearly.h"
  15              		.file 4 "../../../os/hal/lib/streams/nullstreams.h"
  16              		.file 5 "../../../os/hal/lib/streams/nullstreams.c"
  17              		.section	.gnu.debuglto_.debug_info,"e",%progbits
  18              	.Ldebug_info0:
  19              		.hidden	nullstreams.c.8b8684cf
  20              		.weak	nullstreams.c.8b8684cf
  21              	nullstreams.c.8b8684cf:
  22 0000 A0020000 		.4byte	0x2a0
  23 0004 0400     		.2byte	0x4
  24 0006 00000000 		.4byte	.Ldebug_abbrev0
  25 000a 04       		.byte	0x4
  26 000b 01       		.uleb128 0x1
  27 000c 44010000 		.4byte	.LASF22
  28 0010 0C       		.byte	0xc
  29 0011 AF000000 		.4byte	.LASF23
  30 0015 F2000000 		.4byte	.LASF24
  31 0019 00000000 		.4byte	.Ldebug_line0
  32 001d 02       		.uleb128 0x2
  33 001e 04       		.byte	0x4
  34 001f 05       		.byte	0x5
  35 0020 696E7400 		.ascii	"int\000"
  36 0024 03       		.uleb128 0x3
  37 0025 00000000 		.4byte	.LASF5
  38 0029 01       		.byte	0x1
  39 002a D1       		.byte	0xd1
  40 002b 17       		.byte	0x17
  41 002c 30000000 		.4byte	0x30
  42 0030 04       		.uleb128 0x4
  43 0031 04       		.byte	0x4
  44 0032 07       		.byte	0x7
  45 0033 25000000 		.4byte	.LASF0
  46 0037 04       		.uleb128 0x4
  47 0038 08       		.byte	0x8
  48 0039 05       		.byte	0x5
  49 003a 10020000 		.4byte	.LASF1
  50 003e 04       		.uleb128 0x4
  51 003f 08       		.byte	0x8
  52 0040 04       		.byte	0x4
  53 0041 9E000000 		.4byte	.LASF2
  54 0045 04       		.uleb128 0x4
  55 0046 01       		.byte	0x1
  56 0047 06       		.byte	0x6
  57 0048 3C020000 		.4byte	.LASF3
ARM GAS  /tmp/ccy1cc99.s 			page 2


  58 004c 04       		.uleb128 0x4
  59 004d 02       		.byte	0x2
  60 004e 05       		.byte	0x5
  61 004f 1E020000 		.4byte	.LASF4
  62 0053 03       		.uleb128 0x3
  63 0054 08020000 		.4byte	.LASF6
  64 0058 02       		.byte	0x2
  65 0059 28       		.byte	0x28
  66 005a 18       		.byte	0x18
  67 005b 5F000000 		.4byte	0x5f
  68 005f 04       		.uleb128 0x4
  69 0060 04       		.byte	0x4
  70 0061 05       		.byte	0x5
  71 0062 33020000 		.4byte	.LASF7
  72 0066 03       		.uleb128 0x3
  73 0067 E4000000 		.4byte	.LASF8
  74 006b 02       		.byte	0x2
  75 006c 2E       		.byte	0x2e
  76 006d 18       		.byte	0x18
  77 006e 77000000 		.4byte	0x77
  78 0072 05       		.uleb128 0x5
  79 0073 66000000 		.4byte	0x66
  80 0077 04       		.uleb128 0x4
  81 0078 01       		.byte	0x1
  82 0079 08       		.byte	0x8
  83 007a 7E000000 		.4byte	.LASF9
  84 007e 04       		.uleb128 0x4
  85 007f 02       		.byte	0x2
  86 0080 07       		.byte	0x7
  87 0081 65000000 		.4byte	.LASF10
  88 0085 04       		.uleb128 0x4
  89 0086 04       		.byte	0x4
  90 0087 07       		.byte	0x7
  91 0088 8C000000 		.4byte	.LASF11
  92 008c 04       		.uleb128 0x4
  93 008d 08       		.byte	0x8
  94 008e 07       		.byte	0x7
  95 008f 48000000 		.4byte	.LASF12
  96 0093 03       		.uleb128 0x3
  97 0094 EC000000 		.4byte	.LASF13
  98 0098 03       		.byte	0x3
  99 0099 58       		.byte	0x58
 100 009a 19       		.byte	0x19
 101 009b 53000000 		.4byte	0x53
 102 009f 04       		.uleb128 0x4
 103 00a0 01       		.byte	0x1
 104 00a1 08       		.byte	0x8
 105 00a2 DF000000 		.4byte	.LASF14
 106 00a6 06       		.uleb128 0x6
 107 00a7 04       		.byte	0x4
 108 00a8 07       		.uleb128 0x7
 109 00a9 04       		.byte	0x4
 110 00aa 66000000 		.4byte	0x66
 111 00ae 04       		.uleb128 0x4
 112 00af 01       		.byte	0x1
 113 00b0 02       		.byte	0x2
 114 00b1 48020000 		.4byte	.LASF15
ARM GAS  /tmp/ccy1cc99.s 			page 3


 115 00b5 08       		.uleb128 0x8
 116 00b6 24000000 		.4byte	0x24
 117 00ba CE000000 		.4byte	0xce
 118 00be 09       		.uleb128 0x9
 119 00bf A6000000 		.4byte	0xa6
 120 00c3 09       		.uleb128 0x9
 121 00c4 CE000000 		.4byte	0xce
 122 00c8 09       		.uleb128 0x9
 123 00c9 24000000 		.4byte	0x24
 124 00cd 00       		.byte	0
 125 00ce 07       		.uleb128 0x7
 126 00cf 04       		.byte	0x4
 127 00d0 72000000 		.4byte	0x72
 128 00d4 07       		.uleb128 0x7
 129 00d5 04       		.byte	0x4
 130 00d6 B5000000 		.4byte	0xb5
 131 00da 08       		.uleb128 0x8
 132 00db 24000000 		.4byte	0x24
 133 00df F3000000 		.4byte	0xf3
 134 00e3 09       		.uleb128 0x9
 135 00e4 A6000000 		.4byte	0xa6
 136 00e8 09       		.uleb128 0x9
 137 00e9 A8000000 		.4byte	0xa8
 138 00ed 09       		.uleb128 0x9
 139 00ee 24000000 		.4byte	0x24
 140 00f2 00       		.byte	0
 141 00f3 07       		.uleb128 0x7
 142 00f4 04       		.byte	0x4
 143 00f5 DA000000 		.4byte	0xda
 144 00f9 08       		.uleb128 0x8
 145 00fa 93000000 		.4byte	0x93
 146 00fe 0D010000 		.4byte	0x10d
 147 0102 09       		.uleb128 0x9
 148 0103 A6000000 		.4byte	0xa6
 149 0107 09       		.uleb128 0x9
 150 0108 66000000 		.4byte	0x66
 151 010c 00       		.byte	0
 152 010d 07       		.uleb128 0x7
 153 010e 04       		.byte	0x4
 154 010f F9000000 		.4byte	0xf9
 155 0113 08       		.uleb128 0x8
 156 0114 93000000 		.4byte	0x93
 157 0118 22010000 		.4byte	0x122
 158 011c 09       		.uleb128 0x9
 159 011d A6000000 		.4byte	0xa6
 160 0121 00       		.byte	0
 161 0122 07       		.uleb128 0x7
 162 0123 04       		.byte	0x4
 163 0124 13010000 		.4byte	0x113
 164 0128 0A       		.uleb128 0xa
 165 0129 07000000 		.4byte	.LASF25
 166 012d 18       		.byte	0x18
 167 012e 04       		.byte	0x4
 168 012f 35       		.byte	0x35
 169 0130 08       		.byte	0x8
 170 0131 84010000 		.4byte	0x184
 171 0135 0B       		.uleb128 0xb
ARM GAS  /tmp/ccy1cc99.s 			page 4


 172 0136 15000000 		.4byte	.LASF16
 173 013a 04       		.byte	0x4
 174 013b 36       		.byte	0x36
 175 013c 03       		.byte	0x3
 176 013d 24000000 		.4byte	0x24
 177 0141 00       		.byte	0
 178 0142 0B       		.uleb128 0xb
 179 0143 78000000 		.4byte	.LASF17
 180 0147 04       		.byte	0x4
 181 0148 36       		.byte	0x36
 182 0149 03       		.byte	0x3
 183 014a D4000000 		.4byte	0xd4
 184 014e 04       		.byte	0x4
 185 014f 0B       		.uleb128 0xb
 186 0150 AA000000 		.4byte	.LASF18
 187 0154 04       		.byte	0x4
 188 0155 36       		.byte	0x36
 189 0156 03       		.byte	0x3
 190 0157 F3000000 		.4byte	0xf3
 191 015b 08       		.byte	0x8
 192 015c 0C       		.uleb128 0xc
 193 015d 70757400 		.ascii	"put\000"
 194 0161 04       		.byte	0x4
 195 0162 36       		.byte	0x36
 196 0163 03       		.byte	0x3
 197 0164 0D010000 		.4byte	0x10d
 198 0168 0C       		.byte	0xc
 199 0169 0C       		.uleb128 0xc
 200 016a 67657400 		.ascii	"get\000"
 201 016e 04       		.byte	0x4
 202 016f 36       		.byte	0x36
 203 0170 03       		.byte	0x3
 204 0171 22010000 		.4byte	0x122
 205 0175 10       		.byte	0x10
 206 0176 0B       		.uleb128 0xb
 207 0177 D9000000 		.4byte	.LASF19
 208 017b 04       		.byte	0x4
 209 017c 36       		.byte	0x36
 210 017d 03       		.byte	0x3
 211 017e 0D010000 		.4byte	0x10d
 212 0182 14       		.byte	0x14
 213 0183 00       		.byte	0
 214 0184 05       		.uleb128 0x5
 215 0185 28010000 		.4byte	0x128
 216 0189 0D       		.uleb128 0xd
 217 018a 04       		.byte	0x4
 218 018b 04       		.byte	0x4
 219 018c 3E       		.byte	0x3e
 220 018d 09       		.byte	0x9
 221 018e A0010000 		.4byte	0x1a0
 222 0192 0C       		.uleb128 0xc
 223 0193 766D7400 		.ascii	"vmt\000"
 224 0197 04       		.byte	0x4
 225 0198 40       		.byte	0x40
 226 0199 1F       		.byte	0x1f
 227 019a A0010000 		.4byte	0x1a0
 228 019e 00       		.byte	0
ARM GAS  /tmp/ccy1cc99.s 			page 5


 229 019f 00       		.byte	0
 230 01a0 07       		.uleb128 0x7
 231 01a1 04       		.byte	0x4
 232 01a2 84010000 		.4byte	0x184
 233 01a6 03       		.uleb128 0x3
 234 01a7 28020000 		.4byte	.LASF20
 235 01ab 04       		.byte	0x4
 236 01ac 42       		.byte	0x42
 237 01ad 03       		.byte	0x3
 238 01ae 89010000 		.4byte	0x189
 239 01b2 0E       		.uleb128 0xe
 240 01b3 766D7400 		.ascii	"vmt\000"
 241 01b7 05       		.byte	0x5
 242 01b8 56       		.byte	0x56
 243 01b9 23       		.byte	0x23
 244 01ba 84010000 		.4byte	0x184
 245 01be 0F       		.uleb128 0xf
 246 01bf 39000000 		.4byte	.LASF26
 247 01c3 05       		.byte	0x5
 248 01c4 61       		.byte	0x61
 249 01c5 06       		.byte	0x6
 250 01c6 D7010000 		.4byte	0x1d7
 251 01ca 10       		.uleb128 0x10
 252 01cb 6E737000 		.ascii	"nsp\000"
 253 01cf 05       		.byte	0x5
 254 01d0 61       		.byte	0x61
 255 01d1 21       		.byte	0x21
 256 01d2 D7010000 		.4byte	0x1d7
 257 01d6 00       		.byte	0
 258 01d7 07       		.uleb128 0x7
 259 01d8 04       		.byte	0x4
 260 01d9 A6010000 		.4byte	0x1a6
 261 01dd 11       		.uleb128 0x11
 262 01de D9000000 		.4byte	.LASF19
 263 01e2 05       		.byte	0x5
 264 01e3 4D       		.byte	0x4d
 265 01e4 0E       		.byte	0xe
 266 01e5 93000000 		.4byte	0x93
 267 01e9 03020000 		.4byte	0x203
 268 01ed 10       		.uleb128 0x10
 269 01ee 697000   		.ascii	"ip\000"
 270 01f1 05       		.byte	0x5
 271 01f2 4D       		.byte	0x4d
 272 01f3 1A       		.byte	0x1a
 273 01f4 A6000000 		.4byte	0xa6
 274 01f8 10       		.uleb128 0x10
 275 01f9 6200     		.ascii	"b\000"
 276 01fb 05       		.byte	0x5
 277 01fc 4D       		.byte	0x4d
 278 01fd 26       		.byte	0x26
 279 01fe 66000000 		.4byte	0x66
 280 0202 00       		.byte	0
 281 0203 12       		.uleb128 0x12
 282 0204 67657400 		.ascii	"get\000"
 283 0208 05       		.byte	0x5
 284 0209 46       		.byte	0x46
 285 020a 0E       		.byte	0xe
ARM GAS  /tmp/ccy1cc99.s 			page 6


 286 020b 93000000 		.4byte	0x93
 287 020f 1F020000 		.4byte	0x21f
 288 0213 10       		.uleb128 0x10
 289 0214 697000   		.ascii	"ip\000"
 290 0217 05       		.byte	0x5
 291 0218 46       		.byte	0x46
 292 0219 18       		.byte	0x18
 293 021a A6000000 		.4byte	0xa6
 294 021e 00       		.byte	0
 295 021f 12       		.uleb128 0x12
 296 0220 70757400 		.ascii	"put\000"
 297 0224 05       		.byte	0x5
 298 0225 3E       		.byte	0x3e
 299 0226 0E       		.byte	0xe
 300 0227 93000000 		.4byte	0x93
 301 022b 45020000 		.4byte	0x245
 302 022f 10       		.uleb128 0x10
 303 0230 697000   		.ascii	"ip\000"
 304 0233 05       		.byte	0x5
 305 0234 3E       		.byte	0x3e
 306 0235 18       		.byte	0x18
 307 0236 A6000000 		.4byte	0xa6
 308 023a 10       		.uleb128 0x10
 309 023b 6200     		.ascii	"b\000"
 310 023d 05       		.byte	0x5
 311 023e 3E       		.byte	0x3e
 312 023f 24       		.byte	0x24
 313 0240 66000000 		.4byte	0x66
 314 0244 00       		.byte	0
 315 0245 11       		.uleb128 0x11
 316 0246 5F000000 		.4byte	.LASF21
 317 024a 05       		.byte	0x5
 318 024b 35       		.byte	0x35
 319 024c 0F       		.byte	0xf
 320 024d 24000000 		.4byte	0x24
 321 0251 76020000 		.4byte	0x276
 322 0255 10       		.uleb128 0x10
 323 0256 697000   		.ascii	"ip\000"
 324 0259 05       		.byte	0x5
 325 025a 35       		.byte	0x35
 326 025b 1B       		.byte	0x1b
 327 025c A6000000 		.4byte	0xa6
 328 0260 10       		.uleb128 0x10
 329 0261 627000   		.ascii	"bp\000"
 330 0264 05       		.byte	0x5
 331 0265 35       		.byte	0x35
 332 0266 28       		.byte	0x28
 333 0267 A8000000 		.4byte	0xa8
 334 026b 10       		.uleb128 0x10
 335 026c 6E00     		.ascii	"n\000"
 336 026e 05       		.byte	0x5
 337 026f 35       		.byte	0x35
 338 0270 33       		.byte	0x33
 339 0271 24000000 		.4byte	0x24
 340 0275 00       		.byte	0
 341 0276 13       		.uleb128 0x13
 342 0277 32000000 		.4byte	.LASF27
ARM GAS  /tmp/ccy1cc99.s 			page 7


 343 027b 05       		.byte	0x5
 344 027c 2D       		.byte	0x2d
 345 027d 0F       		.byte	0xf
 346 027e 24000000 		.4byte	0x24
 347 0282 10       		.uleb128 0x10
 348 0283 697000   		.ascii	"ip\000"
 349 0286 05       		.byte	0x5
 350 0287 2D       		.byte	0x2d
 351 0288 1C       		.byte	0x1c
 352 0289 A6000000 		.4byte	0xa6
 353 028d 10       		.uleb128 0x10
 354 028e 627000   		.ascii	"bp\000"
 355 0291 05       		.byte	0x5
 356 0292 2D       		.byte	0x2d
 357 0293 2F       		.byte	0x2f
 358 0294 CE000000 		.4byte	0xce
 359 0298 10       		.uleb128 0x10
 360 0299 6E00     		.ascii	"n\000"
 361 029b 05       		.byte	0x5
 362 029c 2D       		.byte	0x2d
 363 029d 3A       		.byte	0x3a
 364 029e 24000000 		.4byte	0x24
 365 02a2 00       		.byte	0
 366 02a3 00       		.byte	0
 367              		.section	.gnu.debuglto_.debug_abbrev,"e",%progbits
 368              	.Ldebug_abbrev0:
 369 0000 01       		.uleb128 0x1
 370 0001 11       		.uleb128 0x11
 371 0002 01       		.byte	0x1
 372 0003 25       		.uleb128 0x25
 373 0004 0E       		.uleb128 0xe
 374 0005 13       		.uleb128 0x13
 375 0006 0B       		.uleb128 0xb
 376 0007 03       		.uleb128 0x3
 377 0008 0E       		.uleb128 0xe
 378 0009 1B       		.uleb128 0x1b
 379 000a 0E       		.uleb128 0xe
 380 000b 10       		.uleb128 0x10
 381 000c 17       		.uleb128 0x17
 382 000d 00       		.byte	0
 383 000e 00       		.byte	0
 384 000f 02       		.uleb128 0x2
 385 0010 24       		.uleb128 0x24
 386 0011 00       		.byte	0
 387 0012 0B       		.uleb128 0xb
 388 0013 0B       		.uleb128 0xb
 389 0014 3E       		.uleb128 0x3e
 390 0015 0B       		.uleb128 0xb
 391 0016 03       		.uleb128 0x3
 392 0017 08       		.uleb128 0x8
 393 0018 00       		.byte	0
 394 0019 00       		.byte	0
 395 001a 03       		.uleb128 0x3
 396 001b 16       		.uleb128 0x16
 397 001c 00       		.byte	0
 398 001d 03       		.uleb128 0x3
 399 001e 0E       		.uleb128 0xe
ARM GAS  /tmp/ccy1cc99.s 			page 8


 400 001f 3A       		.uleb128 0x3a
 401 0020 0B       		.uleb128 0xb
 402 0021 3B       		.uleb128 0x3b
 403 0022 0B       		.uleb128 0xb
 404 0023 39       		.uleb128 0x39
 405 0024 0B       		.uleb128 0xb
 406 0025 49       		.uleb128 0x49
 407 0026 13       		.uleb128 0x13
 408 0027 00       		.byte	0
 409 0028 00       		.byte	0
 410 0029 04       		.uleb128 0x4
 411 002a 24       		.uleb128 0x24
 412 002b 00       		.byte	0
 413 002c 0B       		.uleb128 0xb
 414 002d 0B       		.uleb128 0xb
 415 002e 3E       		.uleb128 0x3e
 416 002f 0B       		.uleb128 0xb
 417 0030 03       		.uleb128 0x3
 418 0031 0E       		.uleb128 0xe
 419 0032 00       		.byte	0
 420 0033 00       		.byte	0
 421 0034 05       		.uleb128 0x5
 422 0035 26       		.uleb128 0x26
 423 0036 00       		.byte	0
 424 0037 49       		.uleb128 0x49
 425 0038 13       		.uleb128 0x13
 426 0039 00       		.byte	0
 427 003a 00       		.byte	0
 428 003b 06       		.uleb128 0x6
 429 003c 0F       		.uleb128 0xf
 430 003d 00       		.byte	0
 431 003e 0B       		.uleb128 0xb
 432 003f 0B       		.uleb128 0xb
 433 0040 00       		.byte	0
 434 0041 00       		.byte	0
 435 0042 07       		.uleb128 0x7
 436 0043 0F       		.uleb128 0xf
 437 0044 00       		.byte	0
 438 0045 0B       		.uleb128 0xb
 439 0046 0B       		.uleb128 0xb
 440 0047 49       		.uleb128 0x49
 441 0048 13       		.uleb128 0x13
 442 0049 00       		.byte	0
 443 004a 00       		.byte	0
 444 004b 08       		.uleb128 0x8
 445 004c 15       		.uleb128 0x15
 446 004d 01       		.byte	0x1
 447 004e 27       		.uleb128 0x27
 448 004f 19       		.uleb128 0x19
 449 0050 49       		.uleb128 0x49
 450 0051 13       		.uleb128 0x13
 451 0052 01       		.uleb128 0x1
 452 0053 13       		.uleb128 0x13
 453 0054 00       		.byte	0
 454 0055 00       		.byte	0
 455 0056 09       		.uleb128 0x9
 456 0057 05       		.uleb128 0x5
ARM GAS  /tmp/ccy1cc99.s 			page 9


 457 0058 00       		.byte	0
 458 0059 49       		.uleb128 0x49
 459 005a 13       		.uleb128 0x13
 460 005b 00       		.byte	0
 461 005c 00       		.byte	0
 462 005d 0A       		.uleb128 0xa
 463 005e 13       		.uleb128 0x13
 464 005f 01       		.byte	0x1
 465 0060 03       		.uleb128 0x3
 466 0061 0E       		.uleb128 0xe
 467 0062 0B       		.uleb128 0xb
 468 0063 0B       		.uleb128 0xb
 469 0064 3A       		.uleb128 0x3a
 470 0065 0B       		.uleb128 0xb
 471 0066 3B       		.uleb128 0x3b
 472 0067 0B       		.uleb128 0xb
 473 0068 39       		.uleb128 0x39
 474 0069 0B       		.uleb128 0xb
 475 006a 01       		.uleb128 0x1
 476 006b 13       		.uleb128 0x13
 477 006c 00       		.byte	0
 478 006d 00       		.byte	0
 479 006e 0B       		.uleb128 0xb
 480 006f 0D       		.uleb128 0xd
 481 0070 00       		.byte	0
 482 0071 03       		.uleb128 0x3
 483 0072 0E       		.uleb128 0xe
 484 0073 3A       		.uleb128 0x3a
 485 0074 0B       		.uleb128 0xb
 486 0075 3B       		.uleb128 0x3b
 487 0076 0B       		.uleb128 0xb
 488 0077 39       		.uleb128 0x39
 489 0078 0B       		.uleb128 0xb
 490 0079 49       		.uleb128 0x49
 491 007a 13       		.uleb128 0x13
 492 007b 38       		.uleb128 0x38
 493 007c 0B       		.uleb128 0xb
 494 007d 00       		.byte	0
 495 007e 00       		.byte	0
 496 007f 0C       		.uleb128 0xc
 497 0080 0D       		.uleb128 0xd
 498 0081 00       		.byte	0
 499 0082 03       		.uleb128 0x3
 500 0083 08       		.uleb128 0x8
 501 0084 3A       		.uleb128 0x3a
 502 0085 0B       		.uleb128 0xb
 503 0086 3B       		.uleb128 0x3b
 504 0087 0B       		.uleb128 0xb
 505 0088 39       		.uleb128 0x39
 506 0089 0B       		.uleb128 0xb
 507 008a 49       		.uleb128 0x49
 508 008b 13       		.uleb128 0x13
 509 008c 38       		.uleb128 0x38
 510 008d 0B       		.uleb128 0xb
 511 008e 00       		.byte	0
 512 008f 00       		.byte	0
 513 0090 0D       		.uleb128 0xd
ARM GAS  /tmp/ccy1cc99.s 			page 10


 514 0091 13       		.uleb128 0x13
 515 0092 01       		.byte	0x1
 516 0093 0B       		.uleb128 0xb
 517 0094 0B       		.uleb128 0xb
 518 0095 3A       		.uleb128 0x3a
 519 0096 0B       		.uleb128 0xb
 520 0097 3B       		.uleb128 0x3b
 521 0098 0B       		.uleb128 0xb
 522 0099 39       		.uleb128 0x39
 523 009a 0B       		.uleb128 0xb
 524 009b 01       		.uleb128 0x1
 525 009c 13       		.uleb128 0x13
 526 009d 00       		.byte	0
 527 009e 00       		.byte	0
 528 009f 0E       		.uleb128 0xe
 529 00a0 34       		.uleb128 0x34
 530 00a1 00       		.byte	0
 531 00a2 03       		.uleb128 0x3
 532 00a3 08       		.uleb128 0x8
 533 00a4 3A       		.uleb128 0x3a
 534 00a5 0B       		.uleb128 0xb
 535 00a6 3B       		.uleb128 0x3b
 536 00a7 0B       		.uleb128 0xb
 537 00a8 39       		.uleb128 0x39
 538 00a9 0B       		.uleb128 0xb
 539 00aa 49       		.uleb128 0x49
 540 00ab 13       		.uleb128 0x13
 541 00ac 00       		.byte	0
 542 00ad 00       		.byte	0
 543 00ae 0F       		.uleb128 0xf
 544 00af 2E       		.uleb128 0x2e
 545 00b0 01       		.byte	0x1
 546 00b1 3F       		.uleb128 0x3f
 547 00b2 19       		.uleb128 0x19
 548 00b3 03       		.uleb128 0x3
 549 00b4 0E       		.uleb128 0xe
 550 00b5 3A       		.uleb128 0x3a
 551 00b6 0B       		.uleb128 0xb
 552 00b7 3B       		.uleb128 0x3b
 553 00b8 0B       		.uleb128 0xb
 554 00b9 39       		.uleb128 0x39
 555 00ba 0B       		.uleb128 0xb
 556 00bb 27       		.uleb128 0x27
 557 00bc 19       		.uleb128 0x19
 558 00bd 01       		.uleb128 0x1
 559 00be 13       		.uleb128 0x13
 560 00bf 00       		.byte	0
 561 00c0 00       		.byte	0
 562 00c1 10       		.uleb128 0x10
 563 00c2 05       		.uleb128 0x5
 564 00c3 00       		.byte	0
 565 00c4 03       		.uleb128 0x3
 566 00c5 08       		.uleb128 0x8
 567 00c6 3A       		.uleb128 0x3a
 568 00c7 0B       		.uleb128 0xb
 569 00c8 3B       		.uleb128 0x3b
 570 00c9 0B       		.uleb128 0xb
ARM GAS  /tmp/ccy1cc99.s 			page 11


 571 00ca 39       		.uleb128 0x39
 572 00cb 0B       		.uleb128 0xb
 573 00cc 49       		.uleb128 0x49
 574 00cd 13       		.uleb128 0x13
 575 00ce 00       		.byte	0
 576 00cf 00       		.byte	0
 577 00d0 11       		.uleb128 0x11
 578 00d1 2E       		.uleb128 0x2e
 579 00d2 01       		.byte	0x1
 580 00d3 03       		.uleb128 0x3
 581 00d4 0E       		.uleb128 0xe
 582 00d5 3A       		.uleb128 0x3a
 583 00d6 0B       		.uleb128 0xb
 584 00d7 3B       		.uleb128 0x3b
 585 00d8 0B       		.uleb128 0xb
 586 00d9 39       		.uleb128 0x39
 587 00da 0B       		.uleb128 0xb
 588 00db 27       		.uleb128 0x27
 589 00dc 19       		.uleb128 0x19
 590 00dd 49       		.uleb128 0x49
 591 00de 13       		.uleb128 0x13
 592 00df 01       		.uleb128 0x1
 593 00e0 13       		.uleb128 0x13
 594 00e1 00       		.byte	0
 595 00e2 00       		.byte	0
 596 00e3 12       		.uleb128 0x12
 597 00e4 2E       		.uleb128 0x2e
 598 00e5 01       		.byte	0x1
 599 00e6 03       		.uleb128 0x3
 600 00e7 08       		.uleb128 0x8
 601 00e8 3A       		.uleb128 0x3a
 602 00e9 0B       		.uleb128 0xb
 603 00ea 3B       		.uleb128 0x3b
 604 00eb 0B       		.uleb128 0xb
 605 00ec 39       		.uleb128 0x39
 606 00ed 0B       		.uleb128 0xb
 607 00ee 27       		.uleb128 0x27
 608 00ef 19       		.uleb128 0x19
 609 00f0 49       		.uleb128 0x49
 610 00f1 13       		.uleb128 0x13
 611 00f2 01       		.uleb128 0x1
 612 00f3 13       		.uleb128 0x13
 613 00f4 00       		.byte	0
 614 00f5 00       		.byte	0
 615 00f6 13       		.uleb128 0x13
 616 00f7 2E       		.uleb128 0x2e
 617 00f8 01       		.byte	0x1
 618 00f9 03       		.uleb128 0x3
 619 00fa 0E       		.uleb128 0xe
 620 00fb 3A       		.uleb128 0x3a
 621 00fc 0B       		.uleb128 0xb
 622 00fd 3B       		.uleb128 0x3b
 623 00fe 0B       		.uleb128 0xb
 624 00ff 39       		.uleb128 0x39
 625 0100 0B       		.uleb128 0xb
 626 0101 27       		.uleb128 0x27
 627 0102 19       		.uleb128 0x19
ARM GAS  /tmp/ccy1cc99.s 			page 12


 628 0103 49       		.uleb128 0x49
 629 0104 13       		.uleb128 0x13
 630 0105 00       		.byte	0
 631 0106 00       		.byte	0
 632 0107 00       		.byte	0
 633              		.section	.gnu.debuglto_.debug_line,"e",%progbits
 634              	.Ldebug_line0:
 635 0000 BE000000 		.4byte	.LELT0-.LSLT0
 636              	.LSLT0:
 637 0004 0400     		.2byte	0x4
 638 0006 B8000000 		.4byte	.LELTP0-.LASLTP0
 639              	.LASLTP0:
 640 000a 01       		.byte	0x1
 641 000b 01       		.byte	0x1
 642 000c 01       		.byte	0x1
 643 000d F6       		.byte	0xf6
 644 000e F2       		.byte	0xf2
 645 000f 0D       		.byte	0xd
 646 0010 00       		.byte	0
 647 0011 01       		.byte	0x1
 648 0012 01       		.byte	0x1
 649 0013 01       		.byte	0x1
 650 0014 01       		.byte	0x1
 651 0015 00       		.byte	0
 652 0016 00       		.byte	0
 653 0017 00       		.byte	0
 654 0018 01       		.byte	0x1
 655 0019 00       		.byte	0
 656 001a 00       		.byte	0
 657 001b 01       		.byte	0x1
 658 001c 2E2E2F2E 		.ascii	"../../../os/hal/lib/streams"
 658      2E2F2E2E 
 658      2F6F732F 
 658      68616C2F 
 658      6C69622F 
 659 0037 00       		.byte	0
 660 0038 2E2E2F2E 		.ascii	"../../../os/rt/include"
 660      2E2F2E2E 
 660      2F6F732F 
 660      72742F69 
 660      6E636C75 
 661 004e 00       		.byte	0
 662 004f 2F757372 		.ascii	"/usr/lib/gcc/arm-none-eabi/10.3.1/include"
 662      2F6C6962 
 662      2F676363 
 662      2F61726D 
 662      2D6E6F6E 
 663 0078 00       		.byte	0
 664 0079 00       		.byte	0
 665 007a 73746464 		.ascii	"stddef.h\000"
 665      65662E68 
 665      00
 666 0083 03       		.uleb128 0x3
 667 0084 00       		.uleb128 0
 668 0085 00       		.uleb128 0
 669 0086 73746469 		.ascii	"stdint.h\000"
 669      6E742E68 
ARM GAS  /tmp/ccy1cc99.s 			page 13


 669      00
 670 008f 03       		.uleb128 0x3
 671 0090 00       		.uleb128 0
 672 0091 00       		.uleb128 0
 673 0092 63686561 		.ascii	"chearly.h\000"
 673      726C792E 
 673      6800
 674 009c 02       		.uleb128 0x2
 675 009d 00       		.uleb128 0
 676 009e 00       		.uleb128 0
 677 009f 6E756C6C 		.ascii	"nullstreams.h\000"
 677      73747265 
 677      616D732E 
 677      6800
 678 00ad 01       		.uleb128 0x1
 679 00ae 00       		.uleb128 0
 680 00af 00       		.uleb128 0
 681 00b0 6E756C6C 		.ascii	"nullstreams.c\000"
 681      73747265 
 681      616D732E 
 681      6300
 682 00be 01       		.uleb128 0x1
 683 00bf 00       		.uleb128 0
 684 00c0 00       		.uleb128 0
 685 00c1 00       		.byte	0
 686              	.LELTP0:
 687              	.LELT0:
 688              		.section	.gnu.debuglto_.debug_str,"eMS",%progbits,1
 689              	.LASF5:
 690 0000 73697A65 		.ascii	"size_t\000"
 690      5F7400
 691              	.LASF25:
 692 0007 4E756C6C 		.ascii	"NullStreamVMT\000"
 692      53747265 
 692      616D564D 
 692      5400
 693              	.LASF16:
 694 0015 696E7374 		.ascii	"instance_offset\000"
 694      616E6365 
 694      5F6F6666 
 694      73657400 
 695              	.LASF0:
 696 0025 756E7369 		.ascii	"unsigned int\000"
 696      676E6564 
 696      20696E74 
 696      00
 697              	.LASF27:
 698 0032 77726974 		.ascii	"writes\000"
 698      657300
 699              	.LASF26:
 700 0039 6E756C6C 		.ascii	"nullObjectInit\000"
 700      4F626A65 
 700      6374496E 
 700      697400
 701              	.LASF12:
 702 0048 6C6F6E67 		.ascii	"long long unsigned int\000"
 702      206C6F6E 
ARM GAS  /tmp/ccy1cc99.s 			page 14


 702      6720756E 
 702      7369676E 
 702      65642069 
 703              	.LASF21:
 704 005f 72656164 		.ascii	"reads\000"
 704      7300
 705              	.LASF10:
 706 0065 73686F72 		.ascii	"short unsigned int\000"
 706      7420756E 
 706      7369676E 
 706      65642069 
 706      6E7400
 707              	.LASF17:
 708 0078 77726974 		.ascii	"write\000"
 708      6500
 709              	.LASF9:
 710 007e 756E7369 		.ascii	"unsigned char\000"
 710      676E6564 
 710      20636861 
 710      7200
 711              	.LASF11:
 712 008c 6C6F6E67 		.ascii	"long unsigned int\000"
 712      20756E73 
 712      69676E65 
 712      6420696E 
 712      7400
 713              	.LASF2:
 714 009e 6C6F6E67 		.ascii	"long double\000"
 714      20646F75 
 714      626C6500 
 715              	.LASF18:
 716 00aa 72656164 		.ascii	"read\000"
 716      00
 717              	.LASF23:
 718 00af 2E2E2F2E 		.ascii	"../../../os/hal/lib/streams/nullstreams.c\000"
 718      2E2F2E2E 
 718      2F6F732F 
 718      68616C2F 
 718      6C69622F 
 719              	.LASF19:
 720 00d9 756E6765 		.ascii	"unget\000"
 720      7400
 721              	.LASF14:
 722 00df 63686172 		.ascii	"char\000"
 722      00
 723              	.LASF8:
 724 00e4 75696E74 		.ascii	"uint8_t\000"
 724      385F7400 
 725              	.LASF13:
 726 00ec 6D73675F 		.ascii	"msg_t\000"
 726      7400
 727              	.LASF24:
 728 00f2 2F686F6D 		.ascii	"/home/nicolasscg/ci_test/ChibiOS/demos/STM32/RT-STM"
 728      652F6E69 
 728      636F6C61 
 728      73736367 
 728      2F63695F 
ARM GAS  /tmp/ccy1cc99.s 			page 15


 729 0125 33324631 		.ascii	"32F103-STM3210E_EVAL-FATFS-USB\000"
 729      30332D53 
 729      544D3332 
 729      3130455F 
 729      4556414C 
 730              	.LASF22:
 731 0144 474E5520 		.ascii	"GNU C17 10.3.1 20210621 (release) -mcpu=cortex-m3 -"
 731      43313720 
 731      31302E33 
 731      2E312032 
 731      30323130 
 732 0177 6D746875 		.ascii	"mthumb -mfloat-abi=soft -march=armv7-m -ggdb -O2 -f"
 732      6D62202D 
 732      6D666C6F 
 732      61742D61 
 732      62693D73 
 733 01aa 6F6D6974 		.ascii	"omit-frame-pointer -falign-functions=16 -ffunction-"
 733      2D667261 
 733      6D652D70 
 733      6F696E74 
 733      6572202D 
 734 01dd 73656374 		.ascii	"sections -fdata-sections -fno-common -flto\000"
 734      696F6E73 
 734      202D6664 
 734      6174612D 
 734      73656374 
 735              	.LASF6:
 736 0208 696E7433 		.ascii	"int32_t\000"
 736      325F7400 
 737              	.LASF1:
 738 0210 6C6F6E67 		.ascii	"long long int\000"
 738      206C6F6E 
 738      6720696E 
 738      7400
 739              	.LASF4:
 740 021e 73686F72 		.ascii	"short int\000"
 740      7420696E 
 740      7400
 741              	.LASF20:
 742 0228 4E756C6C 		.ascii	"NullStream\000"
 742      53747265 
 742      616D00
 743              	.LASF7:
 744 0233 6C6F6E67 		.ascii	"long int\000"
 744      20696E74 
 744      00
 745              	.LASF3:
 746 023c 7369676E 		.ascii	"signed char\000"
 746      65642063 
 746      68617200 
 747              	.LASF15:
 748 0248 5F426F6F 		.ascii	"_Bool\000"
 748      6C00
 749              		.text
 750              		.section	.gnu.lto_.profile.a864bf031ddd7d10,"e",%progbits
 751 0000 789C6362 		.ascii	"x\234cb\000\001\000\000\022\000\003"
 751      00010000 
ARM GAS  /tmp/ccy1cc99.s 			page 16


 751      120003
 752              		.text
 753              		.section	.gnu.lto_.icf.a864bf031ddd7d10,"e",%progbits
 754 0000 789CD362 		.ascii	"x\234\323b@\000v\2067\3477/\346g|5i\336Ff\246\363\013"
 754      40007686 
 754      37E7372F 
 754      E6677C35 
 754      69DE4666 
 755 0017 161B30DF 		.ascii	"\026\0330\337\232\261s?\007\013\210\311\272\345\350"
 755      9AB1733F 
 755      070B88C9 
 755      BAE5E8
 756 0026 EA197C6C 		.ascii	"\352\031|lo&<\332\305\302\000\000\253,\023\221"
 756      6F263CDA 
 756      C5C20000 
 756      AB2C1391 
 757              		.text
 758              		.section	.gnu.lto_.ipa_sra.a864bf031ddd7d10,"e",%progbits
 759 0000 789C7361 		.ascii	"x\234sa@\0006\006f \311\312\300\301\300\016\34223\""
 759      40003606 
 759      6620C9CA 
 759      C0C1C00E 
 759      E2323322 
 760 0014 73199999 		.ascii	"s\031\231\231\230\300\\\020\223\231\021\304dfA\210\260"
 760      98C05C10 
 760      939911C4 
 760      64664188 
 760      B0
 761 0025 82441818 		.ascii	"\202D\030\030\031\000%\326\000\260"
 761      190025D6 
 761      00B0
 762              		.text
 763              		.section	.gnu.lto_.inline.a864bf031ddd7d10,"e",%progbits
 764 0000 789C3BC7 		.ascii	"x\234;\307\200\000l\014\014\314\015@\300\224\302\310"
 764      80006C0C 
 764      0CCC0D40 
 764      C094C2C8 
 765 0010 C0C4C0D0 		.ascii	"\300\304\300\320\010d\326\001E!BL !\006F\202*\230\010"
 765      0864D601 
 765      4521424C 
 765      20210646 
 765      822A9808 
 766 0024 AA6026A8 		.ascii	"\252`&\250\202\205\240\012V\006\026\020\227\031\244"
 766      8285A00A 
 766      56061610 
 766      9719A4
 767 0033 82112C91 		.ascii	"\202\021,\221\304\300\300\016\244\017\300T0\000\000"
 767      C4C0C00E 
 767      A40FC054 
 767      300000
 768 0042 D4482D2F 		.ascii	"\324H-/"
 769              		.text
 770              		.section	.gnu.lto_.jmpfuncs.a864bf031ddd7d10,"e",%progbits
 771 0000 789C4D8B 		.ascii	"x\234M\213\201\011\0000\010\303Z\253\273o\037\355\031"
 771      81090030 
 771      08C35AAB 
 771      BB6F1FED 
ARM GAS  /tmp/ccy1cc99.s 			page 17


 771      19
 772 0011 0F9D03C1 		.ascii	"\017\235\003\301\025\002%\220\215\331\202H:R(xR\306"
 772      15022590 
 772      8DD98248 
 772      3A522878 
 772      52C6
 773 0023 67D04685 		.ascii	"g\320F\205\231\215p\365\367_F%\325\006.\204\312\011"
 773      998D70F5 
 773      F75F4625 
 773      D5062E84 
 773      CA09
 774 0035 6A       		.ascii	"j"
 775              		.text
 776              		.section	.gnu.lto_.pureconst.a864bf031ddd7d10,"e",%progbits
 777 0000 789C1366 		.ascii	"x\234\023f```ch`al`aj`an`ai`a\235\305\002\000 '\003"
 777      60606063 
 777      6860616C 
 777      60616A60 
 777      616E6061 
 778 001e 5B       		.ascii	"["
 779              		.text
 780              		.section	.gnu.lto_.lto.a864bf031ddd7d10,"e",%progbits
 781 0000 09000400 		.ascii	"\011\000\004\000\001\000\000\000"
 781      01000000 
 782              		.text
 783              		.section	.gnu.lto_writes.327.a864bf031ddd7d10,"e",%progbits
 784 0000 789C558F 		.ascii	"x\234U\217\317K\002Q\020\307g\336[\223\016\235\273F"
 784      CF4B0251 
 784      10C767DE 
 784      5B930E9D 
 784      BB46
 785 0012 1151A04F 		.ascii	"\021Q\240O\263\302c\026z*\002\327\272\212\273m\271\260"
 785      B3C26316 
 785      7A2A02D7 
 785      BA8ABB6D 
 785      B9B0
 786 0024 FEA0B5B3 		.ascii	"\376\240\265\263O\275\011a\332%H,\302\242[\227\242\""
 786      4FBD0961 
 786      DA25482C 
 786      C2A25B97 
 786      A222
 787 0036 A3FD1324 		.ascii	"\243\375\023$\202\216A\227 \351\322)\"\250\347\272P"
 787      828E4197 
 787      20E9D229 
 787      22A8E7BA 
 787      50
 788 0047 C21BE6FB 		.ascii	"\302\033\346\373\035>\363\230\357(\002\034\002\300\270"
 788      1D3EF398 
 788      EF28021C 
 788      02C0B8
 789 0056 28A480B5 		.ascii	"(\244\200\265j\231\000\347|\336M\260P-?\235\216\341"
 789      6A9900E7 
 789      7CDE4DB0 
 789      502D3F9D 
 789      8EE1
 790 0068 1DDA1E21 		.ascii	"\035\332\036!O0\217{\264N\261F\233\202\225\034\2058"
 790      4F308F7B 
ARM GAS  /tmp/ccy1cc99.s 			page 18


 790      B44EB146 
 790      9B82951C 
 790      8538
 791 007a 326971FE 		.ascii	"2iq\376y\322iw\334\3653KjR\002\015\001\\\"^\210\377"
 791      79D26977 
 791      DCF5334B 
 791      6A52020D 
 791      015C225E 
 792 0090 01044839 		.ascii	"\001\004H9\302\204\240\332\255k\316\007\241I)^\341?"
 792      C284A0DA 
 792      AD6BCE07 
 792      A149295E 
 792      E13F
 793 00a2 480C4A58 		.ascii	"H\014JXtu\311\003\207|vH\011o\372I\251\204;6\331p\310"
 793      7475C903 
 793      877C7648 
 793      096FFA49 
 793      A9843B36 
 794 00b9 2F872478 		.ascii	"/\207$x\333O\222\022\356\273\000\006\240{O7\242\250"
 794      DB4F9212 
 794      EEBB0006 
 794      A07B4F37 
 794      A2A8
 795 00cb F30797C5 		.ascii	"\363\007\227\305\277\177*\234\277\277b\207\210\363\261"
 795      BF7F2A9C 
 795      BFBF6287 
 795      88F3B1
 796 00da 25E615DA 		.ascii	"%\346\025\332\315\315%\344\026\300.%=S\020\346\015\371"
 796      CDCD25E4 
 796      16C02E25 
 796      3D5310E6 
 796      0DF9
 797 00ec CBFD90DD 		.ascii	"\313\375\220\335\332h\267G\204\017,\036\315\036S;^\205"
 797      DA68B747 
 797      840F2C1E 
 797      CD1E533B 
 797      5E85
 798 00fe E2DF2A40 		.ascii	"\342\337*@\224%3)\215\245u5c$LS\335d\252\036\317if\216"
 798      94253329 
 798      8DA57535 
 798      63244C53 
 798      DD64AA1E 
 799 0116 2D267545 		.ascii	"-&uE_\221\331\272\226\312\230L\216-\007\246Y4\346\261"
 799      5F91D9BA 
 799      96CA984C 
 799      8E2D07A6 
 799      5934E6B1 
 800 012a 45C4EF0B 		.ascii	"E\304\357\013\364\224\337\027\216\207\327BK\236H(\026"
 800      F494DF17 
 800      8E87D742 
 800      4B9E4828 
 800      16
 801 013b 913DABF2 		.ascii	"\221=\253\362\002Ly\275\254\367\304^2a0CW\230\231\333"
 801      024C79BD 
 801      ACF7C45E 
 801      32613043 
 801      579899DB 
ARM GAS  /tmp/ccy1cc99.s 			page 19


 802 014f D2122993 		.ascii	"\322\022)\223\245\267\015\303\321^\025\210\236\035\356"
 802      A5B70DC3 
 802      D15E1588 
 802      9E1DEE
 803 015e 9B78834A 		.ascii	"\233x\203Jp.8\243n\000Q\262\230\376\005}\016\221\337"
 803      702E38A3 
 803      6E0051B2 
 803      98FE057D 
 803      0E91DF
 804              		.text
 805              		.section	.gnu.lto_reads.328.a864bf031ddd7d10,"e",%progbits
 806 0000 789C558F 		.ascii	"x\234U\217\315K\002Q\024\305\357}oJZ\264n\033D\364\001"
 806      CD4B0251 
 806      14C5EF7D 
 806      6F4A5AB4 
 806      6E1B44F4 
 807 0015 CED3AC70 		.ascii	"\316\323\254p\231\205\256\212\300\261\266\342LS\016"
 807      9985AE8A 
 807      C0B1B6E2 
 807      4C530E
 808 0024 8C1F34B6 		.ascii	"\214\0374\266\356\231;7\246-\023ka\324\256MQ!\201\177"
 808      EE993B37 
 808      A62D136B 
 808      61D4AE4D 
 808      5121817F 
 809 0038 8204413B 		.ascii	"\202\004A;\243E\213$\010\241h!\324\233q\240\204w\271"
 809      A3458B24 
 809      08A16821 
 809      D49B71A0 
 809      8477B9
 810 004b E75E7EF7 		.ascii	"\347^~\367\360\3164\002\234\000\300\244(\244\200\225"
 810      F0CE3402 
 810      9C00C0A4 
 810      28A48095 
 811 005b 729100E7 		.ascii	"r\221\000\347|\311C0_.\266\317'\360\036\235\031a\237"
 811      7CC94330 
 811      5F2EB6CF 
 811      27F01E9D 
 811      19619F
 812 006e E03E1ED1 		.ascii	"\340>\036\321*\305\012\255\013Vr\025\342\370L\223\363"
 812      2AC50AAD 
 812      0B567215 
 812      E2F84C93 
 812      F3
 813 007f EFB34EEB 		.ascii	"\357\263N\353\335S\275hJuJ\240&\200k\304+\341\017 @"
 813      DD53BD68 
 813      4A754AA0 
 813      26806BC4 
 813      2BE10F20 
 814 0094 CA11A604 		.ascii	"\312\021\246\004\325j\334r>\002uJ\361\006\377AbQ\300"
 814      D56ADC72 
 814      3E02754A 
 814      F106FF41 
 814      6251C0
 815 00a7 47DB921E 		.ascii	"G\333\222\036\273\344\223KJx7HJ\005|v\310\232Kv\\\222"
 815      BBE4934B 
 815      4A783748 
ARM GAS  /tmp/ccy1cc99.s 			page 20


 815      4A057C76 
 815      C89A4B76 
 816 00bd 60639024 		.ascii	"`c\220$\005\354H\000\303`\377\307\216(\352\362a\250"
 816      05EC4800 
 816      C360FFC7 
 816      8E28EAF2 
 816      61A8
 817 00cf C97B3F25 		.ascii	"\311{?%\316?_\261G\010@\211\332\221\271\204\274\011"
 817      CE3F5FB1 
 817      47084089 
 817      DA91B984 
 817      BC09
 818 00e1 7048497F 		.ascii	"pHI\177\310\213\341\015\371K{\324i\037\350\264n\277"
 818      C88BE10D 
 818      F94B7BD4 
 818      691FE8B4 
 818      6EBF
 819 00f3 7D2174F1 		.ascii	"}!t\361\340t\301\316O\234\214\302\005\377\\\000\242"
 819      E074C1CE 
 819      4F9C8CC2 
 819      05FF5C00 
 819      A2
 820 0104 2C9949E9 		.ascii	",\231I\351,mh\0313aY\332\016\323\214xN\267rl%i\250\306"
 820      2C6D6819 
 820      336159DA 
 820      0ED38C78 
 820      4EB7726C 
 821 011c BAC2B6F4 		.ascii	"\272\302\266\364T\306bJl-0\307\2421\257#\"~_\240\257"
 821      54C6624A 
 821      6C2D30C7 
 821      A231AF23 
 821      227E5FA0 
 822 0131 FCBE703C 		.ascii	"\374\276p<\274\031Z\365FB\261\210\342\335P\226aV\226"
 822      BC195AF5 
 822      4642B188 
 822      E2DD5096 
 822      615696
 823 0144 59FF89BB 		.ascii	"Y\377\211\273d\302d\246\2412+\267\253'R\026K\357\231"
 823      64C264A6 
 823      A1322BB7 
 823      AB275216 
 823      4BEF99
 824 0157 A6AB650D 		.ascii	"\246\253e\015\210\221\035\033\330\310A5\270\030\234"
 824      88911D1B 
 824      D8C84135 
 824      B8189C
 825 0166 D7B681A8 		.ascii	"\327\266\201\250YL\377\002\276_\226a"
 825      594CFF02 
 825      BE5F9661 
 826              		.text
 827              		.section	.gnu.lto_put.329.a864bf031ddd7d10,"e",%progbits
 828 0000 789C558F 		.ascii	"x\234U\217\317K\002Q\020\307g\336\333\224\376\202\256"
 828      CF4B0251 
 828      10C767DE 
 828      DB94FE82 
 828      AE
 829 0011 415014B8 		.ascii	"AP\024\270O\263\302c\026z*\002\265\256\342n[.\254\032"
ARM GAS  /tmp/ccy1cc99.s 			page 21


 829      4FB3C263 
 829      167A2A02 
 829      B5AEE26E 
 829      5B2EAC1A 
 830 0025 AD9D1DF3 		.ascii	"\255\235\035\363&\201i\020A\022\035\014\272y1\262\272"
 830      26816910 
 830      41121D0C 
 830      BA7931B2 
 830      BA
 831 0036 ECA95350 		.ascii	"\354\251SP\364\017\024\321\251n\035\242CQoW\241\202"
 831      F40F14D1 
 831      A96E1DA2 
 831      43516F57 
 831      A182
 832 0048 37CC77E6 		.ascii	"7\314w\346}\346\327;\0004\245\215JC\016\330\250W\031"
 832      7DE6D73B 
 832      0034A58D 
 832      4A430ED8 
 832      A85719
 833 005b 10D1AC9F 		.ascii	"\020\321\254\237a\271^}8\350(x\205^\002\241\304\260"
 833      61B95E7D 
 833      38E82878 
 833      855E02A1 
 833      C4B0
 834 006d 847BBCC9 		.ascii	"\204{\274\311\261\301[\022V\372\012qx\\\"\037'\257\217"
 834      B1C15B12 
 834      56FA0A71 
 834      785C221F 
 834      27AF8F
 835 0080 B7FEE6A9 		.ascii	"\267\376\346\251\243\2648\203#\011\234!v\020\334\021"
 835      A3B43883 
 835      23099C21 
 835      7610DC11 
 836 0090 1C39218C 		.ascii	"\0349!\2149Dw\335.\321 \2648\307s\374\003\311D\005\333"
 836      394477DD 
 836      2ED120B4 
 836      38C773FC 
 836      03C94405 
 837 00a5 6E4B7ED8 		.ascii	"nK~\330'o:D\\~(x\341\221a\014\272\234R\301K\005\300"
 837      276F3A44 
 837      5C7E2878 
 837      E191610C 
 837      BA9C52C1 
 838 00bc 07EE0C77 		.ascii	"\007\356\014woi\355\373\001\207>\277kD_\317\2703\302"
 838      6F69EDFB 
 838      01873EBF 
 838      6B445FCF 
 838      B833C2
 839 00cf 006ADCBD 		.ascii	"\000j\334\275\203\024$\007`\227\263^P\226\301\013\322"
 839      83142407 
 839      6097B35E 
 839      5096C10B 
 839      D2
 840 00e0 53FD1A3D 		.ascii	"S\375\032=\337\360yn\337\007o\270}<\355^\303\274\215"
 840      DFF0796E 
 840      DF076FB8 
 840      7D3CED5E 
ARM GAS  /tmp/ccy1cc99.s 			page 22


 840      C3BC8D
 841 00f3 653DFED6 		.ascii	"e=\376\326\003$D\266\2203D\336\324\013V\306\266\365"
 841      032444B6 
 841      903344DE 
 841      D40B56C6 
 841      B6F5
 842 0105 75A19BE9 		.ascii	"u\241\233\351\242a\027\305|\326\324\314\245\244X5r\005"
 842      A26117C5 
 842      7CD6D4CC 
 842      A5A45835 
 842      7205
 843 0117 5B24538B 		.ascii	"[$S\213\341I\221H\005<\021\017\005\303=\025\012\306"
 843      E1499148 
 843      053C110F 
 843      05C33D15 
 843      0AC6
 844 0129 D2B195E8 		.ascii	"\322\261\225\350B \036M\305\223\201\345\344\034L\250"
 844      42201E4D 
 844      C59381E5 
 844      E41C4CA8 
 845 0139 AAE83D59 		.ascii	"\252\350=Y\227\315X\30225a\0277\215L\316\026\371-\313"
 845      97CD58C2 
 845      32356117 
 845      378D4CCE 
 845      16F92DCB 
 846 014d EA6B5507 		.ascii	"\352kU\007fn\014\375\313\250\021-2\023\231\322\327\000"
 846      666E0CFD 
 846      CBA8112D 
 846      321399D2 
 846      D700
 847 015f B51FB5D4 		.ascii	"\265\037\265\324\205\017"
 847      850F
 848              		.text
 849              		.section	.gnu.lto_get.330.a864bf031ddd7d10,"e",%progbits
 850 0000 789C554E 		.ascii	"x\234UN\317K\002a\020\235\371\276\315\350/\350\032\004"
 850      CF4B0261 
 850      109DF9BE 
 850      CDE82FE8 
 850      1A04
 851 0012 4581FB69 		.ascii	"E\201\373iV\3541\013\245C\021\270\326U\326m\313\205"
 851      56EC310B 
 851      A54311B8 
 851      D655D66D 
 851      CB85
 852 0024 55A3B5B3 		.ascii	"U\243\265\263\243\322\305\213\251\247~\020\035\266s"
 852      A3D2C58B 
 852      A9A77E10 
 852      1DB673
 853 0033 084676B3 		.ascii	"\010Fv\263K]\243K\327(\272\324\255S\207\240\276U\241"
 853      4B5DA34B 
 853      D728BAD4 
 853      AD5387A0 
 853      BE55A1
 854 0046 8279CC9B 		.ascii	"\202y\314\233\307{\303\273\003\200#\211\011\011\344"
 854      C77BC3BB 
 854      03802389 
 854      0909E4
ARM GAS  /tmp/ccy1cc99.s 			page 23


 855 0055 808D7A95 		.ascii	"\200\215z\225\001\021-\0143,\325\253\217\207m\005\257"
 855      01112D0C 
 855      332CD5AB 
 855      8F876D05 
 855      AF
 856 0066 B1272014 		.ascii	"\261' \024\031\026\261\311O86\270'\315\312\200!\216"
 856      1916B1C9 
 856      4F3836B8 
 856      27CDCA80 
 856      218E
 857 0078 4D49CBE7 		.ascii	"MI\313\347\371\373SK\273\251\354/{\234\301\2514\\\""
 857      F9FB534B 
 857      BBA9EC2F 
 857      7B9CC1A9 
 857      345C22
 858 008b B6517E06 		.ascii	"\266Q~\006i\344\2040\331%\272\357t\210F\300\343\034"
 858      69E48430 
 858      D925BAEF 
 858      748846C0 
 858      E31C
 859 009d AFF08F49 		.ascii	"\257\360\217I\012\025l*\000\001\360\263~\037\211\213"
 859      0A156C2A 
 859      0001F0B3 
 859      7E1F898B 
 860 00ad 87A12E7D 		.ascii	"\207\241.}}\327\210^_\360x\234\001\324\270\337\217\024"
 860      7DD7885E 
 860      5FF0789C 
 860      01D4B8DF 
 860      8F14
 861 00bf A42EC001 		.ascii	"\244.\300\001g\375\243$\2177\244\347\326-\366v;\000"
 861      67FDA324 
 861      8F37A4E7 
 861      D62DF676 
 861      3B00
 862 00d1 1F583E9B 		.ascii	"\037X>\233\363\3531T\374w5\216\277A\200\204\310\344"
 862      F3EB3154 
 862      FC77358E 
 862      BF418084 
 862      C8E4
 863 00e3 B396C8D9 		.ascii	"\263\226\310\331f\3361\\\327\334\026\246\235*XnA,e\354"
 863      66DE315C 
 863      D7DC16A6 
 863      9D2A586E 
 863      412C65EC 
 864 00f7 B4BDA68B 		.ascii	"\264\275\246\213M+\233w\205\236\\\215\314\210D2\330"
 864      4D2B9B77 
 864      859E5C8D 
 864      CC884432 
 864      D8
 865 0108 23F17028 		.ascii	"#\361p(\322g\341P,\025\333\210\256\004\343\321d\\\017"
 865      D267E150 
 865      2C15DB88 
 865      AE04E3D1 
 865      645C0F
 866 011b AEEB8B30 		.ascii	"\256\353\2130\255\252\242?2\2271\034\341\330i\341\026"
 866      ADAAA23F 
 866      3297311C 
ARM GAS  /tmp/ccy1cc99.s 			page 24


 866      E1D869E1 
 866      16
 867 012c 762D23EB 		.ascii	"v-#\353\212\334\236\343\014\270j\002\263wF\377)\252"
 867      8ADC9EE3 
 867      0CB86A02 
 867      B37746FF 
 867      29AA
 868 013e 96D6E6B5 		.ascii	"\226\326\346\265Ys\013~\000S\247v\363"
 868      59730B7E 
 868      0053A776 
 868      F3
 869              		.text
 870              		.section	.gnu.lto_unget.331.a864bf031ddd7d10,"e",%progbits
 871 0000 789C558F 		.ascii	"x\234U\217\277/\003a\030\307\237\347\336S\361\027\210"
 871      BF2F0361 
 871      18C79FE7 
 871      DE53F117 
 871      88
 872 0011 CD44487A 		.ascii	"\315DHzo\253\310\215J\332\030\210\244W\326\246w\216"
 872      6FABC88D 
 872      4ADA1888 
 872      A457D6A6 
 872      778E
 873 0023 5E726DC5 		.ascii	"^rm\305\325\354\251\306\322\245Z\033\215\030j6\250\370"
 873      D5ECA9C6 
 873      D2A55A1B 
 873      8D186A36 
 873      A8F8
 874 0035 B5D46294 		.ascii	"\265\324b\224\352 6a$\026\003\035$\274wm\202\344}\362"
 874      EA203661 
 874      2416031D 
 874      24BC776D 
 874      82E47DF2 
 875 0049 7C9FE7FD 		.ascii	"|\237\347\375<\277>\000\240*lH\0302\300J\271(\001\021"
 875      3CBF3E00 
 875      A02A6C48 
 875      1832C04A 
 875      B9280111 
 876 005d 4DF54A98 		.ascii	"M\365J\230/\027\037\367\3522^\241\227@\330\224p\023"
 876      2F171FF7 
 876      EA325EA1 
 876      9740D894 
 876      7013
 877 006f 77599561 		.ascii	"wY\225a\205\325\004,w\025\342\340\210@\332G\257\315"
 877      85D5042C 
 877      7715E2E0 
 877      8840DA47 
 877      AFCD
 878 0081 13F5BAB0 		.ascii	"\023\365\272\260=[c\022\034\010\340\024\261\216\340"
 878      3D5B6312 
 878      1C08E014 
 878      B18EE0
 879 0090 8E60C808 		.ascii	"\216`\310\010a\270A\324\274<'\352\203\032cx\206\177"
 879      61B841D4 
 879      BC3C27EA 
 879      831A6378 
 879      867F
ARM GAS  /tmp/ccy1cc99.s 			page 25


 880 00a2 209128E0 		.ascii	" \221(\340\233\333\234\355w\311\333:\021\023\0372^x"
 880      9BDB9CED 
 880      77C9DB3A 
 880      11131F32 
 880      5E78
 881 00b4 6408032E 		.ascii	"d\010\003.'\027\260\315\000|\340\316p\367\026v\334\352"
 881      2717B0CD 
 881      007CE0CE 
 881      70F71676 
 881      DCEA
 882 00c6 69D0D777 		.ascii	"i\320\327w\211\350s\340\351\301'\001\224\230{\007\311"
 882      89E873E0 
 882      E9C12701 
 882      94987B07 
 882      C9
 883 00d7 480D801D 		.ascii	"H\015\200\035&u\202\274\010^\220\236\357n\320\363-\237"
 883      267582BC 
 883      085E909E 
 883      EF6ED0F3 
 883      2D9F
 884 00e9 E7EE7DF0 		.ascii	"\347\356}\360\216[\207\023\3565\222\267\261\250\307"
 884      8E5B8713 
 884      EE3592B7 
 884      B1A8C7
 885 00f8 DF7A8018 		.ascii	"\337z\200\030Oe\323&\317XF\326N:\216\261\312\015+\221"
 885      4F65D326 
 885      CF5846D6 
 885      4E3A8EB1 
 885      CA0D2B91 
 886 010c 339D1C9F 		.ascii	"3\235\034\237IY\272\265\240\361e3\235u\270\026\237\017"
 886      4959BAB5 
 886      A0F16533 
 886      9D75B816 
 886      9F0F
 887 011e 8DF158DC 		.ascii	"\215\361X\334\357\211h0\020\352\250` \222\210,\205\347"
 887      EF896830 
 887      10EAA860 
 887      2092882C 
 887      85E7
 888 0130 FCD1703C 		.ascii	"\374\321p<\252\371\027\265i\030U\024\336y\242.\225\264"
 888      AAF917B5 
 888      69185514 
 888      DE79A22E 
 888      95B4
 889 0142 B96DE9DC 		.ascii	"\271m\351\334\311\255\233\311\264\3033\033\266\335\325"
 889      C9AD9BC9 
 889      B4C3331B 
 889      B6DDD5
 890 0151 8A0192B5 		.ascii	"\212\001\222\265\326\377/\243\250\272:\251\216\033+"
 890      D6FF2FA3 
 890      A8BA3AA9 
 890      8E1B2B
 891 0160 80FA0F28 		.ascii	"\200\372\017(1\206\233"
 891      31869B
 892              		.text
 893              		.section	.gnu.lto_vmt.332.a864bf031ddd7d10,"e",%progbits
 894 0000 789C9BC4 		.ascii	"x\234\233\304\300\300P\317\000\001s\230\031[\030\233"
ARM GAS  /tmp/ccy1cc99.s 			page 26


 894      C0C050CF 
 894      00017398 
 894      195B189B 
 895 0010 1A1AFE5C 		.ascii	"\032\032\376\\\332\372a\226\214\344\022f\206y\314\010"
 895      DAFA6196 
 895      8CE41266 
 895      8679CC08 
 896 0020 D1176718 		.ascii	"\321\027g\030\22703\316cf\204\213\2548\306\010V\303"
 896      973033CE 
 896      6366848B 
 896      AC38C608 
 896      56C3
 897 0032 845063B7 		.ascii	"\204Pc\267\204\231i\03633B\300l\0113\363<f\026\220\300"
 897      8499691E 
 897      333342C0 
 897      6C0933F3 
 897      3C661690 
 898 0047 24E625CC 		.ascii	"$\346%\314,\214\014\226M\035\015\022K\230Y\347230\356"
 898      2C8C0C96 
 898      4D1D0D12 
 898      4B9859E7 
 898      323330EE 
 899 005b 649CCBCC 		.ascii	"d\234\313\314\310\270\003H21n\007\222\314\214\333\200"
 899      C8B80348 
 899      32316E07 
 899      92CC8CDB 
 899      80
 900 006c 240BE356 		.ascii	"$\013\343V \311\312\270\205\221!H?#?7U?/39?'\261\270"
 900      20C9CAB8 
 900      85912148 
 900      3F233F37 
 900      553F2F33 
 901 0085 38395D3F 		.ascii	"89]?93\276$\265\270D\3379#3)\323?X?%57\277X?8\304\327"
 901      3933BE24 
 901      B5B844DF 
 901      39233329 
 901      D33F583F 
 902 00a2 D8483F28 		.ascii	"\330H?(D\027\314p340\206\260\014\015\\\343]\303\034"
 902      4417CC70 
 902      33343086 
 902      B00C0D5C 
 902      E35DC31C 
 903 00b6 7D74DD1C 		.ascii	"}t\335\034C\334\202uC\203\235\030\264\364\364\364!\010"
 903      43DC8275 
 903      43839D18 
 903      B4F4F4F4 
 903      2108
 904 00c8 A82F2331 		.ascii	"\250/#1G?'3I\277\270\244(51\267X?\2574'\007\312\326"
 904      473F2733 
 904      49BFB8A4 
 904      283531B7 
 904      583FAF34 
 905 00e0 4B660000 		.ascii	"Kf\000\000V\247R\330"
 905      56A752D8 
 906              		.text
 907              		.section	.gnu.lto_nullObjectInit.333.a864bf031ddd7d10,"e",%progbits
 908 0000 789C558F 		.ascii	"x\234U\217\277K[Q\024\307\317\367\235\227T'\307v,d\010"
ARM GAS  /tmp/ccy1cc99.s 			page 27


 908      BF4B5B51 
 908      14C7CFF7 
 908      9D975427 
 908      C7762C64 
 909 0015 0AC98D5A 		.ascii	"\012\311\215ZJ\306\306b\\*\202I]%yF\363\340%)}q\316"
 909      4AC6C662 
 909      5C2A8249 
 909      5D257946 
 909      F3E02529 
 910 002c 8D840E59 		.ascii	"\215\204\016Y\242\266 \342\217\241\274\226lNZm\251\276"
 910      A2B620E2 
 910      8FA1BC96 
 910      6C4E5A6D 
 910      A9BE
 911 003e 4D5A1CA4 		.ascii	"MZ\034\244\177\201H],t(\024\034\204\366\344%\022\274"
 911      7F81485D 
 911      2C742814 
 911      1C84F6E4 
 911      2512BC
 912 0051 DC0BDFEF 		.ascii	"\334\013\337\357\227s\316\375\234(\210\266\210(\"\017"
 912      9773CEFD 
 912      9C2888B6 
 912      8828220F 
 913 0061 4C585F6B 		.ascii	"LX_k\032\244\265~\366\300@}\2559\210#\004\016T3P\303"
 913      1AA4B57E 
 913      F6C0407D 
 913      AD398823 
 913      040E5433 
 914 0077 5B1E167B 		.ascii	"[\036\026{\363\341\327\352\321#\335\366\3411\321\256"
 914      F3E1D7EA 
 914      D123DDF6 
 914      E131D1AE 
 915 0087 BCE06C33 		.ascii	"\274\340l3\326\331c\300\354)\003\217E\261\006E}\255"
 915      D6D963C0 
 915      EC29038F 
 915      45B10645 
 915      7DAD
 916 0099 CFBF1D6A 		.ascii	"\317\277\035j=H\0363>A\232p\000\354\313\367\0224\360"
 916      3D481E33 
 916      3E419A70 
 916      00ECCBF7 
 916      1234F0
 917 00ac 5D8684EF 		.ascii	"]\206\204\357fIH{?B\276\276\375\327\322\372\357O\234"
 917      6649487B 
 917      3F42BEBE 
 917      FDD7D2FA 
 917      EF4F9C
 918 00bf 454C0338 		.ascii	"EL\0038\224\274\305\035:mB\373D\253ltM]\3145\364\345"
 918      94BCC51D 
 918      3A6D42FB 
 918      44AB6C74 
 918      4D5DCC35 
 919 00d5 C629E837 		.ascii	"\306)\3507V\3365\257\320C`t\260>v\226h\2135\337\013"
 919      56DE35AF 
 919      D0436074 
 919      B03E7696 
 919      688B35DF 
ARM GAS  /tmp/ccy1cc99.s 			page 28


 920 00ea D4675042 		.ascii	"\324gPB\374\200\307!|\301\016\367\321CAu\003a\221m\246"
 920      FC80C721 
 920      7CC10EF7 
 920      D1434175 
 920      0361916D 
 921 00ff 6EABE971 		.ascii	"n\253\351q\030\307\300WP\003od\316P\247\360D`\376`\345"
 921      18C7C057 
 921      50036F64 
 921      CE50A7F0 
 921      4460FE60 
 922 0114 62732AD8 		.ascii	"bs*\330\275\305\350s\021\315\252b\245TPe\333\25289\327"
 922      BDC5E873 
 922      11CDAA62 
 922      A5545065 
 922      DBAA3839 
 923 0129 B5969465 		.ascii	"\265\226\224e\317W\013nU=/\332y{&\243\026\012\245\212"
 923      CF570B6E 
 923      553D2FDA 
 923      797B26A3 
 923      160AA58A 
 924 013d AB32D9E9 		.ascii	"\2532\331\351\36115\233\215\005\"=\232\030\357\252\321"
 924      F131359B 
 924      8D05223D 
 924      9A18EFAA 
 924      D1
 925 014e C4E4FCE4 		.ascii	"\304\344\374\344\\\352E,\235\312\2463\261\227\231\011"
 925      5CEA452C 
 925      9DCAA633 
 925      B1979909 
 926 015e 1A89C755 		.ascii	"\032\211\307U\367J_1\347(\307\316+\267\372\272\220+"
 926      F74A5F31 
 926      E728C7CE 
 926      2BB7FABA 
 926      902B
 927 0170 B9AABCEC 		.ascii	"\271\252\274\3548=\035\267\210\313\356\253\207\367\242"
 927      383D1DB7 
 927      88CBEEAB 
 927      87F7A2
 928 017f 78329F7C 		.ascii	"x2\237|\232|b-\322\177b\307\213\""
 928      9A7C622D 
 928      D27F62C7 
 928      8B22
 929              		.text
 930              		.section	.gnu.lto_.symbol_nodes.a864bf031ddd7d10,"e",%progbits
 931 0000 789C75C9 		.ascii	"x\234u\311;\021\2000\020\004\320\275M\342\007\015\030"
 931      3B118030 
 931      1004D0BD 
 931      4DE2070D 
 931      18
 932 0011 DBC40112 		.ascii	"\333\304\001\022\220\301P\244\345\217&2\014\015\305"
 932      90C150A4 
 932      E58F2632 
 932      0C0DC5
 933 0020 BDF65534 		.ascii	"\275\366U4\\(\344&\332p\003\002\246\261\224\016\206"
 933      5C28E426 
 933      DA700302 
 933      A6B1940E 
ARM GAS  /tmp/ccy1cc99.s 			page 29


 933      86
 934 0031 7757CAFC 		.ascii	"wW\312\374\335(\372\273S\301\337\203\212\376^T\372\355"
 934      DD28FABB 
 934      53C1DF83 
 934      8AFE5E54 
 934      FAED
 935 0043 9C8B7D99 		.ascii	"\234\213}\231N\"\367@\300\003\"\205/\362"
 935      4E22F740 
 935      C0032285 
 935      2FF2
 936              		.text
 937              		.section	.gnu.lto_.refs.a864bf031ddd7d10,"e",%progbits
 938 0000 789C1366 		.ascii	"x\234\023f```debcb`\005b&F&&&f&\026\006\000\003\320"
 938      60606064 
 938      65626362 
 938      60056226 
 938      46262626 
 939 001b 0043     		.ascii	"\000C"
 940              		.text
 941              		.section	.gnu.lto_.decls.a864bf031ddd7d10,"e",%progbits
 942 0000 789C8D56 		.ascii	"x\234\215VkLTG\024\2363s\367\301\025]\242\030\375\321"
 942      6B4C5447 
 942      149E3373 
 942      F7C1155D 
 942      A218FDD1 
 943 0014 18626C4A 		.ascii	"\030blJ\233\300\012\324\307\257\006k\244i\254\217\210"
 943      9BC00AD4 
 943      C7AF066B 
 943      A469AC8F 
 943      88
 944 0025 9AD834A1 		.ascii	"\232\3304\241\260w\205mxXw\265\246\277\256\202\245\211"
 944      B077856D 
 944      785877B5 
 944      A6BFAE82 
 944      A589
 945 0037 8894AA31 		.ascii	"\210\224\2521\325\026SM\264V\255U\260\276]V\324\245"
 945      D516534D 
 945      B456AD55 
 945      B0BE5D56 
 945      D4A5
 946 0049 68AD5644 		.ascii	"h\255VD\213\324\"bW@\361\201\210\326b\317\314\275{\357"
 946      8BD42262 
 946      5740F181 
 946      88D662CF 
 946      CCBD7BEF 
 947 005d AEAE8903 		.ascii	"\256\256\211\003g\356\334\231\357;\347\233\2713gvs\034"
 947      67EEDC99 
 947      EF3BE79B 
 947      B9336776 
 947      731C
 948 006f 216540C8 		.ascii	"!e@\310hJ\3103,vB\310y4+Z>\332\0214?Z\000\255\036\355"
 948      684AC833 
 948      2C7642C8 
 948      79342B5A 
 948      3EDA1134 
 949 0089 0CD10A1F 		.ascii	"\014\321\012\037\277\204v\025\255\023\355\026Z7\332"
 949      BF847615 
ARM GAS  /tmp/ccy1cc99.s 			page 30


 949      AD13ED16 
 949      5A37DA
 950 0098 7D34E0E3 		.ascii	"}4\340\343@\242\312.|\267\340s8Z\242\3563\354\237\350"
 950      40A2CA2E 
 950      7CB7E073 
 950      385AA2EE 
 950      33EC9FE8 
 951 00ac 9C4BE4C5 		.ascii	"\234K\344\305r\360%\274@\004\357j\014^\323s\274\016"
 951      72F025BC 
 951      4004EF6A 
 951      0C5ED373 
 951      BC0E
 952 00be 9D571FC1 		.ascii	"\235W\037\301\353\214\301\373\003\007\244\030\2740\347"
 952      EB8CC1FB 
 952      0307A418 
 952      BC30E7
 953 00cd 560C4ECB 		.ascii	"V\014N\313+\304\352\216\301\033J\265u\034@\353G{\202"
 953      2BC4EA8E 
 953      C11B4AB5 
 953      751C40EB 
 953      477B82
 954 00e0 F6146D01 		.ascii	"\366\024m\001\232\005\264\261gh\024\333\014\015\320"
 954      9A05B4B1 
 954      676814DB 
 954      0C0DD0
 955 00ef 06F15DD2 		.ascii	"\006\361]\322\343u\353z:\3655\210\265~\235\210\265\341"
 955      E375EB7A 
 955      3AF53588 
 955      B57E9D88 
 955      B5E1
 956 0101 B320421F 		.ascii	"\263 B\037\377\206Mh6\320\342p}\215\272\316\227}\277"
 956      FF864D68 
 956      36D0E270 
 956      7D8DBACE 
 956      977DBF
 957 0114 6A06C341 		.ascii	"j\006\303A\302:\021\222\260~\015\236\201x\020F\211S"
 957      C23A1192 
 957      B07E0D9E 
 957      81781046 
 957      8953
 958 0126 1565C528 		.ascii	"\025e\305(\002\0074\332\204!l\006\331\310hG\345O\035"
 958      020734DA 
 958      84216C06 
 958      D9C86847 
 958      E54F1D
 959 0139 0ED9AFAA 		.ascii	"\016\331\257\252!\177`9#\220\001\343\011\034\002\344"
 959      217F6039 
 959      239001E3 
 959      091C02E4 
 960 0149 1D04F805 		.ascii	"\035\004\370\005`? \350Ze\303\0169\036Aw\325\315\001"
 960      603F20E8 
 960      5A65C30E 
 960      391E4177 
 960      D5CD01
 961 015c 090E03D4 		.ascii	"\011\016\003\324\001\324r]G@\004^\000|g:D\213\260y\334"
 961      01D4725D 
 961      4740045E 
ARM GAS  /tmp/ccy1cc99.s 			page 31


 961      007C673A 
 961      448BB079 
 962 0171 71F58347 		.ascii	"q\365\203GA\253,8\376\2628\2423\3408 \004]\037\0038"
 962      41AB2C38 
 962      FEB238A2 
 962      33E03820 
 962      045D1F03 
 963 0186 CA5D9F39 		.ascii	"\312]\2379\265:\010\"\276\372\362\370}\015[\267\016"
 963      B53A0822 
 963      BEFAF2F8 
 963      7D0D5BB7 
 963      0E
 964 0197 31E3D79B 		.ascii	"1\343\327\233\361\003|\341?\"\354c\0362\270fE7\214\320"
 964      F1037CE1 
 964      3F22EC63 
 964      1E32B866 
 964      45378CD0 
 965 01ab A6EA17D3 		.ascii	"\246\352\027\323\204\006\200\223\000|\213r\300\266\316"
 965      84068093 
 965      007C8B72 
 965      C0B6CE
 966 01ba A6FDF102 		.ascii	"\246\375\361\002\340\217\015h\252\331y\314a\006:e\006"
 966      E08F0D68 
 966      AAD979CC 
 966      61063A65 
 966      06
 967 01cb 3A0D1C20 		.ascii	":\015\034 \365\2276\034\212\0331N\345\010\325/\021c"
 967      F597361C 
 967      8A1B314E 
 967      E508D52F 
 967      1163
 968 01dd 3CC89D40 		.ascii	"<\310\235@#\367\203\364\201\243\247\033J\307\336+/W"
 968      23F783F4 
 968      81A3A71B 
 968      4AC7DE2B 
 968      2F57
 969 01ef AB9633E4 		.ascii	"\253\2263\344\302\011\340\2100\330\211\226FX\017\360"
 969      C209E088 
 969      30D88996 
 969      46580FF0 
 970 01ff 98555B36 		.ascii	"\230U[6\374 TGy\204_!\322'\342\352ZW]\2153\2655\231"
 970      FC205447 
 970      79845F21 
 970      D227E2EA 
 970      5A575D8D 
 971 0217 EECE086D 		.ascii	"\356\316\010m\364\307\216\303m\361\270\233(\337\200"
 971      F4C78EC3 
 971      6DF1B89B 
 971      28DF80
 972 0226 0A005C9E 		.ascii	"\012\000\\\236\210\225L>d$Q\245*\265*\214\312Lf\212"
 972      88954C3E 
 972      642451A5 
 972      2AB52A8C 
 972      CA4C668A 
 973 023a 1C8431C9 		.ascii	"\034\2041\311},\323N\223\035\262}\373\011H\220-vJC6"
 973      7D2CD34E 
 973      931DB27D 
ARM GAS  /tmp/ccy1cc99.s 			page 32


 973      FB094890 
 973      2D764A43 
 974 024f 454E7E02 		.ascii	"EN~\002;\351fkR\246*)\025#C6\225V\315L\314\310\304:"
 974      3BE9666B 
 974      52A62A29 
 974      15234336 
 974      9556CD4C 
 975 0267 640B8282 		.ascii	"d\013\202\202\254\331\222=\001[!\233\334\3076\257\266"
 975      ACD9923D 
 975      015B219B 
 975      DCC736AF 
 975      B6
 976 0278 2A67E997 		.ascii	"*g\351\227o\240RYIO\3049d\332\355c\034\001\026`Y\204"
 976      6FA05259 
 976      494FC439 
 976      64DAED63 
 976      1C011660 
 977 028e D8ED7B76 		.ascii	"\330\355{v\217\224C6\007\272HV\222\022\224$G\020,\212"
 977      8F944336 
 977      07BA4856 
 977      92129424 
 977      47102C8A 
 978 02a2 22272613 		.ascii	"\"'&\023\024\241\244\247gR\031=K\366 \2443\210OW\333"
 978      14A1A4A7 
 978      6752193D 
 978      4BF620A4 
 978      33884F57 
 979 02b7 BB47C916 		.ascii	"\273G\311\0269nLR2!\012\311\242\350\227=\013\027\260"
 979      396E4C52 
 979      32210AC9 
 979      A2E8973D 
 979      0B17B0
 980 02ca 614CC57C 		.ascii	"aL\305|\005H\226i:e\323Cxz(M\"D\225\354\361\361\240"
 980      05489669 
 980      3A65D343 
 980      787A284D 
 980      224495EC 
 981 02e1 E2232E67 		.ascii	"\342#.g\2722;]&!\033\305\241D\011T\012&S\266\342A\355"
 981      BA323B5D 
 981      26211BC5 
 981      A1440954 
 981      0A2653B6 
 982 02f8 C5B3A5FD 		.ascii	"\305\263\245\375\361\012\364\012\364C\034\031F\364\363"
 982      F10AF40A 
 982      F4431C19 
 982      46F4F3
 983 0307 BD427534 		.ascii	"\275Bu4\207h\275\306Cos\000\325\375\320pn\3218z\020"
 983      8768BDC6 
 983      436F7300 
 983      D5FDD070 
 983      6ED1387A 
 984 031c 5E473837 		.ascii	"^G87 \240C\302~4\216\0160\270z\223\307\020`\032\311"
 984      20A043C2 
 984      7E348E0E 
 984      30B87A93 
 984      C710601A 
 985 0331 11BC28E1 		.ascii	"\021\274(\341\246Kb\270\015K\"\332\013\356\233\307\025"
ARM GAS  /tmp/ccy1cc99.s 			page 33


 985      A64B62B8 
 985      0D4B22DA 
 985      0BEE9BC7 
 985      15
 986 0342 7D8DC36E 		.ascii	"}\215\303n\342\272\251=5\025q0\262*\223\000[C\371\320"
 986      E2BAA93D 
 986      35157130 
 986      B22A9300 
 986      5B43F9D0 
 987 0356 C6E307B7 		.ascii	"\306\343\007\267I<\331\202\037\240\004;\256\257\355"
 987      493CD982 
 987      1FA0043B 
 987      AEAFED
 988 0365 AFB78B8E 		.ascii	"\257\267\213\216#\000\277\363\263Y\033Z\265\227\211"
 988      2300BFF3 
 988      B3591B5A 
 988      B59789
 989 0374 9E7C380F 		.ascii	"\236|8\017\"\011Q\221\204\022p\360\353\366\023\347\244"
 989      22095191 
 989      841270F0 
 989      EBF613E7 
 989      A4
 990 0385 51DCB3AA 		.ascii	"Q\334\263\252&r\037\027\001x\376\206fTt\001\033c\327"
 990      26721F17 
 990      0178FE86 
 990      66547401 
 990      1B63D7
 991 0398 6E5007AE 		.ascii	"nP\007\256V\267\275\263I\365\257@\234\204#pN?\220\004"
 991      56B7BDB3 
 991      49F5AF40 
 991      9C842370 
 991      4E3F9004 
 992 03ac 5B047E03 		.ascii	"[\004~\0038\013\023\372%V\037[R[\317\255\365Tt\004p"
 992      380B13FA 
 992      25561F5B 
 992      525BCFAD 
 992      F5547404 
 993 03c1 CB734977 		.ascii	"\313sIw;\252Z\254\272\244+\274\343p\363\226\0131e\264"
 993      3BAA5AAC 
 993      BAA42BBC 
 993      E370F396 
 993      0B3165B4 
 994 03d5 A2FF3F75 		.ascii	"\242\377?u\031{n\037PU\213\320\320\012\320bhh14\234"
 994      197B6E1F 
 994      50558BD0 
 994      D00AD062 
 994      68683134 
 995 03ea 94D8694D 		.ascii	"\224\330iM\303\375\232=\361\"@\275\246a\315\272\257"
 995      C3FD9A3D 
 995      F12240BD 
 995      A661CDBA 
 995      AF
 996 03fb 6A2D7AC4 		.ascii	"j-z\304\277\370\"X\305v\263\211\026\3177\313X\223`\366"
 996      BFF82258 
 996      C576B389 
 996      16CF37CB 
 996      589360F6 
ARM GAS  /tmp/ccy1cc99.s 			page 34


 997 040f 5E6A0E58 		.ascii	"^j\016Xe\365\371\254x\035\020\207g\275\035\340o.8\330"
 997      65F5F9AC 
 997      781D1087 
 997      67BD1DE0 
 997      6F2E38D8 
 998 0423 78A1190C 		.ascii	"x\241\031\014\301\035\246\340\033\010\276\246\013\276"
 998      C11DA6E0 
 998      1B08BEA6 
 998      0BBE
 999 0431 3B7864D1 		.ascii	";xd\321v~\346\260\027\332\014\275m\206\336\032\211\235"
 999      767EE6B0 
 999      17DA0CBD 
 999      6D86DE1A 
 999      899D
 1000 0443 17516F0D 		.ascii	"\027Qo\015\224u;ty\\n\335\225\213\217Y,\367!\344\376"
 1000      94753B74 
 1000      795C6EDD 
 1000      958B8F59 
 1000      2CF721E4 
 1001 0458 135E8FCA 		.ascii	"\023^\217\312\322r5A\373(!\200\233F\200\233F\200R\211"
 1001      D2723541 
 1001      FB282180 
 1001      9B46809B 
 1001      46805289 
 1002 046c 35530DFC 		.ascii	"5S\015\374\255\011F5]\006\270\313\000\2671\326*\324"
 1002      AD094635 
 1002      5D06B8CB 
 1002      00B731D6 
 1002      2AD4
 1003 047e B4AEFCB9 		.ascii	"\264\256\374\2712:M\023\270m\346\340oZNo\261Fgq\314"
 1003      323A4D13 
 1003      B86DE6E0 
 1003      6F5A4E6F 
 1003      B1466771 
 1004 0493 8511803B 		.ascii	"\205\021\200;\025\207.\331\315Dx\307L\204\275Z\"\334"
 1004      15872ED9 
 1004      CD4478C7 
 1004      4C84BD5A 
 1004      22DC
 1005 04a5 74F6D13A 		.ascii	"t\366\321:m\272\275\332\347\331}hG\273\305\230o\201"
 1005      6DBABDDA 
 1005      E7D97D68 
 1005      47BBC598 
 1005      6F81
 1006 04b7 31DD7B28 		.ascii	"1\335{(\356\256\306\371\256\254\2726~\354\006\\\325"
 1006      EEAEC6F9 
 1006      AEACBA36 
 1006      7EEC065C 
 1006      D5
 1007 04c8 C6139F6A 		.ascii	"\306\023\237j\253z\017\240\307\230G\2171\217cLl\362"
 1007      AB7A0FA0 
 1007      C798478F 
 1007      318F634C 
 1007      6CF2
 1008 04da D16293FB 		.ascii	"\321b\223\373\265\035\317\367\372\316\215\373.PSV\310"
 1008      B51DCFF7 
 1008      FACE8DFB 
ARM GAS  /tmp/ccy1cc99.s 			page 35


 1008      2E505356 
 1008      C8
 1009 04eb 94D50FFA 		.ascii	"\224\325\017\372\355lG\330\367\347\036\257g&\354\206"
 1009      ED6C47D8 
 1009      F7E71EAF 
 1009      6726EC86 
 1010 04fb 091BE077 		.ascii	"\011\033\340wY\227X\242}\235\025\265\021\027^\253\011"
 1010      599758A2 
 1010      7D9D15B5 
 1010      11175EAB 
 1010      09
 1011 050c 7AC241BD 		.ascii	"z\302A\275\002T\023\254\257\034f\202\232M\320S\016z"
 1011      025413AC 
 1011      AF1C6682 
 1011      9A4DD053 
 1011      0E7A
 1012 051e C841C34A 		.ascii	"\310A\303J\327\037l\267\215\0337b\034\026~1UW\336\371"
 1012      D71F6CB7 
 1012      8D1B3762 
 1012      1C167E31 
 1012      5557DEF9 
 1013 0532 C2A606F1 		.ascii	"\302\246\006\361\014\364\213o\212\2111\314z\010\342"
 1013      0CF48B6F 
 1013      8A8931CC 
 1013      7A08E2
 1014 0541 5A425415 		.ascii	"ZBT\025\236F\311\312\017\312\177Q\010\355\336\302\305"
 1014      9E46C9CA 
 1014      0FCA7F51 
 1014      08EDDEC2 
 1014      C5
 1015 0552 29D3AEAA 		.ascii	")\323\256\252>\200\007 \356P\004\341\366\305\244\263"
 1015      3E800720 
 1015      EE5004E1 
 1015      F6C5A4B3 
 1016 0562 82422985 		.ascii	"\202B)\205\345\024\006\001\312\250v\033\352\356\006"
 1016      E5140601 
 1016      CAA8761B 
 1016      EAEE06
 1017 0571 C42E8D70 		.ascii	"\304.\215p\367\210Wu\020\001y\012\360\357\013\021\243"
 1017      F7885775 
 1017      1001790A 
 1017      F0EF0B11 
 1017      A3
 1018 0582 104F001E 		.ascii	"\020O\000\036\277\350$-:L\327\213\363\252\023w\355\340"
 1018      BFE8242D 
 1018      3A4CD78B 
 1018      F3AA1377 
 1018      EDE0
 1019 0594 C6DACB62 		.ascii	"\306\332\313b\353\225\371_y\002\257\257\255\342)jw\307"
 1019      EB95F95F 
 1019      7902AFAF 
 1019      ADE2296A 
 1019      77C7
 1020 05a6 F0E5C881 		.ascii	"\360\345\310\201\225\224_\346\210\325\270\204\277\025"
 1020      95945FE6 
 1020      88D5B884 
 1020      BF15
ARM GAS  /tmp/ccy1cc99.s 			page 36


 1021 05b4 4FD8CBD0 		.ascii	"O\330\313\320{\327\256\362\243\021\277\036V\232\022"
 1021      7BD7AEF2 
 1021      A311BF1E 
 1021      569A12
 1022 05c3 CAB9A337 		.ascii	"\312\271\2437SS\235\332\177\211\327Y\220[\350,\364\344"
 1022      53539DDA 
 1022      7F89D759 
 1022      905BE82C 
 1022      F4E4
 1023 05d5 39BDBEC5 		.ascii	"9\275\276\305\356\334\"\257\263xIa\241\336Nu\331\337"
 1023      EEDC22AF 
 1023      B3784961 
 1023      A1DE4E75 
 1023      D9DF
 1024 05e7 9B392F69 		.ascii	"\2339/ij\332$2*\252;ur\336\344\211\223\337v-$\266%\236"
 1024      6ADA2432 
 1024      2AAA3B75 
 1024      72DEE489 
 1024      93DF762D 
 1025 05ff 62DFE41C 		.ascii	"b\337\344\034\237\325\353\371\334\235\343cK\213|Cg\""
 1025      9FD5EBF9 
 1025      DC9DE363 
 1025      4B8B7C43 
 1025      6722
 1026 0611 345B40E7 		.ascii	"4[@\347\317\230;\307YPR\344v\026{\\%\205\271^\257+\337"
 1026      CF983BC7 
 1026      595052E4 
 1026      76167B5C 
 1026      2585B95E 
 1027 0628 E9F2E4F8 		.ascii	"\351\362\344\370\334^\237sj\201'\3173+\333\251\270\213"
 1027      DC5E9F73 
 1027      6A8127CF 
 1027      332BDBA9 
 1027      B88B
 1028 063a 5046F6DC 		.ascii	"PF\366\334\031\031\351\3169sSD#+m|\206\326J\033?-g\332"
 1028      1919E9CE 
 1028      39735344 
 1028      232B6D7C 
 1028      86D64A1B 
 1029 0652 FC291FA4 		.ascii	"\374)\037\244dM\231\233\225\2352/\373]\362\326\253\312"
 1029      644D999B 
 1029      959D322F 
 1029      FB5DF2D6 
 1029      ABCA
 1030 0664 2F20B2A9 		.ascii	"/ \262\251\205\245M$\366\334\305EK'\245\024\021\331"
 1030      85A54D24 
 1030      F6DCC545 
 1030      4B27A514 
 1030      11D9
 1031 0676 55B2D8E7 		.ascii	"U\262\330\347^\226R\224A\254\237-\366\240\236Wv\352"
 1031      5E965294 
 1031      41AC9F2D 
 1031      F6A09E57 
 1031      76EA
 1032 0688 22166C28 		.ascii	"\"\026l(^\266h\211\317R\344\315\307I\347\273}\226%\305"
 1032      5EB66889 
 1032      CF52E4CD 
ARM GAS  /tmp/ccy1cc99.s 			page 37


 1032      C749E7BB 
 1032      7D9625C5 
 1033 069c 580FE3C0 		.ascii	"X\017\343\300Yy\237\270]\276\367\213=>\211\003-\302"
 1033      59799FB8 
 1033      5DBEF78B 
 1033      3D3E8903 
 1033      2DC2
 1034 06ae BFC353EC 		.ascii	"\277\303S\354\365\345\026\273\3349%\013\027z\335\276"
 1034      F5E516BB 
 1034      DC39250B 
 1034      177ADDBE 
 1035 06be FF01A1E5 		.ascii	"\377\001\241\345g\014"
 1035      670C
 1036              		.text
 1037              		.section	.gnu.lto_.symtab.a864bf031ddd7d10,"e",%progbits
 1038 0000 6E756C6C 		.ascii	"nullObjectInit\000"
 1038      4F626A65 
 1038      6374496E 
 1038      697400
 1039 000f 00       		.ascii	"\000"
 1040 0010 00       		.ascii	"\000"
 1041 0011 00       		.ascii	"\000"
 1042 0012 00000000 		.ascii	"\000\000\000\000\000\000\000\000"
 1042      00000000 
 1043 001a F2000000 		.ascii	"\362\000\000\000"
 1044              		.text
 1045              		.section	.gnu.lto_.ext_symtab.a864bf031ddd7d10,"e",%progbits
 1046 0000 01       		.ascii	"\001"
 1047 0001 01       		.ascii	"\001"
 1048 0002 00       		.ascii	"\000"
 1049              		.text
 1050              		.section	.gnu.lto_.opts,"e",%progbits
 1051 0000 272D666E 		.ascii	"'-fno-openmp' '-fno-openacc' '-fno-pie' '-fcf-prote"
 1051      6F2D6F70 
 1051      656E6D70 
 1051      2720272D 
 1051      666E6F2D 
 1052 0033 6374696F 		.ascii	"ction=none' '-g' '-mcpu=cortex-m3' '-mthumb' '-mflo"
 1052      6E3D6E6F 
 1052      6E652720 
 1052      272D6727 
 1052      20272D6D 
 1053 0066 61742D61 		.ascii	"at-abi=soft' '-mlibarch=armv7-m' '-march=armv7-m' '"
 1053      62693D73 
 1053      6F667427 
 1053      20272D6D 
 1053      6C696261 
 1054 0099 2D4F3227 		.ascii	"-O2' '-fomit-frame-pointer' '-falign-functions=16' "
 1054      20272D66 
 1054      6F6D6974 
 1054      2D667261 
 1054      6D652D70 
 1055 00cc 272D6666 		.ascii	"'-ffunction-sections' '-fdata-sections' '-fno-commo"
 1055      756E6374 
 1055      696F6E2D 
 1055      73656374 
 1055      696F6E73 
ARM GAS  /tmp/ccy1cc99.s 			page 38


 1056 00ff 6E272027 		.ascii	"n' '-flto' '-Xassembler' '-alms=./build/lst/nullstr"
 1056      2D666C74 
 1056      6F272027 
 1056      2D586173 
 1056      73656D62 
 1057 0132 65616D73 		.ascii	"eams.lst'\000"
 1057      2E6C7374 
 1057      2700
 1058              		.text
 1059              		.comm	__gnu_lto_slim,1,1
 1060              		.ident	"GCC: (15:10.3-2021.07-4) 10.3.1 20210621 (release)"
ARM GAS  /tmp/ccy1cc99.s 			page 39


DEFINED SYMBOLS
                            *ABS*:0000000000000000 nullstreams.c
     /tmp/ccy1cc99.s:21     .gnu.debuglto_.debug_info:0000000000000000 nullstreams.c.8b8684cf
                            *COM*:0000000000000001 __gnu_lto_slim

NO UNDEFINED SYMBOLS
