ARM GAS  /tmp/ccKrs19g.s 			page 1


   1              		.cpu cortex-m3
   2              		.eabi_attribute 20, 1
   3              		.eabi_attribute 21, 1
   4              		.eabi_attribute 23, 3
   5              		.eabi_attribute 24, 1
   6              		.eabi_attribute 25, 1
   7              		.eabi_attribute 26, 1
   8              		.eabi_attribute 30, 2
   9              		.eabi_attribute 34, 1
  10              		.eabi_attribute 18, 4
  11              		.file	"stm32_isr.c"
  12              		.file 1 "../../../os/hal/ports/STM32/STM32F1xx/stm32_isr.c"
  13              		.file 2 "../../../os/common/ext/ST/STM32F1xx/stm32f103xg.h"
  14              		.section	.gnu.debuglto_.debug_info,"e",%progbits
  15              	.Ldebug_info0:
  16              		.hidden	stm32_isr.c.a27a2cc7
  17              		.weak	stm32_isr.c.a27a2cc7
  18              	stm32_isr.c.a27a2cc7:
  19 0000 32020000 		.4byte	0x232
  20 0004 0400     		.2byte	0x4
  21 0006 00000000 		.4byte	.Ldebug_abbrev0
  22 000a 04       		.byte	0x4
  23 000b 01       		.uleb128 0x1
  24 000c 18000000 		.4byte	.LASF83
  25 0010 0C       		.byte	0xc
  26 0011 51010000 		.4byte	.LASF84
  27 0015 BC020000 		.4byte	.LASF85
  28 0019 00000000 		.4byte	.Ldebug_line0
  29 001d 02       		.uleb128 0x2
  30 001e 04       		.byte	0x4
  31 001f 05       		.byte	0x5
  32 0020 696E7400 		.ascii	"int\000"
  33 0024 03       		.uleb128 0x3
  34 0025 04       		.byte	0x4
  35 0026 07       		.byte	0x7
  36 0027 04040000 		.4byte	.LASF0
  37 002b 03       		.uleb128 0x3
  38 002c 08       		.byte	0x8
  39 002d 05       		.byte	0x5
  40 002e 8B020000 		.4byte	.LASF1
  41 0032 03       		.uleb128 0x3
  42 0033 08       		.byte	0x8
  43 0034 04       		.byte	0x4
  44 0035 73020000 		.4byte	.LASF2
  45 0039 03       		.uleb128 0x3
  46 003a 01       		.byte	0x1
  47 003b 06       		.byte	0x6
  48 003c C7030000 		.4byte	.LASF3
  49 0040 03       		.uleb128 0x3
  50 0041 02       		.byte	0x2
  51 0042 05       		.byte	0x5
  52 0043 47010000 		.4byte	.LASF4
  53 0047 03       		.uleb128 0x3
  54 0048 04       		.byte	0x4
  55 0049 05       		.byte	0x5
  56 004a 18030000 		.4byte	.LASF5
  57 004e 03       		.uleb128 0x3
ARM GAS  /tmp/ccKrs19g.s 			page 2


  58 004f 01       		.byte	0x1
  59 0050 08       		.byte	0x8
  60 0051 A4030000 		.4byte	.LASF6
  61 0055 03       		.uleb128 0x3
  62 0056 02       		.byte	0x2
  63 0057 07       		.byte	0x7
  64 0058 57040000 		.4byte	.LASF7
  65 005c 03       		.uleb128 0x3
  66 005d 04       		.byte	0x4
  67 005e 07       		.byte	0x7
  68 005f DC040000 		.4byte	.LASF8
  69 0063 03       		.uleb128 0x3
  70 0064 08       		.byte	0x8
  71 0065 07       		.byte	0x7
  72 0066 99020000 		.4byte	.LASF9
  73 006a 03       		.uleb128 0x3
  74 006b 01       		.byte	0x1
  75 006c 08       		.byte	0x8
  76 006d 74040000 		.4byte	.LASF10
  77 0071 04       		.uleb128 0x4
  78 0072 05       		.byte	0x5
  79 0073 01       		.byte	0x1
  80 0074 39000000 		.4byte	0x39
  81 0078 02       		.byte	0x2
  82 0079 58       		.byte	0x58
  83 007a 01       		.byte	0x1
  84 007b 1E020000 		.4byte	0x21e
  85 007f 05       		.uleb128 0x5
  86 0080 84040000 		.4byte	.LASF11
  87 0084 72       		.sleb128 -14
  88 0085 05       		.uleb128 0x5
  89 0086 BE010000 		.4byte	.LASF12
  90 008a 73       		.sleb128 -13
  91 008b 05       		.uleb128 0x5
  92 008c EE040000 		.4byte	.LASF13
  93 0090 74       		.sleb128 -12
  94 0091 05       		.uleb128 0x5
  95 0092 1C040000 		.4byte	.LASF14
  96 0096 75       		.sleb128 -11
  97 0097 05       		.uleb128 0x5
  98 0098 3B020000 		.4byte	.LASF15
  99 009c 76       		.sleb128 -10
 100 009d 05       		.uleb128 0x5
 101 009e 2A040000 		.4byte	.LASF16
 102 00a2 7B       		.sleb128 -5
 103 00a3 05       		.uleb128 0x5
 104 00a4 AC010000 		.4byte	.LASF17
 105 00a8 7C       		.sleb128 -4
 106 00a9 05       		.uleb128 0x5
 107 00aa C5050000 		.4byte	.LASF18
 108 00ae 7E       		.sleb128 -2
 109 00af 05       		.uleb128 0x5
 110 00b0 DC000000 		.4byte	.LASF19
 111 00b4 7F       		.sleb128 -1
 112 00b5 06       		.uleb128 0x6
 113 00b6 0E030000 		.4byte	.LASF20
 114 00ba 00       		.byte	0
ARM GAS  /tmp/ccKrs19g.s 			page 3


 115 00bb 06       		.uleb128 0x6
 116 00bc 2A050000 		.4byte	.LASF21
 117 00c0 01       		.byte	0x1
 118 00c1 06       		.uleb128 0x6
 119 00c2 3B010000 		.4byte	.LASF22
 120 00c6 02       		.byte	0x2
 121 00c7 06       		.uleb128 0x6
 122 00c8 04050000 		.4byte	.LASF23
 123 00cc 03       		.byte	0x3
 124 00cd 06       		.uleb128 0x6
 125 00ce 1D020000 		.4byte	.LASF24
 126 00d2 04       		.byte	0x4
 127 00d3 06       		.uleb128 0x6
 128 00d4 1D010000 		.4byte	.LASF25
 129 00d8 05       		.byte	0x5
 130 00d9 06       		.uleb128 0x6
 131 00da 11040000 		.4byte	.LASF26
 132 00de 06       		.byte	0x6
 133 00df 06       		.uleb128 0x6
 134 00e0 79040000 		.4byte	.LASF27
 135 00e4 07       		.byte	0x7
 136 00e5 06       		.uleb128 0x6
 137 00e6 F9030000 		.4byte	.LASF28
 138 00ea 08       		.byte	0x8
 139 00eb 06       		.uleb128 0x6
 140 00ec 5C050000 		.4byte	.LASF29
 141 00f0 09       		.byte	0x9
 142 00f1 06       		.uleb128 0x6
 143 00f2 30010000 		.4byte	.LASF30
 144 00f6 0A       		.byte	0xa
 145 00f7 06       		.uleb128 0x6
 146 00f8 28020000 		.4byte	.LASF31
 147 00fc 0B       		.byte	0xb
 148 00fd 06       		.uleb128 0x6
 149 00fe C9040000 		.4byte	.LASF32
 150 0102 0C       		.byte	0xc
 151 0103 06       		.uleb128 0x6
 152 0104 4B020000 		.4byte	.LASF33
 153 0108 0D       		.byte	0xd
 154 0109 06       		.uleb128 0x6
 155 010a 0A020000 		.4byte	.LASF34
 156 010e 0E       		.byte	0xe
 157 010f 06       		.uleb128 0x6
 158 0110 B6040000 		.4byte	.LASF35
 159 0114 0F       		.byte	0xf
 160 0115 06       		.uleb128 0x6
 161 0116 E4010000 		.4byte	.LASF36
 162 011a 10       		.byte	0x10
 163 011b 06       		.uleb128 0x6
 164 011c F7010000 		.4byte	.LASF37
 165 0120 11       		.byte	0x11
 166 0121 06       		.uleb128 0x6
 167 0122 5F030000 		.4byte	.LASF38
 168 0126 12       		.byte	0x12
 169 0127 06       		.uleb128 0x6
 170 0128 43040000 		.4byte	.LASF39
 171 012c 13       		.byte	0x13
ARM GAS  /tmp/ccKrs19g.s 			page 4


 172 012d 06       		.uleb128 0x6
 173 012e 97010000 		.4byte	.LASF40
 174 0132 14       		.byte	0x14
 175 0133 06       		.uleb128 0x6
 176 0134 A8040000 		.4byte	.LASF41
 177 0138 15       		.byte	0x15
 178 0139 06       		.uleb128 0x6
 179 013a FC000000 		.4byte	.LASF42
 180 013e 16       		.byte	0x16
 181 013f 06       		.uleb128 0x6
 182 0140 36040000 		.4byte	.LASF43
 183 0144 17       		.byte	0x17
 184 0145 06       		.uleb128 0x6
 185 0146 E6030000 		.4byte	.LASF44
 186 014a 18       		.byte	0x18
 187 014b 06       		.uleb128 0x6
 188 014c 0A010000 		.4byte	.LASF45
 189 0150 19       		.byte	0x19
 190 0151 06       		.uleb128 0x6
 191 0152 00000000 		.4byte	.LASF46
 192 0156 1A       		.byte	0x1a
 193 0157 06       		.uleb128 0x6
 194 0158 CD010000 		.4byte	.LASF47
 195 015c 1B       		.byte	0x1b
 196 015d 06       		.uleb128 0x6
 197 015e 8D030000 		.4byte	.LASF48
 198 0162 1C       		.byte	0x1c
 199 0163 06       		.uleb128 0x6
 200 0164 A6050000 		.4byte	.LASF49
 201 0168 1D       		.byte	0x1d
 202 0169 06       		.uleb128 0x6
 203 016a 26010000 		.4byte	.LASF50
 204 016e 1E       		.byte	0x1e
 205 016f 06       		.uleb128 0x6
 206 0170 30030000 		.4byte	.LASF51
 207 0174 1F       		.byte	0x1f
 208 0175 06       		.uleb128 0x6
 209 0176 99050000 		.4byte	.LASF52
 210 017a 20       		.byte	0x20
 211 017b 06       		.uleb128 0x6
 212 017c 97030000 		.4byte	.LASF53
 213 0180 21       		.byte	0x21
 214 0181 06       		.uleb128 0x6
 215 0182 B2030000 		.4byte	.LASF54
 216 0186 22       		.byte	0x22
 217 0187 06       		.uleb128 0x6
 218 0188 DA010000 		.4byte	.LASF55
 219 018c 23       		.byte	0x23
 220 018d 06       		.uleb128 0x6
 221 018e 76050000 		.4byte	.LASF56
 222 0192 24       		.byte	0x24
 223 0193 06       		.uleb128 0x6
 224 0194 B0020000 		.4byte	.LASF57
 225 0198 25       		.byte	0x25
 226 0199 06       		.uleb128 0x6
 227 019a 46050000 		.4byte	.LASF58
 228 019e 26       		.byte	0x26
ARM GAS  /tmp/ccKrs19g.s 			page 5


 229 019f 06       		.uleb128 0x6
 230 01a0 7F020000 		.4byte	.LASF59
 231 01a4 27       		.byte	0x27
 232 01a5 06       		.uleb128 0x6
 233 01a6 21030000 		.4byte	.LASF60
 234 01aa 28       		.byte	0x28
 235 01ab 06       		.uleb128 0x6
 236 01ac 80050000 		.4byte	.LASF61
 237 01b0 29       		.byte	0x29
 238 01b1 06       		.uleb128 0x6
 239 01b2 67050000 		.4byte	.LASF62
 240 01b6 2A       		.byte	0x2a
 241 01b7 06       		.uleb128 0x6
 242 01b8 83010000 		.4byte	.LASF63
 243 01bc 2B       		.byte	0x2b
 244 01bd 06       		.uleb128 0x6
 245 01be 17050000 		.4byte	.LASF64
 246 01c2 2C       		.byte	0x2c
 247 01c3 06       		.uleb128 0x6
 248 01c4 75030000 		.4byte	.LASF65
 249 01c8 2D       		.byte	0x2d
 250 01c9 06       		.uleb128 0x6
 251 01ca 3D030000 		.4byte	.LASF66
 252 01ce 2E       		.byte	0x2e
 253 01cf 06       		.uleb128 0x6
 254 01d0 6A040000 		.4byte	.LASF67
 255 01d4 2F       		.byte	0x2f
 256 01d5 06       		.uleb128 0x6
 257 01d6 0D050000 		.4byte	.LASF68
 258 01da 30       		.byte	0x30
 259 01db 06       		.uleb128 0x6
 260 01dc 52050000 		.4byte	.LASF69
 261 01e0 31       		.byte	0x31
 262 01e1 06       		.uleb128 0x6
 263 01e2 6B030000 		.4byte	.LASF70
 264 01e6 32       		.byte	0x32
 265 01e7 06       		.uleb128 0x6
 266 01e8 98040000 		.4byte	.LASF71
 267 01ec 33       		.byte	0x33
 268 01ed 06       		.uleb128 0x6
 269 01ee 68020000 		.4byte	.LASF72
 270 01f2 34       		.byte	0x34
 271 01f3 06       		.uleb128 0x6
 272 01f4 4A030000 		.4byte	.LASF73
 273 01f8 35       		.byte	0x35
 274 01f9 06       		.uleb128 0x6
 275 01fa 8F050000 		.4byte	.LASF74
 276 01fe 36       		.byte	0x36
 277 01ff 06       		.uleb128 0x6
 278 0200 55030000 		.4byte	.LASF75
 279 0204 37       		.byte	0x37
 280 0205 06       		.uleb128 0x6
 281 0206 33050000 		.4byte	.LASF76
 282 020a 38       		.byte	0x38
 283 020b 06       		.uleb128 0x6
 284 020c D3030000 		.4byte	.LASF77
 285 0210 39       		.byte	0x39
ARM GAS  /tmp/ccKrs19g.s 			page 6


 286 0211 06       		.uleb128 0x6
 287 0212 E9000000 		.4byte	.LASF78
 288 0216 3A       		.byte	0x3a
 289 0217 06       		.uleb128 0x6
 290 0218 B0050000 		.4byte	.LASF79
 291 021c 3B       		.byte	0x3b
 292 021d 00       		.byte	0
 293 021e 03       		.uleb128 0x3
 294 021f 01       		.byte	0x1
 295 0220 02       		.byte	0x2
 296 0221 A2040000 		.4byte	.LASF80
 297 0225 07       		.uleb128 0x7
 298 0226 5E020000 		.4byte	.LASF81
 299 022a 01       		.byte	0x1
 300 022b F2       		.byte	0xf2
 301 022c 06       		.byte	0x6
 302 022d 07       		.uleb128 0x7
 303 022e BF030000 		.4byte	.LASF82
 304 0232 01       		.byte	0x1
 305 0233 E0       		.byte	0xe0
 306 0234 06       		.byte	0x6
 307 0235 00       		.byte	0
 308              		.section	.gnu.debuglto_.debug_abbrev,"e",%progbits
 309              	.Ldebug_abbrev0:
 310 0000 01       		.uleb128 0x1
 311 0001 11       		.uleb128 0x11
 312 0002 01       		.byte	0x1
 313 0003 25       		.uleb128 0x25
 314 0004 0E       		.uleb128 0xe
 315 0005 13       		.uleb128 0x13
 316 0006 0B       		.uleb128 0xb
 317 0007 03       		.uleb128 0x3
 318 0008 0E       		.uleb128 0xe
 319 0009 1B       		.uleb128 0x1b
 320 000a 0E       		.uleb128 0xe
 321 000b 10       		.uleb128 0x10
 322 000c 17       		.uleb128 0x17
 323 000d 00       		.byte	0
 324 000e 00       		.byte	0
 325 000f 02       		.uleb128 0x2
 326 0010 24       		.uleb128 0x24
 327 0011 00       		.byte	0
 328 0012 0B       		.uleb128 0xb
 329 0013 0B       		.uleb128 0xb
 330 0014 3E       		.uleb128 0x3e
 331 0015 0B       		.uleb128 0xb
 332 0016 03       		.uleb128 0x3
 333 0017 08       		.uleb128 0x8
 334 0018 00       		.byte	0
 335 0019 00       		.byte	0
 336 001a 03       		.uleb128 0x3
 337 001b 24       		.uleb128 0x24
 338 001c 00       		.byte	0
 339 001d 0B       		.uleb128 0xb
 340 001e 0B       		.uleb128 0xb
 341 001f 3E       		.uleb128 0x3e
 342 0020 0B       		.uleb128 0xb
ARM GAS  /tmp/ccKrs19g.s 			page 7


 343 0021 03       		.uleb128 0x3
 344 0022 0E       		.uleb128 0xe
 345 0023 00       		.byte	0
 346 0024 00       		.byte	0
 347 0025 04       		.uleb128 0x4
 348 0026 04       		.uleb128 0x4
 349 0027 01       		.byte	0x1
 350 0028 3E       		.uleb128 0x3e
 351 0029 0B       		.uleb128 0xb
 352 002a 0B       		.uleb128 0xb
 353 002b 0B       		.uleb128 0xb
 354 002c 49       		.uleb128 0x49
 355 002d 13       		.uleb128 0x13
 356 002e 3A       		.uleb128 0x3a
 357 002f 0B       		.uleb128 0xb
 358 0030 3B       		.uleb128 0x3b
 359 0031 0B       		.uleb128 0xb
 360 0032 39       		.uleb128 0x39
 361 0033 0B       		.uleb128 0xb
 362 0034 01       		.uleb128 0x1
 363 0035 13       		.uleb128 0x13
 364 0036 00       		.byte	0
 365 0037 00       		.byte	0
 366 0038 05       		.uleb128 0x5
 367 0039 28       		.uleb128 0x28
 368 003a 00       		.byte	0
 369 003b 03       		.uleb128 0x3
 370 003c 0E       		.uleb128 0xe
 371 003d 1C       		.uleb128 0x1c
 372 003e 0D       		.uleb128 0xd
 373 003f 00       		.byte	0
 374 0040 00       		.byte	0
 375 0041 06       		.uleb128 0x6
 376 0042 28       		.uleb128 0x28
 377 0043 00       		.byte	0
 378 0044 03       		.uleb128 0x3
 379 0045 0E       		.uleb128 0xe
 380 0046 1C       		.uleb128 0x1c
 381 0047 0B       		.uleb128 0xb
 382 0048 00       		.byte	0
 383 0049 00       		.byte	0
 384 004a 07       		.uleb128 0x7
 385 004b 2E       		.uleb128 0x2e
 386 004c 00       		.byte	0
 387 004d 3F       		.uleb128 0x3f
 388 004e 19       		.uleb128 0x19
 389 004f 03       		.uleb128 0x3
 390 0050 0E       		.uleb128 0xe
 391 0051 3A       		.uleb128 0x3a
 392 0052 0B       		.uleb128 0xb
 393 0053 3B       		.uleb128 0x3b
 394 0054 0B       		.uleb128 0xb
 395 0055 39       		.uleb128 0x39
 396 0056 0B       		.uleb128 0xb
 397 0057 27       		.uleb128 0x27
 398 0058 19       		.uleb128 0x19
 399 0059 00       		.byte	0
ARM GAS  /tmp/ccKrs19g.s 			page 8


 400 005a 00       		.byte	0
 401 005b 00       		.byte	0
 402              		.section	.gnu.debuglto_.debug_line,"e",%progbits
 403              	.Ldebug_line0:
 404 0000 84000000 		.4byte	.LELT0-.LSLT0
 405              	.LSLT0:
 406 0004 0400     		.2byte	0x4
 407 0006 7E000000 		.4byte	.LELTP0-.LASLTP0
 408              	.LASLTP0:
 409 000a 01       		.byte	0x1
 410 000b 01       		.byte	0x1
 411 000c 01       		.byte	0x1
 412 000d F6       		.byte	0xf6
 413 000e F2       		.byte	0xf2
 414 000f 0D       		.byte	0xd
 415 0010 00       		.byte	0
 416 0011 01       		.byte	0x1
 417 0012 01       		.byte	0x1
 418 0013 01       		.byte	0x1
 419 0014 01       		.byte	0x1
 420 0015 00       		.byte	0
 421 0016 00       		.byte	0
 422 0017 00       		.byte	0
 423 0018 01       		.byte	0x1
 424 0019 00       		.byte	0
 425 001a 00       		.byte	0
 426 001b 01       		.byte	0x1
 427 001c 2E2E2F2E 		.ascii	"../../../os/common/ext/ST/STM32F1xx"
 427      2E2F2E2E 
 427      2F6F732F 
 427      636F6D6D 
 427      6F6E2F65 
 428 003f 00       		.byte	0
 429 0040 2E2E2F2E 		.ascii	"../../../os/hal/ports/STM32/STM32F1xx"
 429      2E2F2E2E 
 429      2F6F732F 
 429      68616C2F 
 429      706F7274 
 430 0065 00       		.byte	0
 431 0066 00       		.byte	0
 432 0067 73746D33 		.ascii	"stm32_isr.c\000"
 432      325F6973 
 432      722E6300 
 433 0073 02       		.uleb128 0x2
 434 0074 00       		.uleb128 0
 435 0075 00       		.uleb128 0
 436 0076 73746D33 		.ascii	"stm32f103xg.h\000"
 436      32663130 
 436      3378672E 
 436      6800
 437 0084 01       		.uleb128 0x1
 438 0085 00       		.uleb128 0
 439 0086 00       		.uleb128 0
 440 0087 00       		.byte	0
 441              	.LELTP0:
 442              	.LELT0:
 443              		.section	.gnu.debuglto_.debug_str,"eMS",%progbits,1
ARM GAS  /tmp/ccKrs19g.s 			page 9


 444              	.LASF46:
 445 0000 54494D31 		.ascii	"TIM1_TRG_COM_TIM11_IRQn\000"
 445      5F545247 
 445      5F434F4D 
 445      5F54494D 
 445      31315F49 
 446              	.LASF83:
 447 0018 474E5520 		.ascii	"GNU C17 10.3.1 20210621 (release) -mcpu=cortex-m3 -"
 447      43313720 
 447      31302E33 
 447      2E312032 
 447      30323130 
 448 004b 6D746875 		.ascii	"mthumb -mfloat-abi=soft -march=armv7-m -ggdb -O2 -f"
 448      6D62202D 
 448      6D666C6F 
 448      61742D61 
 448      62693D73 
 449 007e 6F6D6974 		.ascii	"omit-frame-pointer -falign-functions=16 -ffunction-"
 449      2D667261 
 449      6D652D70 
 449      6F696E74 
 449      6572202D 
 450 00b1 73656374 		.ascii	"sections -fdata-sections -fno-common -flto\000"
 450      696F6E73 
 450      202D6664 
 450      6174612D 
 450      73656374 
 451              	.LASF19:
 452 00dc 53797354 		.ascii	"SysTick_IRQn\000"
 452      69636B5F 
 452      4952516E 
 452      00
 453              	.LASF78:
 454 00e9 444D4132 		.ascii	"DMA2_Channel3_IRQn\000"
 454      5F436861 
 454      6E6E656C 
 454      335F4952 
 454      516E00
 455              	.LASF42:
 456 00fc 43414E31 		.ascii	"CAN1_SCE_IRQn\000"
 456      5F534345 
 456      5F495251 
 456      6E00
 457              	.LASF45:
 458 010a 54494D31 		.ascii	"TIM1_UP_TIM10_IRQn\000"
 458      5F55505F 
 458      54494D31 
 458      305F4952 
 458      516E00
 459              	.LASF25:
 460 011d 5243435F 		.ascii	"RCC_IRQn\000"
 460      4952516E 
 460      00
 461              	.LASF50:
 462 0126 54494D34 		.ascii	"TIM4_IRQn\000"
 462      5F495251 
 462      6E00
ARM GAS  /tmp/ccKrs19g.s 			page 10


 463              	.LASF30:
 464 0130 45585449 		.ascii	"EXTI4_IRQn\000"
 464      345F4952 
 464      516E00
 465              	.LASF22:
 466 013b 54414D50 		.ascii	"TAMPER_IRQn\000"
 466      45525F49 
 466      52516E00 
 467              	.LASF4:
 468 0147 73686F72 		.ascii	"short int\000"
 468      7420696E 
 468      7400
 469              	.LASF84:
 470 0151 2E2E2F2E 		.ascii	"../../../os/hal/ports/STM32/STM32F1xx/stm32_isr.c\000"
 470      2E2F2E2E 
 470      2F6F732F 
 470      68616C2F 
 470      706F7274 
 471              	.LASF63:
 472 0183 54494D38 		.ascii	"TIM8_BRK_TIM12_IRQn\000"
 472      5F42524B 
 472      5F54494D 
 472      31325F49 
 472      52516E00 
 473              	.LASF40:
 474 0197 5553425F 		.ascii	"USB_LP_CAN1_RX0_IRQn\000"
 474      4C505F43 
 474      414E315F 
 474      5258305F 
 474      4952516E 
 475              	.LASF17:
 476 01ac 44656275 		.ascii	"DebugMonitor_IRQn\000"
 476      674D6F6E 
 476      69746F72 
 476      5F495251 
 476      6E00
 477              	.LASF12:
 478 01be 48617264 		.ascii	"HardFault_IRQn\000"
 478      4661756C 
 478      745F4952 
 478      516E00
 479              	.LASF47:
 480 01cd 54494D31 		.ascii	"TIM1_CC_IRQn\000"
 480      5F43435F 
 480      4952516E 
 480      00
 481              	.LASF55:
 482 01da 53504931 		.ascii	"SPI1_IRQn\000"
 482      5F495251 
 482      6E00
 483              	.LASF36:
 484 01e4 444D4131 		.ascii	"DMA1_Channel6_IRQn\000"
 484      5F436861 
 484      6E6E656C 
 484      365F4952 
 484      516E00
 485              	.LASF37:
ARM GAS  /tmp/ccKrs19g.s 			page 11


 486 01f7 444D4131 		.ascii	"DMA1_Channel7_IRQn\000"
 486      5F436861 
 486      6E6E656C 
 486      375F4952 
 486      516E00
 487              	.LASF34:
 488 020a 444D4131 		.ascii	"DMA1_Channel4_IRQn\000"
 488      5F436861 
 488      6E6E656C 
 488      345F4952 
 488      516E00
 489              	.LASF24:
 490 021d 464C4153 		.ascii	"FLASH_IRQn\000"
 490      485F4952 
 490      516E00
 491              	.LASF31:
 492 0228 444D4131 		.ascii	"DMA1_Channel1_IRQn\000"
 492      5F436861 
 492      6E6E656C 
 492      315F4952 
 492      516E00
 493              	.LASF15:
 494 023b 55736167 		.ascii	"UsageFault_IRQn\000"
 494      65466175 
 494      6C745F49 
 494      52516E00 
 495              	.LASF33:
 496 024b 444D4131 		.ascii	"DMA1_Channel3_IRQn\000"
 496      5F436861 
 496      6E6E656C 
 496      335F4952 
 496      516E00
 497              	.LASF81:
 498 025e 69727144 		.ascii	"irqDeinit\000"
 498      65696E69 
 498      7400
 499              	.LASF72:
 500 0268 55415254 		.ascii	"UART4_IRQn\000"
 500      345F4952 
 500      516E00
 501              	.LASF2:
 502 0273 6C6F6E67 		.ascii	"long double\000"
 502      20646F75 
 502      626C6500 
 503              	.LASF59:
 504 027f 55534152 		.ascii	"USART3_IRQn\000"
 504      54335F49 
 504      52516E00 
 505              	.LASF1:
 506 028b 6C6F6E67 		.ascii	"long long int\000"
 506      206C6F6E 
 506      6720696E 
 506      7400
 507              	.LASF9:
 508 0299 6C6F6E67 		.ascii	"long long unsigned int\000"
 508      206C6F6E 
 508      6720756E 
ARM GAS  /tmp/ccKrs19g.s 			page 12


 508      7369676E 
 508      65642069 
 509              	.LASF57:
 510 02b0 55534152 		.ascii	"USART1_IRQn\000"
 510      54315F49 
 510      52516E00 
 511              	.LASF85:
 512 02bc 2F686F6D 		.ascii	"/home/nicolasscg/ci_test/ChibiOS/demos/STM32/RT-STM"
 512      652F6E69 
 512      636F6C61 
 512      73736367 
 512      2F63695F 
 513 02ef 33324631 		.ascii	"32F103-STM3210E_EVAL-FATFS-USB\000"
 513      30332D53 
 513      544D3332 
 513      3130455F 
 513      4556414C 
 514              	.LASF20:
 515 030e 57574447 		.ascii	"WWDG_IRQn\000"
 515      5F495251 
 515      6E00
 516              	.LASF5:
 517 0318 6C6F6E67 		.ascii	"long int\000"
 517      20696E74 
 517      00
 518              	.LASF60:
 519 0321 45585449 		.ascii	"EXTI15_10_IRQn\000"
 519      31355F31 
 519      305F4952 
 519      516E00
 520              	.LASF51:
 521 0330 49324331 		.ascii	"I2C1_EV_IRQn\000"
 521      5F45565F 
 521      4952516E 
 521      00
 522              	.LASF66:
 523 033d 54494D38 		.ascii	"TIM8_CC_IRQn\000"
 523      5F43435F 
 523      4952516E 
 523      00
 524              	.LASF73:
 525 034a 55415254 		.ascii	"UART5_IRQn\000"
 525      355F4952 
 525      516E00
 526              	.LASF75:
 527 0355 54494D37 		.ascii	"TIM7_IRQn\000"
 527      5F495251 
 527      6E00
 528              	.LASF38:
 529 035f 41444331 		.ascii	"ADC1_2_IRQn\000"
 529      5F325F49 
 529      52516E00 
 530              	.LASF70:
 531 036b 54494D35 		.ascii	"TIM5_IRQn\000"
 531      5F495251 
 531      6E00
 532              	.LASF65:
ARM GAS  /tmp/ccKrs19g.s 			page 13


 533 0375 54494D38 		.ascii	"TIM8_TRG_COM_TIM14_IRQn\000"
 533      5F545247 
 533      5F434F4D 
 533      5F54494D 
 533      31345F49 
 534              	.LASF48:
 535 038d 54494D32 		.ascii	"TIM2_IRQn\000"
 535      5F495251 
 535      6E00
 536              	.LASF53:
 537 0397 49324332 		.ascii	"I2C2_EV_IRQn\000"
 537      5F45565F 
 537      4952516E 
 537      00
 538              	.LASF6:
 539 03a4 756E7369 		.ascii	"unsigned char\000"
 539      676E6564 
 539      20636861 
 539      7200
 540              	.LASF54:
 541 03b2 49324332 		.ascii	"I2C2_ER_IRQn\000"
 541      5F45525F 
 541      4952516E 
 541      00
 542              	.LASF82:
 543 03bf 69727149 		.ascii	"irqInit\000"
 543      6E697400 
 544              	.LASF3:
 545 03c7 7369676E 		.ascii	"signed char\000"
 545      65642063 
 545      68617200 
 546              	.LASF77:
 547 03d3 444D4132 		.ascii	"DMA2_Channel2_IRQn\000"
 547      5F436861 
 547      6E6E656C 
 547      325F4952 
 547      516E00
 548              	.LASF44:
 549 03e6 54494D31 		.ascii	"TIM1_BRK_TIM9_IRQn\000"
 549      5F42524B 
 549      5F54494D 
 549      395F4952 
 549      516E00
 550              	.LASF28:
 551 03f9 45585449 		.ascii	"EXTI2_IRQn\000"
 551      325F4952 
 551      516E00
 552              	.LASF0:
 553 0404 756E7369 		.ascii	"unsigned int\000"
 553      676E6564 
 553      20696E74 
 553      00
 554              	.LASF26:
 555 0411 45585449 		.ascii	"EXTI0_IRQn\000"
 555      305F4952 
 555      516E00
 556              	.LASF14:
ARM GAS  /tmp/ccKrs19g.s 			page 14


 557 041c 42757346 		.ascii	"BusFault_IRQn\000"
 557      61756C74 
 557      5F495251 
 557      6E00
 558              	.LASF16:
 559 042a 53564361 		.ascii	"SVCall_IRQn\000"
 559      6C6C5F49 
 559      52516E00 
 560              	.LASF43:
 561 0436 45585449 		.ascii	"EXTI9_5_IRQn\000"
 561      395F355F 
 561      4952516E 
 561      00
 562              	.LASF39:
 563 0443 5553425F 		.ascii	"USB_HP_CAN1_TX_IRQn\000"
 563      48505F43 
 563      414E315F 
 563      54585F49 
 563      52516E00 
 564              	.LASF7:
 565 0457 73686F72 		.ascii	"short unsigned int\000"
 565      7420756E 
 565      7369676E 
 565      65642069 
 565      6E7400
 566              	.LASF67:
 567 046a 41444333 		.ascii	"ADC3_IRQn\000"
 567      5F495251 
 567      6E00
 568              	.LASF10:
 569 0474 63686172 		.ascii	"char\000"
 569      00
 570              	.LASF27:
 571 0479 45585449 		.ascii	"EXTI1_IRQn\000"
 571      315F4952 
 571      516E00
 572              	.LASF11:
 573 0484 4E6F6E4D 		.ascii	"NonMaskableInt_IRQn\000"
 573      61736B61 
 573      626C6549 
 573      6E745F49 
 573      52516E00 
 574              	.LASF71:
 575 0498 53504933 		.ascii	"SPI3_IRQn\000"
 575      5F495251 
 575      6E00
 576              	.LASF80:
 577 04a2 5F426F6F 		.ascii	"_Bool\000"
 577      6C00
 578              	.LASF41:
 579 04a8 43414E31 		.ascii	"CAN1_RX1_IRQn\000"
 579      5F525831 
 579      5F495251 
 579      6E00
 580              	.LASF35:
 581 04b6 444D4131 		.ascii	"DMA1_Channel5_IRQn\000"
 581      5F436861 
ARM GAS  /tmp/ccKrs19g.s 			page 15


 581      6E6E656C 
 581      355F4952 
 581      516E00
 582              	.LASF32:
 583 04c9 444D4131 		.ascii	"DMA1_Channel2_IRQn\000"
 583      5F436861 
 583      6E6E656C 
 583      325F4952 
 583      516E00
 584              	.LASF8:
 585 04dc 6C6F6E67 		.ascii	"long unsigned int\000"
 585      20756E73 
 585      69676E65 
 585      6420696E 
 585      7400
 586              	.LASF13:
 587 04ee 4D656D6F 		.ascii	"MemoryManagement_IRQn\000"
 587      72794D61 
 587      6E616765 
 587      6D656E74 
 587      5F495251 
 588              	.LASF23:
 589 0504 5254435F 		.ascii	"RTC_IRQn\000"
 589      4952516E 
 589      00
 590              	.LASF68:
 591 050d 46534D43 		.ascii	"FSMC_IRQn\000"
 591      5F495251 
 591      6E00
 592              	.LASF64:
 593 0517 54494D38 		.ascii	"TIM8_UP_TIM13_IRQn\000"
 593      5F55505F 
 593      54494D31 
 593      335F4952 
 593      516E00
 594              	.LASF21:
 595 052a 5056445F 		.ascii	"PVD_IRQn\000"
 595      4952516E 
 595      00
 596              	.LASF76:
 597 0533 444D4132 		.ascii	"DMA2_Channel1_IRQn\000"
 597      5F436861 
 597      6E6E656C 
 597      315F4952 
 597      516E00
 598              	.LASF58:
 599 0546 55534152 		.ascii	"USART2_IRQn\000"
 599      54325F49 
 599      52516E00 
 600              	.LASF69:
 601 0552 5344494F 		.ascii	"SDIO_IRQn\000"
 601      5F495251 
 601      6E00
 602              	.LASF29:
 603 055c 45585449 		.ascii	"EXTI3_IRQn\000"
 603      335F4952 
 603      516E00
ARM GAS  /tmp/ccKrs19g.s 			page 16


 604              	.LASF62:
 605 0567 55534257 		.ascii	"USBWakeUp_IRQn\000"
 605      616B6555 
 605      705F4952 
 605      516E00
 606              	.LASF56:
 607 0576 53504932 		.ascii	"SPI2_IRQn\000"
 607      5F495251 
 607      6E00
 608              	.LASF61:
 609 0580 5254435F 		.ascii	"RTC_Alarm_IRQn\000"
 609      416C6172 
 609      6D5F4952 
 609      516E00
 610              	.LASF74:
 611 058f 54494D36 		.ascii	"TIM6_IRQn\000"
 611      5F495251 
 611      6E00
 612              	.LASF52:
 613 0599 49324331 		.ascii	"I2C1_ER_IRQn\000"
 613      5F45525F 
 613      4952516E 
 613      00
 614              	.LASF49:
 615 05a6 54494D33 		.ascii	"TIM3_IRQn\000"
 615      5F495251 
 615      6E00
 616              	.LASF79:
 617 05b0 444D4132 		.ascii	"DMA2_Channel4_5_IRQn\000"
 617      5F436861 
 617      6E6E656C 
 617      345F355F 
 617      4952516E 
 618              	.LASF18:
 619 05c5 50656E64 		.ascii	"PendSV_IRQn\000"
 619      53565F49 
 619      52516E00 
 620              		.text
 621              		.section	.gnu.lto_.profile.881e95e4ab556b79,"e",%progbits
 622 0000 789C6362 		.ascii	"x\234cb\000\001\000\000\022\000\003"
 622      00010000 
 622      120003
 623              		.text
 624              		.section	.gnu.lto_.icf.881e95e4ab556b79,"e",%progbits
 625 0000 789CE363 		.ascii	"x\234\343c@\000&\206\346+;\316\3611\266\357\236~\220"
 625      40002686 
 625      E62B3BCE 
 625      F131B6EF 
 625      9E7E90
 626 0013 9301002B 		.ascii	"\223\001\000+I\005\240"
 626      4905A0
 627              		.text
 628              		.section	.gnu.lto_.ipa_sra.881e95e4ab556b79,"e",%progbits
 629 0000 789C5361 		.ascii	"x\234Sa@\000&\006\006FT\310\210.\300\000\000\010b\000"
 629      40002606 
 629      064654C8 
 629      882EC000 
ARM GAS  /tmp/ccKrs19g.s 			page 17


 629      00086200 
 630 0014 38       		.ascii	"8"
 631              		.text
 632              		.section	.gnu.lto_.inline.881e95e4ab556b79,"e",%progbits
 633 0000 789C5BCF 		.ascii	"x\234[\317\200\000L\014\014\022\015\015\0157\2302\031"
 633      80004C0C 
 633      0C120D0D 
 633      0D379832 
 633      19
 634 0011 41EC4620 		.ascii	"A\354F \273\216\201\201\015H50\2450\201\204\030\230"
 634      BB8E8181 
 634      0D483530 
 634      A5308184 
 634      1898
 635 0023 7920EA48 		.ascii	"y \352H\245\031\031\004\201\246\354\301c2\0237\003H"
 635      A5191904 
 635      81A6ECC1 
 635      63321337 
 635      0348
 636 0035 19F11403 		.ascii	"\031\361\024\003\000\261\331\021\003"
 636      00B1D911 
 636      03
 637              		.text
 638              		.section	.gnu.lto_.jmpfuncs.881e95e4ab556b79,"e",%progbits
 639 0000 789C7D8F 		.ascii	"x\234}\217\313\011\200@\014\005w\242\250\273\015\330"
 639      CB098040 
 639      0C0577A2 
 639      A8BB0DD8 
 640 0010 82CDD98C 		.ascii	"\202\315\331\2145X\202\377\223\245\271F\224(\262\201"
 640      355882FF 
 640      93A5B946 
 640      9428B281 
 641 0020 1C320CE4 		.ascii	"\0342\014\344\275\026\367\214\304\315\245\313\372\314"
 641      BD16F78C 
 641      C4CDA5CB 
 641      FACC
 642 002e D138F69C 		.ascii	"\3218\366\234&n\344\027*\024\025\212n\255VV_\032#?J"
 642      266EE417 
 642      2A14158A 
 642      6EAD5656 
 642      5F1A233F 
 643 0043 5016528A 		.ascii	"P\026R\212W\346SJ\245\254J)\245\262\362_y\337\237\363"
 643      57E6534A 
 643      A5AC4A29 
 643      A5B2F25F 
 643      79DF9FF3 
 644 0057 24C280ED 		.ascii	"$\302\200\355,L\330r\302\214m\",\330\330\302\212\315"
 644      2C4CD872 
 644      C28C6D22 
 644      2CD8D8C2 
 644      8ACD
 645 0069 286CD840 		.ascii	"(l\330@\237\227\356\000\243\3545G"
 645      9F97EE00 
 645      A3EC3547 
 646              		.text
 647              		.section	.gnu.lto_.pureconst.881e95e4ab556b79,"e",%progbits
 648 0000 789C6367 		.ascii	"x\234cg```b\230\301\3028\203\005\000\004\245\001C"
ARM GAS  /tmp/ccKrs19g.s 			page 18


 648      60606062 
 648      98C1C238 
 648      83050004 
 648      A50143
 649              		.text
 650              		.section	.gnu.lto_.lto.881e95e4ab556b79,"e",%progbits
 651 0000 09000400 		.ascii	"\011\000\004\000\001\000\000\000"
 651      01000000 
 652              		.text
 653              		.section	.gnu.lto_irqInit.327.881e95e4ab556b79,"e",%progbits
 654 0000 789C2B65 		.ascii	"x\234+ed`hg``P\006bFf\006\306I\023\273\230\030\032\032"
 654      64606867 
 654      60605006 
 654      62466606 
 654      C64913BB 
 655 0018 1A1CD899 		.ascii	"\032\034\330\231\030\033'vq2ne\004\363\030\031\352\231"
 655      181B2776 
 655      71326E65 
 655      04F31819 
 655      EA99
 656 002a 18EB1927 		.ascii	"\030\353\031'3k\002\271?\226\276n\370)\321\260\342\000"
 656      336B02B9 
 656      3F96BE6E 
 656      F829D1B0 
 656      E200
 657 003c E3126606 		.ascii	"\343\022f\006\206y@\014\005l0\036\320T\206\365\227X"
 657      8679400C 
 657      056C301E 
 657      D05486F5 
 657      9758
 658 004e 0F34FCF9 		.ascii	"\0174\374\371\337\337\320\360\364\021\343muN\006\206"
 658      DFDFD0F0 
 658      F411E36D 
 658      754E0686 
 659 005e 7E6690D1 		.ascii	"~f\220\321\015,\214\015\007\030\030&03A8\215@\316+\306"
 659      0D2C8C0D 
 659      07181826 
 659      30334138 
 659      8D40CE2B 
 660 0073 8647D3CF 		.ascii	"\206G\323\31732|`lU`hadZ\302\3148\217\031h\310$\346"
 660      33327C60 
 660      6C556068 
 660      61645AC2 
 660      CC388F19 
 661 008b 25CC4C8C 		.ascii	"%\314L\214l\214\333\20161\203U\315\340\307\241\210\035"
 661      6C8CDB81 
 661      36318355 
 661      CDE0C7A1 
 661      881D
 662 009d 49D12C5C 		.ascii	"I\321,\\\2128\220\024\315\301\245\210\023I\321<\\\212"
 662      8A389014 
 662      CDC1A588 
 662      1349D13C 
 662      5C8A
 663 00af B890146D 		.ascii	"\270\220\024m\300\245H\034I\321&\\\2124\240\212>16="
 663      C0A5481C 
 663      49D1265C 
ARM GAS  /tmp/ccKrs19g.s 			page 19


 663      8A34A08A 
 663      3E31363D 
 664 00c3 D8EE0F0E 		.ascii	"\330\356\017\016\307~fFD@10\004\351g\344\347\246\352"
 664      C77E6646 
 664      44403130 
 664      04E967E4 
 664      E7A6EA
 665 00d6 E76526E7 		.ascii	"\347e&\347\347$\026\027'\247\353'g\306\227\244\026\227"
 665      E7241617 
 665      27A7EB27 
 665      67C697A4 
 665      1697
 666 00e8 E83B6764 		.ascii	"\350;gd&e\372\007\353\247\244\346\346\027\353\007\207"
 666      2665FA07 
 666      EBA7A4E6 
 666      E617EB07 
 666      87
 667 00f9 F81A1BE9 		.ascii	"\370\032\033\351\007\205\350\202\031n\206\006\306\020"
 667      0785E882 
 667      196E8606 
 667      C610
 668 0107 96A1816B 		.ascii	"\226\241\201k\274k\230\243\217\256\233c\210[\260nh\260"
 668      BC6B98A3 
 668      8FAE9B63 
 668      885BB06E 
 668      68B0
 669 0119 1383919E 		.ascii	"\023\203\221\236\236>\004\001\365e$\346\350\027\344"
 669      9E3E0401 
 669      F56524E6 
 669      E817E4
 670 0128 1795C04C 		.ascii	"\027\225\300L\200j\257\250\320/.\31156\212\317,.\322"
 670      806AAFA8 
 670      D02F2EC9 
 670      35368ACF 
 670      2C2ED2
 671 013b 4B660000 		.ascii	"Kf\000\000\004\200\225#"
 671      04809523 
 672              		.text
 673              		.section	.gnu.lto_irqDeinit.328.881e95e4ab556b79,"e",%progbits
 674 0000 789C4B60 		.ascii	"x\234K`d`hg``P\006bFf\006\306I\023\273\230\030\032\032"
 674      64606867 
 674      60605006 
 674      62466606 
 674      C64913BB 
 675 0018 1A1CD899 		.ascii	"\032\034\330\231\030\033'vq2ne\004\363\030\031\352\231"
 675      181B2776 
 675      71326E65 
 675      04F31819 
 675      EA99
 676 002a 18EB1927 		.ascii	"\030\353\031'3k\002\271?\226\276^\360W\242a\305\001"
 676      336B02B9 
 676      3F96BE5E 
 676      F057A261 
 676      C501
 677 003c C625CC0C 		.ascii	"\306%\314\014\014\363\200\030\012\330`<\240\251\014"
 677      0CF38018 
 677      0AD8603C 
ARM GAS  /tmp/ccKrs19g.s 			page 20


 677      A0A90C
 678 004b EB2FB11E 		.ascii	"\353/\261\036h\370\363\277\277\241\341\353#\306\277"
 678      68F8F3BF 
 678      BFA1E1EB 
 678      23C6BF
 679 005a EA9C0C0C 		.ascii	"\352\234\014\014\375\314 \243\033X\030\033\01600L`f"
 679      FDCC20A3 
 679      1B58181B 
 679      0E30304C 
 679      6066
 680 006c 82701A81 		.ascii	"\202p\032\201\234W\214\015\217n\237gd\370\300\330\242"
 680      9C578C0D 
 680      8F6E9F67 
 680      64F8C0D8 
 680      A2
 681 007d C0D0C2C8 		.ascii	"\300\320\302\310\264\204\231q\0363\320\220I\314K\230"
 681      B4849971 
 681      1E33D090 
 681      49CC4B98 
 682 008d 9918D996 		.ascii	"\231\030\331\22603\203\225\334\341\307\241\202\035\246"
 682      30338395 
 682      DCE1C7A1 
 682      821DA6
 683 009c E21E2E15 		.ascii	"\342\036.\025\0340\025\037p\251\340\204\251\370\204"
 683      1C30151F 
 683      70A9E084 
 683      A9F884
 684 00ab 4B05174C 		.ascii	"K\005\027L\305\027\\*\304a*\276\341R\241\001R\361\211"
 684      C5175C2A 
 684      C4612ABE 
 684      E152A101 
 684      52F189
 685 00be B1E9C16F 		.ascii	"\261\351\301o\177p\220\36533\"\302\204\201!H?#?7U?/"
 685      7F7090F5 
 685      333322C2 
 685      84812148 
 685      3F233F37 
 686 00d5 33393F27 		.ascii	"39?'\261\27089]?93\276$\265\270D\3379#3)\323?X?%57\277"
 686      B1B83839 
 686      5D3F3933 
 686      BE24B5B8 
 686      44DF3923 
 687 00f3 583F38C4 		.ascii	"X?8\304\327\330H?(D\027\314p340\206\260\014\015\\\343"
 687      D7D8483F 
 687      284417CC 
 687      70333430 
 687      86B00C0D 
 688 0109 5DC31C7D 		.ascii	"]\303\034}t\335\034C\334\202uC\203\235\030\214\364\364"
 688      74DD1C43 
 688      DC827543 
 688      839D188C 
 688      F4F4
 689 011b F42108A8 		.ascii	"\364!\010\250/#1G\277 \277\250\004f\002T{E\205~qI\256"
 689      2F233147 
 689      BF20BFA8 
 689      04660254 
 689      7B45857E 
ARM GAS  /tmp/ccKrs19g.s 			page 21


 690 0132 B1517C66 		.ascii	"\261Q|fq\221^2\003\000\230\030\222\216"
 690      71915E32 
 690      03009818 
 690      928E
 691              		.text
 692              		.section	.gnu.lto_.symbol_nodes.881e95e4ab556b79,"e",%progbits
 693 0000 789C758C 		.ascii	"x\234u\214\273\015\2000\014\005\237mD\032v`\031\366"
 693      BB0D8030 
 693      0C059F6D 
 693      441A7660 
 693      19F6
 694 0012 72903200 		.ascii	"r\2202\000\363PG\342S\260\022$@\342*\256N\357\254\033"
 694      F35047E2 
 694      53B01224 
 694      40E22AAE 
 694      4EEFAC1B 
 695 0026 08006FAC 		.ascii	"\010\000o\254\360\351:Z.@\201\325\317\204\254\222\334"
 695      F0E93A5A 
 695      2E4081D5 
 695      CF84AC92 
 695      DC
 696 0037 59A925E9 		.ascii	"Y\251%\351`\345\373\277\361}@.eK'\2534\234\200\277\344"
 696      60E5FBBF 
 696      F17D402E 
 696      654B27AB 
 696      349C80BF 
 697 004c 542950C5 		.ascii	"T)P\305h\030z[\015\203\263\325\011Ii\025J\255\202\321"
 697      68187A5B 
 697      0D83B3D5 
 697      09496915 
 697      4AAD82D1 
 698 0060 30B5EA6A 		.ascii	"0\265\352j\030,\020\035\036\345BKv"
 698      182C101D 
 698      1EE5424B 
 698      76
 699              		.text
 700              		.section	.gnu.lto_.refs.881e95e4ab556b79,"e",%progbits
 701 0000 789C6364 		.ascii	"x\234cd\000\002\000\000\012\000\002"
 701      00020000 
 701      0A0002
 702              		.text
 703              		.section	.gnu.lto_.decls.881e95e4ab556b79,"e",%progbits
 704 0000 789C9553 		.ascii	"x\234\225SMl\033E\024\2367\263\2617[\2676\310Q\017H"
 704      4D6C1B45 
 704      149E37B3 
 704      B1375BB7 
 704      36C8510F 
 705 0015 91D54B2D 		.ascii	"\221\325K-!{\353\265\224\234*9\2441B%\245\212\323\036"
 705      217BEBB5 
 705      949C2A39 
 705      A4314225 
 705      A58AD31E 
 706 0029 CA217277 		.ascii	"\312!rw-\274Rl\203m\252\034G\011U\032\224FQOA a\016"
 706      2DBC526C 
 706      836DAA1C 
 706      4709551A 
 706      9446514F 
ARM GAS  /tmp/ccKrs19g.s 			page 22


 707 0041 48410594 		.ascii	"HA\005\224\003?-\201b\234\246qR\247\001TU\245\022\021"
 707      033F2D81 
 707      629CA671 
 707      52A70154 
 707      55A51211 
 708 0055 A85099D2 		.ascii	"\250P\231\322\003\007\037\322^\312\233\335\365\017\302"
 708      03071FD2 
 708      5ECA9BDD 
 708      F50FC2
 709 0064 1C187BDE 		.ascii	"\034\030{\336\374\354\367\363v\366\315\253\022!g\200"
 709      FCECF7F3 
 709      76F6CDAB 
 709      12216780 
 710 0074 906542C8 		.ascii	"\220eB\310Sl\014\307\037\260\343\026Y%vC\010\251`\277"
 710      536C0CC7 
 710      1FB0E316 
 710      59257643 
 710      08A960BF 
 711 0088 8E7D13FB 		.ascii	"\216}\023\3736\371w;\0176.\215\375\226\303\255:\317"
 711      36F9773B 
 711      0F362E8D 
 711      FD96C3AD 
 711      3ACF
 712 009a A8C3DFEC 		.ascii	"\250\303\337\354\302\233\353\340\3558\274Z\007\357\372"
 712      C29BEBE0 
 712      ED38BC5A 
 712      07EFFA
 713 00a9 7FF85D62 		.ascii	"\177\370]bp\030D\302^kF\030%*\267\332\364s\004\276\000"
 713      701844C2 
 713      5E6B4618 
 713      252AB7DA 
 713      F47304BE 
 714 00be 0B74741F 		.ascii	"\013tt\037K\010\344\263 a\364C\340]F\037\255\377Q\333"
 714      4B08E4B3 
 714      2061F443 
 714      E05D461F 
 714      ADFF51DB 
 715 00d2 AF9439FF 		.ascii	"\257\2249\377\213\227\337\352%\360\025\300U p\005P\345"
 715      8B97DFEA 
 715      25F015C0 
 715      55207005 
 715      50E5
 716 00e4 4B80CF01 		.ascii	"K\200\317\001>\003\204]\276\277\372\263\347w\260r\220"
 716      3E03845D 
 716      BEBFFAB3 
 716      E777B072 
 716      90
 717 00f5 0C00B83B 		.ascii	"\014\000\270;\200A!g\030\361s\312\251\313`Ta\0123\224"
 717      80412167 
 717      18F173CA 
 717      A9CB6054 
 717      610A3394 
 718 0109 2AF4071B 		.ascii	"*\364\007\033,&\323\240W\221\227\327\300\247\364\310"
 718      2C26D3A0 
 718      579197D7 
 718      C0A7F4C8 
 719 0119 94D6DD86 		.ascii	"\224\326\335\206\022|\002\037\323\222+\020\343\2221"
ARM GAS  /tmp/ccKrs19g.s 			page 23


 719      127C021F 
 719      D3922B10 
 719      E39231
 720 0128 DF577773 		.ascii	"\337Wws\272x\302\037\215a\254\273\253` \353\244$\373"
 720      BA78C21F 
 720      8D61ACBB 
 720      AB6020EB 
 720      A424FB
 721 013b 7056772B 		.ascii	"pVw+\015V\272\3502\266\351\205\303P\005\305\320\374"
 721      0D56BAE8 
 721      32B6E985 
 721      C35005C5 
 721      D0FC
 722 014d F8263159 		.ascii	"\370&1Y\356\367VX\205\305\011\221\345\225O\373\224\272"
 722      EEF75658 
 722      85C50991 
 722      E5954FFB 
 722      94BA
 723 015f DB8B1241 		.ascii	"\333\213\022A#\3403\002\336*\364\030\206\342\017\022"
 723      23E03302 
 723      DE2AF418 
 723      86E20F12 
 724 016f 4CC2D0B4 		.ascii	"L\302\320\264\030UPY\222\253\2401\360h\374\327?\017"
 724      18555059 
 724      92ABA031 
 724      F068FCD7 
 724      3F0F
 725 0181 2A3D4A6F 		.ascii	"*=Jo\177 H\210A\342\024u\331\323f\0037z\032\355%@P\241"
 725      7F204888 
 725      41E21475 
 725      D9D36603 
 725      377A1AED 
 726 0199 1A65C7EB 		.ascii	"\032e\307\353n<w\032 \204K\262\307\003\034\207\336\211"
 726      6E3C771A 
 726      20844BB2 
 726      C7031C87 
 726      DE89
 727 01ab E3C6494D 		.ascii	"\343\306IM!u7\305G~\0118\2056Sq\021\200\257\031\036"
 727      217537C5 
 727      477E0938 
 727      85365371 
 727      1180AF19 
 728 01c0 A1F51301 		.ascii	"\241\365\023\001\234\000b\011v]5m\254}Q_\324A\013\210"
 728      9C006209 
 728      765D356D 
 728      AC7D515F 
 728      D4410B88 
 729 01d4 BDDB1A9C 		.ascii	"\275\333\032\234\271\000PG\207:\237\035l\216c\"b\207"
 729      B9005047 
 729      873A9F1D 
 729      6C8E6322 
 729      6287
 730 01e6 780B020E 		.ascii	"x\013\002\016\244\251cs\034@\213\353L\205\207\005\246"
 730      A4A96373 
 730      1C408BEB 
 730      4C858705 
 730      A6
ARM GAS  /tmp/ccKrs19g.s 			page 24


 731 01f7 9D1C8BF7 		.ascii	"\235\034\213\367\217\304\333\222\244%\333L\211\330\013"
 731      8FC4DB92 
 731      A425DB4C 
 731      89D80B
 732 0206 AC9BC7F3 		.ascii	"\254\233\307\363\215\315\003\017\360\334xi\341'\006"
 732      8DCD030F 
 732      F0DC7869 
 732      E12706
 733 0215 7D8B3102 		.ascii	"}\2131\002\254h\027!\265\212\320\207\250\331\325\205"
 733      AC681721 
 733      B58AD087 
 733      A8D9D585 
 734 0225 9BCA4104 		.ascii	"\233\312A\004=\342\334\017i(\003|+\014\276C\355\234"
 734      3DE2DC0F 
 734      6928037C 
 734      2B0CBE43 
 734      ED9C
 735 0237 A5B3F7FD 		.ascii	"\245\263\367\375\302\356\276CKK|\357\361\306\316\214"
 735      C2EEBE43 
 735      4B4B7CEF 
 735      F1C6CE8C 
 736 0247 76FF0AE7 		.ascii	"v\377\012\347\347\021/\013\014\\\003,U\313\373\032\022"
 736      E7112F0B 
 736      0C5C032C 
 736      55CBFB1A 
 736      12
 737 0258 BEC1F387 		.ascii	"\276\301\363\207\243\237Hl\232\012\346o?\326\256R\301"
 737      A39F486C 
 737      9A0AE66F 
 737      3FD6AE52 
 737      C1
 738 0269 5C79383B 		.ascii	"\\y8;\313}\323\310\222\004i\255EZk\221>\224\330\274"
 738      CB7DD3C8 
 738      920469AD 
 738      455A6B91 
 738      3E94D8BC 
 739 027d 455ABC70 		.ascii	"EZ\274p{@\\CX\005\310\341z\253R.\037hn\334\020\027\342"
 739      7B405C43 
 739      5805C8E1 
 739      7AAB522E 
 739      1F686EDC 
 740 0294 DE9DF22F 		.ascii	"\336\235\362/\356.)WQl\003\254\234\037l7\336\226\016"
 740      EE2E2957 
 740      516C03AC 
 740      9C1F6C37 
 740      DE960E
 741 02a7 2D71BEF7 		.ascii	"-q\276\367\344\322\3733\256\367xE\024\035\254\267\214"
 741      E4D2FB33 
 741      AEF77845 
 741      141DACB7 
 741      8C
 742 02b8 D7AD816D 		.ascii	"\327\255\201mv\265\274w\361\235\271n\00654\270i\033"
 742      76B5BC77 
 742      F19DB96E 
 742      063534B8 
 742      691B
 743 02ca 6CDC9DDB 		.ascii	"l\334\235\333\245\302`eyf\266\354\243\370\014\266Z\352"
ARM GAS  /tmp/ccKrs19g.s 			page 25


 743      A5C26065 
 743      7966B6EC 
 743      A3F80CB6 
 743      5AEA
 744 02dc 5BE07C83 		.ascii	"[\340|\203\207\215\322G.\217u\305K\025I\244`_r\002\267"
 744      878DD247 
 744      2E8F75C5 
 744      4B1549A4 
 744      605F7202 
 745 02f1 6C9D0F76 		.ascii	"l\235\017v\027.\357o\003jm\300\216\320\210\204\303\252"
 745      172EEF6F 
 745      036A6DC0 
 745      8ED08884 
 745      C3AA
 746 0303 FDCF15D4 		.ascii	"\375\317\025\324trR}=\227/\026\324\304\370hT\263c<2"
 746      7472527D 
 746      3D972F16 
 746      D4C4F868 
 746      54B3633C 
 747 0318 35A5168A 		.ascii	"5\245\026\212\231\2506a\026\362a]~\361\304\251\300p"
 747      99A83661 
 747      16F2615D 
 747      7EF1C4A9 
 747      C070
 748 032a 6490F475 		.ascii	"d\220\364ul\206\223\332`R\323\365A\"\277if\213\270]"
 748      6C8693DA 
 748      6052D3F5 
 748      4122BF69 
 748      668BB85D 
 749 033e 64910122 		.ascii	"d\221\001\"'\363\231s\203\241\014Qt\224MM\2052Q\342"
 749      27F39973 
 749      83A10C51 
 749      74944D4D 
 749      853251E2 
 750 0352 36F36FBC 		.ascii	"6\363o\274\2245\213cj:\227I\251YS\317M&\013\005\375"
 750      94358B63 
 750      6A3A9749 
 750      A95953CF 
 750      4D260B05 
 751 0367 35553727 		.ascii	"5U7'\212\251BQ\035N\233g\315W\022\252\221\312\344\232"
 751      8AA94251 
 751      1D4E9B67 
 751      CD5712AA 
 751      91CAE49A 
 752 037b A98C8D87 		.ascii	"\251\214\215\207\234l\216D\355Y\344\310\310\304\310"
 752      9C6C8E44 
 752      ED59E4C8 
 752      C8C4C8
 753 038a E9A19743 		.ascii	"\351\241\227C\361\241\361x\"t*\361\002\321\376\367\313"
 753      F1A1F178 
 753      22742AF1 
 753      02D1FEF7 
 753      CB
 754 039b 905ECCE6 		.ascii	"\220^\314\346X\312\304||\331s\246>\222M\236\235L\235"
 754      58CAC47C 
 754      7CD973A6 
 754      3E924D9E 
ARM GAS  /tmp/ccKrs19g.s 			page 26


 754      9D4C9D
 755 03ae 4EE9C55C 		.ascii	"N\351\305\\\376\371\356jz.\223\311e\325\241\261\321"
 755      FEF9EE6A 
 755      7A2E93C9 
 755      65D5A1B1 
 755      D1
 756 03bf E1D12955 		.ascii	"\341\321)U\220\302i\362\214\030\217\231\2056\373o\355"
 756      90C269F2 
 756      8C188F99 
 756      8536FB6F 
 756      ED
 757 03d0 E09A31   		.ascii	"\340\2321"
 758              		.text
 759              		.section	.gnu.lto_.symtab.881e95e4ab556b79,"e",%progbits
 760 0000 69727149 		.ascii	"irqInit\000"
 760      6E697400 
 761 0008 00       		.ascii	"\000"
 762 0009 00       		.ascii	"\000"
 763 000a 00       		.ascii	"\000"
 764 000b 00000000 		.ascii	"\000\000\000\000\000\000\000\000"
 764      00000000 
 765 0013 C2000000 		.ascii	"\302\000\000\000"
 766 0017 69727144 		.ascii	"irqDeinit\000"
 766      65696E69 
 766      7400
 767 0021 00       		.ascii	"\000"
 768 0022 00       		.ascii	"\000"
 769 0023 00       		.ascii	"\000"
 770 0024 00000000 		.ascii	"\000\000\000\000\000\000\000\000"
 770      00000000 
 771 002c C4000000 		.ascii	"\304\000\000\000"
 772 0030 6E766963 		.ascii	"nvicEnableVector\000"
 772      456E6162 
 772      6C655665 
 772      63746F72 
 772      00
 773 0041 00       		.ascii	"\000"
 774 0042 02       		.ascii	"\002"
 775 0043 00       		.ascii	"\000"
 776 0044 00000000 		.ascii	"\000\000\000\000\000\000\000\000"
 776      00000000 
 777 004c C9000000 		.ascii	"\311\000\000\000"
 778 0050 6E766963 		.ascii	"nvicDisableVector\000"
 778      44697361 
 778      626C6556 
 778      6563746F 
 778      7200
 779 0062 00       		.ascii	"\000"
 780 0063 02       		.ascii	"\002"
 781 0064 00       		.ascii	"\000"
 782 0065 00000000 		.ascii	"\000\000\000\000\000\000\000\000"
 782      00000000 
 783 006d CD000000 		.ascii	"\315\000\000\000"
 784              		.text
 785              		.section	.gnu.lto_.ext_symtab.881e95e4ab556b79,"e",%progbits
 786 0000 01       		.ascii	"\001"
 787 0001 01       		.ascii	"\001"
ARM GAS  /tmp/ccKrs19g.s 			page 27


 788 0002 00       		.ascii	"\000"
 789 0003 01       		.ascii	"\001"
 790 0004 00       		.ascii	"\000"
 791 0005 01       		.ascii	"\001"
 792 0006 00       		.ascii	"\000"
 793 0007 01       		.ascii	"\001"
 794 0008 00       		.ascii	"\000"
 795              		.text
 796              		.section	.gnu.lto_.opts,"e",%progbits
 797 0000 272D666E 		.ascii	"'-fno-openmp' '-fno-openacc' '-fno-pie' '-fcf-prote"
 797      6F2D6F70 
 797      656E6D70 
 797      2720272D 
 797      666E6F2D 
 798 0033 6374696F 		.ascii	"ction=none' '-g' '-mcpu=cortex-m3' '-mthumb' '-mflo"
 798      6E3D6E6F 
 798      6E652720 
 798      272D6727 
 798      20272D6D 
 799 0066 61742D61 		.ascii	"at-abi=soft' '-mlibarch=armv7-m' '-march=armv7-m' '"
 799      62693D73 
 799      6F667427 
 799      20272D6D 
 799      6C696261 
 800 0099 2D4F3227 		.ascii	"-O2' '-fomit-frame-pointer' '-falign-functions=16' "
 800      20272D66 
 800      6F6D6974 
 800      2D667261 
 800      6D652D70 
 801 00cc 272D6666 		.ascii	"'-ffunction-sections' '-fdata-sections' '-fno-commo"
 801      756E6374 
 801      696F6E2D 
 801      73656374 
 801      696F6E73 
 802 00ff 6E272027 		.ascii	"n' '-flto' '-Xassembler' '-alms=./build/lst/stm32_i"
 802      2D666C74 
 802      6F272027 
 802      2D586173 
 802      73656D62 
 803 0132 73722E6C 		.ascii	"sr.lst'\000"
 803      73742700 
 804              		.text
 805              		.comm	__gnu_lto_slim,1,1
 806              		.ident	"GCC: (15:10.3-2021.07-4) 10.3.1 20210621 (release)"
ARM GAS  /tmp/ccKrs19g.s 			page 28


DEFINED SYMBOLS
                            *ABS*:0000000000000000 stm32_isr.c
     /tmp/ccKrs19g.s:18     .gnu.debuglto_.debug_info:0000000000000000 stm32_isr.c.a27a2cc7
                            *COM*:0000000000000001 __gnu_lto_slim

NO UNDEFINED SYMBOLS
